[2016.01.23-04.38.09:841][  0]Log file open, 01/22/16 20:38:09
[2016.01.23-04.38.09:841][  0]LogInit:Display: Running engine for game: Growth
[2016.01.23-04.38.09:841][  0]LogPlatformFile: Not using cached read wrapper
[2016.01.23-04.38.09:841][  0]LogInit:Display: RandInit(867023788) SRandInit(867023789).
[2016.01.23-04.38.09:841][  0]LogTaskGraph: Started task graph with 4 named threads and 7 total threads.
[2016.01.23-04.38.09:841][  0]LogStats: Stats thread started at 0.083699
[2016.01.23-04.38.09:841][  0]LogInit: Version: 4.10.0-2758231+++depot+UE4-Releases+4.10
[2016.01.23-04.38.09:841][  0]LogInit: API Version: 2758231
[2016.01.23-04.38.09:841][  0]LogInit: Compiled (64-bit): Nov  7 2015 05:13:45
[2016.01.23-04.38.09:841][  0]LogInit: Compiled with Visual C++: 19.00.23026.00
[2016.01.23-04.38.09:841][  0]LogInit: Build Configuration: Development
[2016.01.23-04.38.09:841][  0]LogInit: Branch Name: ++depot+UE4-Releases+4.10
[2016.01.23-04.38.09:841][  0]LogInit: Command line:  
[2016.01.23-04.38.09:841][  0]LogInit: Base directory: C:/Program Files/Epic Games/4.10/Engine/Binaries/Win64/
[2016.01.23-04.38.09:841][  0]LogInit: Rocket: 1
[2016.01.23-04.38.09:852][  0]LogInit: Using libcurl 7.41.0
[2016.01.23-04.38.09:852][  0]LogInit:  - built for x86_64-pc-win32
[2016.01.23-04.38.09:852][  0]LogInit:  - supports SSL with WinSSL
[2016.01.23-04.38.09:852][  0]LogInit:  - other features:
[2016.01.23-04.38.09:852][  0]LogInit:      CURL_VERSION_SSL
[2016.01.23-04.38.09:852][  0]LogInit:      CURL_VERSION_IPV6
[2016.01.23-04.38.09:852][  0]LogInit:      CURL_VERSION_ASYNCHDNS
[2016.01.23-04.38.09:852][  0]LogInit:      CURL_VERSION_LARGEFILE
[2016.01.23-04.38.09:852][  0]LogInit:      CURL_VERSION_IDN
[2016.01.23-04.38.09:852][  0]LogInit:  CurlRequestOptions (configurable via config and command line):
[2016.01.23-04.38.09:852][  0]LogInit:  - bVerifyPeer = true  - Libcurl will verify peer certificate
[2016.01.23-04.38.09:852][  0]LogInit:  - bUseHttpProxy = false  - Libcurl will NOT use HTTP proxy
[2016.01.23-04.38.09:852][  0]LogInit:  - bDontReuseConnections = false  - Libcurl will reuse connections
[2016.01.23-04.38.09:852][  0]LogInit:  - CertBundlePath = nullptr  - Libcurl will use whatever was configured at build time.
[2016.01.23-04.38.09:860][  0]LogInit: Presizing for 0 objects not considered by GC, pre-allocating 0 bytes.
[2016.01.23-04.38.09:866][  0]LogInit: Object subsystem initialized
[2016.01.23-04.38.09:866][  0]LogInit: Selected Device Profile: [Windows]
[2016.01.23-04.38.09:866][  0]LogInit: Applying CVar settings loaded from the selected device profile: [Windows]
[2016.01.23-04.38.09:875][  0]LogInit: Computer: ALEX-PC
[2016.01.23-04.38.09:875][  0]LogInit: User: Alex
[2016.01.23-04.38.09:875][  0]LogInit: CPU Page size=4096, Cores=4
[2016.01.23-04.38.09:875][  0]LogInit: High frequency timer resolution =2.533208 MHz
[2016.01.23-04.38.09:875][  0]LogMemory: Memory total: Physical=7.9GB (8GB approx)
[2016.01.23-04.38.09:875][  0]LogMemory: Platform Memory Stats for Windows
[2016.01.23-04.38.09:875][  0]LogMemory: Process Physical Memory: 56.46 MB used, 56.46 MB peak
[2016.01.23-04.38.09:875][  0]LogMemory: Process Virtual Memory: 58.74 MB used, 58.74 MB peak
[2016.01.23-04.38.09:875][  0]LogMemory: Physical Memory: 3946.09 MB used, 8110.36 MB total
[2016.01.23-04.38.09:875][  0]LogMemory: Virtual Memory: 380.51 MB used, 134217728.00 MB total
[2016.01.23-04.38.10:219][  0]LogTextLocalizationManager: No specific translations for ('en-US') exist, so ('en') translations will be used.
[2016.01.23-04.38.10:896][  0]LogD3D11RHI: Found D3D11 adapter 0: NVIDIA GeForce GTX 965M        (Feature Level 11_0)
[2016.01.23-04.38.10:896][  0]LogD3D11RHI: Adapter has 4013MB of dedicated video memory, 0MB of dedicated system memory, and 4055MB of shared system memory, 1 output[s]
[2016.01.23-04.38.10:902][  0]LogD3D11RHI: Found D3D11 adapter 1: Intel(R) HD Graphics 4600 (Feature Level 11_0)
[2016.01.23-04.38.10:902][  0]LogD3D11RHI: Adapter has 112MB of dedicated video memory, 0MB of dedicated system memory, and 4055MB of shared system memory, 0 output[s]
[2016.01.23-04.38.10:903][  0]LogD3D11RHI: Found D3D11 adapter 2: Microsoft Basic Render Driver (Feature Level 11_0)
[2016.01.23-04.38.10:903][  0]LogD3D11RHI: Adapter has 0MB of dedicated video memory, 0MB of dedicated system memory, and 4055MB of shared system memory, 0 output[s]
[2016.01.23-04.38.10:903][  0]LogD3D11RHI: Chosen D3D11 Adapter Id = 0
[2016.01.23-04.38.10:907][  0]LogD3D11RHI: !Direct3DDevice
[2016.01.23-04.38.10:907][  0]LogRHI: Texture pool is 1361 MB (70% of 1945 MB)
[2016.01.23-04.38.10:920][  0]LogD3D11RHI: Async texture creation enabled
[2016.01.23-04.38.10:932][  0]LogShaderCompilers: Guid format shader working directory is -14 characters bigger than the processId version (../../../../../../Users/Alex/Documents/GitHub/Growth/Growth/Intermediate/Shaders/WorkingDirectory/5212/).
[2016.01.23-04.38.10:932][  0]LogShaderCompilers: Cleaned the shader compiler working directory 'C:/Users/Alex/AppData/Local/Temp/UnrealShaderWorkingDir/16082F074D46CC61BAFEA8A0E78A170B/'.
[2016.01.23-04.38.10:932][  0]LogShaderCompilers:Display: Using Local Shader Compiler.
[2016.01.23-04.38.11:699][  0]LogTemp:Display: Loaded TP AllDesktopTargetPlatform
[2016.01.23-04.38.11:705][  0]LogTemp:Display: Loaded TP WindowsClientTargetPlatform
[2016.01.23-04.38.11:710][  0]LogTemp:Display: Loaded TP WindowsNoEditorTargetPlatform
[2016.01.23-04.38.11:716][  0]LogTemp:Display: Loaded TP WindowsServerTargetPlatform
[2016.01.23-04.38.11:721][  0]LogTemp:Display: Loaded TP WindowsTargetPlatform
[2016.01.23-04.38.11:725][  0]LogTemp:Display: Loaded TP AndroidTargetPlatform
[2016.01.23-04.38.11:728][  0]LogTemp:Display: Loaded TP Android_ASTCTargetPlatform
[2016.01.23-04.38.11:731][  0]LogTemp:Display: Loaded TP Android_ATCTargetPlatform
[2016.01.23-04.38.11:734][  0]LogTemp:Display: Loaded TP Android_DXTTargetPlatform
[2016.01.23-04.38.11:737][  0]LogTemp:Display: Loaded TP Android_ETC1TargetPlatform
[2016.01.23-04.38.11:740][  0]LogTemp:Display: Loaded TP Android_ETC2TargetPlatform
[2016.01.23-04.38.11:748][  0]LogTemp:Display: Loaded TP Android_MultiTargetPlatform
[2016.01.23-04.38.11:748][  0]LogTemp:Display: Loaded TP Android_PVRTCTargetPlatform
[2016.01.23-04.38.11:749][  0]LogTemp:Display: Loaded TP HTML5TargetPlatform
[2016.01.23-04.38.11:767][  0]LogTemp:Display: Loaded TP IOSTargetPlatform
[2016.01.23-04.38.11:770][  0]LogTemp:Display: Loaded TP LinuxNoEditorTargetPlatform
[2016.01.23-04.38.11:773][  0]LogTemp:Display: Loaded TP LinuxServerTargetPlatform
[2016.01.23-04.38.11:777][  0]LogTemp:Display: Loaded TP LinuxTargetPlatform
[2016.01.23-04.38.11:777][  0]LogTargetPlatformManager:Display: Building Assets For Windows
[2016.01.23-04.38.11:890][  0]LogDerivedDataCache:Display: Max Cache Size: 512 MB
[2016.01.23-04.38.11:942][  0]LogDerivedDataCache: Loaded boot cache 0.05s 41MB C:/Users/Alex/AppData/Local/UnrealEngine/4.10/DerivedDataCache/Boot.ddc.
[2016.01.23-04.38.11:942][  0]LogDerivedDataCache:Display: Loaded Boot cache: C:/Users/Alex/AppData/Local/UnrealEngine/4.10/DerivedDataCache/Boot.ddc
[2016.01.23-04.38.11:942][  0]LogDerivedDataCache: FDerivedDataBackendGraph:  Pak pak cache file ../../../../../../Users/Alex/Documents/GitHub/Growth/Growth/DerivedDataCache/DDC.ddp not found, will not use a pak cache.
[2016.01.23-04.38.11:942][  0]LogDerivedDataCache: Unable to find inner node Pak for hierarchical cache Hierarchy.
[2016.01.23-04.38.11:942][  0]LogDerivedDataCache: FDerivedDataBackendGraph:  CompressedPak pak cache file ../../../../../../Users/Alex/Documents/GitHub/Growth/Growth/DerivedDataCache/Compressed.ddp not found, will not use a pak cache.
[2016.01.23-04.38.11:942][  0]LogDerivedDataCache: Unable to find inner node CompressedPak for hierarchical cache Hierarchy.
[2016.01.23-04.38.12:017][  0]LogDerivedDataCache:Display: Pak cache opened for reading ../../../Engine/DerivedDataCache/Compressed.ddp.
[2016.01.23-04.38.12:034][  0]LogDerivedDataCache: Using Local data cache path C:/Users/Alex/AppData/Local/UnrealEngine/Common/DerivedDataCache: Writable
[2016.01.23-04.38.12:232][  0]LogInit: Selected Device Profile: [Windows]
[2016.01.23-04.38.12:235][  0]LogContentStreaming: Texture pool size is 0.000000MB
[2016.01.23-04.38.12:341][  0]LogMeshUtilities: No automatic mesh reduction module available
[2016.01.23-04.38.12:341][  0]LogMeshUtilities: No automatic mesh merging module available
[2016.01.23-04.38.12:564][  0]LogInit: WinSock: version 1.1 (2.2), MaxSocks=32767, MaxUdp=65467
[2016.01.23-04.38.13:472][  0]UdpMessaging: Initializing bridge on interface 0.0.0.0:0 to multicast group 230.0.0.1:6666.
[2016.01.23-04.38.13:579][  0]LogAssetRegistry: FAssetRegistry took 0.0108 seconds to start up
[2016.01.23-04.38.13:764][  0]SourceControl: Info Source control is disabled
[2016.01.23-04.38.13:765][  0]SourceControl: Info Source control is disabled
[2016.01.23-04.38.13:781][  0]SourceControl: Info Source control is disabled
[2016.01.23-04.38.13:799][  0]SourceControl: Info Source control is disabled
[2016.01.23-04.38.14:124][  0]LogObj: 28633 objects as part of root set at end of initial load.
[2016.01.23-04.38.14:124][  0]LogUObjectAllocator: 6099752 out of 0 bytes used by permanent object pool.
[2016.01.23-04.38.14:177][  0]LogEngine: Initializing Engine...
[2016.01.23-04.38.14:181][  0]LogHMD: Can't find Oculus library dev build: is proper Runtime installed? Version: 0.8.0.0
[2016.01.23-04.38.14:182][  0]LogHMD: SteamVR failed to initialize.  Err: 110
[2016.01.23-04.38.14:292][  0]LogAIModule: Creating AISystem for world NewWorld
[2016.01.23-04.38.14:300][  0]LogInit: XAudio2 using 'Speakers (Realtek High Definition Audio)' : 2 channels at 48 kHz using 32 bits per sample (channel mask 0x3)
[2016.01.23-04.38.14:323][  0]LogInit: FAudioDevice initialized.
[2016.01.23-04.38.14:348][  0]LogDerivedDataCache: Saved boot cache 0.02s 41MB C:/Users/Alex/AppData/Local/UnrealEngine/4.10/DerivedDataCache/Boot.ddc.
[2016.01.23-04.38.14:352][  0]LogInit: Texture streaming: Enabled
[2016.01.23-04.38.14:359][  0]LogAnalytics: Creating configured Analytics provider AnalyticsET
[2016.01.23-04.38.14:359][  0]LogAnalytics: [UEEditor.Rocket.Release] APIServer = http://et2.epicgames.com/ET2/. AppVersion = 4.10.0-2758231+++depot+UE4-Releases+4.10
[2016.01.23-04.38.14:359][  0]LogAnalytics: [UEEditor.Rocket.Release] SetUserId 2ea81a834ffda1c7700eadb43070947c|187ad38f3ca5493bb24c70d7c7079e52|82e58137-6379-40ac-b56e-28c7ca34f864
[2016.01.23-04.38.14:359][  0]LogAnalytics: [UEEditor.Rocket.Release] AnalyticsET::StartSession
[2016.01.23-04.38.14:427][  0]LogInit: Transaction tracking system initialized
[2016.01.23-04.38.14:464][  0]BlueprintLog: New page: Editor Load
[2016.01.23-04.38.14:570][  0]LocalizationService: Info Localization service is disabled
[2016.01.23-04.38.14:665][  0]LogConsoleResponse:Display: 
[2016.01.23-04.38.14:774][  0]LogCook:Display: Done creating registry. It took  0.00s.
[2016.01.23-04.38.14:851][  0]LogFileCache: Scanning file cache for directory 'C:/Users/Alex/Documents/GitHub/Growth/Growth/Content/' took 0.01s
[2016.01.23-04.38.14:851][  0]SourceControl: Info Source control is disabled
[2016.01.23-04.38.14:851][  0]Cmd: MAP LOAD FILE="../../../../../../Users/Alex/Documents/GitHub/Growth/Growth/Content/Maps/ExampleMap.umap" TEMPLATE=0 SHOWPROGRESS=1 FEATURELEVEL=3
[2016.01.23-04.38.14:852][  0]LightingResults: New page: Lighting Build
[2016.01.23-04.38.14:855][  0]MapCheck: New page: Map Check
[2016.01.23-04.38.14:855][  0]LightingResults: New page: Lighting Build
[2016.01.23-04.38.14:867][  0]LogParticles: Destroying 0 GPU particle simulations for FXSystem 0x0000003DD62E7420
[2016.01.23-04.38.15:232][  0]LogAIModule: Creating AISystem for world ExampleMap
[2016.01.23-04.38.15:242][  0]LogEditorServer: Finished looking for orphan Actors (0.000 secs)
[2016.01.23-04.38.15:243][  0]Cmd: MAP CHECKDEP NOCLEARLOG
[2016.01.23-04.38.15:331][  0]MapCheck: Info Map check complete: 0 Error(s), 0 Warning(s), took 87.979ms to complete.
[2016.01.23-04.38.15:331][  0]LogFileHelpers: Loading map 'ExampleMap' took 0.480
[2016.01.23-04.38.15:447][  0]LogCollectionManager: Loaded 0 collections in 0.003617 seconds
[2016.01.23-04.38.15:488][  0]LogFileCache: Scanning file cache for directory 'C:/Users/Alex/Documents/GitHub/Growth/Growth/Saved/Collections/' took 0.01s
[2016.01.23-04.38.15:488][  0]LogFileCache: Scanning file cache for directory 'C:/Users/Alex/Documents/GitHub/Growth/Growth/Content/Developers/Alex/Collections/' took 0.01s
[2016.01.23-04.38.15:488][  0]LogFileCache: Scanning file cache for directory 'C:/Users/Alex/Documents/GitHub/Growth/Growth/Content/Collections/' took 0.01s
[2016.01.23-04.38.15:488][  0]LogCollectionManager: Rebuilt the GUID cache for 0 collections in 0.000002 seconds
[2016.01.23-04.38.15:495][  0]LogContentBrowser: Native class hierarchy populated in 0.0067 seconds. Added 1893 classes and 338 folders.
[2016.01.23-04.38.15:502][  0]LogContentBrowser: Native class hierarchy updated for 'WidgetCarousel' in 0.0003 seconds. Added 0 classes and 0 folders.
[2016.01.23-04.38.15:566][  0]LogContentBrowser: Native class hierarchy updated for 'AddContentDialog' in 0.0003 seconds. Added 0 classes and 0 folders.
[2016.01.23-04.38.15:571][  0]LogContentBrowser: Native class hierarchy updated for 'SceneOutliner' in 0.0003 seconds. Added 1 classes and 2 folders.
[2016.01.23-04.38.15:617][  0]LogCrashTracker: Crashtracker disabled due to settings.
[2016.01.23-04.38.15:621][  0]LogUObjectGlobals:Warning: Failed to find object 'Class None.'
[2016.01.23-04.38.15:644][  0]LogLoad: Full Startup: 6.20 seconds (BP compile: 0.13 seconds)
[2016.01.23-04.38.15:665][  0]LogOcInput: Can't find Oculus library dev build: is proper Runtime installed? Version: 0.8.0.0
[2016.01.23-04.38.15:735][  0]LogContentStreaming: Texture pool size now 1000 MB
[2016.01.23-04.38.15:848][  0]LogRenderer: Reallocating scene render targets to support 884x432 (Frame:2).
[2016.01.23-04.38.16:045][  2]LogAssetRegistry: Asset discovery search completed in 2.4774 seconds
[2016.01.23-04.38.16:046][  2]LogCollectionManager: Rebuilt the object cache for 0 collections in 0.000001 seconds (found 0 objects)
[2016.01.23-04.38.16:046][  2]LogCollectionManager: Fixed up redirectors for 0 collections in 0.000036 seconds (updated 0 objects)
[2016.01.23-04.38.17:601][ 81]LogPlayLevel: PlayLevel: No blueprints needed recompiling
[2016.01.23-04.38.17:602][ 81]PIE: New page: PIE session: ExampleMap (Jan 22, 2016, 12:38:17 PM)
[2016.01.23-04.38.17:602][ 81]LogPlayLevel: Creating play world package: /Game/Maps/UEDPIE_0_ExampleMap
[2016.01.23-04.38.17:604][ 81]LogPlayLevel: PIE: StaticDuplicateObject took: (0.002100s)
[2016.01.23-04.38.17:604][ 81]LogAIModule: Creating AISystem for world ExampleMap
[2016.01.23-04.38.17:605][ 81]LogPlayLevel: PIE: World Init took: (0.000722s)
[2016.01.23-04.38.17:605][ 81]LogPlayLevel: PIE: Created PIE world by copying editor world from /Game/Maps/ExampleMap.ExampleMap to /Game/Maps/UEDPIE_0_ExampleMap.ExampleMap (0.003057s)
[2016.01.23-04.38.17:647][ 81]LogInit: XAudio2 using 'Speakers (Realtek High Definition Audio)' : 2 channels at 48 kHz using 32 bits per sample (channel mask 0x3)
[2016.01.23-04.38.17:657][ 81]LogInit: FAudioDevice initialized.
[2016.01.23-04.38.17:753][ 81]LogWorld: Game class is 'Level_GameMode_C'
[2016.01.23-04.38.17:756][ 81]LogWorld: Bringing World /Game/Maps/UEDPIE_0_ExampleMap.ExampleMap up for play (max tick rate 60) at 2016.01.22-20.38.17
[2016.01.23-04.38.17:756][ 81]LogActor:Warning: GameSession /Game/Maps/UEDPIE_0_ExampleMap.ExampleMap:PersistentLevel.GameSession_0 has natively added scene component(s), but none of them were set as the actor's RootComponent - picking one arbitrarily
[2016.01.23-04.38.17:756][ 81]LogActor:Warning: GameNetworkManager /Game/Maps/UEDPIE_0_ExampleMap.ExampleMap:PersistentLevel.GameNetworkManager_0 has natively added scene component(s), but none of them were set as the actor's RootComponent - picking one arbitrarily
[2016.01.23-04.38.17:758][ 81]LogWorld: Bringing up level for play took: 0.004227
[2016.01.23-04.38.17:762][ 81]PIE: Info Play in editor start time for /Game/Maps/UEDPIE_0_ExampleMap -0.129
[2016.01.23-04.38.29:247][766]LogParticles: Destroying 0 GPU particle simulations for FXSystem 0x0000003DE086F1A0
[2016.01.23-04.38.30:042][813]LogPlayLevel: PlayLevel: No blueprints needed recompiling
[2016.01.23-04.38.30:043][813]PIE: New page: PIE session: ExampleMap (Jan 22, 2016, 12:38:30 PM)
[2016.01.23-04.38.30:043][813]LogPlayLevel: Creating play world package: /Game/Maps/UEDPIE_0_ExampleMap
[2016.01.23-04.38.30:044][813]LogPlayLevel: PIE: StaticDuplicateObject took: (0.001339s)
[2016.01.23-04.38.30:045][813]LogAIModule: Creating AISystem for world ExampleMap
[2016.01.23-04.38.30:045][813]LogPlayLevel: PIE: World Init took: (0.000641s)
[2016.01.23-04.38.30:045][813]LogPlayLevel: PIE: Created PIE world by copying editor world from /Game/Maps/ExampleMap.ExampleMap to /Game/Maps/UEDPIE_0_ExampleMap.ExampleMap (0.002155s)
[2016.01.23-04.38.30:062][813]LogInit: XAudio2 using 'Speakers (Realtek High Definition Audio)' : 2 channels at 48 kHz using 32 bits per sample (channel mask 0x3)
[2016.01.23-04.38.30:072][813]LogInit: FAudioDevice initialized.
[2016.01.23-04.38.30:110][813]LogWorld: Game class is 'Level_GameMode_C'
[2016.01.23-04.38.30:114][813]LogWorld: Bringing World /Game/Maps/UEDPIE_0_ExampleMap.ExampleMap up for play (max tick rate 60) at 2016.01.22-20.38.30
[2016.01.23-04.38.30:114][813]LogActor:Warning: GameSession /Game/Maps/UEDPIE_0_ExampleMap.ExampleMap:PersistentLevel.GameSession_1 has natively added scene component(s), but none of them were set as the actor's RootComponent - picking one arbitrarily
[2016.01.23-04.38.30:114][813]LogActor:Warning: GameNetworkManager /Game/Maps/UEDPIE_0_ExampleMap.ExampleMap:PersistentLevel.GameNetworkManager_1 has natively added scene component(s), but none of them were set as the actor's RootComponent - picking one arbitrarily
[2016.01.23-04.38.30:116][813]LogWorld: Bringing up level for play took: 0.004703
[2016.01.23-04.38.30:119][813]PIE: Info Play in editor start time for /Game/Maps/UEDPIE_0_ExampleMap 0.228
[2016.01.23-04.38.30:861][855]LogParticles: Destroying 0 GPU particle simulations for FXSystem 0x0000003DC8D79DA0
[2016.01.23-04.38.31:518][894]LogPlayLevel: PlayLevel: No blueprints needed recompiling
[2016.01.23-04.38.31:518][894]PIE: New page: PIE session: ExampleMap (Jan 22, 2016, 12:38:31 PM)
[2016.01.23-04.38.31:518][894]LogPlayLevel: Creating play world package: /Game/Maps/UEDPIE_0_ExampleMap
[2016.01.23-04.38.31:519][894]LogPlayLevel: PIE: StaticDuplicateObject took: (0.001306s)
[2016.01.23-04.38.31:520][894]LogAIModule: Creating AISystem for world ExampleMap
[2016.01.23-04.38.31:520][894]LogPlayLevel: PIE: World Init took: (0.000674s)
[2016.01.23-04.38.31:520][894]LogPlayLevel: PIE: Created PIE world by copying editor world from /Game/Maps/ExampleMap.ExampleMap to /Game/Maps/UEDPIE_0_ExampleMap.ExampleMap (0.002150s)
[2016.01.23-04.38.31:542][894]LogInit: XAudio2 using 'Speakers (Realtek High Definition Audio)' : 2 channels at 48 kHz using 32 bits per sample (channel mask 0x3)
[2016.01.23-04.38.31:549][894]LogInit: FAudioDevice initialized.
[2016.01.23-04.38.31:582][894]LogWorld: Game class is 'Level_GameMode_C'
[2016.01.23-04.38.31:586][894]LogWorld: Bringing World /Game/Maps/UEDPIE_0_ExampleMap.ExampleMap up for play (max tick rate 60) at 2016.01.22-20.38.31
[2016.01.23-04.38.31:586][894]LogActor:Warning: GameSession /Game/Maps/UEDPIE_0_ExampleMap.ExampleMap:PersistentLevel.GameSession_2 has natively added scene component(s), but none of them were set as the actor's RootComponent - picking one arbitrarily
[2016.01.23-04.38.31:586][894]LogActor:Warning: GameNetworkManager /Game/Maps/UEDPIE_0_ExampleMap.ExampleMap:PersistentLevel.GameNetworkManager_2 has natively added scene component(s), but none of them were set as the actor's RootComponent - picking one arbitrarily
[2016.01.23-04.38.31:588][894]LogWorld: Bringing up level for play took: 0.004209
[2016.01.23-04.38.31:591][894]PIE: Info Play in editor start time for /Game/Maps/UEDPIE_0_ExampleMap -0.3
[2016.01.23-04.38.32:268][932]LogParticles: Destroying 0 GPU particle simulations for FXSystem 0x0000003DD30A0A40
[2016.01.23-04.38.32:809][964]LogPlayLevel: PlayLevel: No blueprints needed recompiling
[2016.01.23-04.38.32:809][964]PIE: New page: PIE session: ExampleMap (Jan 22, 2016, 12:38:32 PM)
[2016.01.23-04.38.32:809][964]LogPlayLevel: Creating play world package: /Game/Maps/UEDPIE_0_ExampleMap
[2016.01.23-04.38.32:810][964]LogPlayLevel: PIE: StaticDuplicateObject took: (0.001326s)
[2016.01.23-04.38.32:811][964]LogAIModule: Creating AISystem for world ExampleMap
[2016.01.23-04.38.32:811][964]LogPlayLevel: PIE: World Init took: (0.000660s)
[2016.01.23-04.38.32:811][964]LogPlayLevel: PIE: Created PIE world by copying editor world from /Game/Maps/ExampleMap.ExampleMap to /Game/Maps/UEDPIE_0_ExampleMap.ExampleMap (0.002153s)
[2016.01.23-04.38.32:830][964]LogInit: XAudio2 using 'Speakers (Realtek High Definition Audio)' : 2 channels at 48 kHz using 32 bits per sample (channel mask 0x3)
[2016.01.23-04.38.32:838][964]LogInit: FAudioDevice initialized.
[2016.01.23-04.38.32:874][964]LogWorld: Game class is 'Level_GameMode_C'
[2016.01.23-04.38.32:878][964]LogWorld: Bringing World /Game/Maps/UEDPIE_0_ExampleMap.ExampleMap up for play (max tick rate 60) at 2016.01.22-20.38.32
[2016.01.23-04.38.32:878][964]LogActor:Warning: GameSession /Game/Maps/UEDPIE_0_ExampleMap.ExampleMap:PersistentLevel.GameSession_3 has natively added scene component(s), but none of them were set as the actor's RootComponent - picking one arbitrarily
[2016.01.23-04.38.32:878][964]LogActor:Warning: GameNetworkManager /Game/Maps/UEDPIE_0_ExampleMap.ExampleMap:PersistentLevel.GameNetworkManager_3 has natively added scene component(s), but none of them were set as the actor's RootComponent - picking one arbitrarily
[2016.01.23-04.38.32:880][964]LogWorld: Bringing up level for play took: 0.004272
[2016.01.23-04.38.32:882][964]PIE: Info Play in editor start time for /Game/Maps/UEDPIE_0_ExampleMap 0.991
[2016.01.23-04.38.33:242][983]LogParticles: Destroying 0 GPU particle simulations for FXSystem 0x0000003DC47D65C0
[2016.01.23-04.38.34:797][ 76]LogPlayLevel: PlayLevel: No blueprints needed recompiling
[2016.01.23-04.38.34:797][ 76]PIE: New page: PIE session: ExampleMap (Jan 22, 2016, 12:38:34 PM)
[2016.01.23-04.38.34:797][ 76]LogPlayLevel: Creating play world package: /Game/Maps/UEDPIE_0_ExampleMap
[2016.01.23-04.38.34:798][ 76]LogPlayLevel: PIE: StaticDuplicateObject took: (0.001330s)
[2016.01.23-04.38.34:799][ 76]LogAIModule: Creating AISystem for world ExampleMap
[2016.01.23-04.38.34:799][ 76]LogPlayLevel: PIE: World Init took: (0.000705s)
[2016.01.23-04.38.34:799][ 76]LogPlayLevel: PIE: Created PIE world by copying editor world from /Game/Maps/ExampleMap.ExampleMap to /Game/Maps/UEDPIE_0_ExampleMap.ExampleMap (0.002239s)
[2016.01.23-04.38.34:816][ 76]LogInit: XAudio2 using 'Speakers (Realtek High Definition Audio)' : 2 channels at 48 kHz using 32 bits per sample (channel mask 0x3)
[2016.01.23-04.38.34:825][ 76]LogInit: FAudioDevice initialized.
[2016.01.23-04.38.34:862][ 76]LogWorld: Game class is 'Level_GameMode_C'
[2016.01.23-04.38.34:865][ 76]LogWorld: Bringing World /Game/Maps/UEDPIE_0_ExampleMap.ExampleMap up for play (max tick rate 60) at 2016.01.22-20.38.34
[2016.01.23-04.38.34:866][ 76]LogActor:Warning: GameSession /Game/Maps/UEDPIE_0_ExampleMap.ExampleMap:PersistentLevel.GameSession_4 has natively added scene component(s), but none of them were set as the actor's RootComponent - picking one arbitrarily
[2016.01.23-04.38.34:866][ 76]LogActor:Warning: GameNetworkManager /Game/Maps/UEDPIE_0_ExampleMap.ExampleMap:PersistentLevel.GameNetworkManager_4 has natively added scene component(s), but none of them were set as the actor's RootComponent - picking one arbitrarily
[2016.01.23-04.38.34:868][ 76]LogWorld: Bringing up level for play took: 0.003929
[2016.01.23-04.38.34:870][ 76]PIE: Info Play in editor start time for /Game/Maps/UEDPIE_0_ExampleMap 0.98
[2016.01.23-04.38.41:172][451]LogParticles: Destroying 0 GPU particle simulations for FXSystem 0x0000003DC48C3240
[2016.01.23-04.40.19:106][288]LogWindowsTextInputMethodSystem:Display: IME system now deactivated.
[2016.01.23-04.40.19:324][289]Cmd: QUIT_EDITOR
[2016.01.23-04.40.20:034][289]LogExit: Preparing to exit.
[2016.01.23-04.40.20:677][289]LogExit: Editor shut down
[2016.01.23-04.40.20:678][289]LogExit: Transaction tracking system shut down
[2016.01.23-04.40.20:683][289]LogParticles: Destroying 0 GPU particle simulations for FXSystem 0x0000003DC5EB8EA0
[2016.01.23-04.40.20:683][289]LogParticles: Destroying 0 GPU particle simulations for FXSystem 0x0000003DE0727880
[2016.01.23-04.40.20:683][289]LogParticles: Destroying 0 GPU particle simulations for FXSystem 0x0000003DC61E40E0
[2016.01.23-04.40.20:683][289]LogParticles: Destroying 0 GPU particle simulations for FXSystem 0x0000003DEC02ED40
[2016.01.23-04.40.20:865][289]LogExit: Object subsystem successfully closed.
[2016.01.23-04.40.20:883][289]LogD3D11RHI: Shutdown
[2016.01.23-04.40.20:883][289]LogD3D11RHI: CleanupD3DDevice
[2016.01.23-04.40.20:943][289]LogD3D11RHI: ~FD3D11DynamicRHI
[2016.01.23-04.40.20:969][289]LogModuleManager: Shutting down and abandoning module CrashTracker (198)
[2016.01.23-04.40.20:969][289]LogModuleManager: Shutting down and abandoning module SceneOutliner (197)
[2016.01.23-04.40.20:969][289]LogModuleManager: Shutting down and abandoning module SuperSearch (196)
[2016.01.23-04.40.20:969][289]LogModuleManager: Shutting down and abandoning module WidgetCarousel (195)
[2016.01.23-04.40.20:969][289]LogModuleManager: Shutting down and abandoning module AddContentDialog (194)
[2016.01.23-04.40.20:975][289]LogModuleManager: Shutting down and abandoning module EditorWidgets (193)
[2016.01.23-04.40.20:975][289]LogModuleManager: Shutting down and abandoning module CollectionManager (192)
[2016.01.23-04.40.20:975][289]LogModuleManager: Shutting down and abandoning module StatsViewer (191)
[2016.01.23-04.40.20:975][289]LogModuleManager: Shutting down and abandoning module FoliageEdit (190)
[2016.01.23-04.40.20:975][289]LogModuleManager: Shutting down and abandoning module LandscapeEditor (189)
[2016.01.23-04.40.20:976][289]LogModuleManager: Shutting down and abandoning module ActorPickerMode (188)
[2016.01.23-04.40.20:976][289]LogModuleManager: Shutting down and abandoning module GeometryMode (187)
[2016.01.23-04.40.20:976][289]LogModuleManager: Shutting down and abandoning module TextureAlignMode (186)
[2016.01.23-04.40.20:976][289]LogModuleManager: Shutting down and abandoning module BspMode (185)
[2016.01.23-04.40.20:976][289]LogModuleManager: Shutting down and abandoning module PlacementMode (184)
[2016.01.23-04.40.20:976][289]LogModuleManager: Shutting down and abandoning module AutomationWorker (183)
[2016.01.23-04.40.20:976][289]LogModuleManager: Shutting down and abandoning module CharacterAI (182)
[2016.01.23-04.40.20:976][289]LogModuleManager: Shutting down and abandoning module SmartSnapping (181)
[2016.01.23-04.40.20:976][289]LogModuleManager: Shutting down and abandoning module ViewportSnapping (180)
[2016.01.23-04.40.20:976][289]LogModuleManager: Shutting down and abandoning module LogVisualizer (179)
[2016.01.23-04.40.20:977][289]LogModuleManager: Shutting down and abandoning module GameProjectGeneration (178)
[2016.01.23-04.40.20:977][289]LogModuleManager: Shutting down and abandoning module IntroTutorials (177)
[2016.01.23-04.40.20:977][289]LogModuleManager: Shutting down and abandoning module EditorLiveStreaming (176)
[2016.01.23-04.40.20:977][289]LogModuleManager: Shutting down and abandoning module IOSPlatformEditor (175)
[2016.01.23-04.40.20:977][289]LogModuleManager: Shutting down and abandoning module HTML5PlatformEditor (174)
[2016.01.23-04.40.20:977][289]LogModuleManager: Shutting down and abandoning module AndroidDeviceDetection (173)
[2016.01.23-04.40.21:671][289]LogModuleManager: Shutting down and abandoning module AndroidPlatformEditor (172)
[2016.01.23-04.40.21:671][289]LogModuleManager: Shutting down and abandoning module IOSRuntimeSettings (171)
[2016.01.23-04.40.21:671][289]LogModuleManager: Shutting down and abandoning module AndroidRuntimeSettings (170)
[2016.01.23-04.40.21:671][289]LogModuleManager: Shutting down and abandoning module MergeActors (169)
[2016.01.23-04.40.21:672][289]LogModuleManager: Shutting down and abandoning module SizeMap (168)
[2016.01.23-04.40.21:672][289]LogModuleManager: Shutting down and abandoning module TreeMap (167)
[2016.01.23-04.40.21:672][289]LogModuleManager: Shutting down and abandoning module ReferenceViewer (166)
[2016.01.23-04.40.21:672][289]LogModuleManager: Shutting down and abandoning module LocalizationService (165)
[2016.01.23-04.40.21:672][289]LogModuleManager: Shutting down and abandoning module LocalizationDashboard (164)
[2016.01.23-04.40.21:672][289]LogModuleManager: Shutting down and abandoning module HardwareTargeting (163)
[2016.01.23-04.40.21:672][289]LogModuleManager: Shutting down and abandoning module DeviceProfileEditor (162)
[2016.01.23-04.40.21:672][289]LogModuleManager: Shutting down and abandoning module UndoHistory (161)
[2016.01.23-04.40.21:672][289]LogModuleManager: Shutting down and abandoning module GameplayTagsEditor (160)
[2016.01.23-04.40.21:672][289]LogModuleManager: Shutting down and abandoning module UserFeedback (159)
[2016.01.23-04.40.21:672][289]LogModuleManager: Shutting down and abandoning module XmlParser (158)
[2016.01.23-04.40.21:672][289]LogModuleManager: Shutting down and abandoning module Blutility (157)
[2016.01.23-04.40.21:672][289]LogModuleManager: Shutting down and abandoning module ProjectTargetPlatformEditor (156)
[2016.01.23-04.40.21:672][289]LogModuleManager: Shutting down and abandoning module ProjectSettingsViewer (155)
[2016.01.23-04.40.21:672][289]LogModuleManager: Shutting down and abandoning module InputBindingEditor (154)
[2016.01.23-04.40.21:672][289]LogModuleManager: Shutting down and abandoning module EditorSettingsViewer (153)
[2016.01.23-04.40.21:672][289]LogModuleManager: Shutting down and abandoning module SettingsEditor (152)
[2016.01.23-04.40.21:672][289]LogModuleManager: Shutting down and abandoning module ProjectLauncher (151)
[2016.01.23-04.40.21:672][289]LogModuleManager: Shutting down and abandoning module SessionFrontend (150)
[2016.01.23-04.40.21:672][289]LogModuleManager: Shutting down and abandoning module ProfilerClient (149)
[2016.01.23-04.40.21:672][289]LogModuleManager: Shutting down and abandoning module TargetDeviceServices (148)
[2016.01.23-04.40.21:672][289]LogModuleManager: Shutting down and abandoning module DeviceManager (147)
[2016.01.23-04.40.21:672][289]LogModuleManager: Shutting down and abandoning module AutomationController (146)
[2016.01.23-04.40.21:672][289]LogModuleManager: Shutting down and abandoning module AutomationWindow (145)
[2016.01.23-04.40.21:672][289]LogModuleManager: Shutting down and abandoning module Layers (144)
[2016.01.23-04.40.21:672][289]LogModuleManager: Shutting down and abandoning module ComponentVisualizers (143)
[2016.01.23-04.40.21:672][289]LogModuleManager: Shutting down and abandoning module DetailCustomizations (142)
[2016.01.23-04.40.21:672][289]LogModuleManager: Shutting down and abandoning module PackagesDialog (141)
[2016.01.23-04.40.21:672][289]LogModuleManager: Shutting down and abandoning module Persona (140)
[2016.01.23-04.40.21:672][289]LogModuleManager: Shutting down and abandoning module Kismet (139)
[2016.01.23-04.40.21:672][289]LogModuleManager: Shutting down and abandoning module GraphEditor (138)
[2016.01.23-04.40.21:672][289]LogModuleManager: Shutting down and abandoning module ClassViewer (137)
[2016.01.23-04.40.21:672][289]LogModuleManager: Shutting down and abandoning module Toolbox (136)
[2016.01.23-04.40.21:672][289]LogModuleManager: Shutting down and abandoning module ModuleUI (135)
[2016.01.23-04.40.21:672][289]LogModuleManager: Shutting down and abandoning module MovieSceneTools (134)
[2016.01.23-04.40.21:672][289]LogModuleManager: Shutting down and abandoning module OutputLog (133)
[2016.01.23-04.40.21:672][289]LogModuleManager: Shutting down and abandoning module GammaUI (132)
[2016.01.23-04.40.21:672][289]LogModuleManager: Shutting down and abandoning module Documentation (131)
[2016.01.23-04.40.21:672][289]LogModuleManager: Shutting down and abandoning module GameLiveStreaming (130)
[2016.01.23-04.40.21:672][289]LogModuleManager: Shutting down and abandoning module StreamingPauseRendering (129)
[2016.01.23-04.40.21:672][289]LogModuleManager: Shutting down and abandoning module AnalyticsET (128)
[2016.01.23-04.40.21:672][289]LogModuleManager: Shutting down and abandoning module Analytics (127)
[2016.01.23-04.40.21:672][289]LogModuleManager: Shutting down and abandoning module AITestSuite (126)
[2016.01.23-04.40.21:672][289]LogModuleManager: Shutting down and abandoning module GameplayDebugger (125)
[2016.01.23-04.40.21:672][289]LogModuleManager: Shutting down and abandoning module AIModule (124)
[2016.01.23-04.40.21:672][289]LogModuleManager: Shutting down and abandoning module ProfilerService (123)
[2016.01.23-04.40.21:797][289]LogModuleManager: Shutting down and abandoning module TaskGraph (122)
[2016.01.23-04.40.21:797][289]LogModuleManager: Shutting down and abandoning module SlateRemote (121)
[2016.01.23-04.40.21:797][289]LogModuleManager: Shutting down and abandoning module SteamVRController (120)
[2016.01.23-04.40.21:797][289]LogModuleManager: Shutting down and abandoning module SteamVR (119)
[2016.01.23-04.40.21:797][289]LogModuleManager: Shutting down and abandoning module ProceduralMeshComponent (118)
[2016.01.23-04.40.21:797][289]LogModuleManager: Shutting down and abandoning module OculusLibrary (117)
[2016.01.23-04.40.21:797][289]LogModuleManager: Shutting down and abandoning module OculusInput (116)
[2016.01.23-04.40.21:797][289]LogModuleManager: Shutting down and abandoning module LeapMotionController (115)
[2016.01.23-04.40.21:810][289]LogModuleManager: Shutting down and abandoning module CustomMeshComponent (114)
[2016.01.23-04.40.21:810][289]LogModuleManager: Shutting down and abandoning module CableComponent (113)
[2016.01.23-04.40.21:810][289]LogModuleManager: Shutting down and abandoning module ArchVisCharacter (112)
[2016.01.23-04.40.21:810][289]LogModuleManager: Shutting down and abandoning module MessagingDebugger (111)
[2016.01.23-04.40.21:810][289]LogModuleManager: Shutting down and abandoning module MediaPlayerEditor (110)
[2016.01.23-04.40.21:810][289]LogModuleManager: Shutting down and abandoning module HTML5Networking (109)
[2016.01.23-04.40.21:810][289]LogModuleManager: Shutting down and abandoning module SpeedTreeImporter (108)
[2016.01.23-04.40.21:810][289]LogModuleManager: Shutting down and abandoning module PluginBrowser (107)
[2016.01.23-04.40.21:810][289]LogModuleManager: Shutting down and abandoning module EpicSurvey (106)
[2016.01.23-04.40.21:810][289]LogModuleManager: Shutting down and abandoning module DesktopPlatform (105)
[2016.01.23-04.40.21:810][289]LogModuleManager: Shutting down and abandoning module VisualStudioSourceCodeAccess (104)
[2016.01.23-04.40.21:810][289]LogModuleManager: Shutting down and abandoning module UObjectPlugin (103)
[2016.01.23-04.40.21:810][289]LogModuleManager: Shutting down and abandoning module SubversionSourceControl (102)
[2016.01.23-04.40.21:810][289]LogModuleManager: Shutting down and abandoning module PerforceSourceControl (101)
[2016.01.23-04.40.21:810][289]LogModuleManager: Shutting down and abandoning module SourceControl (100)
[2016.01.23-04.40.21:810][289]LogModuleManager: Shutting down and abandoning module GitSourceControl (99)
[2016.01.23-04.40.21:810][289]LogModuleManager: Shutting down and abandoning module LightPropagationVolumeEditor (98)
[2016.01.23-04.40.21:810][289]LogModuleManager: Shutting down and abandoning module PaperTiledImporter (97)
[2016.01.23-04.40.21:810][289]LogModuleManager: Shutting down and abandoning module PaperSpriteSheetImporter (96)
[2016.01.23-04.40.21:810][289]LogModuleManager: Shutting down and abandoning module MeshPaint (95)
[2016.01.23-04.40.21:810][289]LogModuleManager: Shutting down and abandoning module SlateReflector (94)
[2016.01.23-04.40.21:810][289]LogModuleManager: Shutting down and abandoning module HotReload (93)
[2016.01.23-04.40.21:810][289]LogModuleManager: Shutting down and abandoning module MainFrame (92)
[2016.01.23-04.40.21:810][289]LogModuleManager: Shutting down and abandoning module LevelEditor (91)
[2016.01.23-04.40.21:811][289]LogModuleManager: Shutting down and abandoning module DirectoryWatcher (90)
[2016.01.23-04.40.21:812][289]LogModuleManager: Shutting down and abandoning module AssetRegistry (89)
[2016.01.23-04.40.21:893][289]LogModuleManager: Shutting down and abandoning module ContentBrowser (88)
[2016.01.23-04.40.21:894][289]LogModuleManager: Shutting down and abandoning module Paper2DEditor (87)
[2016.01.23-04.40.21:894][289]LogModuleManager: Shutting down and abandoning module UdpMessaging (86)
[2016.01.23-04.40.21:995][289]LogModuleManager: Shutting down and abandoning module LightPropagationVolumeRuntime (85)
[2016.01.23-04.40.21:995][289]LogModuleManager: Shutting down and abandoning module Paper2D (84)
[2016.01.23-04.40.21:995][289]LogModuleManager: Shutting down and abandoning module WindowsMoviePlayer (83)
[2016.01.23-04.40.21:997][289]LogModuleManager: Shutting down and abandoning module Media (82)
[2016.01.23-04.40.21:997][289]LogModuleManager: Shutting down and abandoning module WmfMedia (81)
[2016.01.23-04.40.21:998][289]LogModuleManager: Shutting down and abandoning module OnlineBlueprintSupport (80)
[2016.01.23-04.40.21:998][289]LogModuleManager: Shutting down and abandoning module GameplayTasksEditor (79)
[2016.01.23-04.40.21:998][289]LogModuleManager: Shutting down and abandoning module PropertyEditor (78)
[2016.01.23-04.40.21:998][289]LogModuleManager: Shutting down and abandoning module BehaviorTreeEditor (77)
[2016.01.23-04.40.21:998][289]LogModuleManager: Shutting down and abandoning module FunctionalTesting (76)
[2016.01.23-04.40.21:998][289]LogModuleManager: Shutting down and abandoning module CollisionAnalyzer (75)
[2016.01.23-04.40.21:998][289]LogModuleManager: Shutting down and abandoning module WorkspaceMenuStructure (74)
[2016.01.23-04.40.21:998][289]LogModuleManager: Shutting down and abandoning module MessageLog (73)
[2016.01.23-04.40.21:998][289]LogModuleManager: Shutting down and abandoning module Sequencer (72)
[2016.01.23-04.40.21:998][289]LogModuleManager: Shutting down and abandoning module AssetTools (71)
[2016.01.23-04.40.21:998][289]LogModuleManager: Shutting down and abandoning module UMGEditor (70)
[2016.01.23-04.40.21:998][289]LogModuleManager: Shutting down and abandoning module UMG (69)
[2016.01.23-04.40.21:998][289]LogModuleManager: Shutting down and abandoning module Slate (68)
[2016.01.23-04.40.21:998][289]LogModuleManager: Shutting down and abandoning module EditorStyle (67)
[2016.01.23-04.40.22:000][289]LogModuleManager: Shutting down and abandoning module SessionServices (66)
[2016.01.23-04.40.22:000][289]LogModuleManager: Shutting down and abandoning module SourceCodeAccess (65)
[2016.01.23-04.40.22:000][289]LogModuleManager: Shutting down and abandoning module HeadMountedDisplay (64)
[2016.01.23-04.40.22:000][289]LogModuleManager: Shutting down and abandoning module XAudio2 (63)
[2016.01.23-04.40.22:000][289]LogModuleManager: Shutting down and abandoning module Networking (61)
[2016.01.23-04.40.22:000][289]LogModuleManager: Shutting down and abandoning module Core (60)
[2016.01.23-04.40.22:000][289]LogModuleManager: Shutting down and abandoning module KismetCompiler (59)
[2016.01.23-04.40.22:000][289]LogModuleManager: Shutting down and abandoning module PhysXFormats (58)
[2016.01.23-04.40.22:000][289]LogModuleManager: Shutting down and abandoning module MeshUtilities (57)
[2016.01.23-04.40.22:000][289]LogModuleManager: Shutting down and abandoning module DerivedDataCache (56)
[2016.01.23-04.40.22:079][289]LogDerivedDataCache: Shutdown
[2016.01.23-04.40.22:079][289]LogModuleManager: Shutting down and abandoning module ShaderFormatOpenGL (55)
[2016.01.23-04.40.22:079][289]LogModuleManager: Shutting down and abandoning module ShaderFormatD3D (54)
[2016.01.23-04.40.22:079][289]LogModuleManager: Shutting down and abandoning module MetalShaderFormat (53)
[2016.01.23-04.40.22:079][289]LogModuleManager: Shutting down and abandoning module TextureFormatUncompressed (52)
[2016.01.23-04.40.22:079][289]LogModuleManager: Shutting down and abandoning module TextureFormatPVR (51)
[2016.01.23-04.40.22:079][289]LogModuleManager: Shutting down and abandoning module TextureFormatIntelISPCTexComp (50)
[2016.01.23-04.40.22:079][289]LogModuleManager: Shutting down and abandoning module TextureFormatDXT (49)
[2016.01.23-04.40.22:079][289]LogModuleManager: Shutting down and abandoning module ImageWrapper (48)
[2016.01.23-04.40.22:079][289]LogModuleManager: Shutting down and abandoning module TextureFormatASTC (47)
[2016.01.23-04.40.22:079][289]LogModuleManager: Shutting down and abandoning module TextureFormatAndroid (46)
[2016.01.23-04.40.22:079][289]LogModuleManager: Shutting down and abandoning module AudioFormatOpus (45)
[2016.01.23-04.40.22:080][289]LogModuleManager: Shutting down and abandoning module AudioFormatOgg (44)
[2016.01.23-04.40.22:080][289]LogModuleManager: Shutting down and abandoning module AudioFormatADPCM (43)
[2016.01.23-04.40.22:081][289]LogModuleManager: Shutting down and abandoning module LinuxTargetPlatform (42)
[2016.01.23-04.40.22:081][289]LogModuleManager: Shutting down and abandoning module LinuxServerTargetPlatform (41)
[2016.01.23-04.40.22:082][289]LogModuleManager: Shutting down and abandoning module LinuxNoEditorTargetPlatform (40)
[2016.01.23-04.40.22:082][289]LogModuleManager: Shutting down and abandoning module Messaging (39)
[2016.01.23-04.40.22:082][289]LogModuleManager: Shutting down and abandoning module IOSTargetPlatform (38)
[2016.01.23-04.40.22:082][289]LogModuleManager: Shutting down and abandoning module HTML5TargetPlatform (37)
[2016.01.23-04.40.22:082][289]LogModuleManager: Shutting down and abandoning module Android_PVRTCTargetPlatform (36)
[2016.01.23-04.40.22:082][289]LogModuleManager: Shutting down and abandoning module Android_MultiTargetPlatform (35)
[2016.01.23-04.40.22:082][289]LogModuleManager: Shutting down and abandoning module Android_ETC2TargetPlatform (34)
[2016.01.23-04.40.22:082][289]LogModuleManager: Shutting down and abandoning module Android_ETC1TargetPlatform (33)
[2016.01.23-04.40.22:082][289]LogModuleManager: Shutting down and abandoning module Android_DXTTargetPlatform (32)
[2016.01.23-04.40.22:082][289]LogModuleManager: Shutting down and abandoning module Android_ATCTargetPlatform (31)
[2016.01.23-04.40.22:082][289]LogModuleManager: Shutting down and abandoning module Android_ASTCTargetPlatform (30)
[2016.01.23-04.40.22:082][289]LogModuleManager: Shutting down and abandoning module AndroidTargetPlatform (29)
[2016.01.23-04.40.22:082][289]LogModuleManager: Shutting down and abandoning module WindowsTargetPlatform (28)
[2016.01.23-04.40.22:082][289]LogModuleManager: Shutting down and abandoning module WindowsServerTargetPlatform (27)
[2016.01.23-04.40.22:082][289]LogModuleManager: Shutting down and abandoning module WindowsNoEditorTargetPlatform (26)
[2016.01.23-04.40.22:082][289]LogModuleManager: Shutting down and abandoning module WindowsClientTargetPlatform (25)
[2016.01.23-04.40.22:082][289]LogModuleManager: Shutting down and abandoning module AllDesktopTargetPlatform (24)
[2016.01.23-04.40.22:082][289]LogModuleManager: Shutting down and abandoning module TargetPlatform (23)
[2016.01.23-04.40.22:082][289]LogModuleManager: Shutting down and abandoning module InputCore (22)
[2016.01.23-04.40.22:082][289]LogModuleManager: Shutting down and abandoning module Settings (21)
[2016.01.23-04.40.22:082][289]LogModuleManager: Shutting down and abandoning module OnlineSubsystem (19)
[2016.01.23-04.40.22:082][289]LogModuleManager: Shutting down and abandoning module HTTP (18)
[2016.01.23-04.40.24:085][289]LogModuleManager: Shutting down and abandoning module XMPP (17)
[2016.01.23-04.40.24:085][289]LogModuleManager: Shutting down and abandoning module OculusRift (16)
[2016.01.23-04.40.24:085][289]LogModuleManager: Shutting down and abandoning module ExampleDeviceProfileSelector (15)
[2016.01.23-04.40.24:085][289]LogModuleManager: Shutting down and abandoning module TextureCompressor (14)
[2016.01.23-04.40.24:086][289]LogModuleManager: Shutting down and abandoning module ShaderCore (13)
[2016.01.23-04.40.24:086][289]LogModuleManager: Shutting down and abandoning module Landscape (12)
[2016.01.23-04.40.24:086][289]LogModuleManager: Shutting down and abandoning module SlateRHIRenderer (11)
[2016.01.23-04.40.24:087][289]LogModuleManager: Shutting down and abandoning module OpenGLDrv (10)
[2016.01.23-04.40.24:087][289]LogModuleManager: Shutting down and abandoning module D3D11RHI (9)
[2016.01.23-04.40.24:087][289]LogModuleManager: Shutting down and abandoning module AnimGraphRuntime (8)
[2016.01.23-04.40.24:087][289]LogModuleManager: Shutting down and abandoning module Renderer (7)
[2016.01.23-04.40.24:087][289]LogModuleManager: Shutting down and abandoning module Engine (6)
[2016.01.23-04.40.24:087][289]LogModuleManager: Shutting down and abandoning module CoreUObject (5)
[2016.01.23-04.40.24:087][289]LogModuleManager: Shutting down and abandoning module NetworkFile (4)
[2016.01.23-04.40.24:087][289]LogModuleManager: Shutting down and abandoning module StreamingFile (3)
[2016.01.23-04.40.24:087][289]LogModuleManager: Shutting down and abandoning module SandboxFile (2)
[2016.01.23-04.40.24:087][289]LogModuleManager: Shutting down and abandoning module PakFile (1)
[2016.01.23-04.40.24:089][289]LogExit: Exiting.
[2016.01.23-04.40.24:090][289]Log file closed, 01/22/16 20:40:24
