[2016.02.20-00.06.48:214][  0]Log file open, 02/19/16 16:06:48
[2016.02.20-00.06.48:214][  0]LogInit:Display: Running engine for game: Growth
[2016.02.20-00.06.48:214][  0]LogPlatformFile: Not using cached read wrapper
[2016.02.20-00.06.48:214][  0]LogInit:Display: RandInit(504717144) SRandInit(504717146).
[2016.02.20-00.06.48:214][  0]LogTaskGraph: Started task graph with 4 named threads and 7 total threads.
[2016.02.20-00.06.48:214][  0]LogStats: Stats thread started at 0.082840
[2016.02.20-00.06.48:214][  0]LogInit: Version: 4.10.0-2758231+++depot+UE4-Releases+4.10
[2016.02.20-00.06.48:214][  0]LogInit: API Version: 2758231
[2016.02.20-00.06.48:214][  0]LogInit: Compiled (64-bit): Nov  7 2015 05:13:45
[2016.02.20-00.06.48:214][  0]LogInit: Compiled with Visual C++: 19.00.23026.00
[2016.02.20-00.06.48:214][  0]LogInit: Build Configuration: Development
[2016.02.20-00.06.48:214][  0]LogInit: Branch Name: ++depot+UE4-Releases+4.10
[2016.02.20-00.06.48:214][  0]LogInit: Command line:  
[2016.02.20-00.06.48:214][  0]LogInit: Base directory: C:/Program Files/Epic Games/4.10/Engine/Binaries/Win64/
[2016.02.20-00.06.48:214][  0]LogInit: Rocket: 1
[2016.02.20-00.06.48:222][  0]LogInit: Using libcurl 7.41.0
[2016.02.20-00.06.48:222][  0]LogInit:  - built for x86_64-pc-win32
[2016.02.20-00.06.48:222][  0]LogInit:  - supports SSL with WinSSL
[2016.02.20-00.06.48:222][  0]LogInit:  - other features:
[2016.02.20-00.06.48:222][  0]LogInit:      CURL_VERSION_SSL
[2016.02.20-00.06.48:222][  0]LogInit:      CURL_VERSION_IPV6
[2016.02.20-00.06.48:222][  0]LogInit:      CURL_VERSION_ASYNCHDNS
[2016.02.20-00.06.48:222][  0]LogInit:      CURL_VERSION_LARGEFILE
[2016.02.20-00.06.48:222][  0]LogInit:      CURL_VERSION_IDN
[2016.02.20-00.06.48:222][  0]LogInit:  CurlRequestOptions (configurable via config and command line):
[2016.02.20-00.06.48:222][  0]LogInit:  - bVerifyPeer = true  - Libcurl will verify peer certificate
[2016.02.20-00.06.48:222][  0]LogInit:  - bUseHttpProxy = false  - Libcurl will NOT use HTTP proxy
[2016.02.20-00.06.48:222][  0]LogInit:  - bDontReuseConnections = false  - Libcurl will reuse connections
[2016.02.20-00.06.48:222][  0]LogInit:  - CertBundlePath = nullptr  - Libcurl will use whatever was configured at build time.
[2016.02.20-00.06.48:231][  0]LogInit: Presizing for 0 objects not considered by GC, pre-allocating 0 bytes.
[2016.02.20-00.06.48:236][  0]LogInit: Object subsystem initialized
[2016.02.20-00.06.48:237][  0]LogInit: Selected Device Profile: [Windows]
[2016.02.20-00.06.48:237][  0]LogInit: Applying CVar settings loaded from the selected device profile: [Windows]
[2016.02.20-00.06.48:288][  0]LogInit: Computer: ALEX-PC
[2016.02.20-00.06.48:288][  0]LogInit: User: Alex
[2016.02.20-00.06.48:288][  0]LogInit: CPU Page size=4096, Cores=4
[2016.02.20-00.06.48:288][  0]LogInit: High frequency timer resolution =2.533199 MHz
[2016.02.20-00.06.48:288][  0]LogMemory: Memory total: Physical=7.9GB (8GB approx)
[2016.02.20-00.06.48:288][  0]LogMemory: Platform Memory Stats for Windows
[2016.02.20-00.06.48:288][  0]LogMemory: Process Physical Memory: 56.32 MB used, 56.32 MB peak
[2016.02.20-00.06.48:288][  0]LogMemory: Process Virtual Memory: 58.66 MB used, 58.66 MB peak
[2016.02.20-00.06.48:288][  0]LogMemory: Physical Memory: 2929.29 MB used, 8110.36 MB total
[2016.02.20-00.06.48:288][  0]LogMemory: Virtual Memory: 380.61 MB used, 134217728.00 MB total
[2016.02.20-00.06.48:325][  0]LogTextLocalizationManager: No specific translations for ('en-US') exist, so ('en') translations will be used.
[2016.02.20-00.06.49:097][  0]LogD3D11RHI: Found D3D11 adapter 0: NVIDIA GeForce GTX 965M        (Feature Level 11_0)
[2016.02.20-00.06.49:097][  0]LogD3D11RHI: Adapter has 4013MB of dedicated video memory, 0MB of dedicated system memory, and 4055MB of shared system memory, 1 output[s]
[2016.02.20-00.06.49:102][  0]LogD3D11RHI: Found D3D11 adapter 1: Intel(R) HD Graphics 4600 (Feature Level 11_0)
[2016.02.20-00.06.49:103][  0]LogD3D11RHI: Adapter has 112MB of dedicated video memory, 0MB of dedicated system memory, and 4055MB of shared system memory, 0 output[s]
[2016.02.20-00.06.49:104][  0]LogD3D11RHI: Found D3D11 adapter 2: Microsoft Basic Render Driver (Feature Level 11_0)
[2016.02.20-00.06.49:104][  0]LogD3D11RHI: Adapter has 0MB of dedicated video memory, 0MB of dedicated system memory, and 4055MB of shared system memory, 0 output[s]
[2016.02.20-00.06.49:104][  0]LogD3D11RHI: Chosen D3D11 Adapter Id = 0
[2016.02.20-00.06.49:108][  0]LogD3D11RHI: !Direct3DDevice
[2016.02.20-00.06.49:108][  0]LogRHI: Texture pool is 1361 MB (70% of 1945 MB)
[2016.02.20-00.06.49:120][  0]LogD3D11RHI: Async texture creation enabled
[2016.02.20-00.06.49:138][  0]LogShaderCompilers: Guid format shader working directory is 37 characters bigger than the processId version (E:/Growth/Intermediate/Shaders/WorkingDirectory/244/).
[2016.02.20-00.06.49:138][  0]LogShaderCompilers: Cleaned the shader compiler working directory 'C:/Users/Alex/AppData/Local/Temp/UnrealShaderWorkingDir/CC332D52499A50412A89939EF56EC1E7/'.
[2016.02.20-00.06.49:138][  0]LogShaderCompilers:Display: Using Local Shader Compiler.
[2016.02.20-00.06.50:148][  0]LogTemp:Display: Loaded TP AllDesktopTargetPlatform
[2016.02.20-00.06.50:155][  0]LogTemp:Display: Loaded TP WindowsClientTargetPlatform
[2016.02.20-00.06.50:161][  0]LogTemp:Display: Loaded TP WindowsNoEditorTargetPlatform
[2016.02.20-00.06.50:168][  0]LogTemp:Display: Loaded TP WindowsServerTargetPlatform
[2016.02.20-00.06.50:174][  0]LogTemp:Display: Loaded TP WindowsTargetPlatform
[2016.02.20-00.06.50:178][  0]LogTemp:Display: Loaded TP AndroidTargetPlatform
[2016.02.20-00.06.50:182][  0]LogTemp:Display: Loaded TP Android_ASTCTargetPlatform
[2016.02.20-00.06.50:185][  0]LogTemp:Display: Loaded TP Android_ATCTargetPlatform
[2016.02.20-00.06.50:189][  0]LogTemp:Display: Loaded TP Android_DXTTargetPlatform
[2016.02.20-00.06.50:192][  0]LogTemp:Display: Loaded TP Android_ETC1TargetPlatform
[2016.02.20-00.06.50:195][  0]LogTemp:Display: Loaded TP Android_ETC2TargetPlatform
[2016.02.20-00.06.50:202][  0]LogTemp:Display: Loaded TP Android_MultiTargetPlatform
[2016.02.20-00.06.50:202][  0]LogTemp:Display: Loaded TP Android_PVRTCTargetPlatform
[2016.02.20-00.06.50:203][  0]LogTemp:Display: Loaded TP HTML5TargetPlatform
[2016.02.20-00.06.50:221][  0]LogTemp:Display: Loaded TP IOSTargetPlatform
[2016.02.20-00.06.50:225][  0]LogTemp:Display: Loaded TP LinuxNoEditorTargetPlatform
[2016.02.20-00.06.50:229][  0]LogTemp:Display: Loaded TP LinuxServerTargetPlatform
[2016.02.20-00.06.50:233][  0]LogTemp:Display: Loaded TP LinuxTargetPlatform
[2016.02.20-00.06.50:233][  0]LogTargetPlatformManager:Display: Building Assets For Windows
[2016.02.20-00.06.50:350][  0]LogDerivedDataCache:Display: Max Cache Size: 512 MB
[2016.02.20-00.06.50:402][  0]LogDerivedDataCache: Loaded boot cache 0.05s 41MB C:/Users/Alex/AppData/Local/UnrealEngine/4.10/DerivedDataCache/Boot.ddc.
[2016.02.20-00.06.50:402][  0]LogDerivedDataCache:Display: Loaded Boot cache: C:/Users/Alex/AppData/Local/UnrealEngine/4.10/DerivedDataCache/Boot.ddc
[2016.02.20-00.06.50:402][  0]LogDerivedDataCache: FDerivedDataBackendGraph:  Pak pak cache file E:/Growth/DerivedDataCache/DDC.ddp not found, will not use a pak cache.
[2016.02.20-00.06.50:402][  0]LogDerivedDataCache: Unable to find inner node Pak for hierarchical cache Hierarchy.
[2016.02.20-00.06.50:402][  0]LogDerivedDataCache: FDerivedDataBackendGraph:  CompressedPak pak cache file E:/Growth/DerivedDataCache/Compressed.ddp not found, will not use a pak cache.
[2016.02.20-00.06.50:402][  0]LogDerivedDataCache: Unable to find inner node CompressedPak for hierarchical cache Hierarchy.
[2016.02.20-00.06.50:455][  0]LogDerivedDataCache:Display: Pak cache opened for reading ../../../Engine/DerivedDataCache/Compressed.ddp.
[2016.02.20-00.06.50:467][  0]LogDerivedDataCache: Using Local data cache path C:/Users/Alex/AppData/Local/UnrealEngine/Common/DerivedDataCache: Writable
[2016.02.20-00.06.50:656][  0]LogInit: Selected Device Profile: [Windows]
[2016.02.20-00.06.50:658][  0]LogContentStreaming: Texture pool size is 0.000000MB
[2016.02.20-00.06.50:854][  0]LogMeshUtilities: No automatic mesh reduction module available
[2016.02.20-00.06.50:854][  0]LogMeshUtilities: No automatic mesh merging module available
[2016.02.20-00.06.51:087][  0]LogInit: WinSock: version 1.1 (2.2), MaxSocks=32767, MaxUdp=65467
[2016.02.20-00.06.52:070][  0]UdpMessaging: Initializing bridge on interface 0.0.0.0:0 to multicast group 230.0.0.1:6666.
[2016.02.20-00.06.52:178][  0]LogAssetRegistry: FAssetRegistry took 0.0112 seconds to start up
[2016.02.20-00.06.52:616][  0]SourceControl: Info Source control is disabled
[2016.02.20-00.06.52:617][  0]SourceControl: Info Source control is disabled
[2016.02.20-00.06.52:634][  0]SourceControl: Info Source control is disabled
[2016.02.20-00.06.52:653][  0]SourceControl: Info Source control is disabled
[2016.02.20-00.06.52:971][  0]LogObj: 28633 objects as part of root set at end of initial load.
[2016.02.20-00.06.52:971][  0]LogUObjectAllocator: 6099752 out of 0 bytes used by permanent object pool.
[2016.02.20-00.06.53:025][  0]LogEngine: Initializing Engine...
[2016.02.20-00.06.53:028][  0]LogHMD: Can't find Oculus library dev build: is proper Runtime installed? Version: 0.8.0.0
[2016.02.20-00.06.53:029][  0]LogHMD: SteamVR failed to initialize.  Err: 110
[2016.02.20-00.06.53:141][  0]LogAIModule: Creating AISystem for world NewWorld
[2016.02.20-00.06.53:149][  0]LogInit: XAudio2 using 'Speakers (Realtek High Definition Audio)' : 2 channels at 48 kHz using 32 bits per sample (channel mask 0x3)
[2016.02.20-00.06.53:174][  0]LogInit: FAudioDevice initialized.
[2016.02.20-00.06.53:201][  0]LogDerivedDataCache: Saved boot cache 0.03s 41MB C:/Users/Alex/AppData/Local/UnrealEngine/4.10/DerivedDataCache/Boot.ddc.
[2016.02.20-00.06.53:206][  0]LogInit: Texture streaming: Enabled
[2016.02.20-00.06.53:214][  0]LogAnalytics: Creating configured Analytics provider AnalyticsET
[2016.02.20-00.06.53:214][  0]LogAnalytics: [UEEditor.Rocket.Release] APIServer = http://et2.epicgames.com/ET2/. AppVersion = 4.10.0-2758231+++depot+UE4-Releases+4.10
[2016.02.20-00.06.53:214][  0]LogAnalytics: [UEEditor.Rocket.Release] SetUserId 2ea81a834ffda1c7700eadb43070947c|187ad38f3ca5493bb24c70d7c7079e52|82e58137-6379-40ac-b56e-28c7ca34f864
[2016.02.20-00.06.53:214][  0]LogAnalytics: [UEEditor.Rocket.Release] AnalyticsET::StartSession
[2016.02.20-00.06.53:626][  0]LogInit: Transaction tracking system initialized
[2016.02.20-00.06.53:664][  0]BlueprintLog: New page: Editor Load
[2016.02.20-00.06.53:844][  0]LocalizationService: Info Localization service is disabled
[2016.02.20-00.06.53:945][  0]LogConsoleResponse:Display: 
[2016.02.20-00.06.54:059][  0]LogCook:Display: Done creating registry. It took  0.00s.
[2016.02.20-00.06.54:140][  0]LogFileCache: Scanning file cache for directory 'E:/Growth/Content/' took 0.01s
[2016.02.20-00.06.54:140][  0]SourceControl: Info Source control is disabled
[2016.02.20-00.06.54:140][  0]Cmd: MAP LOAD FILE="E:/Growth/Content/Maps/ExampleMap.umap" TEMPLATE=0 SHOWPROGRESS=1 FEATURELEVEL=3
[2016.02.20-00.06.54:141][  0]LightingResults: New page: Lighting Build
[2016.02.20-00.06.54:145][  0]MapCheck: New page: Map Check
[2016.02.20-00.06.54:145][  0]LightingResults: New page: Lighting Build
[2016.02.20-00.06.54:157][  0]LogParticles: Destroying 0 GPU particle simulations for FXSystem 0x00000059D5FF7420
[2016.02.20-00.06.54:545][  0]LogAIModule: Creating AISystem for world ExampleMap
[2016.02.20-00.06.54:558][  0]LogEditorServer: Finished looking for orphan Actors (0.000 secs)
[2016.02.20-00.06.54:558][  0]Cmd: MAP CHECKDEP NOCLEARLOG
[2016.02.20-00.06.54:667][  0]MapCheck: Info Map check complete: 0 Error(s), 0 Warning(s), took 108.209ms to complete.
[2016.02.20-00.06.54:667][  0]LogFileHelpers: Loading map 'ExampleMap' took 0.527
[2016.02.20-00.06.54:819][  0]LogCollectionManager: Loaded 0 collections in 0.004108 seconds
[2016.02.20-00.06.54:868][  0]LogFileCache: Scanning file cache for directory 'E:/Growth/Saved/Collections/' took 0.01s
[2016.02.20-00.06.54:868][  0]LogFileCache: Scanning file cache for directory 'E:/Growth/Content/Developers/Alex/Collections/' took 0.01s
[2016.02.20-00.06.54:868][  0]LogFileCache: Scanning file cache for directory 'E:/Growth/Content/Collections/' took 0.01s
[2016.02.20-00.06.54:868][  0]LogCollectionManager: Rebuilt the GUID cache for 0 collections in 0.000002 seconds
[2016.02.20-00.06.54:874][  0]LogContentBrowser: Native class hierarchy populated in 0.0065 seconds. Added 1893 classes and 338 folders.
[2016.02.20-00.06.54:884][  0]LogContentBrowser: Native class hierarchy updated for 'WidgetCarousel' in 0.0003 seconds. Added 0 classes and 0 folders.
[2016.02.20-00.06.54:990][  0]LogContentBrowser: Native class hierarchy updated for 'AddContentDialog' in 0.0005 seconds. Added 0 classes and 0 folders.
[2016.02.20-00.06.55:000][  0]LogContentBrowser: Native class hierarchy updated for 'SceneOutliner' in 0.0008 seconds. Added 1 classes and 2 folders.
[2016.02.20-00.06.55:071][  0]LogCrashTracker: Crashtracker disabled due to settings.
[2016.02.20-00.06.55:076][  0]LogUObjectGlobals:Warning: Failed to find object 'Class None.'
[2016.02.20-00.06.55:098][  0]LogLoad: Full Startup: 7.49 seconds (BP compile: 0.14 seconds)
[2016.02.20-00.06.55:110][  0]LogOcInput: Can't find Oculus library dev build: is proper Runtime installed? Version: 0.8.0.0
[2016.02.20-00.06.55:154][  0]LogContentStreaming: Texture pool size now 1000 MB
[2016.02.20-00.06.55:286][  0]LogRenderer: Reallocating scene render targets to support 884x432 (Frame:2).
[2016.02.20-00.06.55:517][  4]LogAssetRegistry: Asset discovery search completed in 3.3503 seconds
[2016.02.20-00.06.55:517][  4]LogCollectionManager: Rebuilt the object cache for 0 collections in 0.000001 seconds (found 0 objects)
[2016.02.20-00.06.55:517][  4]LogCollectionManager: Fixed up redirectors for 0 collections in 0.000016 seconds (updated 0 objects)
[2016.02.20-00.07.00:542][ 99]LogEditorViewport: Clicking Background
[2016.02.20-00.07.02:050][251]LogPlayLevel: PlayLevel: No blueprints needed recompiling
[2016.02.20-00.07.02:050][251]PIE: New page: PIE session: ExampleMap (Feb 19, 2016, 8:07:02 AM)
[2016.02.20-00.07.02:051][251]LogPlayLevel: Creating play world package: /Game/Maps/UEDPIE_0_ExampleMap
[2016.02.20-00.07.02:052][251]LogPlayLevel: PIE: StaticDuplicateObject took: (0.001667s)
[2016.02.20-00.07.02:053][251]LogAIModule: Creating AISystem for world ExampleMap
[2016.02.20-00.07.02:053][251]LogPlayLevel: PIE: World Init took: (0.000788s)
[2016.02.20-00.07.02:053][251]LogPlayLevel: PIE: Created PIE world by copying editor world from /Game/Maps/ExampleMap.ExampleMap to /Game/Maps/UEDPIE_0_ExampleMap.ExampleMap (0.002699s)
[2016.02.20-00.07.02:085][251]LogInit: XAudio2 using 'Speakers (Realtek High Definition Audio)' : 2 channels at 48 kHz using 32 bits per sample (channel mask 0x3)
[2016.02.20-00.07.02:095][251]LogInit: FAudioDevice initialized.
[2016.02.20-00.07.02:185][251]LogWorld: Game class is 'Level_GameMode_C'
[2016.02.20-00.07.02:188][251]LogWorld: Bringing World /Game/Maps/UEDPIE_0_ExampleMap.ExampleMap up for play (max tick rate 0) at 2016.02.19-16.07.02
[2016.02.20-00.07.02:189][251]LogActor:Warning: GameSession /Game/Maps/UEDPIE_0_ExampleMap.ExampleMap:PersistentLevel.GameSession_0 has natively added scene component(s), but none of them were set as the actor's RootComponent - picking one arbitrarily
[2016.02.20-00.07.02:189][251]LogActor:Warning: GameNetworkManager /Game/Maps/UEDPIE_0_ExampleMap.ExampleMap:PersistentLevel.GameNetworkManager_0 has natively added scene component(s), but none of them were set as the actor's RootComponent - picking one arbitrarily
[2016.02.20-00.07.02:191][251]LogWorld: Bringing up level for play took: 0.004145
[2016.02.20-00.07.02:194][251]PIE: Info Play in editor start time for /Game/Maps/UEDPIE_0_ExampleMap 0.136
[2016.02.20-00.07.06:047][580]LogSpawn:Warning: SpawnActor failed because of collision at the spawn location [X=464.055 Y=0.000 Z=55.185] for [Resource_BP_C]
[2016.02.20-00.07.10:071][961]LogSpawn:Warning: SpawnActor failed because of collision at the spawn location [X=-545.853 Y=0.000 Z=164.425] for [Resource_BP_C]
[2016.02.20-00.07.10:108][964]LogSpawn:Warning: SpawnActor failed because of collision at the spawn location [X=692.993 Y=0.000 Z=-112.535] for [Resource_BP_C]
[2016.02.20-00.07.14:058][369]LogSpawn:Warning: SpawnActor failed because of collision at the spawn location [X=-439.558 Y=0.000 Z=52.068] for [Resource_BP_C]
[2016.02.20-00.07.14:070][370]LogSpawn:Warning: SpawnActor failed because of collision at the spawn location [X=310.602 Y=0.000 Z=12.081] for [Resource_BP_C]
[2016.02.20-00.07.14:083][371]LogSpawn:Warning: SpawnActor failed because of collision at the spawn location [X=-475.224 Y=0.000 Z=-140.644] for [Resource_BP_C]
[2016.02.20-00.07.14:096][372]LogSpawn:Warning: SpawnActor failed because of collision at the spawn location [X=-750.187 Y=0.000 Z=124.281] for [Resource_BP_C]
[2016.02.20-00.07.14:107][373]LogSpawn:Warning: SpawnActor failed because of collision at the spawn location [X=869.917 Y=0.000 Z=-208.581] for [Resource_BP_C]
[2016.02.20-00.07.18:031][769]LogSpawn:Warning: SpawnActor failed because of collision at the spawn location [X=-561.824 Y=0.000 Z=67.839] for [Resource_BP_C]
[2016.02.20-00.07.18:047][770]LogSpawn:Warning: SpawnActor failed because of collision at the spawn location [X=-730.008 Y=0.000 Z=-70.785] for [Resource_BP_C]
[2016.02.20-00.07.18:064][771]LogSpawn:Warning: SpawnActor failed because of collision at the spawn location [X=-420.512 Y=0.000 Z=213.132] for [Resource_BP_C]
[2016.02.20-00.07.18:080][772]LogSpawn:Warning: SpawnActor failed because of collision at the spawn location [X=604.288 Y=0.000 Z=55.790] for [Resource_BP_C]
[2016.02.20-00.07.18:098][773]LogSpawn:Warning: SpawnActor failed because of collision at the spawn location [X=215.962 Y=0.000 Z=-144.405] for [Resource_BP_C]
[2016.02.20-00.07.18:111][774]LogSpawn:Warning: SpawnActor failed because of collision at the spawn location [X=-362.616 Y=0.000 Z=162.978] for [Resource_BP_C]
[2016.02.20-00.07.22:029][168]LogSpawn:Warning: SpawnActor failed because of collision at the spawn location [X=640.601 Y=0.000 Z=-95.514] for [Resource_BP_C]
[2016.02.20-00.07.22:043][169]LogSpawn:Warning: SpawnActor failed because of collision at the spawn location [X=468.965 Y=0.000 Z=150.101] for [Resource_BP_C]
[2016.02.20-00.07.22:055][170]LogSpawn:Warning: SpawnActor failed because of collision at the spawn location [X=451.591 Y=0.000 Z=22.367] for [Resource_BP_C]
[2016.02.20-00.07.22:065][171]LogSpawn:Warning: SpawnActor failed because of collision at the spawn location [X=-808.191 Y=0.000 Z=7.425] for [Resource_BP_C]
[2016.02.20-00.07.22:079][172]LogSpawn:Warning: SpawnActor failed because of collision at the spawn location [X=442.850 Y=0.000 Z=128.621] for [Resource_BP_C]
[2016.02.20-00.07.22:095][173]LogSpawn:Warning: SpawnActor failed because of collision at the spawn location [X=-520.494 Y=0.000 Z=53.594] for [Resource_BP_C]
[2016.02.20-00.07.22:121][175]LogSpawn:Warning: SpawnActor failed because of collision at the spawn location [X=-271.429 Y=0.000 Z=183.747] for [Resource_BP_C]
[2016.02.20-00.07.23:133][276]LogWindowsTextInputMethodSystem:Display: IME system now deactivated.
[2016.02.20-00.07.23:281][276]LogParticles: Destroying 0 GPU particle simulations for FXSystem 0x00000059E3CBAAC0
[2016.02.20-00.07.23:441][277]Cmd: QUIT_EDITOR
[2016.02.20-00.07.24:501][277]LogExit: Preparing to exit.
[2016.02.20-00.07.25:244][277]LogExit: Editor shut down
[2016.02.20-00.07.25:245][277]LogExit: Transaction tracking system shut down
[2016.02.20-00.07.25:247][277]LogParticles: Destroying 0 GPU particle simulations for FXSystem 0x00000059D65AF740
[2016.02.20-00.07.25:247][277]LogParticles: Destroying 0 GPU particle simulations for FXSystem 0x00000059E3C57880
[2016.02.20-00.07.25:247][277]LogParticles: Destroying 0 GPU particle simulations for FXSystem 0x00000059E0389760
[2016.02.20-00.07.25:248][277]LogParticles: Destroying 0 GPU particle simulations for FXSystem 0x00000059F4DCEDE0
[2016.02.20-00.07.25:373][277]LogExit: Object subsystem successfully closed.
[2016.02.20-00.07.25:388][277]LogD3D11RHI: Shutdown
[2016.02.20-00.07.25:388][277]LogD3D11RHI: CleanupD3DDevice
[2016.02.20-00.07.25:439][277]LogD3D11RHI: ~FD3D11DynamicRHI
[2016.02.20-00.07.25:466][277]LogModuleManager: Shutting down and abandoning module CrashTracker (198)
[2016.02.20-00.07.25:466][277]LogModuleManager: Shutting down and abandoning module SceneOutliner (197)
[2016.02.20-00.07.25:466][277]LogModuleManager: Shutting down and abandoning module SuperSearch (196)
[2016.02.20-00.07.25:466][277]LogModuleManager: Shutting down and abandoning module WidgetCarousel (195)
[2016.02.20-00.07.25:466][277]LogModuleManager: Shutting down and abandoning module AddContentDialog (194)
[2016.02.20-00.07.25:467][277]LogModuleManager: Shutting down and abandoning module EditorWidgets (193)
[2016.02.20-00.07.25:467][277]LogModuleManager: Shutting down and abandoning module CollectionManager (192)
[2016.02.20-00.07.25:467][277]LogModuleManager: Shutting down and abandoning module StatsViewer (191)
[2016.02.20-00.07.25:467][277]LogModuleManager: Shutting down and abandoning module FoliageEdit (190)
[2016.02.20-00.07.25:467][277]LogModuleManager: Shutting down and abandoning module LandscapeEditor (189)
[2016.02.20-00.07.25:467][277]LogModuleManager: Shutting down and abandoning module ActorPickerMode (188)
[2016.02.20-00.07.25:467][277]LogModuleManager: Shutting down and abandoning module GeometryMode (187)
[2016.02.20-00.07.25:467][277]LogModuleManager: Shutting down and abandoning module TextureAlignMode (186)
[2016.02.20-00.07.25:467][277]LogModuleManager: Shutting down and abandoning module BspMode (185)
[2016.02.20-00.07.25:467][277]LogModuleManager: Shutting down and abandoning module PlacementMode (184)
[2016.02.20-00.07.25:467][277]LogModuleManager: Shutting down and abandoning module AutomationWorker (183)
[2016.02.20-00.07.25:467][277]LogModuleManager: Shutting down and abandoning module CharacterAI (182)
[2016.02.20-00.07.25:467][277]LogModuleManager: Shutting down and abandoning module SmartSnapping (181)
[2016.02.20-00.07.25:467][277]LogModuleManager: Shutting down and abandoning module ViewportSnapping (180)
[2016.02.20-00.07.25:467][277]LogModuleManager: Shutting down and abandoning module LogVisualizer (179)
[2016.02.20-00.07.25:467][277]LogModuleManager: Shutting down and abandoning module GameProjectGeneration (178)
[2016.02.20-00.07.25:467][277]LogModuleManager: Shutting down and abandoning module IntroTutorials (177)
[2016.02.20-00.07.25:468][277]LogModuleManager: Shutting down and abandoning module EditorLiveStreaming (176)
[2016.02.20-00.07.25:468][277]LogModuleManager: Shutting down and abandoning module IOSPlatformEditor (175)
[2016.02.20-00.07.25:468][277]LogModuleManager: Shutting down and abandoning module HTML5PlatformEditor (174)
[2016.02.20-00.07.25:468][277]LogModuleManager: Shutting down and abandoning module AndroidDeviceDetection (173)
[2016.02.20-00.07.25:918][277]LogModuleManager: Shutting down and abandoning module AndroidPlatformEditor (172)
[2016.02.20-00.07.25:918][277]LogModuleManager: Shutting down and abandoning module IOSRuntimeSettings (171)
[2016.02.20-00.07.25:918][277]LogModuleManager: Shutting down and abandoning module AndroidRuntimeSettings (170)
[2016.02.20-00.07.25:918][277]LogModuleManager: Shutting down and abandoning module MergeActors (169)
[2016.02.20-00.07.25:918][277]LogModuleManager: Shutting down and abandoning module SizeMap (168)
[2016.02.20-00.07.25:918][277]LogModuleManager: Shutting down and abandoning module TreeMap (167)
[2016.02.20-00.07.25:918][277]LogModuleManager: Shutting down and abandoning module ReferenceViewer (166)
[2016.02.20-00.07.25:918][277]LogModuleManager: Shutting down and abandoning module LocalizationService (165)
[2016.02.20-00.07.25:918][277]LogModuleManager: Shutting down and abandoning module LocalizationDashboard (164)
[2016.02.20-00.07.25:918][277]LogModuleManager: Shutting down and abandoning module HardwareTargeting (163)
[2016.02.20-00.07.25:918][277]LogModuleManager: Shutting down and abandoning module DeviceProfileEditor (162)
[2016.02.20-00.07.25:918][277]LogModuleManager: Shutting down and abandoning module UndoHistory (161)
[2016.02.20-00.07.25:918][277]LogModuleManager: Shutting down and abandoning module GameplayTagsEditor (160)
[2016.02.20-00.07.25:918][277]LogModuleManager: Shutting down and abandoning module UserFeedback (159)
[2016.02.20-00.07.25:918][277]LogModuleManager: Shutting down and abandoning module XmlParser (158)
[2016.02.20-00.07.25:918][277]LogModuleManager: Shutting down and abandoning module Blutility (157)
[2016.02.20-00.07.25:918][277]LogModuleManager: Shutting down and abandoning module ProjectTargetPlatformEditor (156)
[2016.02.20-00.07.25:918][277]LogModuleManager: Shutting down and abandoning module ProjectSettingsViewer (155)
[2016.02.20-00.07.25:918][277]LogModuleManager: Shutting down and abandoning module InputBindingEditor (154)
[2016.02.20-00.07.25:918][277]LogModuleManager: Shutting down and abandoning module EditorSettingsViewer (153)
[2016.02.20-00.07.25:918][277]LogModuleManager: Shutting down and abandoning module SettingsEditor (152)
[2016.02.20-00.07.25:918][277]LogModuleManager: Shutting down and abandoning module ProjectLauncher (151)
[2016.02.20-00.07.25:918][277]LogModuleManager: Shutting down and abandoning module SessionFrontend (150)
[2016.02.20-00.07.25:918][277]LogModuleManager: Shutting down and abandoning module ProfilerClient (149)
[2016.02.20-00.07.25:918][277]LogModuleManager: Shutting down and abandoning module TargetDeviceServices (148)
[2016.02.20-00.07.25:918][277]LogModuleManager: Shutting down and abandoning module DeviceManager (147)
[2016.02.20-00.07.25:918][277]LogModuleManager: Shutting down and abandoning module AutomationController (146)
[2016.02.20-00.07.25:918][277]LogModuleManager: Shutting down and abandoning module AutomationWindow (145)
[2016.02.20-00.07.25:918][277]LogModuleManager: Shutting down and abandoning module Layers (144)
[2016.02.20-00.07.25:918][277]LogModuleManager: Shutting down and abandoning module ComponentVisualizers (143)
[2016.02.20-00.07.25:918][277]LogModuleManager: Shutting down and abandoning module DetailCustomizations (142)
[2016.02.20-00.07.25:918][277]LogModuleManager: Shutting down and abandoning module PackagesDialog (141)
[2016.02.20-00.07.25:918][277]LogModuleManager: Shutting down and abandoning module Persona (140)
[2016.02.20-00.07.25:918][277]LogModuleManager: Shutting down and abandoning module Kismet (139)
[2016.02.20-00.07.25:918][277]LogModuleManager: Shutting down and abandoning module GraphEditor (138)
[2016.02.20-00.07.25:919][277]LogModuleManager: Shutting down and abandoning module ClassViewer (137)
[2016.02.20-00.07.25:919][277]LogModuleManager: Shutting down and abandoning module Toolbox (136)
[2016.02.20-00.07.25:919][277]LogModuleManager: Shutting down and abandoning module ModuleUI (135)
[2016.02.20-00.07.25:919][277]LogModuleManager: Shutting down and abandoning module MovieSceneTools (134)
[2016.02.20-00.07.25:919][277]LogModuleManager: Shutting down and abandoning module OutputLog (133)
[2016.02.20-00.07.25:919][277]LogModuleManager: Shutting down and abandoning module GammaUI (132)
[2016.02.20-00.07.25:919][277]LogModuleManager: Shutting down and abandoning module Documentation (131)
[2016.02.20-00.07.25:919][277]LogModuleManager: Shutting down and abandoning module GameLiveStreaming (130)
[2016.02.20-00.07.25:919][277]LogModuleManager: Shutting down and abandoning module StreamingPauseRendering (129)
[2016.02.20-00.07.25:919][277]LogModuleManager: Shutting down and abandoning module AnalyticsET (128)
[2016.02.20-00.07.25:919][277]LogModuleManager: Shutting down and abandoning module Analytics (127)
[2016.02.20-00.07.25:919][277]LogModuleManager: Shutting down and abandoning module AITestSuite (126)
[2016.02.20-00.07.25:919][277]LogModuleManager: Shutting down and abandoning module GameplayDebugger (125)
[2016.02.20-00.07.25:919][277]LogModuleManager: Shutting down and abandoning module AIModule (124)
[2016.02.20-00.07.25:919][277]LogModuleManager: Shutting down and abandoning module ProfilerService (123)
[2016.02.20-00.07.26:026][277]LogModuleManager: Shutting down and abandoning module TaskGraph (122)
[2016.02.20-00.07.26:026][277]LogModuleManager: Shutting down and abandoning module SlateRemote (121)
[2016.02.20-00.07.26:026][277]LogModuleManager: Shutting down and abandoning module SteamVRController (120)
[2016.02.20-00.07.26:026][277]LogModuleManager: Shutting down and abandoning module SteamVR (119)
[2016.02.20-00.07.26:026][277]LogModuleManager: Shutting down and abandoning module ProceduralMeshComponent (118)
[2016.02.20-00.07.26:026][277]LogModuleManager: Shutting down and abandoning module OculusLibrary (117)
[2016.02.20-00.07.26:026][277]LogModuleManager: Shutting down and abandoning module OculusInput (116)
[2016.02.20-00.07.26:026][277]LogModuleManager: Shutting down and abandoning module LeapMotionController (115)
[2016.02.20-00.07.26:041][277]LogModuleManager: Shutting down and abandoning module CustomMeshComponent (114)
[2016.02.20-00.07.26:041][277]LogModuleManager: Shutting down and abandoning module CableComponent (113)
[2016.02.20-00.07.26:041][277]LogModuleManager: Shutting down and abandoning module ArchVisCharacter (112)
[2016.02.20-00.07.26:041][277]LogModuleManager: Shutting down and abandoning module MessagingDebugger (111)
[2016.02.20-00.07.26:041][277]LogModuleManager: Shutting down and abandoning module MediaPlayerEditor (110)
[2016.02.20-00.07.26:041][277]LogModuleManager: Shutting down and abandoning module HTML5Networking (109)
[2016.02.20-00.07.26:041][277]LogModuleManager: Shutting down and abandoning module SpeedTreeImporter (108)
[2016.02.20-00.07.26:041][277]LogModuleManager: Shutting down and abandoning module PluginBrowser (107)
[2016.02.20-00.07.26:041][277]LogModuleManager: Shutting down and abandoning module EpicSurvey (106)
[2016.02.20-00.07.26:041][277]LogModuleManager: Shutting down and abandoning module DesktopPlatform (105)
[2016.02.20-00.07.26:041][277]LogModuleManager: Shutting down and abandoning module VisualStudioSourceCodeAccess (104)
[2016.02.20-00.07.26:041][277]LogModuleManager: Shutting down and abandoning module UObjectPlugin (103)
[2016.02.20-00.07.26:041][277]LogModuleManager: Shutting down and abandoning module SubversionSourceControl (102)
[2016.02.20-00.07.26:041][277]LogModuleManager: Shutting down and abandoning module PerforceSourceControl (101)
[2016.02.20-00.07.26:041][277]LogModuleManager: Shutting down and abandoning module SourceControl (100)
[2016.02.20-00.07.26:042][277]LogModuleManager: Shutting down and abandoning module GitSourceControl (99)
[2016.02.20-00.07.26:042][277]LogModuleManager: Shutting down and abandoning module LightPropagationVolumeEditor (98)
[2016.02.20-00.07.26:042][277]LogModuleManager: Shutting down and abandoning module PaperTiledImporter (97)
[2016.02.20-00.07.26:042][277]LogModuleManager: Shutting down and abandoning module PaperSpriteSheetImporter (96)
[2016.02.20-00.07.26:042][277]LogModuleManager: Shutting down and abandoning module MeshPaint (95)
[2016.02.20-00.07.26:042][277]LogModuleManager: Shutting down and abandoning module SlateReflector (94)
[2016.02.20-00.07.26:042][277]LogModuleManager: Shutting down and abandoning module HotReload (93)
[2016.02.20-00.07.26:042][277]LogModuleManager: Shutting down and abandoning module MainFrame (92)
[2016.02.20-00.07.26:042][277]LogModuleManager: Shutting down and abandoning module LevelEditor (91)
[2016.02.20-00.07.26:042][277]LogModuleManager: Shutting down and abandoning module DirectoryWatcher (90)
[2016.02.20-00.07.26:043][277]LogModuleManager: Shutting down and abandoning module AssetRegistry (89)
[2016.02.20-00.07.26:244][277]LogModuleManager: Shutting down and abandoning module ContentBrowser (88)
[2016.02.20-00.07.26:244][277]LogModuleManager: Shutting down and abandoning module Paper2DEditor (87)
[2016.02.20-00.07.26:244][277]LogModuleManager: Shutting down and abandoning module UdpMessaging (86)
[2016.02.20-00.07.26:345][277]LogModuleManager: Shutting down and abandoning module LightPropagationVolumeRuntime (85)
[2016.02.20-00.07.26:345][277]LogModuleManager: Shutting down and abandoning module Paper2D (84)
[2016.02.20-00.07.26:345][277]LogModuleManager: Shutting down and abandoning module WindowsMoviePlayer (83)
[2016.02.20-00.07.26:350][277]LogModuleManager: Shutting down and abandoning module Media (82)
[2016.02.20-00.07.26:350][277]LogModuleManager: Shutting down and abandoning module WmfMedia (81)
[2016.02.20-00.07.26:350][277]LogModuleManager: Shutting down and abandoning module OnlineBlueprintSupport (80)
[2016.02.20-00.07.26:350][277]LogModuleManager: Shutting down and abandoning module GameplayTasksEditor (79)
[2016.02.20-00.07.26:350][277]LogModuleManager: Shutting down and abandoning module PropertyEditor (78)
[2016.02.20-00.07.26:350][277]LogModuleManager: Shutting down and abandoning module BehaviorTreeEditor (77)
[2016.02.20-00.07.26:350][277]LogModuleManager: Shutting down and abandoning module FunctionalTesting (76)
[2016.02.20-00.07.26:350][277]LogModuleManager: Shutting down and abandoning module CollisionAnalyzer (75)
[2016.02.20-00.07.26:351][277]LogModuleManager: Shutting down and abandoning module WorkspaceMenuStructure (74)
[2016.02.20-00.07.26:351][277]LogModuleManager: Shutting down and abandoning module MessageLog (73)
[2016.02.20-00.07.26:351][277]LogModuleManager: Shutting down and abandoning module Sequencer (72)
[2016.02.20-00.07.26:351][277]LogModuleManager: Shutting down and abandoning module AssetTools (71)
[2016.02.20-00.07.26:351][277]LogModuleManager: Shutting down and abandoning module UMGEditor (70)
[2016.02.20-00.07.26:351][277]LogModuleManager: Shutting down and abandoning module UMG (69)
[2016.02.20-00.07.26:351][277]LogModuleManager: Shutting down and abandoning module Slate (68)
[2016.02.20-00.07.26:351][277]LogModuleManager: Shutting down and abandoning module EditorStyle (67)
[2016.02.20-00.07.26:353][277]LogModuleManager: Shutting down and abandoning module SessionServices (66)
[2016.02.20-00.07.26:353][277]LogModuleManager: Shutting down and abandoning module SourceCodeAccess (65)
[2016.02.20-00.07.26:353][277]LogModuleManager: Shutting down and abandoning module HeadMountedDisplay (64)
[2016.02.20-00.07.26:353][277]LogModuleManager: Shutting down and abandoning module XAudio2 (63)
[2016.02.20-00.07.26:353][277]LogModuleManager: Shutting down and abandoning module Networking (61)
[2016.02.20-00.07.26:353][277]LogModuleManager: Shutting down and abandoning module Core (60)
[2016.02.20-00.07.26:353][277]LogModuleManager: Shutting down and abandoning module KismetCompiler (59)
[2016.02.20-00.07.26:353][277]LogModuleManager: Shutting down and abandoning module PhysXFormats (58)
[2016.02.20-00.07.26:353][277]LogModuleManager: Shutting down and abandoning module MeshUtilities (57)
[2016.02.20-00.07.26:353][277]LogModuleManager: Shutting down and abandoning module DerivedDataCache (56)
[2016.02.20-00.07.26:483][277]LogDerivedDataCache: Shutdown
[2016.02.20-00.07.26:483][277]LogModuleManager: Shutting down and abandoning module ShaderFormatOpenGL (55)
[2016.02.20-00.07.26:483][277]LogModuleManager: Shutting down and abandoning module ShaderFormatD3D (54)
[2016.02.20-00.07.26:483][277]LogModuleManager: Shutting down and abandoning module MetalShaderFormat (53)
[2016.02.20-00.07.26:483][277]LogModuleManager: Shutting down and abandoning module TextureFormatUncompressed (52)
[2016.02.20-00.07.26:483][277]LogModuleManager: Shutting down and abandoning module TextureFormatPVR (51)
[2016.02.20-00.07.26:483][277]LogModuleManager: Shutting down and abandoning module TextureFormatIntelISPCTexComp (50)
[2016.02.20-00.07.26:483][277]LogModuleManager: Shutting down and abandoning module TextureFormatDXT (49)
[2016.02.20-00.07.26:483][277]LogModuleManager: Shutting down and abandoning module ImageWrapper (48)
[2016.02.20-00.07.26:483][277]LogModuleManager: Shutting down and abandoning module TextureFormatASTC (47)
[2016.02.20-00.07.26:483][277]LogModuleManager: Shutting down and abandoning module TextureFormatAndroid (46)
[2016.02.20-00.07.26:483][277]LogModuleManager: Shutting down and abandoning module AudioFormatOpus (45)
[2016.02.20-00.07.26:483][277]LogModuleManager: Shutting down and abandoning module AudioFormatOgg (44)
[2016.02.20-00.07.26:483][277]LogModuleManager: Shutting down and abandoning module AudioFormatADPCM (43)
[2016.02.20-00.07.26:483][277]LogModuleManager: Shutting down and abandoning module LinuxTargetPlatform (42)
[2016.02.20-00.07.26:483][277]LogModuleManager: Shutting down and abandoning module LinuxServerTargetPlatform (41)
[2016.02.20-00.07.26:483][277]LogModuleManager: Shutting down and abandoning module LinuxNoEditorTargetPlatform (40)
[2016.02.20-00.07.26:483][277]LogModuleManager: Shutting down and abandoning module Messaging (39)
[2016.02.20-00.07.26:484][277]LogModuleManager: Shutting down and abandoning module IOSTargetPlatform (38)
[2016.02.20-00.07.26:484][277]LogModuleManager: Shutting down and abandoning module HTML5TargetPlatform (37)
[2016.02.20-00.07.26:484][277]LogModuleManager: Shutting down and abandoning module Android_PVRTCTargetPlatform (36)
[2016.02.20-00.07.26:484][277]LogModuleManager: Shutting down and abandoning module Android_MultiTargetPlatform (35)
[2016.02.20-00.07.26:484][277]LogModuleManager: Shutting down and abandoning module Android_ETC2TargetPlatform (34)
[2016.02.20-00.07.26:484][277]LogModuleManager: Shutting down and abandoning module Android_ETC1TargetPlatform (33)
[2016.02.20-00.07.26:484][277]LogModuleManager: Shutting down and abandoning module Android_DXTTargetPlatform (32)
[2016.02.20-00.07.26:484][277]LogModuleManager: Shutting down and abandoning module Android_ATCTargetPlatform (31)
[2016.02.20-00.07.26:484][277]LogModuleManager: Shutting down and abandoning module Android_ASTCTargetPlatform (30)
[2016.02.20-00.07.26:484][277]LogModuleManager: Shutting down and abandoning module AndroidTargetPlatform (29)
[2016.02.20-00.07.26:484][277]LogModuleManager: Shutting down and abandoning module WindowsTargetPlatform (28)
[2016.02.20-00.07.26:484][277]LogModuleManager: Shutting down and abandoning module WindowsServerTargetPlatform (27)
[2016.02.20-00.07.26:484][277]LogModuleManager: Shutting down and abandoning module WindowsNoEditorTargetPlatform (26)
[2016.02.20-00.07.26:484][277]LogModuleManager: Shutting down and abandoning module WindowsClientTargetPlatform (25)
[2016.02.20-00.07.26:484][277]LogModuleManager: Shutting down and abandoning module AllDesktopTargetPlatform (24)
[2016.02.20-00.07.26:484][277]LogModuleManager: Shutting down and abandoning module TargetPlatform (23)
[2016.02.20-00.07.26:484][277]LogModuleManager: Shutting down and abandoning module InputCore (22)
[2016.02.20-00.07.26:484][277]LogModuleManager: Shutting down and abandoning module Settings (21)
[2016.02.20-00.07.26:484][277]LogModuleManager: Shutting down and abandoning module OnlineSubsystem (19)
[2016.02.20-00.07.26:484][277]LogModuleManager: Shutting down and abandoning module HTTP (18)
[2016.02.20-00.07.28:487][277]LogModuleManager: Shutting down and abandoning module XMPP (17)
[2016.02.20-00.07.28:487][277]LogModuleManager: Shutting down and abandoning module OculusRift (16)
[2016.02.20-00.07.28:487][277]LogModuleManager: Shutting down and abandoning module ExampleDeviceProfileSelector (15)
[2016.02.20-00.07.28:487][277]LogModuleManager: Shutting down and abandoning module TextureCompressor (14)
[2016.02.20-00.07.28:487][277]LogModuleManager: Shutting down and abandoning module ShaderCore (13)
[2016.02.20-00.07.28:487][277]LogModuleManager: Shutting down and abandoning module Landscape (12)
[2016.02.20-00.07.28:487][277]LogModuleManager: Shutting down and abandoning module SlateRHIRenderer (11)
[2016.02.20-00.07.28:487][277]LogModuleManager: Shutting down and abandoning module OpenGLDrv (10)
[2016.02.20-00.07.28:487][277]LogModuleManager: Shutting down and abandoning module D3D11RHI (9)
[2016.02.20-00.07.28:487][277]LogModuleManager: Shutting down and abandoning module AnimGraphRuntime (8)
[2016.02.20-00.07.28:488][277]LogModuleManager: Shutting down and abandoning module Renderer (7)
[2016.02.20-00.07.28:488][277]LogModuleManager: Shutting down and abandoning module Engine (6)
[2016.02.20-00.07.28:488][277]LogModuleManager: Shutting down and abandoning module CoreUObject (5)
[2016.02.20-00.07.28:488][277]LogModuleManager: Shutting down and abandoning module NetworkFile (4)
[2016.02.20-00.07.28:488][277]LogModuleManager: Shutting down and abandoning module StreamingFile (3)
[2016.02.20-00.07.28:488][277]LogModuleManager: Shutting down and abandoning module SandboxFile (2)
[2016.02.20-00.07.28:488][277]LogModuleManager: Shutting down and abandoning module PakFile (1)
[2016.02.20-00.07.28:489][277]LogExit: Exiting.
[2016.02.20-00.07.28:490][277]Log file closed, 02/19/16 16:07:28
