[2016.02.27-02.34.15:575][  0]Log file open, 02/26/16 18:34:15
[2016.02.27-02.34.15:575][  0]LogInit:Display: Running engine for game: Growth
[2016.02.27-02.34.15:575][  0]LogPlatformFile: Not using cached read wrapper
[2016.02.27-02.34.15:575][  0]LogInit:Display: RandInit(-1603496826) SRandInit(-1603496824).
[2016.02.27-02.34.15:575][  0]LogTaskGraph: Started task graph with 4 named threads and 5 total threads.
[2016.02.27-02.34.15:575][  0]LogStats: Stats thread started at 0.047928
[2016.02.27-02.34.15:575][  0]LogInit: Version: 4.10.3-2866931+++depot+UE4-Releases+4.10
[2016.02.27-02.34.15:575][  0]LogInit: API Version: 2758231
[2016.02.27-02.34.15:575][  0]LogInit: Compiled (64-bit): Feb 15 2016 08:20:45
[2016.02.27-02.34.15:575][  0]LogInit: Compiled with Visual C++: 19.00.23026.00
[2016.02.27-02.34.15:575][  0]LogInit: Build Configuration: Development
[2016.02.27-02.34.15:575][  0]LogInit: Branch Name: ++depot+UE4-Releases+4.10
[2016.02.27-02.34.15:575][  0]LogInit: Command line:  
[2016.02.27-02.34.15:575][  0]LogInit: Base directory: C:/Program Files (x86)/Epic Games/4.10/Engine/Binaries/Win64/
[2016.02.27-02.34.15:575][  0]LogInit: Rocket: 1
[2016.02.27-02.34.15:580][  0]LogInit: Using libcurl 7.41.0
[2016.02.27-02.34.15:580][  0]LogInit:  - built for x86_64-pc-win32
[2016.02.27-02.34.15:580][  0]LogInit:  - supports SSL with WinSSL
[2016.02.27-02.34.15:580][  0]LogInit:  - other features:
[2016.02.27-02.34.15:580][  0]LogInit:      CURL_VERSION_SSL
[2016.02.27-02.34.15:580][  0]LogInit:      CURL_VERSION_IPV6
[2016.02.27-02.34.15:580][  0]LogInit:      CURL_VERSION_ASYNCHDNS
[2016.02.27-02.34.15:580][  0]LogInit:      CURL_VERSION_LARGEFILE
[2016.02.27-02.34.15:580][  0]LogInit:      CURL_VERSION_IDN
[2016.02.27-02.34.15:580][  0]LogInit:  CurlRequestOptions (configurable via config and command line):
[2016.02.27-02.34.15:580][  0]LogInit:  - bVerifyPeer = true  - Libcurl will verify peer certificate
[2016.02.27-02.34.15:580][  0]LogInit:  - bUseHttpProxy = false  - Libcurl will NOT use HTTP proxy
[2016.02.27-02.34.15:580][  0]LogInit:  - bDontReuseConnections = false  - Libcurl will reuse connections
[2016.02.27-02.34.15:580][  0]LogInit:  - CertBundlePath = nullptr  - Libcurl will use whatever was configured at build time.
[2016.02.27-02.34.15:587][  0]LogInit: Presizing for 0 objects not considered by GC, pre-allocating 0 bytes.
[2016.02.27-02.34.15:592][  0]LogInit: Object subsystem initialized
[2016.02.27-02.34.15:593][  0]LogInit: Selected Device Profile: [Windows]
[2016.02.27-02.34.15:593][  0]LogInit: Applying CVar settings loaded from the selected device profile: [Windows]
[2016.02.27-02.34.15:691][  0]LogInit: Computer: DESKTOP-02HA96D
[2016.02.27-02.34.15:691][  0]LogInit: User: FranzHampp
[2016.02.27-02.34.15:691][  0]LogInit: CPU Page size=4096, Cores=2
[2016.02.27-02.34.15:691][  0]LogInit: High frequency timer resolution =2.531250 MHz
[2016.02.27-02.34.15:691][  0]LogMemory: Memory total: Physical=7.9GB (8GB approx)
[2016.02.27-02.34.15:691][  0]LogMemory: Platform Memory Stats for Windows
[2016.02.27-02.34.15:691][  0]LogMemory: Process Physical Memory: 55.84 MB used, 55.84 MB peak
[2016.02.27-02.34.15:691][  0]LogMemory: Process Virtual Memory: 55.51 MB used, 55.51 MB peak
[2016.02.27-02.34.15:691][  0]LogMemory: Physical Memory: 3253.74 MB used, 8083.86 MB total
[2016.02.27-02.34.15:691][  0]LogMemory: Virtual Memory: 380.52 MB used, 134217728.00 MB total
[2016.02.27-02.34.15:724][  0]LogTextLocalizationManager: No specific translations for ('en-US') exist, so ('en') translations will be used.
[2016.02.27-02.34.16:124][  0]LogD3D11RHI: Found D3D11 adapter 0: NVIDIA GeForce GTX 950M                 (Feature Level 11_0)
[2016.02.27-02.34.16:124][  0]LogD3D11RHI: Adapter has 1995MB of dedicated video memory, 0MB of dedicated system memory, and 4041MB of shared system memory, 1 output[s]
[2016.02.27-02.34.16:130][  0]LogD3D11RHI: Found D3D11 adapter 1: Intel(R) HD Graphics 520 (Feature Level 11_0)
[2016.02.27-02.34.16:130][  0]LogD3D11RHI: Adapter has 128MB of dedicated video memory, 0MB of dedicated system memory, and 4041MB of shared system memory, 0 output[s]
[2016.02.27-02.34.16:131][  0]LogD3D11RHI: Found D3D11 adapter 2: Microsoft Basic Render Driver (Feature Level 11_0)
[2016.02.27-02.34.16:131][  0]LogD3D11RHI: Adapter has 0MB of dedicated video memory, 0MB of dedicated system memory, and 4041MB of shared system memory, 0 output[s]
[2016.02.27-02.34.16:131][  0]LogD3D11RHI: Chosen D3D11 Adapter Id = 0
[2016.02.27-02.34.16:135][  0]LogD3D11RHI: !Direct3DDevice
[2016.02.27-02.34.16:135][  0]LogRHI: Texture pool is 1361 MB (70% of 1945 MB)
[2016.02.27-02.34.16:148][  0]LogD3D11RHI: Async texture creation enabled
[2016.02.27-02.34.16:679][  0]LogShaderCompilers: Guid format shader working directory is 40 characters bigger than the processId version (D:/Growth/Intermediate/Shaders/WorkingDirectory/9828/).
[2016.02.27-02.34.16:679][  0]LogShaderCompilers: Cleaned the shader compiler working directory 'C:/Users/FRANZH~1/AppData/Local/Temp/UnrealShaderWorkingDir/D642028843AE93EE46A7F7907D4CF2A4/'.
[2016.02.27-02.34.16:679][  0]LogShaderCompilers:Display: Using Local Shader Compiler.
[2016.02.27-02.34.17:467][  0]LogTemp:Display: Loaded TP AllDesktopTargetPlatform
[2016.02.27-02.34.17:470][  0]LogTemp:Display: Loaded TP WindowsClientTargetPlatform
[2016.02.27-02.34.17:474][  0]LogTemp:Display: Loaded TP WindowsNoEditorTargetPlatform
[2016.02.27-02.34.17:480][  0]LogTemp:Display: Loaded TP WindowsServerTargetPlatform
[2016.02.27-02.34.17:483][  0]LogTemp:Display: Loaded TP WindowsTargetPlatform
[2016.02.27-02.34.17:486][  0]LogTemp:Display: Loaded TP AndroidTargetPlatform
[2016.02.27-02.34.17:489][  0]LogTemp:Display: Loaded TP Android_ASTCTargetPlatform
[2016.02.27-02.34.17:492][  0]LogTemp:Display: Loaded TP Android_ATCTargetPlatform
[2016.02.27-02.34.17:495][  0]LogTemp:Display: Loaded TP Android_DXTTargetPlatform
[2016.02.27-02.34.17:498][  0]LogTemp:Display: Loaded TP Android_ETC1TargetPlatform
[2016.02.27-02.34.17:501][  0]LogTemp:Display: Loaded TP Android_ETC2TargetPlatform
[2016.02.27-02.34.17:507][  0]LogTemp:Display: Loaded TP Android_MultiTargetPlatform
[2016.02.27-02.34.17:507][  0]LogTemp:Display: Loaded TP Android_PVRTCTargetPlatform
[2016.02.27-02.34.17:507][  0]LogTemp:Display: Loaded TP HTML5TargetPlatform
[2016.02.27-02.34.17:524][  0]LogTemp:Display: Loaded TP IOSTargetPlatform
[2016.02.27-02.34.17:527][  0]LogTemp:Display: Loaded TP LinuxNoEditorTargetPlatform
[2016.02.27-02.34.17:529][  0]LogTemp:Display: Loaded TP LinuxServerTargetPlatform
[2016.02.27-02.34.17:532][  0]LogTemp:Display: Loaded TP LinuxTargetPlatform
[2016.02.27-02.34.17:532][  0]LogTargetPlatformManager:Display: Building Assets For Windows
[2016.02.27-02.34.17:600][  0]LogDerivedDataCache:Display: Max Cache Size: 512 MB
[2016.02.27-02.34.17:655][  0]LogDerivedDataCache: Loaded boot cache 0.05s 41MB C:/Users/Franz Hampp/AppData/Local/UnrealEngine/4.10/DerivedDataCache/Boot.ddc.
[2016.02.27-02.34.17:655][  0]LogDerivedDataCache:Display: Loaded Boot cache: C:/Users/Franz Hampp/AppData/Local/UnrealEngine/4.10/DerivedDataCache/Boot.ddc
[2016.02.27-02.34.17:655][  0]LogDerivedDataCache: FDerivedDataBackendGraph:  Pak pak cache file D:/Growth/DerivedDataCache/DDC.ddp not found, will not use a pak cache.
[2016.02.27-02.34.17:655][  0]LogDerivedDataCache: Unable to find inner node Pak for hierarchical cache Hierarchy.
[2016.02.27-02.34.17:655][  0]LogDerivedDataCache: FDerivedDataBackendGraph:  CompressedPak pak cache file D:/Growth/DerivedDataCache/Compressed.ddp not found, will not use a pak cache.
[2016.02.27-02.34.17:655][  0]LogDerivedDataCache: Unable to find inner node CompressedPak for hierarchical cache Hierarchy.
[2016.02.27-02.34.17:716][  0]LogDerivedDataCache:Display: Pak cache opened for reading ../../../Engine/DerivedDataCache/Compressed.ddp.
[2016.02.27-02.34.17:727][  0]LogDerivedDataCache: Using Local data cache path C:/Users/Franz Hampp/AppData/Local/UnrealEngine/Common/DerivedDataCache: Writable
[2016.02.27-02.34.17:909][  0]LogInit: Selected Device Profile: [Windows]
[2016.02.27-02.34.17:911][  0]LogContentStreaming: Texture pool size is 0.000000MB
[2016.02.27-02.34.18:053][  0]LogMeshUtilities: No automatic mesh reduction module available
[2016.02.27-02.34.18:053][  0]LogMeshUtilities: No automatic mesh merging module available
[2016.02.27-02.34.18:246][  0]LogInit: WinSock: version 1.1 (2.2), MaxSocks=32767, MaxUdp=65467
[2016.02.27-02.34.18:893][  0]UdpMessaging: Initializing bridge on interface 0.0.0.0:0 to multicast group 230.0.0.1:6666.
[2016.02.27-02.34.18:983][  0]LogAssetRegistry: FAssetRegistry took 0.0107 seconds to start up
[2016.02.27-02.34.19:353][  0]SourceControl: Info Source control is disabled
[2016.02.27-02.34.19:354][  0]SourceControl: Info Source control is disabled
[2016.02.27-02.34.19:363][  0]SourceControl: Info Source control is disabled
[2016.02.27-02.34.19:370][  0]SourceControl: Info Source control is disabled
[2016.02.27-02.34.19:534][  0]LogObj: 28633 objects as part of root set at end of initial load.
[2016.02.27-02.34.19:534][  0]LogUObjectAllocator: 6099752 out of 0 bytes used by permanent object pool.
[2016.02.27-02.34.19:585][  0]LogEngine: Initializing Engine...
[2016.02.27-02.34.19:587][  0]LogHMD: Can't find Oculus library dev build: is proper Runtime installed? Version: 0.8.0.0
[2016.02.27-02.34.19:587][  0]LogHMD: SteamVR failed to initialize.  Err: 110
[2016.02.27-02.34.19:701][  0]LogAIModule: Creating AISystem for world NewWorld
[2016.02.27-02.34.19:704][  0]LogInit: XAudio2 using 'Speakers (Conexant SmartAudio HD)' : 2 channels at 48 kHz using 32 bits per sample (channel mask 0x3)
[2016.02.27-02.34.19:713][  0]LogInit: FAudioDevice initialized.
[2016.02.27-02.34.19:736][  0]LogDerivedDataCache: Saved boot cache 0.02s 41MB C:/Users/Franz Hampp/AppData/Local/UnrealEngine/4.10/DerivedDataCache/Boot.ddc.
[2016.02.27-02.34.19:742][  0]LogInit: Texture streaming: Enabled
[2016.02.27-02.34.19:746][  0]LogAnalytics: Creating configured Analytics provider AnalyticsET
[2016.02.27-02.34.19:746][  0]LogAnalytics: [UEEditor.Rocket.Release] APIServer = http://et2.epicgames.com/ET2/. AppVersion = 4.10.3-2866931+++depot+UE4-Releases+4.10
[2016.02.27-02.34.19:747][  0]LogAnalytics: [UEEditor.Rocket.Release] SetUserId b6766fa446e094f3cbf5ad8615fcf3b4|62cf51c92a4546c5b0e4571c31e97696|93c62639-d1ac-4c92-89b8-36a07b79538e
[2016.02.27-02.34.19:747][  0]LogAnalytics: [UEEditor.Rocket.Release] AnalyticsET::StartSession
[2016.02.27-02.34.19:755][  0]LogInit: Transaction tracking system initialized
[2016.02.27-02.34.19:773][  0]BlueprintLog: New page: Editor Load
[2016.02.27-02.34.19:892][  0]LocalizationService: Info Localization service is disabled
[2016.02.27-02.34.19:947][  0]LogConsoleResponse:Display: 
[2016.02.27-02.34.20:052][  0]LogCook:Display: Done creating registry. It took  0.00s.
[2016.02.27-02.34.20:095][  0]LogFileCache: Scanning file cache for directory 'D:/Growth/Content/' took 0.01s
[2016.02.27-02.34.20:095][  0]SourceControl: Info Source control is disabled
[2016.02.27-02.34.20:095][  0]Cmd: MAP LOAD FILE="D:/Growth/Content/Maps/ExampleMap.umap" TEMPLATE=0 SHOWPROGRESS=1 FEATURELEVEL=3
[2016.02.27-02.34.20:095][  0]LightingResults: New page: Lighting Build
[2016.02.27-02.34.20:097][  0]MapCheck: New page: Map Check
[2016.02.27-02.34.20:097][  0]LightingResults: New page: Lighting Build
[2016.02.27-02.34.20:115][  0]LogParticles: Destroying 0 GPU particle simulations for FXSystem 0x000002231338B420
[2016.02.27-02.34.20:451][  0]LogAIModule: Creating AISystem for world ExampleMap
[2016.02.27-02.34.20:460][  0]LogEditorServer: Finished looking for orphan Actors (0.000 secs)
[2016.02.27-02.34.20:460][  0]Cmd: MAP CHECKDEP NOCLEARLOG
[2016.02.27-02.34.20:497][  0]MapCheck: Info Map check complete: 0 Error(s), 0 Warning(s), took 36.352ms to complete.
[2016.02.27-02.34.20:497][  0]LogFileHelpers: Loading map 'ExampleMap' took 0.402
[2016.02.27-02.34.20:592][  0]LogCollectionManager: Loaded 0 collections in 0.001357 seconds
[2016.02.27-02.34.20:629][  0]LogFileCache: Scann