[2016.01.05-23.49.40:854][  0]Log file open, 01/05/16 15:49:40
[2016.01.05-23.49.40:854][  0]LogInit:Display: Running engine for game: Growth
[2016.01.05-23.49.40:855][  0]LogPlatformFile: Not using cached read wrapper
[2016.01.05-23.49.40:855][  0]LogInit:Display: RandInit(1323429653) SRandInit(1323429655).
[2016.01.05-23.49.40:855][  0]LogTaskGraph: Started task graph with 4 named threads and 5 total threads.
[2016.01.05-23.49.40:855][  0]LogStats: Stats thread started at 0.458312
[2016.01.05-23.49.40:855][  0]LogInit: Version: 4.10.0-2758231+++depot+UE4-Releases+4.10
[2016.01.05-23.49.40:855][  0]LogInit: API Version: 2758231
[2016.01.05-23.49.40:855][  0]LogInit: Compiled (64-bit): Nov  7 2015 05:13:45
[2016.01.05-23.49.40:855][  0]LogInit: Compiled with Visual C++: 19.00.23026.00
[2016.01.05-23.49.40:855][  0]LogInit: Build Configuration: Development
[2016.01.05-23.49.40:855][  0]LogInit: Branch Name: ++depot+UE4-Releases+4.10
[2016.01.05-23.49.40:855][  0]LogInit: Command line:  
[2016.01.05-23.49.40:855][  0]LogInit: Base directory: C:/Program Files/Epic Games/4.10/Engine/Binaries/Win64/
[2016.01.05-23.49.40:855][  0]LogInit: Rocket: 1
[2016.01.05-23.49.40:878][  0]LogInit: Using libcurl 7.41.0
[2016.01.05-23.49.40:878][  0]LogInit:  - built for x86_64-pc-win32
[2016.01.05-23.49.40:878][  0]LogInit:  - supports SSL with WinSSL
[2016.01.05-23.49.40:878][  0]LogInit:  - other features:
[2016.01.05-23.49.40:878][  0]LogInit:      CURL_VERSION_SSL
[2016.01.05-23.49.40:878][  0]LogInit:      CURL_VERSION_IPV6
[2016.01.05-23.49.40:878][  0]LogInit:      CURL_VERSION_ASYNCHDNS
[2016.01.05-23.49.40:879][  0]LogInit:      CURL_VERSION_LARGEFILE
[2016.01.05-23.49.40:879][  0]LogInit:      CURL_VERSION_IDN
[2016.01.05-23.49.40:879][  0]LogInit:  CurlRequestOptions (configurable via config and command line):
[2016.01.05-23.49.40:879][  0]LogInit:  - bVerifyPeer = true  - Libcurl will verify peer certificate
[2016.01.05-23.49.40:879][  0]LogInit:  - bUseHttpProxy = false  - Libcurl will NOT use HTTP proxy
[2016.01.05-23.49.40:879][  0]LogInit:  - bDontReuseConnections = false  - Libcurl will reuse connections
[2016.01.05-23.49.40:879][  0]LogInit:  - CertBundlePath = nullptr  - Libcurl will use whatever was configured at build time.
[2016.01.05-23.49.40:901][  0]LogInit: Presizing for 0 objects not considered by GC, pre-allocating 0 bytes.
[2016.01.05-23.49.40:930][  0]LogInit: Object subsystem initialized
[2016.01.05-23.49.40:933][  0]LogInit: Selected Device Profile: [Windows]
[2016.01.05-23.49.40:933][  0]LogInit: Applying CVar settings loaded from the selected device profile: [Windows]
[2016.01.05-23.49.40:973][  0]LogInit: Computer: AFROSAMURAI
[2016.01.05-23.49.40:973][  0]LogInit: User: Jarrett
[2016.01.05-23.49.40:973][  0]LogInit: CPU Page size=4096, Cores=2
[2016.01.05-23.49.40:973][  0]LogInit: High frequency timer resolution =2.115883 MHz
[2016.01.05-23.49.40:973][  0]LogMemory: Memory total: Physical=3.9GB (4GB approx)
[2016.01.05-23.49.40:973][  0]LogMemory: Platform Memory Stats for Windows
[2016.01.05-23.49.40:973][  0]LogMemory: Process Physical Memory: 54.43 MB used, 54.43 MB peak
[2016.01.05-23.49.40:973][  0]LogMemory: Process Virtual Memory: 57.38 MB used, 57.38 MB peak
[2016.01.05-23.49.40:973][  0]LogMemory: Physical Memory: 3087.07 MB used, 3979.20 MB total
[2016.01.05-23.49.40:973][  0]LogMemory: Virtual Memory: 360.35 MB used, 134217728.00 MB total
[2016.01.05-23.49.41:124][  0]LogTextLocalizationManager: No specific translations for ('en-US') exist, so ('en') translations will be used.
[2016.01.05-23.49.43:948][  0]LogD3D11RHI: Found D3D11 adapter 0: Intel(R) HD Graphics (Feature Level 11_0)
[2016.01.05-23.49.43:948][  0]LogD3D11RHI: Adapter has 32MB of dedicated video memory, 0MB of dedicated system memory, and 1760MB of shared system memory, 1 output[s]
[2016.01.05-23.49.43:955][  0]LogD3D11RHI: Found D3D11 adapter 1: Microsoft Basic Render Driver (Feature Level 11_0)
[2016.01.05-23.49.43:955][  0]LogD3D11RHI: Adapter has 0MB of dedicated video memory, 0MB of dedicated system memory, and 256MB of shared system memory, 0 output[s]
[2016.01.05-23.49.43:955][  0]LogD3D11RHI: Chosen D3D11 Adapter Id = 0
[2016.01.05-23.49.44:004][  0]LogD3D11RHI: !Direct3DDevice
[2016.01.05-23.49.44:004][  0]LogRHI: Texture pool is 638 MB (70% of 912 MB)
[2016.01.05-23.49.44:093][  0]LogD3D11RHI: Async texture creation enabled
[2016.01.05-23.49.44:135][  0]LogShaderCompilers: Guid format shader working directory is -17 characters bigger than the processId version (../../../../../../Users/Jarrett/Documents/Unreal Projects/Growth/Intermediate/Shaders/WorkingDirectory/58544/).
[2016.01.05-23.49.44:155][  0]LogShaderCompilers: Cleaned the shader compiler working directory 'C:/Users/Jarrett/AppData/Local/Temp/UnrealShaderWorkingDir/DB9EA3AD4377210F1FBFF49CC7735718/'.
[2016.01.05-23.49.44:155][  0]LogShaderCompilers:Display: Using Local Shader Compiler.
[2016.01.05-23.50.19:908][  0]LogTemp:Display: Loaded TP AllDesktopTargetPlatform
[2016.01.05-23.50.19:945][  0]LogTemp:Display: Loaded TP WindowsClientTargetPlatform
[2016.01.05-23.50.19:983][  0]LogTemp:Display: Loaded TP WindowsNoEditorTargetPlatform
[2016.01.05-23.50.20:014][  0]LogTemp:Display: Loaded TP WindowsServerTargetPlatform
[2016.01.05-23.50.20:043][  0]LogTemp:Display: Loaded TP WindowsTargetPlatform
[2016.01.05-23.50.20:063][  0]LogTemp:Display: Loaded TP AndroidTargetPlatform
[2016.01.05-23.50.20:083][  0]LogTemp:Display: Loaded TP Android_ASTCTargetPlatform
[2016.01.05-23.50.20:098][  0]LogTemp:Display: Loaded TP Android_ATCTargetPlatform
[2016.01.05-23.50.20:114][  0]LogTemp:Display: Loaded TP Android_DXTTargetPlatform
[2016.01.05-23.50.20:134][  0]LogTemp:Display: Loaded TP Android_ETC1TargetPlatform
[2016.01.05-23.50.20:152][  0]LogTemp:Display: Loaded TP Android_ETC2TargetPlatform
[2016.01.05-23.50.20:190][  0]LogTemp:Display: Loaded TP Android_MultiTargetPlatform
[2016.01.05-23.50.20:190][  0]LogTemp:Display: Loaded TP Android_PVRTCTargetPlatform
[2016.01.05-23.50.20:200][  0]LogTemp:Display: Loaded TP HTML5TargetPlatform
[2016.01.05-23.50.20:263][  0]LogTemp:Display: Loaded TP IOSTargetPlatform
[2016.01.05-23.50.20:346][  0]LogTemp:Display: Loaded TP LinuxNoEditorTargetPlatform
[2016.01.05-23.50.20:385][  0]LogTemp:Display: Loaded TP LinuxServerTargetPlatform
[2016.01.05-23.50.20:443][  0]LogTemp:Display: Loaded TP LinuxTargetPlatform
[2016.01.05-23.50.20:444][  0]LogTargetPlatformManager:Display: Building Assets For Windows
[2016.01.05-23.50.21:848][  0]LogDerivedDataCache:Display: Max Cache Size: 512 MB
[2016.01.05-23.50.47:465][  0]LogDerivedDataCache: Loaded boot cache 25.62s 41MB C:/Users/Jarrett/AppData/Local/UnrealEngine/4.10/DerivedDataCache/Boot.ddc.
[2016.01.05-23.50.47:465][  0]LogDerivedDataCache:Display: Loaded Boot cache: C:/Users/Jarrett/AppData/Local/UnrealEngine/4.10/DerivedDataCache/Boot.ddc
[2016.01.05-23.50.47:466][  0]LogDerivedDataCache: FDerivedDataBackendGraph:  Pak pak cache file ../../../../../../Users/Jarrett/Documents/Unreal Projects/Growth/DerivedDataCache/DDC.ddp not found, will not use a pak cache.
[2016.01.05-23.50.47:466][  0]LogDerivedDataCache: Unable to find inner node Pak for hierarchical cache Hierarchy.
[2016.01.05-23.50.47:466][  0]LogDerivedDataCache: FDerivedDataBackendGraph:  CompressedPak pak cache file ../../../../../../Users/Jarrett/Documents/Unreal Projects/Growth/DerivedDataCache/Compressed.ddp not found, will not use a pak cache.
[2016.01.05-23.50.47:466][  0]LogDerivedDataCache: Unable to find inner node CompressedPak for hierarchical cache Hierarchy.
[2016.01.05-23.50.47:925][  0]LogDerivedDataCache:Display: Pak cache opened for reading ../../../Engine/DerivedDataCache/Compressed.ddp.
[2016.01.05-23.50.47:951][  0]LogDerivedDataCache: Using Local data cache path C:/Users/Jarrett/AppData/Local/UnrealEngine/Common/DerivedDataCache: Writable
[2016.01.05-23.50.52:337][  0]LogInit: Selected Device Profile: [Windows]
[2016.01.05-23.50.52:355][  0]LogContentStreaming: Texture pool size is 0.000000MB
[2016.01.05-23.50.53:618][  0]LogMeshUtilities: No automatic mesh reduction module available
[2016.01.05-23.50.53:618][  0]LogMeshUtilities: No automatic mesh merging module available
[2016.01.05-23.51.01:262][  0]LogInit: WinSock: version 1.1 (2.2), MaxSocks=32767, MaxUdp=65467
[2016.01.05-23.52.29:179][  0]UdpMessaging: Initializing bridge on interface 0.0.0.0:0 to multicast group 230.0.0.1:6666.
[2016.01.05-23.52.29:478][  0]LogAssetRegistry: FAssetRegistry took 0.0164 seconds to start up
[2016.01.05-23.52.30:543][  0]SourceControl: Info Source control is disabled
[2016.01.05-23.52.32:418][  0]SourceControl: Info Source control is disabled
[2016.01.05-23.52.32:502][  0]SourceControl: Info Source control is disabled
[2016.01.05-23.52.32:575][  0]SourceControl: Info Source control is disabled
[2016.01.05-23.52.37:209][  0]LogObj: 28633 objects as part of root set at end of initial load.
[2016.01.05-23.52.37:209][  0]LogUObjectAllocator: 6099744 out of 0 bytes used by permanent object pool.
[2016.01.05-23.52.37:490][  0]LogEngine: Initializing Engine...
[2016.01.05-23.52.37:513][  0]LogHMD: Can't find Oculus library dev build: is proper Runtime installed? Version: 0.8.0.0
[2016.01.05-23.52.37:565][  0]LogHMD: SteamVR failed to initialize.  Err: 110
[2016.01.05-23.52.38:473][  0]LogAIModule: Creating AISystem for world NewWorld
[2016.01.05-23.52.38:505][  0]LogInit: XAudio2 using 'Speakers / Headphones (Realtek High Definition Audio)' : 2 channels at 48 kHz using 32 bits per sample (channel mask 0x3)
[2016.01.05-23.52.45:122][  0]LogInit: FAudioDevice initialized.
[2016.01.05-23.52.45:321][  0]LogDerivedDataCache: Saved boot cache 0.20s 41MB C:/Users/Jarrett/AppData/Local/UnrealEngine/4.10/DerivedDataCache/Boot.ddc.
[2016.01.05-23.52.45:409][  0]LogInit: Texture streaming: Enabled
[2016.01.05-23.52.45:491][  0]LogAnalytics: Creating configured Analytics provider AnalyticsET
[2016.01.05-23.52.45:491][  0]LogAnalytics: [UEEditor.Rocket.Release] APIServer = http://et2.epicgames.com/ET2/. AppVersion = 4.10.0-2758231+++depot+UE4-Releases+4.10
[2016.01.05-23.52.45:492][  0]LogAnalytics: [UEEditor.Rocket.Release] SetUserId 93b29878417f9088b5800ca2e0039b3b|f113f3cbb9d24d94ab3a8fb7882774bd|b334267d-5e6f-44f6-85bd-ab2ff5d840ef
[2016.01.05-23.52.45:492][  0]LogAnalytics: [UEEditor.Rocket.Release] AnalyticsET::StartSession
[2016.01.05-23.52.48:957][  0]LogInit: Transaction tracking system initialized
[2016.01.05-23.52.49:101][  0]BlueprintLog: New page: Editor Load
[2016.01.05-23.52.52:332][  0]LocalizationService: Info Localization service is disabled
[2016.01.05-23.52.53:132][  0]LogLinker:Warning: Can't find file '/Game/Growth/2DSideScrollerOverview'
[2016.01.05-23.52.53:133][  0]LogLinker:Warning: Can't find file '/Game/Growth/2DSideScrollerOverview'
[2016.01.05-23.52.53:133][  0]LogUObjectGlobals:Warning: Failed to find object 'Class /Game/Growth/2DSideScrollerOverview.2DSideScrollerOverview_C'
[2016.01.05-23.52.55:002][  0]LogConsoleResponse:Display: 
[2016.01.05-23.52.56:688][  0]LogCook:Display: Done creating registry. It took  0.00s.
[2016.01.05-23.52.57:144][  0]LogFileCache: Scanning file cache for directory 'C:/Users/Jarrett/Documents/Unreal Projects/Growth/Content/' took 0.13s
[2016.01.05-23.52.58:680][  0]SourceControl: Info Source control is disabled
[2016.01.05-23.52.58:680][  0]Cmd: MAP LOAD FILE="../../../../../../Users/Jarrett/Documents/Unreal Projects/Growth/Content/Maps/ExampleMap.umap" TEMPLATE=0 SHOWPROGRESS=1 FEATURELEVEL=3
[2016.01.05-23.52.58:681][  0]LightingResults: New page: Lighting Build
[2016.01.05-23.52.58:752][  0]MapCheck: New page: Map Check
[2016.01.05-23.52.58:752][  0]LightingResults: New page: Lighting Build
[2016.01.05-23.52.58:831][  0]LogParticles: Destroying 0 GPU particle simulations for FXSystem 0x000000B89CF9EAC0
[2016.01.05-23.52.58:886][  0]LogAIModule: Creating AISystem for world ExampleMap
[2016.01.05-23.52.58:900][  0]LogEditorServer: Finished looking for orphan Actors (0.000 secs)
[2016.01.05-23.52.58:902][  0]Cmd: MAP CHECKDEP NOCLEARLOG
[2016.01.05-23.52.59:495][  0]MapCheck: Info Map check complete: 0 Error(s), 0 Warning(s), took 593.422ms to complete.
[2016.01.05-23.52.59:495][  0]LogFileHelpers: Loading map 'ExampleMap' took 0.816
[2016.01.05-23.53.05:856][  0]LogCollectionManager: Loaded 0 collections in 0.011348 seconds
[2016.01.05-23.53.05:942][  0]LogFileCache: Scanning file cache for directory 'C:/Users/Jarrett/Documents/Unreal Projects/Growth/Saved/Collections/' took 0.02s
[2016.01.05-23.53.05:942][  0]LogFileCache: Scanning file cache for directory 'C:/Users/Jarrett/Documents/Unreal Projects/Growth/Content/Developers/Jarrett/Collections/' took 0.02s
[2016.01.05-23.53.05:942][  0]LogFileCache: Scanning file cache for directory 'C:/Users/Jarrett/Documents/Unreal Projects/Growth/Content/Collections/' took 0.01s
[2016.01.05-23.53.05:942][  0]LogCollectionManager: Rebuilt the GUID cache for 0 collections in 0.000003 seconds
[2016.01.05-23.53.05:979][  0]LogContentBrowser: Native class hierarchy populated in 0.0359 seconds. Added 1893 classes and 338 folders.
[2016.01.05-23.53.06:011][  0]LogContentBrowser: Native class hierarchy updated for 'WidgetCarousel' in 0.0011 seconds. Added 0 classes and 0 folders.
[2016.01.05-23.53.09:511][  0]LogContentBrowser: Native class hierarchy updated for 'AddContentDialog' in 0.0011 seconds. Added 0 classes and 0 folders.
[2016.01.05-23.53.09:524][  0]LogContentBrowser: Native class hierarchy updated for 'SceneOutliner' in 0.0012 seconds. Added 1 classes and 2 folders.
[2016.01.05-23.53.09:772][  0]LogCrashTracker: Crashtracker disabled due to settings.
[2016.01.05-23.53.09:794][  0]LogUObjectGlobals:Warning: Failed to find object 'Class None.'
[2016.01.05-23.53.09:839][  0]LogLoad: Full Startup: 212.16 seconds (BP compile: 1.83 seconds)
[2016.01.05-23.53.09:872][  0]LogOcInput: Can't find Oculus library dev build: is proper Runtime installed? Version: 0.8.0.0
[2016.01.05-23.53.10:245][  0]LogContentStreaming: Texture pool size now 200 MB
[2016.01.05-23.53.10:786][  0]LogRenderer: Reallocating scene render targets to support 856x368 (Frame:2).
[2016.01.05-23.53.12:555][  5]LogAssetRegistry: Asset discovery search completed in 43.0929 seconds
[2016.01.05-23.53.12:555][  5]LogCollectionManager: Rebuilt the object cache for 0 collections in 0.000002 seconds (found 0 objects)
[2016.01.05-23.53.12:555][  5]LogCollectionManager: Fixed up redirectors for 0 collections in 0.000058 seconds (updated 0 objects)
[2016.01.06-00.17.37:920][854]LogPlayLevel: PlayLevel: No blueprints needed recompiling
[2016.01.06-00.17.37:921][854]PIE: New page: PIE session: ExampleMap (Jan 5, 2016, 8:17:37 AM)
[2016.01.06-00.17.37:922][854]LogPlayLevel: Creating play world package: /Game/Maps/UEDPIE_0_ExampleMap
[2016.01.06-00.17.37:927][854]LogPlayLevel: PIE: StaticDuplicateObject took: (0.004871s)
[2016.01.06-00.17.37:930][854]LogAIModule: Creating AISystem for world ExampleMap
[2016.01.06-00.17.37:930][854]LogPlayLevel: PIE: World Init took: (0.002791s)
[2016.01.06-00.17.37:930][854]LogPlayLevel: PIE: Created PIE world by copying editor world from /Game/Maps/ExampleMap.ExampleMap to /Game/Maps/UEDPIE_0_ExampleMap.ExampleMap (0.008119s)
[2016.01.06-00.17.38:051][854]LogInit: XAudio2 using 'Speakers / Headphones (Realtek High Definition Audio)' : 2 channels at 48 kHz using 32 bits per sample (channel mask 0x3)
[2016.01.06-00.17.38:321][854]LogInit: FAudioDevice initialized.
[2016.01.06-00.17.39:277][854]LogWorld: Game class is 'Level_GameMode_C'
[2016.01.06-00.17.39:284][854]LogWorld: Bringing World /Game/Maps/UEDPIE_0_ExampleMap.ExampleMap up for play (max tick rate 60) at 2016.01.05-16.17.39
[2016.01.06-00.17.39:285][854]LogActor:Warning: GameSession /Game/Maps/UEDPIE_0_ExampleMap.ExampleMap:PersistentLevel.GameSession_0 has natively added scene component(s), but none of them were set as the actor's RootComponent - picking one arbitrarily
[2016.01.06-00.17.39:285][854]LogActor:Warning: GameNetworkManager /Game/Maps/UEDPIE_0_ExampleMap.ExampleMap:PersistentLevel.GameNetworkManager_0 has natively added scene component(s), but none of them were set as the actor's RootComponent - picking one arbitrarily
[2016.01.06-00.17.39:286][854]LogWorld: Bringing up level for play took: 0.006611
[2016.01.06-00.17.39:313][854]PIE: Info Play in editor start time for /Game/Maps/UEDPIE_0_ExampleMap 0.915
[2016.01.06-00.17.51:516][ 77]LogParticles: Destroying 0 GPU particle simulations for FXSystem 0x000000B88BCE49A0
[2016.01.06-00.18.02:323][183]LogLinker:Warning: Asset '../../../Engine/Content/ArtTools/RenderToTexture/Macros/RenderToTextureMacros.uasset' has been saved with empty engine version. The asset will be loaded but may be incompatible.
[2016.01.06-00.18.05:477][183]LogContentBrowser: Native class hierarchy updated for 'BlueprintGraph' in 0.0029 seconds. Added 107 classes and 0 folders.
[2016.01.06-00.18.28:468][355]BlueprintLog: New page: Compile HUD
[2016.01.06-00.18.28:889][355]BlueprintEditorCompileResults: Info [1731.21] Compile of HUD successful! [in 420 ms]
[2016.01.06-00.18.30:179][363]LogPlayLevel: PlayLevel: No blueprints needed recompiling
[2016.01.06-00.18.30:179][363]PIE: New page: PIE session: ExampleMap (Jan 5, 2016, 8:18:30 AM)
[2016.01.06-00.18.30:179][363]LogPlayLevel: Creating play world package: /Game/Maps/UEDPIE_0_ExampleMap
[2016.01.06-00.18.30:183][363]LogPlayLevel: PIE: StaticDuplicateObject took: (0.003385s)
[2016.01.06-00.18.30:185][363]LogAIModule: Creating AISystem for world ExampleMap
[2016.01.06-00.18.30:185][363]LogPlayLevel: PIE: World Init took: (0.002846s)
[2016.01.06-00.18.30:186][363]LogPlayLevel: PIE: Created PIE world by copying editor world from /Game/Maps/ExampleMap.ExampleMap to /Game/Maps/UEDPIE_0_ExampleMap.ExampleMap (0.006688s)
[2016.01.06-00.18.30:344][363]LogInit: XAudio2 using 'Speakers / Headphones (Realtek High Definition Audio)' : 2 channels at 48 kHz using 32 bits per sample (channel mask 0x3)
[2016.01.06-00.18.30:436][363]LogInit: FAudioDevice initialized.
[2016.01.06-00.18.30:519][363]LogWorld: Game class is 'Level_GameMode_C'
[2016.01.06-00.18.30:525][363]LogWorld: Bringing World /Game/Maps/UEDPIE_0_ExampleMap.ExampleMap up for play (max tick rate 60) at 2016.01.05-16.18.30
[2016.01.06-00.18.30:525][363]LogActor:Warning: GameSession /Game/Maps/UEDPIE_0_ExampleMap.ExampleMap:PersistentLevel.GameSession_1 has natively added scene component(s), but none of them were set as the actor's RootComponent - picking one arbitrarily
[2016.01.06-00.18.30:525][363]LogActor:Warning: GameNetworkManager /Game/Maps/UEDPIE_0_ExampleMap.ExampleMap:PersistentLevel.GameNetworkManager_1 has natively added scene component(s), but none of them were set as the actor's RootComponent - picking one arbitrarily
[2016.01.06-00.18.30:526][363]LogWorld: Bringing up level for play took: 0.005526
[2016.01.06-00.18.30:536][363]PIE: Info Play in editor start time for /Game/Maps/UEDPIE_0_ExampleMap 0.137
[2016.01.06-00.18.46:607][606]LogParticles: Destroying 0 GPU particle simulations for FXSystem 0x000000B8AEE7EAC0
[2016.01.06-00.18.47:238][614]LogPlayLevel: Launcher Device ID: WindowsNoEditor@AFROSAMURAI
[2016.01.06-00.18.47:264][614]LogPlayLevel: PlayLevel: No blueprints needed recompiling
[2016.01.06-00.18.49:025][622]LogPlayLevel: PlayLevel: No blueprints needed recompiling
[2016.01.06-00.18.49:025][622]PIE: New page: PIE session: ExampleMap (Jan 5, 2016, 8:18:49 AM)
[2016.01.06-00.18.49:025][622]LogPlayLevel: Creating play world package: /Game/Maps/UEDPIE_0_ExampleMap
[2016.01.06-00.18.49:031][622]LogPlayLevel: PIE: StaticDuplicateObject took: (0.005698s)
[2016.01.06-00.18.49:033][622]LogAIModule: Creating AISystem for world ExampleMap
[2016.01.06-00.18.49:034][622]LogPlayLevel: PIE: World Init took: (0.002331s)
[2016.01.06-00.18.49:034][622]LogPlayLevel: PIE: Created PIE world by copying editor world from /Game/Maps/ExampleMap.ExampleMap to /Game/Maps/UEDPIE_0_ExampleMap.ExampleMap (0.008454s)
[2016.01.06-00.18.49:195][622]LogInit: XAudio2 using 'Speakers / Headphones (Realtek High Definition Audio)' : 2 channels at 48 kHz using 32 bits per sample (channel mask 0x3)
[2016.01.06-00.18.49:268][622]LogInit: FAudioDevice initialized.
[2016.01.06-00.18.49:350][622]LogWorld: Game class is 'Level_GameMode_C'
[2016.01.06-00.18.49:355][622]LogWorld: Bringing World /Game/Maps/UEDPIE_0_ExampleMap.ExampleMap up for play (max tick rate 60) at 2016.01.05-16.18.49
[2016.01.06-00.18.49:355][622]LogActor:Warning: GameSession /Game/Maps/UEDPIE_0_ExampleMap.ExampleMap:PersistentLevel.GameSession_2 has natively added scene component(s), but none of them were set as the actor's RootComponent - picking one arbitrarily
[2016.01.06-00.18.49:356][622]LogActor:Warning: GameNetworkManager /Game/Maps/UEDPIE_0_ExampleMap.ExampleMap:PersistentLevel.GameNetworkManager_2 has natively added scene component(s), but none of them were set as the actor's RootComponent - picking one arbitrarily
[2016.01.06-00.18.49:357][622]LogWorld: Bringing up level for play took: 0.005115
[2016.01.06-00.18.49:366][622]PIE: Info Play in editor start time for /Game/Maps/UEDPIE_0_ExampleMap 0.968
[2016.01.06-00.19.06:232][909]LogParticles: Destroying 0 GPU particle simulations for FXSystem 0x000000B8AC1B62A0
[2016.01.06-00.19.07:892][931]LogPlayLevel: PlayLevel: No blueprints needed recompiling
[2016.01.06-00.19.07:893][931]PIE: New page: PIE session: ExampleMap (Jan 5, 2016, 8:19:07 AM)
[2016.01.06-00.19.07:893][931]LogPlayLevel: Creating play world package: /Game/Maps/UEDPIE_0_ExampleMap
[2016.01.06-00.19.07:896][931]LogPlayLevel: PIE: StaticDuplicateObject took: (0.002903s)
[2016.01.06-00.19.07:899][931]LogAIModule: Creating AISystem for world ExampleMap
[2016.01.06-00.19.07:899][931]LogPlayLevel: PIE: World Init took: (0.003534s)
[2016.01.06-00.19.07:900][931]LogPlayLevel: PIE: Created PIE world by copying editor world from /Game/Maps/ExampleMap.ExampleMap to /Game/Maps/UEDPIE_0_ExampleMap.ExampleMap (0.006845s)
[2016.01.06-00.19.08:046][931]LogInit: XAudio2 using 'Speakers / Headphones (Realtek High Definition Audio)' : 2 channels at 48 kHz using 32 bits per sample (channel mask 0x3)
[2016.01.06-00.19.08:133][931]LogInit: FAudioDevice initialized.
[2016.01.06-00.19.08:204][931]LogWorld: Game class is 'Level_GameMode_C'
[2016.01.06-00.19.08:209][931]LogWorld: Bringing World /Game/Maps/UEDPIE_0_ExampleMap.ExampleMap up for play (max tick rate 60) at 2016.01.05-16.19.08
[2016.01.06-00.19.08:209][931]LogActor:Warning: GameSession /Game/Maps/UEDPIE_0_ExampleMap.ExampleMap:PersistentLevel.GameSession_3 has natively added scene component(s), but none of them were set as the actor's RootComponent - picking one arbitrarily
[2016.01.06-00.19.08:210][931]LogActor:Warning: GameNetworkManager /Game/Maps/UEDPIE_0_ExampleMap.ExampleMap:PersistentLevel.GameNetworkManager_3 has natively added scene component(s), but none of them were set as the actor's RootComponent - picking one arbitrarily
[2016.01.06-00.19.08:210][931]LogWorld: Bringing up level for play took: 0.005186
[2016.01.06-00.19.08:219][931]PIE: Info Play in editor start time for /Game/Maps/UEDPIE_0_ExampleMap -0.179
[2016.01.06-00.19.11:825][  3]LogParticles: Destroying 0 GPU particle simulations for FXSystem 0x000000B88BCE7920
[2016.01.06-00.19.46:267][518]BlueprintLog: New page: Compile GrowthCamera
[2016.01.06-00.19.46:769][518]BlueprintEditorCompileResults: Info [1809.09] Compile of GrowthCamera successful! [in 501 ms]
[2016.01.06-00.19.59:743][731]LogUObjectHash:Warning: Ambiguous search, could be K2Node_CallFunction /Game/Blueprints/GrowthCamera.GrowthCamera:EventGraph.K2Node_CallFunction_3024 or K2Node_CallFunction /Game/Blueprints/GrowthCamera.GrowthCamera:Pause.K2Node_CallFunction_3024
[2016.01.06-00.19.59:743][731]LogUObjectHash:Warning: Ambiguous search, could be K2Node_CallFunction /Game/Blueprints/GrowthCamera.GrowthCamera:EventGraph.K2Node_CallFunction_3025 or K2Node_CallFunction /Game/Blueprints/GrowthCamera.GrowthCamera:Pause.K2Node_CallFunction_3025
[2016.01.06-00.19.59:743][731]LogUObjectHash:Warning: Ambiguous search, could be K2Node_VariableGet /Game/Blueprints/GrowthCamera.GrowthCamera:EventGraph.K2Node_VariableGet_1319 or K2Node_VariableGet /Game/Blueprints/GrowthCamera.GrowthCamera:Pause.K2Node_VariableGet_1319
[2016.01.06-00.19.59:747][731]LogUObjectHash:Warning: Ambiguous search, could be K2Node_CallFunction /Game/Blueprints/GrowthCamera.GrowthCamera:EventGraph.K2Node_CallFunction_3025 or K2Node_CallFunction /Game/Blueprints/GrowthCamera.GrowthCamera:Pause.K2Node_CallFunction_3025
[2016.01.06-00.20.05:075][820]BlueprintLog: New page: Compile GrowthCamera
[2016.01.06-00.20.05:459][820]BlueprintEditorCompileResults: Info [1827.78] Compile of GrowthCamera successful! [in 383 ms]
[2016.01.06-00.20.27:753][190]LogUObjectHash:Warning: Ambiguous search, could be K2Node_CallFunction /Game/Blueprints/GrowthCamera.GrowthCamera:EventGraph.K2Node_CallFunction_2514 or K2Node_CallFunction /Game/Blueprints/GrowthCamera.GrowthCamera:Unpause.K2Node_CallFunction_2514
[2016.01.06-00.20.27:755][190]LogUObjectHash:Warning: Ambiguous search, could be K2Node_CallFunction /Game/Blueprints/GrowthCamera.GrowthCamera:EventGraph.K2Node_CallFunction_2514 or K2Node_CallFunction /Game/Blueprints/GrowthCamera.GrowthCamera:Unpause.K2Node_CallFunction_2514
[2016.01.06-00.20.27:756][190]LogUObjectHash:Warning: Ambiguous search, could be K2Node_CallFunction /Game/Blueprints/GrowthCamera.GrowthCamera:EventGraph.K2Node_CallFunction_2897 or K2Node_CallFunction /Game/Blueprints/GrowthCamera.GrowthCamera:Unpause.K2Node_CallFunction_2897
[2016.01.06-00.20.27:757][190]LogUObjectHash:Warning: Ambiguous search, could be K2Node_CallFunction /Game/Blueprints/GrowthCamera.GrowthCamera:EventGraph.K2Node_CallFunction_2897 or K2Node_CallFunction /Game/Blueprints/GrowthCamera.GrowthCamera:Unpause.K2Node_CallFunction_2897
[2016.01.06-00.20.33:608][291]BlueprintLog: New page: Compile GrowthCamera
[2016.01.06-00.20.34:008][291]BlueprintEditorCompileResults: Info [1856.33] Compile of GrowthCamera successful! [in 399 ms]
[2016.01.06-00.20.43:307][438]BlueprintLog: New page: Compile GrowthCamera
[2016.01.06-00.20.43:684][438]BlueprintEditorCompileResults: Info [1866.00] Compile of GrowthCamera successful! [in 376 ms]
[2016.01.06-00.20.49:328][499]Cmd: OBJ SAVEPACKAGE PACKAGE="/Game/Blueprints/GrowthCamera" FILE="../../../../../../Users/Jarrett/Documents/Unreal Projects/Growth/Content/Blueprints/GrowthCamera.uasset" SILENT=true
[2016.01.06-00.20.49:711][499]LogSavePackage: Save=306.282532ms
[2016.01.06-00.20.49:711][499]LogSavePackage: Moving '../../../../../../Users/Jarrett/Documents/Unreal Projects/Growth/Saved/GrowthCamera805533E04148A24F1AD6AFBD9E8E0853.tmp' to '../../../../../../Users/Jarrett/Documents/Unreal Projects/Growth/Content/Blueprints/GrowthCamera.uasset'
[2016.01.06-00.20.49:725][499]LogSavePackage: Total save time: 391.498018ms
[2016.01.06-00.20.49:725][499]LogSavePackage:Display: Finished SavePackage ../../../../../../Users/Jarrett/Documents/Unreal Projects/Growth/Content/Blueprints/GrowthCamera.uasset
[2016.01.06-00.20.49:747][499]Cmd: OBJ SAVEPACKAGE PACKAGE="/Game/UserInterface/HUD" FILE="../../../../../../Users/Jarrett/Documents/Unreal Projects/Growth/Content/UserInterface/HUD.uasset" SILENT=true
[2016.01.06-00.20.49:869][499]LogSavePackage: Save=77.615349ms
[2016.01.06-00.20.49:870][499]LogSavePackage: Moving '../../../../../../Users/Jarrett/Documents/Unreal Projects/Growth/Saved/HUD76C4B8FF4A42AB04D5DCD5AEADA91CED.tmp' to '../../../../../../Users/Jarrett/Documents/Unreal Projects/Growth/Content/UserInterface/HUD.uasset'
[2016.01.06-00.20.49:885][499]LogSavePackage: Total save time: 129.154589ms
[2016.01.06-00.20.49:885][499]LogSavePackage:Display: Finished SavePackage ../../../../../../Users/Jarrett/Documents/Unreal Projects/Growth/Content/UserInterface/HUD.uasset
[2016.01.06-00.23.15:073][889]BlueprintLog: New page: Compile Pause
[2016.01.06-00.23.15:564][889]BlueprintEditorCompileResults: Info [2017.88] Compile of Pause successful! [in 489 ms]
[2016.01.06-00.23.17:463][923]LogPlayLevel: PlayLevel: No blueprints needed recompiling
[2016.01.06-00.23.17:463][923]PIE: New page: PIE session: ExampleMap (Jan 5, 2016, 8:23:17 AM)
[2016.01.06-00.23.17:464][923]LogPlayLevel: Creating play world package: /Game/Maps/UEDPIE_0_ExampleMap
[2016.01.06-00.23.17:467][923]LogPlayLevel: PIE: StaticDuplicateObject took: (0.003415s)
[2016.01.06-00.23.17:470][923]LogAIModule: Creating AISystem for world ExampleMap
[2016.01.06-00.23.17:471][923]LogPlayLevel: PIE: World Init took: (0.003536s)
[2016.01.06-00.23.17:471][923]LogPlayLevel: PIE: Created PIE world by copying editor world from /Game/Maps/ExampleMap.ExampleMap to /Game/Maps/UEDPIE_0_ExampleMap.ExampleMap (0.007668s)
[2016.01.06-00.23.17:620][923]LogInit: XAudio2 using 'Speakers / Headphones (Realtek High Definition Audio)' : 2 channels at 48 kHz using 32 bits per sample (channel mask 0x3)
[2016.01.06-00.23.17:671][923]LogInit: FAudioDevice initialized.
[2016.01.06-00.23.17:805][923]LogWorld: Game class is 'Level_GameMode_C'
[2016.01.06-00.23.17:811][923]LogWorld: Bringing World /Game/Maps/UEDPIE_0_ExampleMap.ExampleMap up for play (max tick rate 60) at 2016.01.05-16.23.17
[2016.01.06-00.23.17:811][923]LogActor:Warning: GameSession /Game/Maps/UEDPIE_0_ExampleMap.ExampleMap:PersistentLevel.GameSession_4 has natively added scene component(s), but none of them were set as the actor's RootComponent - picking one arbitrarily
[2016.01.06-00.23.17:812][923]LogActor:Warning: GameNetworkManager /Game/Maps/UEDPIE_0_ExampleMap.ExampleMap:PersistentLevel.GameNetworkManager_4 has natively added scene component(s), but none of them were set as the actor's RootComponent - picking one arbitrarily
[2016.01.06-00.23.17:812][923]LogWorld: Bringing up level for play took: 0.005974
[2016.01.06-00.23.17:859][923]PIE: Info Play in editor start time for /Game/Maps/UEDPIE_0_ExampleMap -0.539
[2016.01.06-00.23.30:420][ 22]LogParticles: Destroying 0 GPU particle simulations for FXSystem 0x000000B8AF40D6C0
[2016.01.06-00.23.33:802][ 80]Cmd: OBJ SAVEPACKAGE PACKAGE="/Game/Maps/ExampleMap" FILE="../../../../../../Users/Jarrett/Documents/Unreal Projects/Growth/Content/Maps/ExampleMap.umap" SILENT=true AUTOSAVING=false KEEPDIRTY=false
[2016.01.06-00.23.34:142][ 80]LogSavePackage: Save=120.960846ms
[2016.01.06-00.23.34:142][ 80]LogSavePackage: Moving '../../../../../../Users/Jarrett/Documents/Unreal Projects/Growth/Saved/ExampleMapD143383F470D9EB6F1F7A3ACA2040E58.tmp' to '../../../../../../Users/Jarrett/Documents/Unreal Projects/Growth/Content/Maps/ExampleMap.umap'
[2016.01.06-00.23.34:162][ 80]LogSavePackage: Total save time: 162.467394ms
[2016.01.06-00.23.34:162][ 80]LogSavePackage:Display: Finished SavePackage ../../../../../../Users/Jarrett/Documents/Unreal Projects/Growth/Content/Maps/ExampleMap.umap
[2016.01.06-00.23.36:216][ 88]Cmd: OBJ SAVEPACKAGE PACKAGE="/Game/UserInterface/Pause" FILE="../../../../../../Users/Jarrett/Documents/Unreal Projects/Growth/Content/UserInterface/Pause.uasset" SILENT=true
[2016.01.06-00.23.36:312][ 88]LogSavePackage: Save=69.227364ms
[2016.01.06-00.23.36:312][ 88]LogSavePackage: Moving '../../../../../../Users/Jarrett/Documents/Unreal Projects/Growth/Saved/Pause60E7D2904FB6653CA6EEE38B131C705C.tmp' to '../../../../../../Users/Jarrett/Documents/Unreal Projects/Growth/Content/UserInterface/Pause.uasset'
[2016.01.06-00.23.36:324][ 88]LogSavePackage: Total save time: 99.689350ms
[2016.01.06-00.23.36:324][ 88]LogSavePackage:Display: Finished SavePackage ../../../../../../Users/Jarrett/Documents/Unreal Projects/Growth/Content/UserInterface/Pause.uasset
[2016.01.06-00.23.37:174][100]LogPlayLevel: PlayLevel: No blueprints needed recompiling
[2016.01.06-00.23.37:174][100]PIE: New page: PIE session: ExampleMap (Jan 5, 2016, 8:23:37 AM)
[2016.01.06-00.23.37:174][100]LogPlayLevel: Creating play world package: /Game/Maps/UEDPIE_0_ExampleMap
[2016.01.06-00.23.37:177][100]LogPlayLevel: PIE: StaticDuplicateObject took: (0.002854s)
[2016.01.06-00.23.37:180][100]LogAIModule: Creating AISystem for world ExampleMap
[2016.01.06-00.23.37:181][100]LogPlayLevel: PIE: World Init took: (0.003738s)
[2016.01.06-00.23.37:181][100]LogPlayLevel: PIE: Created PIE world by copying editor world from /Game/Maps/ExampleMap.ExampleMap to /Game/Maps/UEDPIE_0_ExampleMap.ExampleMap (0.006973s)
[2016.01.06-00.23.37:331][100]LogInit: XAudio2 using 'Speakers / Headphones (Realtek High Definition Audio)' : 2 channels at 48 kHz using 32 bits per sample (channel mask 0x3)
[2016.01.06-00.23.37:418][100]LogInit: FAudioDevice initialized.
[2016.01.06-00.23.37:481][100]LogWorld: Game class is 'Level_GameMode_C'
[2016.01.06-00.23.37:487][100]LogWorld: Bringing World /Game/Maps/UEDPIE_0_ExampleMap.ExampleMap up for play (max tick rate 60) at 2016.01.05-16.23.37
[2016.01.06-00.23.37:487][100]LogActor:Warning: GameSession /Game/Maps/UEDPIE_0_ExampleMap.ExampleMap:PersistentLevel.GameSession_5 has natively added scene component(s), but none of them were set as the actor's RootComponent - picking one arbitrarily
[2016.01.06-00.23.37:487][100]LogActor:Warning: GameNetworkManager /Game/Maps/UEDPIE_0_ExampleMap.ExampleMap:PersistentLevel.GameNetworkManager_5 has natively added scene component(s), but none of them were set as the actor's RootComponent - picking one arbitrarily
[2016.01.06-00.23.37:488][100]LogWorld: Bringing up level for play took: 0.005028
[2016.01.06-00.23.37:496][100]PIE: Info Play in editor start time for /Game/Maps/UEDPIE_0_ExampleMap 1.098
[2016.01.06-00.23.41:462][169]LogParticles: Destroying 0 GPU particle simulations for FXSystem 0x000000B8B2CFA520
[2016.01.06-00.23.53:149][378]LogWindowsTextInputMethodSystem:Display: IME system now deactivated.
[2016.01.06-00.23.54:784][379]Cmd: QUIT_EDITOR
[2016.01.06-00.24.02:244][379]LogExit: Preparing to exit.
[2016.01.06-00.24.22:710][379]LogExit: Editor shut down
[2016.01.06-00.24.22:714][379]LogExit: Transaction tracking system shut down
[2016.01.06-00.24.22:766][379]LogParticles: Destroying 0 GPU particle simulations for FXSystem 0x000000B89D284A40
[2016.01.06-00.24.26:524][379]LogParticles: Destroying 0 GPU particle simulations for FXSystem 0x000000B88BF09800
[2016.01.06-00.24.26:526][379]LogParticles: Destroying 0 GPU particle simulations for FXSystem 0x000000B88C101300
[2016.01.06-00.24.26:538][379]LogParticles: Destroying 0 GPU particle simulations for FXSystem 0x000000B8A11609A0
[2016.01.06-00.24.26:719][379]LogParticles: Destroying 0 GPU particle simulations for FXSystem 0x000000B8A707B100
[2016.01.06-00.24.26:726][379]LogParticles: Destroying 0 GPU particle simulations for FXSystem 0x000000B8A707AB60
[2016.01.06-00.24.26:753][379]LogParticles: Destroying 0 GPU particle simulations for FXSystem 0x000000B8A70785E0
[2016.01.06-00.24.26:755][379]LogParticles: Destroying 0 GPU particle simulations for FXSystem 0x000000B8A70789A0
[2016.01.06-00.24.26:797][379]LogParticles: Destroying 0 GPU particle simulations for FXSystem 0x000000B8A2347D80
[2016.01.06-00.24.36:582][379]LogExit: Object subsystem successfully closed.
[2016.01.06-00.25.04:254][379]LogD3D11RHI: Shutdown
[2016.01.06-00.25.04:254][379]LogD3D11RHI: CleanupD3DDevice
[2016.01.06-00.25.14:720][379]LogD3D11RHI: ~FD3D11DynamicRHI
[2016.01.06-00.25.15:604][379]LogModuleManager: Shutting down and abandoning module ExternalImagePicker (203)
[2016.01.06-00.25.15:604][379]LogModuleManager: Shutting down and abandoning module CookingStats (202)
[2016.01.06-00.25.15:604][379]LogModuleManager: Shutting down and abandoning module LauncherServices (201)
[2016.01.06-00.25.15:604][379]LogModuleManager: Shutting down and abandoning module SequencerWidgets (200)
[2016.01.06-00.25.15:604][379]LogModuleManager: Shutting down and abandoning module BlueprintGraph (199)
[2016.01.06-00.25.15:605][379]LogModuleManager: Shutting down and abandoning module CrashTracker (198)
[2016.01.06-00.25.15:710][379]LogModuleManager: Shutting down and abandoning module SceneOutliner (197)
[2016.01.06-00.25.15:710][379]LogModuleManager: Shutting down and abandoning module SuperSearch (196)
[2016.01.06-00.25.15:710][379]LogModuleManager: Shutting down and abandoning module WidgetCarousel (195)
[2016.01.06-00.25.15:711][379]LogModuleManager: Shutting down and abandoning module AddContentDialog (194)
[2016.01.06-00.25.20:863][379]LogModuleManager: Shutting down and abandoning module EditorWidgets (193)
[2016.01.06-00.25.20:864][379]LogModuleManager: Shutting down and abandoning module CollectionManager (192)
[2016.01.06-00.25.21:233][379]LogModuleManager: Shutting down and abandoning module StatsViewer (191)
[2016.01.06-00.25.22:065][379]LogModuleManager: Shutting down and abandoning module FoliageEdit (190)
[2016.01.06-00.25.22:066][379]LogModuleManager: Shutting down and abandoning module LandscapeEditor (189)
[2016.01.06-00.25.22:970][379]LogModuleManager: Shutting down and abandoning module ActorPickerMode (188)
[2016.01.06-00.25.22:970][379]LogModuleManager: Shutting down and abandoning module GeometryMode (187)
[2016.01.06-00.25.23:348][379]LogModuleManager: Shutting down and abandoning module TextureAlignMode (186)
[2016.01.06-00.25.23:348][379]LogModuleManager: Shutting down and abandoning module BspMode (185)
[2016.01.06-00.25.23:348][379]LogModuleManager: Shutting down and abandoning module PlacementMode (184)
[2016.01.06-00.25.23:348][379]LogModuleManager: Shutting down and abandoning module AutomationWorker (183)
[2016.01.06-00.25.23:348][379]LogModuleManager: Shutting down and abandoning module CharacterAI (182)
[2016.01.06-00.25.23:349][379]LogModuleManager: Shutting down and abandoning module SmartSnapping (181)
[2016.01.06-00.25.23:349][379]LogModuleManager: Shutting down and abandoning module ViewportSnapping (180)
[2016.01.06-00.25.23:519][379]LogModuleManager: Shutting down and abandoning module LogVisualizer (179)
[2016.01.06-00.25.23:692][379]LogModuleManager: Shutting down and abandoning module GameProjectGeneration (178)
[2016.01.06-00.25.23:693][379]LogModuleManager: Shutting down and abandoning module IntroTutorials (177)
[2016.01.06-00.25.23:693][379]LogModuleManager: Shutting down and abandoning module EditorLiveStreaming (176)
[2016.01.06-00.25.23:693][379]LogModuleManager: Shutting down and abandoning module IOSPlatformEditor (175)
[2016.01.06-00.25.23:703][379]LogModuleManager: Shutting down and abandoning module HTML5PlatformEditor (174)
[2016.01.06-00.25.23:703][379]LogModuleManager: Shutting down and abandoning module AndroidDeviceDetection (173)
[2016.01.06-00.25.25:803][379]LogModuleManager: Shutting down and abandoning module AndroidPlatformEditor (172)
[2016.01.06-00.25.25:803][379]LogModuleManager: Shutting down and abandoning module IOSRuntimeSettings (171)
[2016.01.06-00.25.25:803][379]LogModuleManager: Shutting down and abandoning module AndroidRuntimeSettings (170)
[2016.01.06-00.25.25:803][379]LogModuleManager: Shutting down and abandoning module MergeActors (169)
[2016.01.06-00.25.25:803][379]LogModuleManager: Shutting down and abandoning module SizeMap (168)
[2016.01.06-00.25.26:567][379]LogModuleManager: Shutting down and abandoning module TreeMap (167)
[2016.01.06-00.25.26:666][379]LogModuleManager: Shutting down and abandoning module ReferenceViewer (166)
[2016.01.06-00.25.26:666][379]LogModuleManager: Shutting down and abandoning module LocalizationService (165)
[2016.01.06-00.25.26:667][379]LogModuleManager: Shutting down and abandoning module LocalizationDashboard (164)
[2016.01.06-00.25.27:434][379]LogModuleManager: Shutting down and abandoning module HardwareTargeting (163)
[2016.01.06-00.25.27:434][379]LogModuleManager: Shutting down and abandoning module DeviceProfileEditor (162)
[2016.01.06-00.25.27:799][379]LogModuleManager: Shutting down and abandoning module UndoHistory (161)
[2016.01.06-00.25.27:956][379]LogModuleManager: Shutting down and abandoning module GameplayTagsEditor (160)
[2016.01.06-00.25.27:956][379]LogModuleManager: Shutting down and abandoning module UserFeedback (159)
[2016.01.06-00.25.27:956][379]LogModuleManager: Shutting down and abandoning module XmlParser (158)
[2016.01.06-00.25.28:050][379]LogModuleManager: Shutting down and abandoning module Blutility (157)
[2016.01.06-00.25.28:050][379]LogModuleManager: Shutting down and abandoning module ProjectTargetPlatformEditor (156)
[2016.01.06-00.25.28:051][379]LogModuleManager: Shutting down and abandoning module ProjectSettingsViewer (155)
[2016.01.06-00.25.28:051][379]LogModuleManager: Shutting down and abandoning module InputBindingEditor (154)
[2016.01.06-00.25.28:051][379]LogModuleManager: Shutting down and abandoning module EditorSettingsViewer (153)
[2016.01.06-00.25.28:743][379]LogModuleManager: Shutting down and abandoning module SettingsEditor (152)
[2016.01.06-00.25.28:743][379]LogModuleManager: Shutting down and abandoning module ProjectLauncher (151)
[2016.01.06-00.25.28:909][379]LogModuleManager: Shutting down and abandoning module SessionFrontend (150)
[2016.01.06-00.25.28:922][379]LogModuleManager: Shutting down and abandoning module ProfilerClient (149)
[2016.01.06-00.25.28:922][379]LogModuleManager: Shutting down and abandoning module TargetDeviceServices (148)
[2016.01.06-00.25.28:922][379]LogModuleManager: Shutting down and abandoning module DeviceManager (147)
[2016.01.06-00.25.29:994][379]LogModuleManager: Shutting down and abandoning module AutomationController (146)
[2016.01.06-00.25.29:994][379]LogModuleManager: Shutting down and abandoning module AutomationWindow (145)
[2016.01.06-00.25.30:014][379]LogModuleManager: Shutting down and abandoning module Layers (144)
[2016.01.06-00.25.31:006][379]LogModuleManager: Shutting down and abandoning module ComponentVisualizers (143)
[2016.01.06-00.25.31:006][379]LogModuleManager: Shutting down and abandoning module DetailCustomizations (142)
[2016.01.06-00.25.31:006][379]LogModuleManager: Shutting down and abandoning module PackagesDialog (141)
[2016.01.06-00.25.31:007][379]LogModuleManager: Shutting down and abandoning module Persona (140)
[2016.01.06-00.25.31:159][379]LogModuleManager: Shutting down and abandoning module Kismet (139)
[2016.01.06-00.25.31:160][379]LogModuleManager: Shutting down and abandoning module GraphEditor (138)
[2016.01.06-00.25.31:840][379]LogModuleManager: Shutting down and abandoning module ClassViewer (137)
[2016.01.06-00.25.32:263][379]LogModuleManager: Shutting down and abandoning module Toolbox (136)
[2016.01.06-00.25.32:337][379]LogModuleManager: Shutting down and abandoning module ModuleUI (135)
[2016.01.06-00.25.32:337][379]LogModuleManager: Shutting down and abandoning module MovieSceneTools (134)
[2016.01.06-00.25.32:337][379]LogModuleManager: Shutting down and abandoning module OutputLog (133)
[2016.01.06-00.25.32:337][379]LogModuleManager: Shutting down and abandoning module GammaUI (132)
[2016.01.06-00.25.32:337][379]LogModuleManager: Shutting down and abandoning module Documentation (131)
[2016.01.06-00.25.32:337][379]LogModuleManager: Shutting down and abandoning module GameLiveStreaming (130)
[2016.01.06-00.25.32:337][379]LogModuleManager: Shutting down and abandoning module StreamingPauseRendering (129)
[2016.01.06-00.25.32:569][379]LogModuleManager: Shutting down and abandoning module AnalyticsET (128)
[2016.01.06-00.25.32:569][379]LogModuleManager: Shutting down and abandoning module Analytics (127)
[2016.01.06-00.25.32:829][379]LogModuleManager: Shutting down and abandoning module AITestSuite (126)
[2016.01.06-00.25.32:829][379]LogModuleManager: Shutting down and abandoning module GameplayDebugger (125)
[2016.01.06-00.25.32:829][379]LogModuleManager: Shutting down and abandoning module AIModule (124)
[2016.01.06-00.25.32:829][379]LogModuleManager: Shutting down and abandoning module ProfilerService (123)
[2016.01.06-00.25.37:373][379]LogModuleManager: Shutting down and abandoning module TaskGraph (122)
[2016.01.06-00.25.37:373][379]LogModuleManager: Shutting down and abandoning module SlateRemote (121)
[2016.01.06-00.25.37:374][379]LogModuleManager: Shutting down and abandoning module SteamVRController (120)
[2016.01.06-00.25.37:374][379]LogModuleManager: Shutting down and abandoning module SteamVR (119)
[2016.01.06-00.25.37:374][379]LogModuleManager: Shutting down and abandoning module ProceduralMeshComponent (118)
[2016.01.06-00.25.37:374][379]LogModuleManager: Shutting down and abandoning module OculusLibrary (117)
[2016.01.06-00.25.37:374][379]LogModuleManager: Shutting down and abandoning module OculusInput (116)
[2016.01.06-00.25.37:374][379]LogModuleManager: Shutting down and abandoning module LeapMotionController (115)
[2016.01.06-00.25.38:654][379]LogModuleManager: Shutting down and abandoning module CustomMeshComponent (114)
[2016.01.06-00.25.38:654][379]LogModuleManager: Shutting down and abandoning module CableComponent (113)
[2016.01.06-00.25.38:654][379]LogModuleManager: Shutting down and abandoning module ArchVisCharacter (112)
[2016.01.06-00.25.38:654][379]LogModuleManager: Shutting down and abandoning module MessagingDebugger (111)
[2016.01.06-00.25.38:692][379]LogModuleManager: Shutting down and abandoning module MediaPlayerEditor (110)
[2016.01.06-00.25.38:692][379]LogModuleManager: Shutting down and abandoning module HTML5Networking (109)
[2016.01.06-00.25.38:692][379]LogModuleManager: Shutting down and abandoning module SpeedTreeImporter (108)
[2016.01.06-00.25.38:692][379]LogModuleManager: Shutting down and abandoning module PluginBrowser (107)
[2016.01.06-00.25.38:703][379]LogModuleManager: Shutting down and abandoning module EpicSurvey (106)
[2016.01.06-00.25.38:958][379]LogModuleManager: Shutting down and abandoning module DesktopPlatform (105)
[2016.01.06-00.25.38:958][379]LogModuleManager: Shutting down and abandoning module VisualStudioSourceCodeAccess (104)
[2016.01.06-00.25.38:958][379]LogModuleManager: Shutting down and abandoning module UObjectPlugin (103)
[2016.01.06-00.25.38:958][379]LogModuleManager: Shutting down and abandoning module SubversionSourceControl (102)
[2016.01.06-00.25.38:958][379]LogModuleManager: Shutting down and abandoning module PerforceSourceControl (101)
[2016.01.06-00.25.39:139][379]LogModuleManager: Shutting down and abandoning module SourceControl (100)
[2016.01.06-00.25.39:196][379]LogModuleManager: Shutting down and abandoning module GitSourceControl (99)
[2016.01.06-00.25.39:196][379]LogModuleManager: Shutting down and abandoning module LightPropagationVolumeEditor (98)
[2016.01.06-00.25.39:196][379]LogModuleManager: Shutting down and abandoning module PaperTiledImporter (97)
[2016.01.06-00.25.39:196][379]LogModuleManager: Shutting down and abandoning module PaperSpriteSheetImporter (96)
[2016.01.06-00.25.39:196][379]LogModuleManager: Shutting down and abandoning module MeshPaint (95)
[2016.01.06-00.25.39:196][379]LogModuleManager: Shutting down and abandoning module SlateReflector (94)
[2016.01.06-00.25.39:196][379]LogModuleManager: Shutting down and abandoning module HotReload (93)
[2016.01.06-00.25.39:197][379]LogModuleManager: Shutting down and abandoning module MainFrame (92)
[2016.01.06-00.25.39:197][379]LogModuleManager: Shutting down and abandoning module LevelEditor (91)
[2016.01.06-00.25.39:885][379]LogModuleManager: Shutting down and abandoning module DirectoryWatcher (90)
[2016.01.06-00.25.40:844][379]LogModuleManager: Shutting down and abandoning module AssetRegistry (89)
[2016.01.06-00.25.57:876][379]LogModuleManager: Shutting down and abandoning module ContentBrowser (88)
[2016.01.06-00.25.58:736][379]LogModuleManager: Shutting down and abandoning module Paper2DEditor (87)
[2016.01.06-00.25.58:903][379]LogModuleManager: Shutting down and abandoning module UdpMessaging (86)
[2016.01.06-00.25.59:053][379]LogModuleManager: Shutting down and abandoning module LightPropagationVolumeRuntime (85)
[2016.01.06-00.25.59:053][379]LogModuleManager: Shutting down and abandoning module Paper2D (84)
[2016.01.06-00.25.59:053][379]LogModuleManager: Shutting down and abandoning module WindowsMoviePlayer (83)
[2016.01.06-00.26.01:050][379]LogModuleManager: Shutting down and abandoning module Media (82)
[2016.01.06-00.26.01:056][379]LogModuleManager: Shutting down and abandoning module WmfMedia (81)
[2016.01.06-00.26.01:238][379]LogModuleManager: Shutting down and abandoning module OnlineBlueprintSupport (80)
[2016.01.06-00.26.01:238][379]LogModuleManager: Shutting down and abandoning module GameplayTasksEditor (79)
[2016.01.06-00.26.01:238][379]LogModuleManager: Shutting down and abandoning module PropertyEditor (78)
[2016.01.06-00.26.01:238][379]LogModuleManager: Shutting down and abandoning module BehaviorTreeEditor (77)
[2016.01.06-00.26.01:238][379]LogModuleManager: Shutting down and abandoning module FunctionalTesting (76)
[2016.01.06-00.26.01:238][379]LogModuleManager: Shutting down and abandoning module CollisionAnalyzer (75)
[2016.01.06-00.26.01:272][379]LogModuleManager: Shutting down and abandoning module WorkspaceMenuStructure (74)
[2016.01.06-00.26.01:272][379]LogModuleManager: Shutting down and abandoning module MessageLog (73)
[2016.01.06-00.26.01:272][379]LogModuleManager: Shutting down and abandoning module Sequencer (72)
[2016.01.06-00.26.01:356][379]LogModuleManager: Shutting down and abandoning module AssetTools (71)
[2016.01.06-00.26.01:356][379]LogModuleManager: Shutting down and abandoning module UMGEditor (70)
[2016.01.06-00.26.01:356][379]LogModuleManager: Shutting down and abandoning module UMG (69)
[2016.01.06-00.26.01:356][379]LogModuleManager: Shutting down and abandoning module Slate (68)
[2016.01.06-00.26.01:356][379]LogModuleManager: Shutting down and abandoning module EditorStyle (67)
[2016.01.06-00.26.02:340][379]LogModuleManager: Shutting down and abandoning module SessionServices (66)
[2016.01.06-00.26.02:340][379]LogModuleManager: Shutting down and abandoning module SourceCodeAccess (65)
[2016.01.06-00.26.02:340][379]LogModuleManager: Shutting down and abandoning module HeadMountedDisplay (64)
[2016.01.06-00.26.02:340][379]LogModuleManager: Shutting down and abandoning module XAudio2 (63)
[2016.01.06-00.26.02:340][379]LogModuleManager: Shutting down and abandoning module Networking (61)
[2016.01.06-00.26.02:366][379]LogModuleManager: Shutting down and abandoning module Core (60)
[2016.01.06-00.26.02:366][379]LogModuleManager: Shutting down and abandoning module KismetCompiler (59)
[2016.01.06-00.26.02:366][379]LogModuleManager: Shutting down and abandoning module PhysXFormats (58)
[2016.01.06-00.26.02:402][379]LogModuleManager: Shutting down and abandoning module MeshUtilities (57)
[2016.01.06-00.26.02:402][379]LogModuleManager: Shutting down and abandoning module DerivedDataCache (56)
[2016.01.06-00.26.02:953][379]LogDerivedDataCache: Shutdown
[2016.01.06-00.26.02:953][379]LogModuleManager: Shutting down and abandoning module ShaderFormatOpenGL (55)
[2016.01.06-00.26.03:032][379]LogModuleManager: Shutting down and abandoning module ShaderFormatD3D (54)
[2016.01.06-00.26.03:042][379]LogModuleManager: Shutting down and abandoning module MetalShaderFormat (53)
[2016.01.06-00.26.03:043][379]LogModuleManager: Shutting down and abandoning module TextureFormatUncompressed (52)
[2016.01.06-00.26.03:045][379]LogModuleManager: Shutting down and abandoning module TextureFormatPVR (51)
[2016.01.06-00.26.03:046][379]LogModuleManager: Shutting down and abandoning module TextureFormatIntelISPCTexComp (50)
[2016.01.06-00.26.03:046][379]LogModuleManager: Shutting down and abandoning module TextureFormatDXT (49)
[2016.01.06-00.26.03:046][379]LogModuleManager: Shutting down and abandoning module ImageWrapper (48)
[2016.01.06-00.26.03:046][379]LogModuleManager: Shutting down and abandoning module TextureFormatASTC (47)
[2016.01.06-00.26.03:046][379]LogModuleManager: Shutting down and abandoning module TextureFormatAndroid (46)
[2016.01.06-00.26.03:046][379]LogModuleManager: Shutting down and abandoning module AudioFormatOpus (45)
[2016.01.06-00.26.03:047][379]LogModuleManager: Shutting down and abandoning module AudioFormatOgg (44)
[2016.01.06-00.26.03:047][379]LogModuleManager: Shutting down and abandoning module AudioFormatADPCM (43)
[2016.01.06-00.26.03:048][379]LogModuleManager: Shutting down and abandoning module LinuxTargetPlatform (42)
[2016.01.06-00.26.03:085][379]LogModuleManager: Shutting down and abandoning module LinuxServerTargetPlatform (41)
[2016.01.06-00.26.03:085][379]LogModuleManager: Shutting down and abandoning module LinuxNoEditorTargetPlatform (40)
[2016.01.06-00.26.03:087][379]LogModuleManager: Shutting down and abandoning module Messaging (39)
[2016.01.06-00.26.03:134][379]LogModuleManager: Shutting down and abandoning module IOSTargetPlatform (38)
[2016.01.06-00.26.03:147][379]LogModuleManager: Shutting down and abandoning module HTML5TargetPlatform (37)
[2016.01.06-00.26.03:148][379]LogModuleManager: Shutting down and abandoning module Android_PVRTCTargetPlatform (36)
[2016.01.06-00.26.03:148][379]LogModuleManager: Shutting down and abandoning module Android_MultiTargetPlatform (35)
[2016.01.06-00.26.03:148][379]LogModuleManager: Shutting down and abandoning module Android_ETC2TargetPlatform (34)
[2016.01.06-00.26.03:148][379]LogModuleManager: Shutting down and abandoning module Android_ETC1TargetPlatform (33)
[2016.01.06-00.26.03:148][379]LogModuleManager: Shutting down and abandoning module Android_DXTTargetPlatform (32)
[2016.01.06-00.26.03:171][379]LogModuleManager: Shutting down and abandoning module Android_ATCTargetPlatform (31)
[2016.01.06-00.26.03:171][379]LogModuleManager: Shutting down and abandoning module Android_ASTCTargetPlatform (30)
[2016.01.06-00.26.03:171][379]LogModuleManager: Shutting down and abandoning module AndroidTargetPlatform (29)
[2016.01.06-00.26.03:171][379]LogModuleManager: Shutting down and abandoning module WindowsTargetPlatform (28)
[2016.01.06-00.26.03:184][379]LogModuleManager: Shutting down and abandoning module WindowsServerTargetPlatform (27)
[2016.01.06-00.26.03:185][379]LogModuleManager: Shutting down and abandoning module WindowsNoEditorTargetPlatform (26)
[2016.01.06-00.26.03:185][379]LogModuleManager: Shutting down and abandoning module WindowsClientTargetPlatform (25)
[2016.01.06-00.26.03:185][379]LogModuleManager: Shutting down and abandoning module AllDesktopTargetPlatform (24)
[2016.01.06-00.26.03:185][379]LogModuleManager: Shutting down and abandoning module TargetPlatform (23)
[2016.01.06-00.26.03:240][379]LogModuleManager: Shutting down and abandoning module InputCore (22)
[2016.01.06-00.26.03:241][379]LogModuleManager: Shutting down and abandoning module Settings (21)
[2016.01.06-00.26.03:280][379]LogModuleManager: Shutting down and abandoning module OnlineSubsystem (19)
[2016.01.06-00.26.03:280][379]LogModuleManager: Shutting down and abandoning module HTTP (18)
[2016.01.06-00.26.06:838][379]LogModuleManager: Shutting down and abandoning module XMPP (17)
[2016.01.06-00.26.06:838][379]LogModuleManager: Shutting down and abandoning module OculusRift (16)
[2016.01.06-00.26.06:838][379]LogModuleManager: Shutting down and abandoning module ExampleDeviceProfileSelector (15)
[2016.01.06-00.26.06:858][379]LogModuleManager: Shutting down and abandoning module TextureCompressor (14)
[2016.01.06-00.26.07:036][379]LogModuleManager: Shutting down and abandoning module ShaderCore (13)
[2016.01.06-00.26.07:036][379]LogModuleManager: Shutting down and abandoning module Landscape (12)
[2016.01.06-00.26.07:036][379]LogModuleManager: Shutting down and abandoning module SlateRHIRenderer (11)
[2016.01.06-00.26.11:900][379]LogModuleManager: Shutting down and abandoning module OpenGLDrv (10)
[2016.01.06-00.26.11:900][379]LogModuleManager: Shutting down and abandoning module D3D11RHI (9)
[2016.01.06-00.26.11:900][379]LogModuleManager: Shutting down and abandoning module AnimGraphRuntime (8)
[2016.01.06-00.26.11:900][379]LogModuleManager: Shutting down and abandoning module Renderer (7)
[2016.01.06-00.26.11:900][379]LogModuleManager: Shutting down and abandoning module Engine (6)
[2016.01.06-00.26.11:900][379]LogModuleManager: Shutting down and abandoning module CoreUObject (5)
[2016.01.06-00.26.11:900][379]LogModuleManager: Shutting down and abandoning module NetworkFile (4)
[2016.01.06-00.26.11:900][379]LogModuleManager: Shutting down and abandoning module StreamingFile (3)
[2016.01.06-00.26.11:901][379]LogModuleManager: Shutting down and abandoning module SandboxFile (2)
[2016.01.06-00.26.11:901][379]LogModuleManager: Shutting down and abandoning module PakFile (1)
[2016.01.06-00.26.12:213][379]LogExit: Exiting.
[2016.01.06-00.26.14:862][379]Log file closed, 01/05/16 16:26:14
