[2016.01.23-03.48.27:345][  0]Log file open, 01/22/16 19:48:27
[2016.01.23-03.48.27:345][  0]LogInit:Display: Running engine for game: Growth
[2016.01.23-03.48.27:345][  0]LogPlatformFile: Not using cached read wrapper
[2016.01.23-03.48.27:345][  0]LogInit:Display: RandInit(1890025067) SRandInit(1890025071).
[2016.01.23-03.48.27:345][  0]LogTaskGraph: Started task graph with 4 named threads and 7 total threads.
[2016.01.23-03.48.27:345][  0]LogStats: Stats thread started at 0.198499
[2016.01.23-03.48.27:345][  0]LogInit: Version: 4.10.0-2758231+++depot+UE4-Releases+4.10
[2016.01.23-03.48.27:345][  0]LogInit: API Version: 2758231
[2016.01.23-03.48.27:345][  0]LogInit: Compiled (64-bit): Nov  7 2015 05:13:45
[2016.01.23-03.48.27:345][  0]LogInit: Compiled with Visual C++: 19.00.23026.00
[2016.01.23-03.48.27:345][  0]LogInit: Build Configuration: Development
[2016.01.23-03.48.27:345][  0]LogInit: Branch Name: ++depot+UE4-Releases+4.10
[2016.01.23-03.48.27:345][  0]LogInit: Command line:  
[2016.01.23-03.48.27:345][  0]LogInit: Base directory: C:/Program Files/Epic Games/4.10/Engine/Binaries/Win64/
[2016.01.23-03.48.27:345][  0]LogInit: Rocket: 1
[2016.01.23-03.48.27:380][  0]LogInit: Using libcurl 7.41.0
[2016.01.23-03.48.27:380][  0]LogInit:  - built for x86_64-pc-win32
[2016.01.23-03.48.27:380][  0]LogInit:  - supports SSL with WinSSL
[2016.01.23-03.48.27:380][  0]LogInit:  - other features:
[2016.01.23-03.48.27:380][  0]LogInit:      CURL_VERSION_SSL
[2016.01.23-03.48.27:380][  0]LogInit:      CURL_VERSION_IPV6
[2016.01.23-03.48.27:380][  0]LogInit:      CURL_VERSION_ASYNCHDNS
[2016.01.23-03.48.27:380][  0]LogInit:      CURL_VERSION_LARGEFILE
[2016.01.23-03.48.27:380][  0]LogInit:      CURL_VERSION_IDN
[2016.01.23-03.48.27:380][  0]LogInit:  CurlRequestOptions (configurable via config and command line):
[2016.01.23-03.48.27:380][  0]LogInit:  - bVerifyPeer = true  - Libcurl will verify peer certificate
[2016.01.23-03.48.27:380][  0]LogInit:  - bUseHttpProxy = false  - Libcurl will NOT use HTTP proxy
[2016.01.23-03.48.27:381][  0]LogInit:  - bDontReuseConnections = false  - Libcurl will reuse connections
[2016.01.23-03.48.27:381][  0]LogInit:  - CertBundlePath = nullptr  - Libcurl will use whatever was configured at build time.
[2016.01.23-03.48.27:415][  0]LogInit: Presizing for 0 objects not considered by GC, pre-allocating 0 bytes.
[2016.01.23-03.48.27:435][  0]LogInit: Object subsystem initialized
[2016.01.23-03.48.27:438][  0]LogInit: Selected Device Profile: [Windows]
[2016.01.23-03.48.27:438][  0]LogInit: Applying CVar settings loaded from the selected device profile: [Windows]
[2016.01.23-03.48.27:508][  0]LogInit: Computer: ALEX-PC
[2016.01.23-03.48.27:508][  0]LogInit: User: Alex
[2016.01.23-03.48.27:508][  0]LogInit: CPU Page size=4096, Cores=4
[2016.01.23-03.48.27:508][  0]LogInit: High frequency timer resolution =2.533208 MHz
[2016.01.23-03.48.27:509][  0]LogMemory: Memory total: Physical=7.9GB (8GB approx)
[2016.01.23-03.48.27:509][  0]LogMemory: Platform Memory Stats for Windows
[2016.01.23-03.48.27:509][  0]LogMemory: Process Physical Memory: 56.38 MB used, 56.38 MB peak
[2016.01.23-03.48.27:509][  0]LogMemory: Process Virtual Memory: 55.71 MB used, 55.71 MB peak
[2016.01.23-03.48.27:509][  0]LogMemory: Physical Memory: 2907.12 MB used, 8110.36 MB total
[2016.01.23-03.48.27:509][  0]LogMemory: Virtual Memory: 377.51 MB used, 134217728.00 MB total
[2016.01.23-03.48.27:645][  0]LogTextLocalizationManager: No specific translations for ('en-US') exist, so ('en') translations will be used.
[2016.01.23-03.48.29:066][  0]LogD3D11RHI: Found D3D11 adapter 0: NVIDIA GeForce GTX 965M        (Feature Level 11_0)
[2016.01.23-03.48.29:066][  0]LogD3D11RHI: Adapter has 4013MB of dedicated video memory, 0MB of dedicated system memory, and 4055MB of shared system memory, 1 output[s]
[2016.01.23-03.48.29:089][  0]LogD3D11RHI: Found D3D11 adapter 1: Intel(R) HD Graphics 4600 (Feature Level 11_0)
[2016.01.23-03.48.29:089][  0]LogD3D11RHI: Adapter has 112MB of dedicated video memory, 0MB of dedicated system memory, and 4055MB of shared system memory, 0 output[s]
[2016.01.23-03.48.29:097][  0]LogD3D11RHI: Found D3D11 adapter 2: Microsoft Basic Render Driver (Feature Level 11_0)
[2016.01.23-03.48.29:097][  0]LogD3D11RHI: Adapter has 0MB of dedicated video memory, 0MB of dedicated system memory, and 4055MB of shared system memory, 0 output[s]
[2016.01.23-03.48.29:097][  0]LogD3D11RHI: Chosen D3D11 Adapter Id = 0
[2016.01.23-03.48.29:111][  0]LogD3D11RHI: !Direct3DDevice
[2016.01.23-03.48.29:111][  0]LogRHI: Texture pool is 1361 MB (70% of 1945 MB)
[2016.01.23-03.48.29:167][  0]LogD3D11RHI: Async texture creation enabled
[2016.01.23-03.48.29:197][  0]LogShaderCompilers: Guid format shader working directory is 35 characters bigger than the processId version (E:/Growth/Intermediate/Shaders/WorkingDirectory/10208/).
[2016.01.23-03.48.29:198][  0]LogShaderCompilers: Cleaned the shader compiler working directory 'C:/Users/Alex/AppData/Local/Temp/UnrealShaderWorkingDir/7629C05E46226F3E797800994A0C78BE/'.
[2016.01.23-03.48.29:198][  0]LogShaderCompilers:Display: Using Local Shader Compiler.
[2016.01.23-03.48.32:611][  0]LogTemp:Display: Loaded TP AllDesktopTargetPlatform
[2016.01.23-03.48.32:633][  0]LogTemp:Display: Loaded TP WindowsClientTargetPlatform
[2016.01.23-03.48.32:655][  0]LogTemp:Display: Loaded TP WindowsNoEditorTargetPlatform
[2016.01.23-03.48.32:678][  0]LogTemp:Display: Loaded TP WindowsServerTargetPlatform
[2016.01.23-03.48.32:699][  0]LogTemp:Display: Loaded TP WindowsTargetPlatform
[2016.01.23-03.48.32:713][  0]LogTemp:Display: Loaded TP AndroidTargetPlatform
[2016.01.23-03.48.32:725][  0]LogTemp:Display: Loaded TP Android_ASTCTargetPlatform
[2016.01.23-03.48.32:737][  0]LogTemp:Display: Loaded TP Android_ATCTargetPlatform
[2016.01.23-03.48.32:749][  0]LogTemp:Display: Loaded TP Android_DXTTargetPlatform
[2016.01.23-03.48.32:763][  0]LogTemp:Display: Loaded TP Android_ETC1TargetPlatform
[2016.01.23-03.48.32:776][  0]LogTemp:Display: Loaded TP Android_ETC2TargetPlatform
[2016.01.23-03.48.32:803][  0]LogTemp:Display: Loaded TP Android_MultiTargetPlatform
[2016.01.23-03.48.32:803][  0]LogTemp:Display: Loaded TP Android_PVRTCTargetPlatform
[2016.01.23-03.48.32:807][  0]LogTemp:Display: Loaded TP HTML5TargetPlatform
[2016.01.23-03.48.32:849][  0]LogTemp:Display: Loaded TP IOSTargetPlatform
[2016.01.23-03.48.32:861][  0]LogTemp:Display: Loaded TP LinuxNoEditorTargetPlatform
[2016.01.23-03.48.32:872][  0]LogTemp:Display: Loaded TP LinuxServerTargetPlatform
[2016.01.23-03.48.32:885][  0]LogTemp:Display: Loaded TP LinuxTargetPlatform
[2016.01.23-03.48.32:885][  0]LogTargetPlatformManager:Display: Building Assets For Windows
[2016.01.23-03.48.33:362][  0]LogDerivedDataCache:Display: Max Cache Size: 512 MB
[2016.01.23-03.48.33:538][  0]LogDerivedDataCache: Loaded boot cache 0.18s 41MB C:/Users/Alex/AppData/Local/UnrealEngine/4.10/DerivedDataCache/Boot.ddc.
[2016.01.23-03.48.33:538][  0]LogDerivedDataCache:Display: Loaded Boot cache: C:/Users/Alex/AppData/Local/UnrealEngine/4.10/DerivedDataCache/Boot.ddc
[2016.01.23-03.48.33:538][  0]LogDerivedDataCache: FDerivedDataBackendGraph:  Pak pak cache file E:/Growth/DerivedDataCache/DDC.ddp not found, will not use a pak cache.
[2016.01.23-03.48.33:538][  0]LogDerivedDataCache: Unable to find inner node Pak for hierarchical cache Hierarchy.
[2016.01.23-03.48.33:538][  0]LogDerivedDataCache: FDerivedDataBackendGraph:  CompressedPak pak cache file E:/Growth/DerivedDataCache/Compressed.ddp not found, will not use a pak cache.
[2016.01.23-03.48.33:539][  0]LogDerivedDataCache: Unable to find inner node CompressedPak for hierarchical cache Hierarchy.
[2016.01.23-03.48.33:755][  0]LogDerivedDataCache:Display: Pak cache opened for reading ../../../Engine/DerivedDataCache/Compressed.ddp.
[2016.01.23-03.48.33:770][  0]LogDerivedDataCache: Using Local data cache path C:/Users/Alex/AppData/Local/UnrealEngine/Common/DerivedDataCache: Writable
[2016.01.23-03.48.34:516][  0]LogInit: Selected Device Profile: [Windows]
[2016.01.23-03.48.34:526][  0]LogContentStreaming: Texture pool size is 0.000000MB
[2016.01.23-03.48.35:054][  0]LogMeshUtilities: No automatic mesh reduction module available
[2016.01.23-03.48.35:054][  0]LogMeshUtilities: No automatic mesh merging module available
[2016.01.23-03.48.35:921][  0]LogInit: WinSock: version 1.1 (2.2), MaxSocks=32767, MaxUdp=65467
[2016.01.23-03.48.39:892][  0]UdpMessaging: Initializing bridge on interface 0.0.0.0:0 to multicast group 230.0.0.1:6666.
[2016.01.23-03.48.40:131][  0]LogAssetRegistry: FAssetRegistry took 0.0120 seconds to start up
[2016.01.23-03.48.41:006][  0]SourceControl: Info Source control is disabled
[2016.01.23-03.48.41:011][  0]SourceControl: Info Source control is disabled
[2016.01.23-03.48.41:081][  0]SourceControl: Info Source control is disabled
[2016.01.23-03.48.41:156][  0]SourceControl: Info Source control is disabled
[2016.01.23-03.48.42:566][  0]LogObj: 28633 objects as part of root set at end of initial load.
[2016.01.23-03.48.42:566][  0]LogUObjectAllocator: 6099752 out of 0 bytes used by permanent object pool.
[2016.01.23-03.48.42:753][  0]LogEngine: Initializing Engine...
[2016.01.23-03.48.42:769][  0]LogHMD: Can't find Oculus library dev build: is proper Runtime installed? Version: 0.8.0.0
[2016.01.23-03.48.42:772][  0]LogHMD: SteamVR failed to initialize.  Err: 110
[2016.01.23-03.48.43:229][  0]LogAIModule: Creating AISystem for world NewWorld
[2016.01.23-03.48.43:263][  0]LogInit: XAudio2 using 'Speakers (Realtek High Definition Audio)' : 2 channels at 48 kHz using 32 bits per sample (channel mask 0x3)
[2016.01.23-03.48.43:351][  0]LogInit: FAudioDevice initialized.
[2016.01.23-03.48.43:422][  0]LogDerivedDataCache: Saved boot cache 0.07s 41MB C:/Users/Alex/AppData/Local/UnrealEngine/4.10/DerivedDataCache/Boot.ddc.
[2016.01.23-03.48.43:437][  0]LogInit: Texture streaming: Enabled
[2016.01.23-03.48.43:467][  0]LogAnalytics: Creating configured Analytics provider AnalyticsET
[2016.01.23-03.48.43:467][  0]LogAnalytics: [UEEditor.Rocket.Release] APIServer = http://et2.epicgames.com/ET2/. AppVersion = 4.10.0-2758231+++depot+UE4-Releases+4.10
[2016.01.23-03.48.43:468][  0]LogAnalytics: [UEEditor.Rocket.Release] SetUserId 2ea81a834ffda1c7700eadb43070947c|187ad38f3ca5493bb24c70d7c7079e52|82e58137-6379-40ac-b56e-28c7ca34f864
[2016.01.23-03.48.43:468][  0]LogAnalytics: [UEEditor.Rocket.Release] AnalyticsET::StartSession
[2016.01.23-03.48.44:439][  0]LogInit: Transaction tracking system initialized
[2016.01.23-03.48.44:615][  0]BlueprintLog: New page: Editor Load
[2016.01.23-03.48.45:151][  0]LocalizationService: Info Localization service is disabled
[2016.01.23-03.48.45:534][  0]LogConsoleResponse:Display: 
[2016.01.23-03.48.45:994][  0]LogCook:Display: Done creating registry. It took  0.00s.
[2016.01.23-03.48.46:355][  0]LogFileCache: Scanning file cache for directory 'E:/Growth/Content/' took 0.02s
[2016.01.23-03.48.46:355][  0]SourceControl: Info Source control is disabled
[2016.01.23-03.48.46:355][  0]Cmd: MAP LOAD FILE="E:/Growth/Content/Maps/ExampleMap.umap" TEMPLATE=0 SHOWPROGRESS=1 FEATURELEVEL=3
[2016.01.23-03.48.46:357][  0]LightingResults: New page: Lighting Build
[2016.01.23-03.48.46:373][  0]MapCheck: New page: Map Check
[2016.01.23-03.48.46:373][  0]LightingResults: New page: Lighting Build
[2016.01.23-03.48.46:421][  0]LogParticles: Destroying 0 GPU particle simulations for FXSystem 0x000000E3E2047420
[2016.01.23-03.48.48:148][  0]LogAIModule: Creating AISystem for world ExampleMap
[2016.01.23-03.48.48:190][  0]LogEditorServer: Finished looking for orphan Actors (0.000 secs)
[2016.01.23-03.48.48:192][  0]Cmd: MAP CHECKDEP NOCLEARLOG
[2016.01.23-03.48.48:585][  0]MapCheck: Info Map check complete: 0 Error(s), 0 Warning(s), took 392.841ms to complete.
[2016.01.23-03.48.48:585][  0]LogFileHelpers: Loading map 'ExampleMap' took 2.231
[2016.01.23-03.48.48:886][  0]LogCollectionManager: Loaded 0 collections in 0.011719 seconds
[2016.01.23-03.48.48:949][  0]LogFileCache: Scanning file cache for directory 'E:/Growth/Saved/Collections/' took 0.01s
[2016.01.23-03.48.48:950][  0]LogFileCache: Scanning file cache for directory 'E:/Growth/Content/Developers/Alex/Collections/' took 0.01s
[2016.01.23-03.48.48:950][  0]LogFileCache: Scanning file cache for directory 'E:/Growth/Content/Collections/' took 0.01s
[2016.01.23-03.48.48:950][  0]LogCollectionManager: Rebuilt the GUID cache for 0 collections in 0.000005 seconds
[2016.01.23-03.48.48:981][  0]LogContentBrowser: Native class hierarchy populated in 0.0313 seconds. Added 1893 classes and 338 folders.
[2016.01.23-03.48.49:016][  0]LogContentBrowser: Native class hierarchy updated for 'WidgetCarousel' in 0.0012 seconds. Added 0 classes and 0 folders.
[2016.01.23-03.48.49:324][  0]LogContentBrowser: Native class hierarchy updated for 'AddContentDialog' in 0.0012 seconds. Added 0 classes and 0 folders.
[2016.01.23-03.48.49:343][  0]LogContentBrowser: Native class hierarchy updated for 'SceneOutliner' in 0.0013 seconds. Added 1 classes and 2 folders.
[2016.01.23-03.48.49:544][  0]LogCrashTracker: Crashtracker disabled due to settings.
[2016.01.23-03.48.49:557][  0]LogUObjectGlobals:Warning: Failed to find object 'Class None.'
[2016.01.23-03.48.49:585][  0]LogLoad: Full Startup: 24.09 seconds (BP compile: 0.46 seconds)
[2016.01.23-03.48.49:627][  0]LogOcInput: Can't find Oculus library dev build: is proper Runtime installed? Version: 0.8.0.0
[2016.01.23-03.48.49:831][  0]LogContentStreaming: Texture pool size now 1000 MB
[2016.01.23-03.48.50:291][  0]LogRenderer: Reallocating scene render targets to support 884x432 (Frame:2).
[2016.01.23-03.48.51:513][  8]LogAssetRegistry: Asset discovery search completed in 11.3936 seconds
[2016.01.23-03.48.51:513][  8]LogCollectionManager: Rebuilt the object cache for 0 collections in 0.000001 seconds (found 0 objects)
[2016.01.23-03.48.51:513][  8]LogCollectionManager: Fixed up redirectors for 0 collections in 0.000072 seconds (updated 0 objects)
[2016.01.23-03.48.57:373][254]LogLinker:Warning: Asset '../../../Engine/Content/ArtTools/RenderToTexture/Macros/RenderToTextureMacros.uasset' has been saved with empty engine version. The asset will be loaded but may be incompatible.
[2016.01.23-03.48.58:990][254]LogContentBrowser: Native class hierarchy updated for 'BlueprintGraph' in 0.0029 seconds. Added 107 classes and 0 folders.
[2016.01.23-03.49.09:886][519]LogPlayLevel: PlayLevel: No blueprints needed recompiling
[2016.01.23-03.49.09:887][519]PIE: New page: PIE session: ExampleMap (Jan 22, 2016, 11:49:09 AM)
[2016.01.23-03.49.09:887][519]LogPlayLevel: Creating play world package: /Game/Maps/UEDPIE_0_ExampleMap
[2016.01.23-03.49.09:892][519]LogPlayLevel: PIE: StaticDuplicateObject took: (0.004609s)
[2016.01.23-03.49.09:893][519]LogAIModule: Creating AISystem for world ExampleMap
[2016.01.23-03.49.09:894][519]LogPlayLevel: PIE: World Init took: (0.002166s)
[2016.01.23-03.49.09:894][519]LogPlayLevel: PIE: Created PIE world by copying editor world from /Game/Maps/ExampleMap.ExampleMap to /Game/Maps/UEDPIE_0_ExampleMap.ExampleMap (0.007301s)
[2016.01.23-03.49.10:030][519]LogInit: XAudio2 using 'Speakers (Realtek High Definition Audio)' : 2 channels at 48 kHz using 32 bits per sample (channel mask 0x3)
[2016.01.23-03.49.10:071][519]LogInit: FAudioDevice initialized.
[2016.01.23-03.49.10:381][519]LogWorld: Game class is 'Level_GameMode_C'
[2016.01.23-03.49.10:393][519]LogWorld: Bringing World /Game/Maps/UEDPIE_0_ExampleMap.ExampleMap up for play (max tick rate 60) at 2016.01.22-19.49.10
[2016.01.23-03.49.10:393][519]LogActor:Warning: GameSession /Game/Maps/UEDPIE_0_ExampleMap.ExampleMap:PersistentLevel.GameSession_0 has natively added scene component(s), but none of them were set as the actor's RootComponent - picking one arbitrarily
[2016.01.23-03.49.10:394][519]LogActor:Warning: GameNetworkManager /Game/Maps/UEDPIE_0_ExampleMap.ExampleMap:PersistentLevel.GameNetworkManager_0 has natively added scene component(s), but none of them were set as the actor's RootComponent - picking one arbitrarily
[2016.01.23-03.49.10:402][519]LogWorld: Bringing up level for play took: 0.017763
[2016.01.23-03.49.10:466][519]PIE: Info Play in editor start time for /Game/Maps/UEDPIE_0_ExampleMap 1.316
[2016.01.23-03.49.10:500][520]LogRenderer: Reallocating scene render targets to support 1280x720 (Frame:16).
[2016.01.23-03.49.14:854][651]LogParticles: Destroying 0 GPU particle simulations for FXSystem 0x000000E3A155E3E0
[2016.01.23-03.49.42:800][904]BlueprintLog: New page: Compile GrowthCamera
[2016.01.23-03.49.43:605][904]BlueprintEditorCompileResults: Info [0078.11] Compile of GrowthCamera successful! [in 804 ms]
[2016.01.23-03.49.45:348][994]LogPlayLevel: PlayLevel: No blueprints needed recompiling
[2016.01.23-03.49.45:348][994]PIE: New page: PIE session: ExampleMap (Jan 22, 2016, 11:49:45 AM)
[2016.01.23-03.49.45:348][994]LogPlayLevel: Creating play world package: /Game/Maps/UEDPIE_0_ExampleMap
[2016.01.23-03.49.45:353][994]LogPlayLevel: PIE: StaticDuplicateObject took: (0.004156s)
[2016.01.23-03.49.45:354][994]LogAIModule: Creating AISystem for world ExampleMap
[2016.01.23-03.49.45:354][994]LogPlayLevel: PIE: World Init took: (0.001675s)
[2016.01.23-03.49.45:355][994]LogPlayLevel: PIE: Created PIE world by copying editor world from /Game/Maps/ExampleMap.ExampleMap to /Game/Maps/UEDPIE_0_ExampleMap.ExampleMap (0.006300s)
[2016.01.23-03.49.45:450][994]LogInit: XAudio2 using 'Speakers (Realtek High Definition Audio)' : 2 channels at 48 kHz using 32 bits per sample (channel mask 0x3)
[2016.01.23-03.49.45:490][994]LogInit: FAudioDevice initialized.
[2016.01.23-03.49.45:554][994]LogWorld: Game class is 'Level_GameMode_C'
[2016.01.23-03.49.45:568][994]LogWorld: Bringing World /Game/Maps/UEDPIE_0_ExampleMap.ExampleMap up for play (max tick rate 60) at 2016.01.22-19.49.45
[2016.01.23-03.49.45:568][994]LogActor:Warning: GameSession /Game/Maps/UEDPIE_0_ExampleMap.ExampleMap:PersistentLevel.GameSession_1 has natively added scene component(s), but none of them were set as the actor's RootComponent - picking one arbitrarily
[2016.01.23-03.49.45:568][994]LogActor:Warning: GameNetworkManager /Game/Maps/UEDPIE_0_ExampleMap.ExampleMap:PersistentLevel.GameNetworkManager_1 has natively added scene component(s), but none of them were set as the actor's RootComponent - picking one arbitrarily
[2016.01.23-03.49.45:576][994]LogWorld: Bringing up level for play took: 0.018057
[2016.01.23-03.49.45:629][994]PIE: Info Play in editor start time for /Game/Maps/UEDPIE_0_ExampleMap 0.479
[2016.01.23-03.50.01:472][582]LogParticles: Destroying 0 GPU particle simulations for FXSystem 0x000000E3D3CDCAE0
[2016.01.23-03.50.02:865][649]LogPlayLevel: PlayLevel: No blueprints needed recompiling
[2016.01.23-03.50.02:865][649]PIE: New page: PIE session: ExampleMap (Jan 22, 2016, 11:50:02 AM)
[2016.01.23-03.50.02:865][649]LogPlayLevel: Creating play world package: /Game/Maps/UEDPIE_0_ExampleMap
[2016.01.23-03.50.02:869][649]LogPlayLevel: PIE: StaticDuplicateObject took: (0.004186s)
[2016.01.23-03.50.02:871][649]LogAIModule: Creating AISystem for world ExampleMap
[2016.01.23-03.50.02:871][649]LogPlayLevel: PIE: World Init took: (0.001675s)
[2016.01.23-03.50.02:871][649]LogPlayLevel: PIE: Created PIE world by copying editor world from /Game/Maps/ExampleMap.ExampleMap to /Game/Maps/UEDPIE_0_ExampleMap.ExampleMap (0.006307s)
[2016.01.23-03.50.02:969][649]LogInit: XAudio2 using 'Speakers (Realtek High Definition Audio)' : 2 channels at 48 kHz using 32 bits per sample (channel mask 0x3)
[2016.01.23-03.50.03:006][649]LogInit: FAudioDevice initialized.
[2016.01.23-03.50.03:073][649]LogWorld: Game class is 'Level_GameMode_C'
[2016.01.23-03.50.03:084][649]LogWorld: Bringing World /Game/Maps/UEDPIE_0_ExampleMap.ExampleMap up for play (max tick rate 60) at 2016.01.22-19.50.03
[2016.01.23-03.50.03:084][649]LogActor:Warning: GameSession /Game/Maps/UEDPIE_0_ExampleMap.ExampleMap:PersistentLevel.GameSession_2 has natively added scene component(s), but none of them were set as the actor's RootComponent - picking one arbitrarily
[2016.01.23-03.50.03:085][649]LogActor:Warning: GameNetworkManager /Game/Maps/UEDPIE_0_ExampleMap.ExampleMap:PersistentLevel.GameNetworkManager_2 has natively added scene component(s), but none of them were set as the actor's RootComponent - picking one arbitrarily
[2016.01.23-03.50.03:093][649]LogWorld: Bringing up level for play took: 0.016548
[2016.01.23-03.50.03:148][649]PIE: Info Play in editor start time for /Game/Maps/UEDPIE_0_ExampleMap -0.003
[2016.01.23-03.50.08:739][844]LogParticles: Destroying 0 GPU particle simulations for FXSystem 0x000000E3D665FEC0
[2016.01.23-03.50.40:259][410]LogPlayLevel: PlayLevel: No blueprints needed recompiling
[2016.01.23-03.50.40:260][410]PIE: New page: PIE session: ExampleMap (Jan 22, 2016, 11:50:40 AM)
[2016.01.23-03.50.40:260][410]LogPlayLevel: Creating play world package: /Game/Maps/UEDPIE_0_ExampleMap
[2016.01.23-03.50.40:264][410]LogPlayLevel: PIE: StaticDuplicateObject took: (0.004225s)
[2016.01.23-03.50.40:266][410]LogAIModule: Creating AISystem for world ExampleMap
[2016.01.23-03.50.40:266][410]LogPlayLevel: PIE: World Init took: (0.001830s)
[2016.01.23-03.50.40:266][410]LogPlayLevel: PIE: Created PIE world by copying editor world from /Game/Maps/ExampleMap.ExampleMap to /Game/Maps/UEDPIE_0_ExampleMap.ExampleMap (0.006512s)
[2016.01.23-03.50.40:364][410]LogInit: XAudio2 using 'Speakers (Realtek High Definition Audio)' : 2 channels at 48 kHz using 32 bits per sample (channel mask 0x3)
[2016.01.23-03.50.40:403][410]LogInit: FAudioDevice initialized.
[2016.01.23-03.50.40:469][410]LogWorld: Game class is 'Level_GameMode_C'
[2016.01.23-03.50.40:481][410]LogWorld: Bringing World /Game/Maps/UEDPIE_0_ExampleMap.ExampleMap up for play (max tick rate 60) at 2016.01.22-19.50.40
[2016.01.23-03.50.40:482][410]LogActor:Warning: GameSession /Game/Maps/UEDPIE_0_ExampleMap.ExampleMap:PersistentLevel.GameSession_3 has natively added scene component(s), but none of them were set as the actor's RootComponent - picking one arbitrarily
[2016.01.23-03.50.40:483][410]LogActor:Warning: GameNetworkManager /Game/Maps/UEDPIE_0_ExampleMap.ExampleMap:PersistentLevel.GameNetworkManager_3 has natively added scene component(s), but none of them were set as the actor's RootComponent - picking one arbitrarily
[2016.01.23-03.50.40:491][410]LogWorld: Bringing up level for play took: 0.018071
[2016.01.23-03.50.40:562][410]PIE: Info Play in editor start time for /Game/Maps/UEDPIE_0_ExampleMap -0.589
[2016.01.23-03.50.45:313][566]LogParticles: Destroying 0 GPU particle simulations for FXSystem 0x000000E3A02F8F40
[2016.01.23-03.51.26:062][759]BlueprintLog: New page: Compile GrowthCamera
[2016.01.23-03.51.26:657][759]BlueprintEditorCompileResults: Info [0181.16] Compile of GrowthCamera successful! [in 593 ms]
[2016.01.23-03.51.27:711][834]LogPlayLevel: PlayLevel: No blueprints needed recompiling
[2016.01.23-03.51.27:711][834]PIE: New page: PIE session: ExampleMap (Jan 22, 2016, 11:51:27 AM)
[2016.01.23-03.51.27:711][834]LogPlayLevel: Creating play world package: /Game/Maps/UEDPIE_0_ExampleMap
[2016.01.23-03.51.27:715][834]LogPlayLevel: PIE: StaticDuplicateObject took: (0.004142s)
[2016.01.23-03.51.27:717][834]LogAIModule: Creating AISystem for world ExampleMap
[2016.01.23-03.51.27:717][834]LogPlayLevel: PIE: World Init took: (0.001721s)
[2016.01.23-03.51.27:718][834]LogPlayLevel: PIE: Created PIE world by copying editor world from /Game/Maps/ExampleMap.ExampleMap to /Game/Maps/UEDPIE_0_ExampleMap.ExampleMap (0.006309s)
[2016.01.23-03.51.27:815][834]LogInit: XAudio2 using 'Speakers (Realtek High Definition Audio)' : 2 channels at 48 kHz using 32 bits per sample (channel mask 0x3)
[2016.01.23-03.51.27:853][834]LogInit: FAudioDevice initialized.
[2016.01.23-03.51.27:919][834]LogWorld: Game class is 'Level_GameMode_C'
[2016.01.23-03.51.27:930][834]LogWorld: Bringing World /Game/Maps/UEDPIE_0_ExampleMap.ExampleMap up for play (max tick rate 0) at 2016.01.22-19.51.27
[2016.01.23-03.51.27:930][834]LogActor:Warning: GameSession /Game/Maps/UEDPIE_0_ExampleMap.ExampleMap:PersistentLevel.GameSession_4 has natively added scene component(s), but none of them were set a