[2016.01.23-03.55.01:429][  0]Log file open, 01/22/16 19:55:01
[2016.01.23-03.55.01:429][  0]LogInit:Display: Running engine for game: Growth
[2016.01.23-03.55.01:429][  0]LogPlatformFile: Not using cached read wrapper
[2016.01.23-03.55.01:429][  0]LogInit:Display: RandInit(-1397212420) SRandInit(-1397212419).
[2016.01.23-03.55.01:429][  0]LogTaskGraph: Started task graph with 4 named threads and 7 total threads.
[2016.01.23-03.55.01:429][  0]LogStats: Stats thread started at 0.085773
[2016.01.23-03.55.01:429][  0]LogInit: Version: 4.10.0-2758231+++depot+UE4-Releases+4.10
[2016.01.23-03.55.01:429][  0]LogInit: API Version: 2758231
[2016.01.23-03.55.01:429][  0]LogInit: Compiled (64-bit): Nov  7 2015 05:13:45
[2016.01.23-03.55.01:429][  0]LogInit: Compiled with Visual C++: 19.00.23026.00
[2016.01.23-03.55.01:429][  0]LogInit: Build Configuration: Development
[2016.01.23-03.55.01:429][  0]LogInit: Branch Name: ++depot+UE4-Releases+4.10
[2016.01.23-03.55.01:429][  0]LogInit: Command line:  
[2016.01.23-03.55.01:429][  0]LogInit: Base directory: C:/Program Files/Epic Games/4.10/Engine/Binaries/Win64/
[2016.01.23-03.55.01:429][  0]LogInit: Rocket: 1
[2016.01.23-03.55.01:520][  0]LogInit: Using libcurl 7.41.0
[2016.01.23-03.55.01:520][  0]LogInit:  - built for x86_64-pc-win32
[2016.01.23-03.55.01:520][  0]LogInit:  - supports SSL with WinSSL
[2016.01.23-03.55.01:520][  0]LogInit:  - other features:
[2016.01.23-03.55.01:520][  0]LogInit:      CURL_VERSION_SSL
[2016.01.23-03.55.01:520][  0]LogInit:      CURL_VERSION_IPV6
[2016.01.23-03.55.01:520][  0]LogInit:      CURL_VERSION_ASYNCHDNS
[2016.01.23-03.55.01:520][  0]LogInit:      CURL_VERSION_LARGEFILE
[2016.01.23-03.55.01:520][  0]LogInit:      CURL_VERSION_IDN
[2016.01.23-03.55.01:520][  0]LogInit:  CurlRequestOptions (configurable via config and command line):
[2016.01.23-03.55.01:520][  0]LogInit:  - bVerifyPeer = true  - Libcurl will verify peer certificate
[2016.01.23-03.55.01:520][  0]LogInit:  - bUseHttpProxy = false  - Libcurl will NOT use HTTP proxy
[2016.01.23-03.55.01:520][  0]LogInit:  - bDontReuseConnections = false  - Libcurl will reuse connections
[2016.01.23-03.55.01:520][  0]LogInit:  - CertBundlePath = nullptr  - Libcurl will use whatever was configured at build time.
[2016.01.23-03.55.01:528][  0]LogInit: Presizing for 0 objects not considered by GC, pre-allocating 0 bytes.
[2016.01.23-03.55.01:535][  0]LogInit: Object subsystem initialized
[2016.01.23-03.55.01:535][  0]LogInit: Selected Device Profile: [Windows]
[2016.01.23-03.55.01:535][  0]LogInit: Applying CVar settings loaded from the selected device profile: [Windows]
[2016.01.23-03.55.01:590][  0]LogInit: Computer: ALEX-PC
[2016.01.23-03.55.01:590][  0]LogInit: User: Alex
[2016.01.23-03.55.01:590][  0]LogInit: CPU Page size=4096, Cores=4
[2016.01.23-03.55.01:590][  0]LogInit: High frequency timer resolution =2.533208 MHz
[2016.01.23-03.55.01:590][  0]LogMemory: Memory total: Physical=7.9GB (8GB approx)
[2016.01.23-03.55.01:590][  0]LogMemory: Platform Memory Stats for Windows
[2016.01.23-03.55.01:590][  0]LogMemory: Process Physical Memory: 59.77 MB used, 59.77 MB peak
[2016.01.23-03.55.01:590][  0]LogMemory: Process Virtual Memory: 63.22 MB used, 63.22 MB peak
[2016.01.23-03.55.01:590][  0]LogMemory: Physical Memory: 2975.62 MB used, 8110.36 MB total
[2016.01.23-03.55.01:590][  0]LogMemory: Virtual Memory: 387.15 MB used, 134217728.00 MB total
[2016.01.23-03.55.01:642][  0]LogTextLocalizationManager: No specific translations for ('en-US') exist, so ('en') translations will be used.
[2016.01.23-03.55.02:012][  0]LogD3D11RHI: Found D3D11 adapter 0: NVIDIA GeForce GTX 965M        (Feature Level 11_0)
[2016.01.23-03.55.02:012][  0]LogD3D11RHI: Adapter has 4013MB of dedicated video memory, 0MB of dedicated system memory, and 4055MB of shared system memory, 1 output[s]
[2016.01.23-03.55.02:021][  0]LogD3D11RHI: Found D3D11 adapter 1: Intel(R) HD Graphics 4600 (Feature Level 11_0)
[2016.01.23-03.55.02:021][  0]LogD3D11RHI: Adapter has 112MB of dedicated video memory, 0MB of dedicated system memory, and 4055MB of shared system memory, 0 output[s]
[2016.01.23-03.55.02:024][  0]LogD3D11RHI: Found D3D11 adapter 2: Microsoft Basic Render Driver (Feature Level 11_0)
[2016.01.23-03.55.02:024][  0]LogD3D11RHI: Adapter has 0MB of dedicated video memory, 0MB of dedicated system memory, and 4055MB of shared system memory, 0 output[s]
[2016.01.23-03.55.02:024][  0]LogD3D11RHI: Chosen D3D11 Adapter Id = 0
[2016.01.23-03.55.02:028][  0]LogD3D11RHI: !Direct3DDevice
[2016.01.23-03.55.02:028][  0]LogRHI: Texture pool is 1361 MB (70% of 1945 MB)
[2016.01.23-03.55.02:044][  0]LogD3D11RHI: Async texture creation enabled
[2016.01.23-03.55.02:058][  0]LogShaderCompilers: Guid format shader working directory is 36 characters bigger than the processId version (E:/Growth/Intermediate/Shaders/WorkingDirectory/7476/).
[2016.01.23-03.55.02:058][  0]LogShaderCompilers: Cleaned the shader compiler working directory 'C:/Users/Alex/AppData/Local/Temp/UnrealShaderWorkingDir/9A6736B74097F594B1257CAA93CE286E/'.
[2016.01.23-03.55.02:058][  0]LogShaderCompilers:Display: Using Local Shader Compiler.
[2016.01.23-03.55.02:854][  0]LogTemp:Display: Loaded TP AllDesktopTargetPlatform
[2016.01.23-03.55.02:859][  0]LogTemp:Display: Loaded TP WindowsClientTargetPlatform
[2016.01.23-03.55.02:866][  0]LogTemp:Display: Loaded TP WindowsNoEditorTargetPlatform
[2016.01.23-03.55.02:872][  0]LogTemp:Display: Loaded TP WindowsServerTargetPlatform
[2016.01.23-03.55.02:877][  0]LogTemp:Display: Loaded TP WindowsTargetPlatform
[2016.01.23-03.55.02:881][  0]LogTemp:Display: Loaded TP AndroidTargetPlatform
[2016.01.23-03.55.02:885][  0]LogTemp:Display: Loaded TP Android_ASTCTargetPlatform
[2016.01.23-03.55.02:888][  0]LogTemp:Display: Loaded TP Android_ATCTargetPlatform
[2016.01.23-03.55.02:891][  0]LogTemp:Display: Loaded TP Android_DXTTargetPlatform
[2016.01.23-03.55.02:894][  0]LogTemp:Display: Loaded TP Android_ETC1TargetPlatform
[2016.01.23-03.55.02:897][  0]LogTemp:Display: Loaded TP Android_ETC2TargetPlatform
[2016.01.23-03.55.02:904][  0]LogTemp:Display: Loaded TP Android_MultiTargetPlatform
[2016.01.23-03.55.02:904][  0]LogTemp:Display: Loaded TP Android_PVRTCTargetPlatform
[2016.01.23-03.55.02:905][  0]LogTemp:Display: Loaded TP HTML5TargetPlatform
[2016.01.23-03.55.02:923][  0]LogTemp:Display: Loaded TP IOSTargetPlatform
[2016.01.23-03.55.02:926][  0]LogTemp:Display: Loaded TP LinuxNoEditorTargetPlatform
[2016.01.23-03.55.02:929][  0]LogTemp:Display: Loaded TP LinuxServerTargetPlatform
[2016.01.23-03.55.02:934][  0]LogTemp:Display: Loaded TP LinuxTargetPlatform
[2016.01.23-03.55.02:934][  0]LogTargetPlatformManager:Display: Building Assets For Windows
[2016.01.23-03.55.03:050][  0]LogDerivedDataCache:Display: Max Cache Size: 512 MB
[2016.01.23-03.55.03:103][  0]LogDerivedDataCache: Loaded boot cache 0.05s 41MB C:/Users/Alex/AppData/Local/UnrealEngine/4.10/DerivedDataCache/Boot.ddc.
[2016.01.23-03.55.03:103][  0]LogDerivedDataCache:Display: Loaded Boot cache: C:/Users/Alex/AppData/Local/UnrealEngine/4.10/DerivedDataCache/Boot.ddc
[2016.01.23-03.55.03:103][  0]LogDerivedDataCache: FDerivedDataBackendGraph:  Pak pak cache file E:/Growth/DerivedDataCache/DDC.ddp not found, will not use a pak cache.
[2016.01.23-03.55.03:103][  0]LogDerivedDataCache: Unable to find inner node Pak for hierarchical cache Hierarchy.
[2016.01.23-03.55.03:103][  0]LogDerivedDataCache: FDerivedDataBackendGraph:  CompressedPak pak cache file E:/Growth/DerivedDataCache/Compressed.ddp not found, will not use a pak cache.
[2016.01.23-03.55.03:103][  0]LogDerivedDataCache: Unable to find inner node CompressedPak for hierarchical cache Hierarchy.
[2016.01.23-03.55.03:168][  0]LogDerivedDataCache:Display: Pak cache opened for reading ../../../Engine/DerivedDataCache/Compressed.ddp.
[2016.01.23-03.55.03:180][  0]LogDerivedDataCache: Using Local data cache path C:/Users/Alex/AppData/Local/UnrealEngine/Common/DerivedDataCache: Writable
[2016.01.23-03.55.03:391][  0]LogInit: Selected Device Profile: [Windows]
[2016.01.23-03.55.03:394][  0]LogContentStreaming: Texture pool size is 0.000000MB
[2016.01.23-03.55.03:670][  0]LogMeshUtilities: No automatic mesh reduction module available
[2016.01.23-03.55.03:670][  0]LogMeshUtilities: No automatic mesh merging module available
[2016.01.23-03.55.03:910][  0]LogInit: WinSock: version 1.1 (2.2), MaxSocks=32767, MaxUdp=65467
[2016.01.23-03.55.04:877][  0]UdpMessaging: Initializing bridge on interface 0.0.0.0:0 to multicast group 230.0.0.1:6666.
[2016.01.23-03.55.04:987][  0]LogAssetRegistry: FAssetRegistry took 0.0114 seconds to start up
[2016.01.23-03.55.05:298][  0]SourceControl: Info Source control is disabled
[2016.01.23-03.55.05:299][  0]SourceControl: Info Source control is disabled
[2016.01.23-03.55.05:319][  0]SourceControl: Info Source control is disabled
[2016.01.23-03.55.05:337][  0]SourceControl: Info Source control is disabled
[2016.01.23-03.55.05:696][  0]LogObj: 28633 objects as part of root set at end of initial load.
[2016.01.23-03.55.05:696][  0]LogUObjectAllocator: 6099752 out of 0 bytes used by permanent object pool.
[2016.01.23-03.55.05:754][  0]LogEngine: Initializing Engine...
[2016.01.23-03.55.05:758][  0]LogHMD: Can't find Oculus library dev build: is proper Runtime installed? Version: 0.8.0.0
[2016.01.23-03.55.05:759][  0]LogHMD: SteamVR failed to initialize.  Err: 110
[2016.01.23-03.55.05:880][  0]LogAIModule: Creating AISystem for world NewWorld
[2016.01.23-03.55.05:891][  0]LogInit: XAudio2 using 'Speakers (Realtek High Definition Audio)' : 2 channels at 48 kHz using 32 bits per sample (channel mask 0x3)
[2016.01.23-03.55.05:918][  0]LogInit: FAudioDevice initialized.
[2016.01.23-03.55.05:945][  0]LogDerivedDataCache: Saved boot cache 0.03s 41MB C:/Users/Alex/AppData/Local/UnrealEngine/4.10/DerivedDataCache/Boot.ddc.
[2016.01.23-03.55.05:953][  0]LogInit: Texture streaming: Enabled
[2016.01.23-03.55.05:960][  0]LogAnalytics: Creating configured Analytics provider AnalyticsET
[2016.01.23-03.55.05:960][  0]LogAnalytics: [UEEditor.Rocket.Release] APIServer = http://et2.epicgames.com/ET2/. AppVersion = 4.10.0-2758231+++depot+UE4-Releases+4.10
[2016.01.23-03.55.05:960][  0]LogAnalytics: [UEEditor.Rocket.Release] SetUserId 2ea81a834ffda1c7700eadb43070947c|187ad38f3ca5493bb24c70d7c7079e52|82e58137-6379-40ac-b56e-28c7ca34f864
[2016.01.23-03.55.05:960][  0]LogAnalytics: [UEEditor.Rocket.Release] AnalyticsET::StartSession
[2016.01.23-03.55.06:043][  0]LogInit: Transaction tracking system initialized
[2016.01.23-03.55.06:083][  0]BlueprintLog: New page: Editor Load
[2016.01.23-03.55.06:219][  0]LocalizationService: Info Localization service is disabled
[2016.01.23-03.55.06:322][  0]LogConsoleResponse:Display: 
[2016.01.23-03.55.06:452][  0]LogCook:Display: Done creating registry. It took  0.00s.
[2016.01.23-03.55.06:549][  0]LogFileCache: Scanning file cache for directory 'E:/Growth/Content/' took 0.02s
[2016.01.23-03.55.06:549][  0]SourceControl: Info Source control is disabled
[2016.01.23-03.55.06:549][  0]Cmd: MAP LOAD FILE="E:/Growth/Content/Maps/ExampleMap.umap" TEMPLATE=0 SHOWPROGRESS=1 FEATURELEVEL=3
[2016.01.23-03.55.06:550][  0]LightingResults: New page: Lighting Build
[2016.01.23-03.55.06:556][  0]MapCheck: New page: Map Check
[2016.01.23-03.55.06:556][  0]LightingResults: New page: Lighting Build
[2016.01.23-03.55.06:572][  0]LogParticles: Destroying 0 GPU particle simulations for FXSystem 0x0000000713557420
[2016.01.23-03.55.07:217][  0]LogAIModule: Creating AISystem for world ExampleMap
[2016.01.23-03.55.07:232][  0]LogEditorServer: Finished looking for orphan Actors (0.000 secs)
[2016.01.23-03.55.07:233][  0]Cmd: MAP CHECKDEP NOCLEARLOG
[2016.01.23-03.55.07:327][  0]MapCheck: Info Map check complete: 0 Error(s), 0 Warning(s), took 93.14ms to complete.
[2016.01.23-03.55.07:327][  0]LogFileHelpers: Loading map 'ExampleMap' took 0.778
[2016.01.23-03.55.07:462][  0]LogCollectionManager: Loaded 0 collections in 0.003269 seconds
[2016.01.23-03.55.07:504][  0]LogFileCache: Scanning file cache for directory 'E:/Growth/Saved/Collections/' took 0.01s
[2016.01.23-03.55.07:504][  0]LogFileCache: Scanning file cache for directory 'E:/Growth/Content/Developers/Alex/Collections/' took 0.01s
[2016.01.23-03.55.07:504][  0]LogFileCache: Scanning file cache for directory 'E:/Growth/Content/Collections/' took 0.01s
[2016.01.23-03.55.07:504][  0]LogCollectionManager: Rebuilt the GUID cache for 0 collections in 0.000001 seconds
[2016.01.23-03.55.07:512][  0]LogContentBrowser: Native class hierarchy populated in 0.0075 seconds. Added 1893 classes and 338 folders.
[2016.01.23-03.55.07:522][  0]LogContentBrowser: Native class hierarchy updated for 'WidgetCarousel' in 0.0003 seconds. Added 0 classes and 0 folders.
[2016.01.23-03.55.07:639][  0]LogContentBrowser: Native class hierarchy updated for 'AddContentDialog' in 0.0005 seconds. Added 0 classes and 0 folders.
[2016.01.23-03.55.07:645][  0]LogContentBrowser: Native class hierarchy updated for 'SceneOutliner' in 0.0003 seconds. Added 1 classes and 2 folders.
[2016.01.23-03.55.07:793][  0]LogCrashTracker: Crashtracker disabled due to settings.
[2016.01.23-03.55.07:799][  0]LogUObjectGlobals:Warning: Failed to find object 'Class None.'
[2016.01.23-03.55.07:822][  0]LogLoad: Full Startup: 7.67 seconds (BP compile: 0.13 seconds)
[2016.01.23-03.55.07:835][  0]LogOcInput: Can't find Oculus library dev build: is proper Runtime installed? Version: 0.8.0.0
[2016.01.23-03.55.07:883][  0]LogContentStreaming: Texture pool size now 1000 MB
[2016.01.23-03.55.08:007][  0]LogRenderer: Reallocating scene render targets to support 884x432 (Frame:2).
[2016.01.23-03.55.08:290][  4]LogAssetRegistry: Asset discovery search completed in 3.3140 seconds
[2016.01.23-03.55.08:290][  4]LogCollectionManager: Rebuilt the object cache for 0 collections in 0.000000 seconds (found 0 objects)
[2016.01.23-03.55.08:290][  4]LogCollectionManager: Fixed up redirectors for 0 collections in 0.000015 seconds (updated 0 objects)
[2016.01.23-03.55.11:593][304]LogLinker:Warning: Asset '../../../Engine/Content/ArtTools/RenderToTexture/Macros/RenderToTextureMacros.uasset' has been saved with empty engine version. The asset will be loaded but may be incompatible.
[2016.01.23-03.55.11:946][304]LogContentBrowser: Native class hierarchy updated for 'BlueprintGraph' in 0.0008 seconds. Added 107 classes and 0 folders.
[2016.01.23-03.55.15:008][524]LogPlayLevel: PlayLevel: No blueprints needed recompiling
[2016.01.23-03.55.15:008][524]PIE: New page: PIE session: ExampleMap (Jan 22, 2016, 11:55:15 AM)
[2016.01.23-03.55.15:008][524]LogPlayLevel: Creating play world package: /Game/Maps/UEDPIE_0_ExampleMap
[2016.01.23-03.55.15:010][524]LogPlayLevel: PIE: StaticDuplicateObject took: (0.001909s)
[2016.01.23-03.55.15:011][524]LogAIModule: Creating AISystem for world ExampleMap
[2016.01.23-03.55.15:011][524]LogPlayLevel: PIE: World Init took: (0.000936s)
[2016.01.23-03.55.15:011][524]LogPlayLevel: PIE: Created PIE world by copying editor world from /Game/Maps/ExampleMap.ExampleMap to /Game/Maps/UEDPIE_0_ExampleMap.ExampleMap (0.003024s)
[2016.01.23-03.55.15:057][524]LogInit: XAudio2 using 'Speakers (Realtek High Definition Audio)' : 2 channels at 48 kHz using 32 bits per sample (channel mask 0x3)
[2016.01.23-03.55.15:069][524]LogInit: FAudioDevice initialized.
[2016.01.23-03.55.15:207][524]LogWorld: Game class is 'Level_GameMode_C'
[2016.01.23-03.55.15:212][524]LogWorld: Bringing World /Game/Maps/UEDPIE_0_ExampleMap.ExampleMap up for play (max tick rate 0) at 2016.01.22-19.55.15
[2016.01.23-03.55.15:212][524]LogActor:Warning: GameSession /Game/Maps/UEDPIE_0_ExampleMap.ExampleMap:PersistentLevel.GameSession_0 has natively added scene component(s), but none of them were set as the actor's RootComponent - picking one arbitrarily
[2016.01.23-03.55.15:212][524]LogActor:Warning: GameNetworkManager /Game/Maps/UEDPIE_0_ExampleMap.ExampleMap:PersistentLevel.GameNetworkManager_0 has natively added scene component(s), but none of them were set as the actor's RootComponent - picking one arbitrarily
[2016.01.23-03.55.15:214][524]LogWorld: Bringing up level for play took: 0.005390
[2016.01.23-03.55.15:217][524]PIE: Info Play in editor start time for /Game/Maps/UEDPIE_0_ExampleMap -0.673
[2016.01.23-03.55.23:588][373]LogParticles: Destroying 0 GPU particle simulations for FXSystem 0x000000074B6AF740
[2016.01.23-03.56.11:752][829]BlueprintLog: New page: Compile GrowthCamera
[2016.01.23-03.56.12:121][829]BlueprintEditorCompileResults: Info [0071.97] Compile of GrowthCamera successful! [in 368 ms]
[2016.01.23-03.56.13:526][991]LogPlayLevel: PlayLevel: No blueprints needed recompiling
[2016.01.23-03.56.13:526][991]PIE: New page: PIE session: ExampleMap (Jan 22, 2016, 11:56:13 AM)
[2016.01.23-03.56.13:526][991]LogPlayLevel: Creating play world package: /Game/Maps/UEDPIE_0_ExampleMap
[2016.01.23-03.56.13:527][991]LogPlayLevel: PIE: StaticDuplicateObject took: (0.001475s)
[2016.01.23-03.56.13:528][991]LogAIModule: Creating AISystem for world ExampleMap
[2016.01.23-03.56.13:528][991]LogPlayLevel: PIE: World Init took: (0.000716s)
[2016.01.23-03.56.13:528][991]LogPlayLevel: PIE: Created PIE world by copying editor world from /Game/Maps/ExampleMap.ExampleMap to /Game/Maps/UEDPIE_0_ExampleMap.ExampleMap (0.002364s)
[2016.01.23-03.56.13:568][991]LogInit: XAudio2 using 'Speakers (Realtek High Definition Audio)' : 2 channels at 48 kHz using 32 bits per sample (channel mask 0x3)
[2016.01.23-03.56.13:581][991]LogInit: FAudioDevice initialized.
[2016.01.23-03.56.13:622][991]LogWorld: Game class is 'Level_GameMode_C'
[2016.01.23-03.56.13:626][991]LogWorld: Bringing World /Game/Maps/UEDPIE_0_ExampleMap.ExampleMap up for play (max tick rate 0) at 2016.01.22-19.56.13
[2016.01.23-03.56.13:626][991]LogActor:Warning: GameSession /Game/Maps/UEDPIE_0_ExampleMap.ExampleMap:PersistentLevel.GameSession_1 has natively added scene component(s), but none of them were set as the actor's RootComponent - picking one arbitrarily
[2016.01.23-03.56.13:626][991]LogActor:Warning: GameNetworkManager /Game/Maps/UEDPIE_0_ExampleMap.ExampleMap:PersistentLevel.GameNetworkManager_1 has natively added scene component(s), but none of them were set as the actor's RootComponent - picking one arbitrarily
[2016.01.23-03.56.13:628][991]LogWorld: Bringing up level for play took: 0.004802
[2016.01.23-03.56.13:653][991]PIE: Info Play in editor start time for /Game/Maps/UEDPIE_0_ExampleMap -0.238
[2016.01.23-03.56.13:668][992]LogRenderer: Reallocating scene render targets to support 1280x720 (Frame:964).
[2016.01.23-03.56.18:336][301]LogParticles: Destroying 0 GPU particle simulations for FXSystem 0x00000007038327A0
[2016.01.23-03.56.23:759][929]BlueprintLog: New page: Compile GrowthCamera
[2016.01.23-03.56.23:926][929]BlueprintEditorCompileResults: Info [0083.77] Compile of GrowthCamera successful! [in 167 ms]
[2016.01.23-03.56.51:228][ 99]LogPlayLevel: PlayLevel: No blueprints needed recompiling
[2016.01.23-03.56.51:228][ 99]PIE: New page: PIE session: ExampleMap (Jan 22, 2016, 11:56:51 AM)
[2016.01.23-03.56.51:228][ 99]LogPlayLevel: Creating play world package: /Game/Maps/UEDPIE_0_ExampleMap
[2016.01.23-03.56.51:230][ 99]LogPlayLevel: PIE: StaticDuplicateObject took: (0.001284s)
[2016.01.23-03.56.51:230][ 99]LogAIModule: Creating AISystem for world ExampleMap
[2016.01.23-03.56.51:230][ 99]LogPlayLevel: PIE: World Init took: (0.000584s)
[2016.01.23-03.56.51:230][ 99]LogPlayLevel: PIE: Created PIE world by copying editor world from /Game/Maps/ExampleMap.ExampleMap to /Game/Maps/UEDPIE_0_ExampleMap.ExampleMap (0.002024s)
[2016.01.23-03.56.51:263][ 99]LogInit: XAudio2 using 'Speakers (Realtek High Definition Audio)' : 2 channels at 48 kHz using 32 bits per sample (channel mask 0x3)
[2016.01.23-03.56.51:274][ 99]LogInit: FAudioDevice initialized.
[2016.01.23-03.56.51:317][ 99]LogWorld: Game class is 'Level_GameMode_C'
[2016.01.23-03.56.51:320][ 99]LogWorld: Bringing World /Game/Maps/UEDPIE_0_ExampleMap.ExampleMap up for play (max tick rate 0) at 2016.01.22-19.56.51
[2016.01.23-03.56.51:320][ 99]LogActor:Warning: GameSession /Game/Maps/UEDPIE_0_ExampleMap.ExampleMap:PersistentLevel.GameSession_2 has natively added scene component(s), but none of them were set as the actor's RootComponent - picking one arbitrarily
[2016.01.23-03.56.51:320][ 99]LogActor:Warning: GameNetworkManager /Game/Maps/UEDPIE_0_ExampleMap.ExampleMap:PersistentLevel.GameNetworkManager_2 has natively added scene component(s), but none of them were set as the actor's RootComponent - picking one arbitrarily
[2016.01.23-03.56.51:322][ 99]LogWorld: Bringing up level for play took: 0.004223
[2016.01.23-03.56.51:338][ 99]PIE: Info Play in editor start time for /Game/Maps/UEDPIE_0_ExampleMap -0.553
[2016.01.23-03.57.00:782][783]LogParticles: Destroying 0 GPU particle simulations for FXSystem 0x000000073490A200
[2016.01.23-03.57.16:290][585]BlueprintLog: New page: Compile GrowthCamera
[2016.01.23-03.57.16:463][585]BlueprintEditorCompileResults: Info [0136.31] Compile of GrowthCamera successful! [in 172 ms]
[2016.01.23-03.57.29:635][ 92]BlueprintLog: New page: Compile GrowthCamera
[2016.01.23-03.57.29:804][ 92]BlueprintEditorCompileResults: Info [0149.65] Compile of GrowthCamera successful! [in 169 ms]
[2016.01.23-03.57.30:556][173]LogPlayLevel: PlayLevel: No blueprints needed recompiling
[2016.01.23-03.57.30:556][173]PIE: New page: PIE session: ExampleMap (Jan 22, 2016, 11:57:30 AM)
[2016.01.23-03.57.30:556][173]LogPlayLevel: Creating play world package: /Game/Maps/UEDPIE_0_ExampleMap
[2016.01.23-03.57.30:557][173]LogPlayLevel: PIE: StaticDuplicateObject took: (0.001144s)
[2016.01.23-03.57.30:558][173]LogAIModule: Creating AISystem for world ExampleMap
[2016.01.23-03.57.30:558][173]LogPlayLevel: PIE: World Init took: (0.000558s)
[2016.01.23-03.57.30:558][173]LogPlayLevel: PIE: Created PIE world by copying editor world from /Game/Maps/ExampleMap.ExampleMap to /Game/Maps/UEDPIE_0_ExampleMap.ExampleMap (0.001844s)
[2016.01.23-03.57.30:591][173]LogInit: XAudio2 using 'Speakers (Realtek High Definition Audio)' : 2 channels at 48 kHz using 32 bits per sample (channel mask 0x3)
[2016.01.23-03.57.30:601][173]LogInit: FAudioDevice initialized.
[2016.01.23-03.57.30:643][173]LogWorld: Game class is 'Level_GameMode_C'
[2016.01.23-03.57.30:646][173]LogWorld: Bringing World /Game/Maps/UEDPIE_0_ExampleMap.ExampleMap up for play (max tick rate 0) at 2016.01.22-19.57.30
[2016.01.23-03.57.30:646][173]LogActor:Warning: GameSession /Game/Maps/UEDPIE_0_ExampleMap.ExampleMap:PersistentLevel.GameSession_3 has natively added scene component(s), but none of them were set as the actor's RootComponent - picking one arbitrarily
[2016.01.23-03.57.30:646][173]LogActor:Warning: GameNetworkManager /Game/Maps/UEDPIE_0_ExampleMap.ExampleMap:PersistentLevel.GameNetworkManager_3 has natively added scene component(s), but none of them were set as the actor's RootComponent - picking one arbitrarily
[2016.01.23-03.57.30:648][173]LogWorld: Bringing up level for play took: 0.004075
[2016.01.23-03.57.30:660][173]PIE: Info Play in editor start time for /Game/Maps/UEDPIE_0_ExampleMap 0.77
[2016.01.23-03.57.34:126][423]LogParticles: Destroying 0 GPU particle simulations for FXSystem 0x0000000756D5FB00
[2016.01.23-03.58.46:562][746]BlueprintLog: New page: Compile GrowthCamera
[2016.01.23-03.58.46:736][746]BlueprintEditorCompileResults: Info [0226.58] Compile of GrowthCamera successful! [in 173 ms]
[2016.01.23-03.58.47:614][840]Cmd: OBJ SAVEPACKAGE PACKAGE="/Game/Blueprints/Player/GrowthCamera" FILE="E:/Growth/Content/Blueprints/Player/GrowthCamera.uasset" SILENT=true
[2016.01.23-03.58.48:165][840]LogSavePackage: Save=240.530182ms
[2016.01.23-03.58.48:165][840]LogSavePackage: Moving 'E:/Growth/Saved/GrowthCamera2E91B510450D300DC052928ED6DFB40E.tmp' to 'E:/Growth/Content/Blueprints/Player/GrowthCamera.uasset'
[2016.01.23-03.58.48:171][840]LogSavePackage: Total save time: 478.980012ms
[2016.01.23-03.58.48:171][840]LogSavePackage:Display: Finished SavePackage E:/Growth/Content/Blueprints/Player/GrowthCamera.uasset
[2016.01.23-03.58.49:378][973]Cmd: OBJ SAVEPACKAGE PACKAGE="/Game/Maps/ExampleMap" FILE="E:/Growth/Content/Maps/ExampleMap.umap" SILENT=true AUTOSAVING=false