[2016.01.05-23.05.23:896][  0]Log file open, 01/05/16 15:05:23
[2016.01.05-23.05.23:896][  0]LogInit:Display: Running engine for game: Growth
[2016.01.05-23.05.23:896][  0]LogPlatformFile: Not using cached read wrapper
[2016.01.05-23.05.23:896][  0]LogInit:Display: RandInit(-2724595) SRandInit(-2724593).
[2016.01.05-23.05.23:896][  0]LogTaskGraph: Started task graph with 4 named threads and 5 total threads.
[2016.01.05-23.05.23:896][  0]LogStats: Stats thread started at 0.145081
[2016.01.05-23.05.23:896][  0]LogInit: Version: 4.10.0-2758231+++depot+UE4-Releases+4.10
[2016.01.05-23.05.23:896][  0]LogInit: API Version: 2758231
[2016.01.05-23.05.23:896][  0]LogInit: Compiled (64-bit): Nov  7 2015 05:13:45
[2016.01.05-23.05.23:896][  0]LogInit: Compiled with Visual C++: 19.00.23026.00
[2016.01.05-23.05.23:896][  0]LogInit: Build Configuration: Development
[2016.01.05-23.05.23:896][  0]LogInit: Branch Name: ++depot+UE4-Releases+4.10
[2016.01.05-23.05.23:896][  0]LogInit: Command line:  
[2016.01.05-23.05.23:896][  0]LogInit: Base directory: C:/Program Files/Epic Games/4.10/Engine/Binaries/Win64/
[2016.01.05-23.05.23:896][  0]LogInit: Rocket: 1
[2016.01.05-23.05.23:941][  0]LogInit: Using libcurl 7.41.0
[2016.01.05-23.05.23:941][  0]LogInit:  - built for x86_64-pc-win32
[2016.01.05-23.05.23:941][  0]LogInit:  - supports SSL with WinSSL
[2016.01.05-23.05.23:941][  0]LogInit:  - other features:
[2016.01.05-23.05.23:941][  0]LogInit:      CURL_VERSION_SSL
[2016.01.05-23.05.23:941][  0]LogInit:      CURL_VERSION_IPV6
[2016.01.05-23.05.23:942][  0]LogInit:      CURL_VERSION_ASYNCHDNS
[2016.01.05-23.05.23:942][  0]LogInit:      CURL_VERSION_LARGEFILE
[2016.01.05-23.05.23:942][  0]LogInit:      CURL_VERSION_IDN
[2016.01.05-23.05.23:944][  0]LogInit:  CurlRequestOptions (configurable via config and command line):
[2016.01.05-23.05.23:944][  0]LogInit:  - bVerifyPeer = true  - Libcurl will verify peer certificate
[2016.01.05-23.05.23:944][  0]LogInit:  - bUseHttpProxy = false  - Libcurl will NOT use HTTP proxy
[2016.01.05-23.05.23:944][  0]LogInit:  - bDontReuseConnections = false  - Libcurl will reuse connections
[2016.01.05-23.05.23:944][  0]LogInit:  - CertBundlePath = nullptr  - Libcurl will use whatever was configured at build time.
[2016.01.05-23.05.23:969][  0]LogInit: Presizing for 0 objects not considered by GC, pre-allocating 0 bytes.
[2016.01.05-23.05.24:003][  0]LogInit: Object subsystem initialized
[2016.01.05-23.05.24:006][  0]LogInit: Selected Device Profile: [Windows]
[2016.01.05-23.05.24:006][  0]LogInit: Applying CVar settings loaded from the selected device profile: [Windows]
[2016.01.05-23.05.24:149][  0]LogInit: Computer: AFROSAMURAI
[2016.01.05-23.05.24:149][  0]LogInit: User: Jarrett
[2016.01.05-23.05.24:149][  0]LogInit: CPU Page size=4096, Cores=2
[2016.01.05-23.05.24:149][  0]LogInit: High frequency timer resolution =2.115883 MHz
[2016.01.05-23.05.24:149][  0]LogMemory: Memory total: Physical=3.9GB (4GB approx)
[2016.01.05-23.05.24:150][  0]LogMemory: Platform Memory Stats for Windows
[2016.01.05-23.05.24:150][  0]LogMemory: Process Physical Memory: 54.42 MB used, 54.42 MB peak
[2016.01.05-23.05.24:150][  0]LogMemory: Process Virtual Memory: 57.38 MB used, 57.38 MB peak
[2016.01.05-23.05.24:150][  0]LogMemory: Physical Memory: 3109.36 MB used, 3979.20 MB total
[2016.01.05-23.05.24:150][  0]LogMemory: Virtual Memory: 360.35 MB used, 134217728.00 MB total
[2016.01.05-23.05.24:532][  0]LogTextLocalizationManager: No specific translations for ('en-US') exist, so ('en') translations will be used.
[2016.01.05-23.05.33:096][  0]LogD3D11RHI: Found D3D11 adapter 0: Intel(R) HD Graphics (Feature Level 11_0)
[2016.01.05-23.05.33:096][  0]LogD3D11RHI: Adapter has 32MB of dedicated video memory, 0MB of dedicated system memory, and 1760MB of shared system memory, 1 output[s]
[2016.01.05-23.05.33:150][  0]LogD3D11RHI: Found D3D11 adapter 1: Microsoft Basic Render Driver (Feature Level 11_0)
[2016.01.05-23.05.33:150][  0]LogD3D11RHI: Adapter has 0MB of dedicated video memory, 0MB of dedicated system memory, and 256MB of shared system memory, 0 output[s]
[2016.01.05-23.05.33:150][  0]LogD3D11RHI: Chosen D3D11 Adapter Id = 0
[2016.01.05-23.05.33:172][  0]LogD3D11RHI: !Direct3DDevice
[2016.01.05-23.05.33:172][  0]LogRHI: Texture pool is 638 MB (70% of 912 MB)
[2016.01.05-23.05.33:182][  0]LogD3D11RHI: Async texture creation enabled
[2016.01.05-23.05.33:226][  0]LogShaderCompilers: Guid format shader working directory is -17 characters bigger than the processId version (../../../../../../Users/Jarrett/Documents/Unreal Projects/Growth/Intermediate/Shaders/WorkingDirectory/60080/).
[2016.01.05-23.05.33:227][  0]LogShaderCompilers: Cleaned the shader compiler working directory 'C:/Users/Jarrett/AppData/Local/Temp/UnrealShaderWorkingDir/E90C95F5432A90696110698BA967156D/'.
[2016.01.05-23.05.33:227][  0]LogShaderCompilers:Display: Using Local Shader Compiler.
[2016.01.05-23.06.01:824][  0]LogTemp:Display: Loaded TP AllDesktopTargetPlatform
[2016.01.05-23.06.01:868][  0]LogTemp:Display: Loaded TP WindowsClientTargetPlatform
[2016.01.05-23.06.01:908][  0]LogTemp:Display: Loaded TP WindowsNoEditorTargetPlatform
[2016.01.05-23.06.01:953][  0]LogTemp:Display: Loaded TP WindowsServerTargetPlatform
[2016.01.05-23.06.01:996][  0]LogTemp:Display: Loaded TP WindowsTargetPlatform
[2016.01.05-23.06.02:027][  0]LogTemp:Display: Loaded TP AndroidTargetPlatform
[2016.01.05-23.06.02:058][  0]LogTemp:Display: Loaded TP Android_ASTCTargetPlatform
[2016.01.05-23.06.02:085][  0]LogTemp:Display: Loaded TP Android_ATCTargetPlatform
[2016.01.05-23.06.02:116][  0]LogTemp:Display: Loaded TP Android_DXTTargetPlatform
[2016.01.05-23.06.02:157][  0]LogTemp:Display: Loaded TP Android_ETC1TargetPlatform
[2016.01.05-23.06.02:191][  0]LogTemp:Display: Loaded TP Android_ETC2TargetPlatform
[2016.01.05-23.06.02:231][  0]LogTemp:Display: Loaded TP Android_MultiTargetPlatform
[2016.01.05-23.06.02:231][  0]LogTemp:Display: Loaded TP Android_PVRTCTargetPlatform
[2016.01.05-23.06.02:291][  0]LogTemp:Display: Loaded TP HTML5TargetPlatform
[2016.01.05-23.06.02:469][  0]LogTemp:Display: Loaded TP IOSTargetPlatform
[2016.01.05-23.06.02:520][  0]LogTemp:Display: Loaded TP LinuxNoEditorTargetPlatform
[2016.01.05-23.06.02:549][  0]LogTemp:Display: Loaded TP LinuxServerTargetPlatform
[2016.01.05-23.06.02:604][  0]LogTemp:Display: Loaded TP LinuxTargetPlatform
[2016.01.05-23.06.02:604][  0]LogTargetPlatformManager:Display: Building Assets For Windows
[2016.01.05-23.06.03:986][  0]LogDerivedDataCache:Display: Max Cache Size: 512 MB
[2016.01.05-23.06.08:601][  0]LogDerivedDataCache: Loaded boot cache 4.61s 41MB C:/Users/Jarrett/AppData/Local/UnrealEngine/4.10/DerivedDataCache/Boot.ddc.
[2016.01.05-23.06.08:601][  0]LogDerivedDataCache:Display: Loaded Boot cache: C:/Users/Jarrett/AppData/Local/UnrealEngine/4.10/DerivedDataCache/Boot.ddc
[2016.01.05-23.06.08:602][  0]LogDerivedDataCache: FDerivedDataBackendGraph:  Pak pak cache file ../../../../../../Users/Jarrett/Documents/Unreal Projects/Growth/DerivedDataCache/DDC.ddp not found, will not use a pak cache.
[2016.01.05-23.06.08:602][  0]LogDerivedDataCache: Unable to find inner node Pak for hierarchical cache Hierarchy.
[2016.01.05-23.06.08:602][  0]LogDerivedDataCache: FDerivedDataBackendGraph:  CompressedPak pak cache file ../../../../../../Users/Jarrett/Documents/Unreal Projects/Growth/DerivedDataCache/Compressed.ddp not found, will not use a pak cache.
[2016.01.05-23.06.08:602][  0]LogDerivedDataCache: Unable to find inner node CompressedPak for hierarchical cache Hierarchy.
[2016.01.05-23.06.09:067][  0]LogDerivedDataCache:Display: Pak cache opened for reading ../../../Engine/DerivedDataCache/Compressed.ddp.
[2016.01.05-23.06.09:084][  0]LogDerivedDataCache: Using Local data cache path C:/Users/Jarrett/AppData/Local/UnrealEngine/Common/DerivedDataCache: Writable
[2016.01.05-23.06.12:036][  0]LogInit: Selected Device Profile: [Windows]
[2016.01.05-23.06.12:052][  0]LogContentStreaming: Texture pool size is 0.000000MB
[2016.01.05-23.06.12:742][  0]LogMeshUtilities: No automatic mesh reduction module available
[2016.01.05-23.06.12:743][  0]LogMeshUtilities: No automatic mesh merging module available
[2016.01.05-23.06.14:470][  0]LogInit: WinSock: version 1.1 (2.2), MaxSocks=32767, MaxUdp=65467
[2016.01.05-23.07.40:055][  0]UdpMessaging: Initializing bridge on interface 0.0.0.0:0 to multicast group 230.0.0.1:6666.
[2016.01.05-23.07.41:664][  0]LogAssetRegistry: FAssetRegistry took 0.0120 seconds to start up
[2016.01.05-23.07.43:628][  0]SourceControl: Info Source control is disabled
[2016.01.05-23.08.03:002][  0]SourceControl: Info Source control is disabled
[2016.01.05-23.08.03:230][  0]SourceControl: Info Source control is disabled
[2016.01.05-23.08.03:487][  0]SourceControl: Info Source control is disabled
[2016.01.05-23.08.07:437][  0]LogObj: 28633 objects as part of root set at end of initial load.
[2016.01.05-23.08.07:437][  0]LogUObjectAllocator: 6099744 out of 0 bytes used by permanent object pool.
[2016.01.05-23.08.08:412][  0]LogEngine: Initializing Engine...
[2016.01.05-23.08.08:432][  0]LogHMD: Can't find Oculus library dev build: is proper Runtime installed? Version: 0.8.0.0
[2016.01.05-23.08.09:147][  0]LogHMD: SteamVR failed to initialize.  Err: 110
[2016.01.05-23.08.10:702][  0]LogAIModule: Creating AISystem for world NewWorld
[2016.01.05-23.08.10:777][  0]LogInit: XAudio2 using 'Speakers / Headphones (Realtek High Definition Audio)' : 2 channels at 48 kHz using 32 bits per sample (channel mask 0x3)
[2016.01.05-23.08.10:889][  0]LogInit: FAudioDevice initialized.
[2016.01.05-23.08.10:988][  0]LogDerivedDataCache: Saved boot cache 0.10s 41MB C:/Users/Jarrett/AppData/Local/UnrealEngine/4.10/DerivedDataCache/Boot.ddc.
[2016.01.05-23.08.11:016][  0]LogInit: Texture streaming: Enabled
[2016.01.05-23.08.11:404][  0]LogAnalytics: Creating configured Analytics provider AnalyticsET
[2016.01.05-23.08.11:404][  0]LogAnalytics: [UEEditor.Rocket.Release] APIServer = http://et2.epicgames.com/ET2/. AppVersion = 4.10.0-2758231+++depot+UE4-Releases+4.10
[2016.01.05-23.08.11:405][  0]LogAnalytics: [UEEditor.Rocket.Release] SetUserId 93b29878417f9088b5800ca2e0039b3b|f113f3cbb9d24d94ab3a8fb7882774bd|b334267d-5e6f-44f6-85bd-ab2ff5d840ef
[2016.01.05-23.08.11:405][  0]LogAnalytics: [UEEditor.Rocket.Release] AnalyticsET::StartSession
[2016.01.05-23.08.12:196][  0]LogInit: Transaction tracking system initialized
[2016.01.05-23.08.13:474][  0]BlueprintLog: New page: Editor Load
[2016.01.05-23.08.18:778][  0]LocalizationService: Info Localization service is disabled
[2016.01.05-23.08.19:693][  0]LogLinker:Warning: Can't find file '/Game/Growth/2DSideScrollerOverview'
[2016.01.05-23.08.19:695][  0]LogLinker:Warning: Can't find file '/Game/Growth/2DSideScrollerOverview'
[2016.01.05-23.08.19:696][  0]LogUObjectGlobals:Warning: Failed to find object 'Class /Game/Growth/2DSideScrollerOverview.2DSideScrollerOverview_C'
[2016.01.05-23.08.21:149][  0]LogConsoleResponse:Display: 
[2016.01.05-23.08.27:162][  0]LogCook:Display: Done creating registry. It took  0.00s.
[2016.01.05-23.08.28:909][  0]LogFileCache: Scanning file cache for directory 'C:/Users/Jarrett/Documents/Unreal Projects/Growth/Content/' took 0.03s
[2016.01.05-23.08.28:982][  0]SourceControl: Info Source control is disabled
[2016.01.05-23.08.28:982][  0]Cmd: MAP LOAD FILE="../../../../../../Users/Jarrett/Documents/Unreal Projects/Growth/Content/Maps/ExampleMap.umap" TEMPLATE=0 SHOWPROGRESS=1 FEATURELEVEL=3
[2016.01.05-23.08.29:037][  0]LightingResults: New page: Lighting Build
[2016.01.05-23.08.29:049][  0]MapCheck: New page: Map Check
[2016.01.05-23.08.29:049][  0]LightingResults: New page: Lighting Build
[2016.01.05-23.08.29:119][  0]LogParticles: Destroying 0 GPU particle simulations for FXSystem 0x000000F5007AEAC0
[2016.01.05-23.08.29:207][  0]LogAIModule: Creating AISystem for world ExampleMap
[2016.01.05-23.08.29:211][  0]LogEditorServer: Finished looking for orphan Actors (0.000 secs)
[2016.01.05-23.08.29:212][  0]Cmd: MAP CHECKDEP NOCLEARLOG
[2016.01.05-23.08.29:553][  0]MapCheck: Info Map check complete: 0 Error(s), 0 Warning(s), took 341.179ms to complete.
[2016.01.05-23.08.29:554][  0]LogFileHelpers: Loading map 'ExampleMap' took 0.572
[2016.01.05-23.08.30:528][  0]LogCollectionManager: Loaded 0 collections in 0.006771 seconds
[2016.01.05-23.08.30:588][  0]LogFileCache: Scanning file cache for directory 'C:/Users/Jarrett/Documents/Unreal Projects/Growth/Saved/Collections/' took 0.01s
[2016.01.05-23.08.30:588][  0]LogFileCache: Scanning file cache for directory 'C:/Users/Jarrett/Documents/Unreal Projects/Growth/Content/Developers/Jarrett/Collections/' took 0.02s
[2016.01.05-23.08.30:588][  0]LogFileCache: Scanning file cache for directory 'C:/Users/Jarrett/Documents/Unreal Projects/Growth/Content/Collections/' took 0.01s
[2016.01.05-23.08.30:588][  0]LogCollectionManager: Rebuilt the GUID cache for 0 collections in 0.000003 seconds
[2016.01.05-23.08.30:640][  0]LogContentBrowser: Native class hierarchy populated in 0.0518 seconds. Added 1893 classes and 338 folders.
[2016.01.05-23.08.30:670][  0]LogContentBrowser: Native class hierarchy updated for 'WidgetCarousel' in 0.0010 seconds. Added 0 classes and 0 folders.
[2016.01.05-23.08.39:760][  0]LogContentBrowser: Native class hierarchy updated for 'AddContentDialog' in 0.0012 seconds. Added 0 classes and 0 folders.
[2016.01.05-23.08.39:888][  0]LogContentBrowser: Native class hierarchy updated for 'SceneOutliner' in 0.0166 seconds. Added 1 classes and 2 folders.
[2016.01.05-23.08.40:420][  0]LogCrashTracker: Crashtracker disabled due to settings.
[2016.01.05-23.08.40:545][  0]LogUObjectGlobals:Warning: Failed to find object 'Class None.'
[2016.01.05-23.08.40:630][  0]LogLoad: Full Startup: 199.34 seconds (BP compile: 0.23 seconds)
[2016.01.05-23.08.46:685][  0]LogOcInput: Can't find Oculus library dev build: is proper Runtime installed? Version: 0.8.0.0
[2016.01.05-23.08.56:088][  0]LogContentStreaming: Texture pool size now 200 MB
[2016.01.05-23.08.59:017][  0]LogRenderer: Reallocating scene render targets to support 856x368 (Frame:2).
[2016.01.05-23.09.10:641][ 14]LogAssetRegistry: Asset discovery search completed in 88.9890 seconds
[2016.01.05-23.09.10:641][ 14]LogCollectionManager: Rebuilt the object cache for 0 collections in 0.000002 seconds (found 0 objects)
[2016.01.05-23.09.10:641][ 14]LogCollectionManager: Fixed up redirectors for 0 collections in 0.000055 seconds (updated 0 objects)
[2016.01.05-23.09.31:635][128]LogPlayLevel: PlayLevel: No blueprints needed recompiling
[2016.01.05-23.09.31:636][128]PIE: New page: PIE session: ExampleMap (Jan 5, 2016, 7:09:31 AM)
[2016.01.05-23.09.31:636][128]LogPlayLevel: Creating play world package: /Game/Maps/UEDPIE_0_ExampleMap
[2016.01.05-23.09.31:641][128]LogPlayLevel: PIE: StaticDuplicateObject took: (0.003655s)
[2016.01.05-23.09.31:643][128]LogAIModule: Creating AISystem for world ExampleMap
[2016.01.05-23.09.31:644][128]LogPlayLevel: PIE: World Init took: (0.002262s)
[2016.01.05-23.09.31:644][128]LogPlayLevel: PIE: Created PIE world by copying editor world from /Game/Maps/ExampleMap.ExampleMap to /Game/Maps/UEDPIE_0_ExampleMap.ExampleMap (0.006420s)
[2016.01.05-23.09.31:787][128]LogInit: XAudio2 using 'Speakers / Headphones (Realtek High Definition Audio)' : 2 channels at 48 kHz using 32 bits per sample (channel mask 0x3)
[2016.01.05-23.09.33:106][128]LogInit: FAudioDevice initialized.
[2016.01.05-23.09.39:010][128]LogWorld: Game class is 'Level_GameMode_C'
[2016.01.05-23.09.39:023][128]LogWorld: Bringing World /Game/Maps/UEDPIE_0_ExampleMap.ExampleMap up for play (max tick rate 0) at 2016.01.05-15.09.39
[2016.01.05-23.09.39:023][128]LogActor:Warning: GameSession /Game/Maps/UEDPIE_0_ExampleMap.ExampleMap:PersistentLevel.GameSession_0 has natively added scene component(s), but none of them were set as the actor's RootComponent - picking one arbitrarily
[2016.01.05-23.09.39:024][128]LogActor:Warning: GameNetworkManager /Game/Maps/UEDPIE_0_ExampleMap.ExampleMap:PersistentLevel.GameNetworkManager_0 has natively added scene component(s), but none of them were set as the actor's RootComponent - picking one arbitrarily
[2016.01.05-23.09.39:024][128]LogWorld: Bringing up level for play took: 0.006406
[2016.01.05-23.09.41:368][128]PIE: Info Play in editor start time for /Game/Maps/UEDPIE_0_ExampleMap 8.97
[2016.01.05-23.10.07:214][402]LogParticles: Destroying 0 GPU particle simulations for FXSystem 0x000000F5083F54E0
[2016.01.05-23.18.32:613][871]LogLinker:Warning: Asset '../../../Engine/Content/ArtTools/RenderToTexture/Macros/RenderToTextureMacros.uasset' has been saved with empty engine version. The asset will be loaded but may be incompatible.
[2016.01.05-23.18.36:773][871]LogContentBrowser: Native class hierarchy updated for 'BlueprintGraph' in 0.0523 seconds. Added 107 classes and 0 folders.
[2016.01.05-23.19.21:291][952]LogFileHelpers: Editor autosave (incl. sublevels) for '/Game/Maps/ExampleMap' took 0.369
[2016.01.05-23.19.21:307][952]OBJ SavePackage: Generating thumbnails for [0] asset(s) in package [/Game/UserInterface/HUD] ([1] browsable assets)...
[2016.01.05-23.19.21:307][952]OBJ SavePackage: Finished generating thumbnails for package [/Game/UserInterface/HUD]
[2016.01.05-23.19.22:011][952]LogSavePackage: Save=469.132751ms
[2016.01.05-23.19.22:011][952]LogSavePackage: Moving '../../../../../../Users/Jarrett/Documents/Unreal Projects/Growth/Saved/HUD_Auto14AC050C24ECA9708F882B6911BB79ED8.tmp' to '../../../../../../Users/Jarrett/Documents/Unreal Projects/Growth/Saved/Autosaves/Game/UserInterface/HUD_Auto1.uasset'
[2016.01.05-23.19.22:014][952]LogSavePackage: Total save time: 703.347020ms
[2016.01.05-23.19.22:014][952]LogSavePackage:Display: Finished SavePackage ../../../../../../Users/Jarrett/Documents/Unreal Projects/Growth/Saved/Autosaves/Game/UserInterface/HUD_Auto1.uasset
[2016.01.05-23.19.22:014][952]LogFileHelpers: Auto-saving content packages took 0.722
[2016.01.05-23.22.42:536][425]LogEditorTransaction: Undo Resize Widget
[2016.01.05-23.22.57:700][683]LogEditorTransaction: Undo Move Widget
[2016.01.05-23.23.27:174][188]LogEditorTransaction: Undo Move Anchor
[2016.01.05-23.24.48:708][620]LogEditorTransaction: Undo Resize Widget
[2016.01.05-23.24.57:299][765]LogEditorTransaction: Undo Move Anchor
[2016.01.05-23.26.06:625][370]LogEditorTransaction: Undo Move Widget (Render Transform)
[2016.01.05-23.26.11:253][451]LogEditorTransaction: Undo Resize Widget
[2016.01.05-23.26.46:055][131]LogSlate:Warning: Prevented a slow task dialog from being summoned while a context menu was open
[2016.01.05-23.27.06:109][564]LogEditorTransaction: Undo Move Anchor
[2016.01.05-23.27.06:722][572]LogEditorTransaction: Undo Move Widget (Render Transform)
[2016.01.05-23.28.29:187][966]BlueprintLog: New page: Compile HUD
[2016.01.05-23.28.38:312][966]BlueprintEditorCompileResults: Info [1396.99] Compile of HUD successful! [in 9,097 ms]
[2016.01.05-23.28.50:098][ 84]LogActor:Warning: GameNetworkManager /Engine/Transient.World_5:PersistentLevel.GameNetworkManager_1 has natively added scene component(s), but none of them were set as the actor's RootComponent - picking one arbitrarily
[2016.01.05-23.28.58:388][218]LogPlayLevel: PlayLevel: No blueprints needed recompiling
[2016.01.05-23.28.58:389][218]PIE: New page: PIE session: ExampleMap (Jan 5, 2016, 7:28:58 AM)
[2016.01.05-23.28.58:389][218]LogPlayLevel: Creating play world package: /Game/Maps/UEDPIE_0_ExampleMap
[2016.01.05-23.28.58:392][218]LogPlayLevel: PIE: StaticDuplicateObject took: (0.003239s)
[2016.01.05-23.28.58:397][218]LogAIModule: Creating AISystem for world ExampleMap
[2016.01.05-23.28.58:397][218]LogPlayLevel: PIE: World Init took: (0.004902s)
[2016.01.05-23.28.58:397][218]LogPlayLevel: PIE: Created PIE world by copying editor world from /Game/Maps/ExampleMap.ExampleMap to /Game/Maps/UEDPIE_0_ExampleMap.ExampleMap (0.008542s)
[2016.01.05-23.28.58:573][218]LogParticles: Destroying 0 GPU particle simulations for FXSystem 0x000000F511BB2E80
[2016.01.05-23.28.58:573][218]LogInit: XAudio2 using 'Speakers / Headphones (Realtek High Definition Audio)' : 2 channels at 48 kHz using 32 bits per sample (channel mask 0x3)
[2016.01.05-23.28.58:616][218]LogInit: FAudioDevice initialized.
[2016.01.05-23.28.58:785][218]LogWorld: Game class is 'Level_GameMode_C'
[2016.01.05-23.28.58:791][218]LogWorld: Bringing World /Game/Maps/UEDPIE_0_ExampleMap.ExampleMap up for play (max tick rate 60) at 2016.01.05-15.28.58
[2016.01.05-23.28.58:792][218]LogActor:Warning: GameSession /Game/Maps/UEDPIE_0_ExampleMap.ExampleMap:PersistentLevel.GameSession_1 has natively added scene component(s), but none of them were set as the actor's RootComponent - picking one arbitrarily
[2016.01.05-23.28.58:792][218]LogActor:Warning: GameNetworkManager /Game/Maps/UEDPIE_0_ExampleMap.ExampleMap:PersistentLevel.GameNetworkManager_2 has natively added scene component(s), but none of them were set as the actor's RootComponent - picking one arbitrarily
[2016.01.05-23.28.58:792][218]LogWorld: Bringing up level for play took: 0.004963
[2016.01.05-23.28.58:897][218]PIE: Info Play in editor start time for /Game/Maps/UEDPIE_0_ExampleMap 0.499
[2016.01.05-23.29.00:611][245]LogParticles: Destroying 0 GPU particle simulations for FXSystem 0x000000F517C8A480
[2016.01.05-23.29.14:748][428]LogSlate:Warning: Prevented a slow task dialog from being summoned while a context menu was open
[2016.01.05-23.29.45:448][937]BlueprintLog: New page: Compile GrowthCamera
[2016.01.05-23.29.45:904][937]BlueprintEditorCompileResults: Info [1464.61] Compile of GrowthCamera successful! [in 455 ms]
[2016.01.05-23.29.58:411][135]BlueprintLog: New page: Compile GrowthCamera
[2016.01.05-23.29.58:870][135]BlueprintEditorCompileResults: Info [1477.58] Compile of GrowthCamera successful! [in 457 ms]
[2016.01.05-23.29.59:530][147]LogPlayLevel: PlayLevel: No blueprints needed recompiling
[2016.01.05-23.29.59:530][147]PIE: New page: PIE session: ExampleMap (Jan 5, 2016, 7:29:59 AM)
[2016.01.05-23.29.59:530][147]LogPlayLevel: Creating play world package: /Game/Maps/UEDPIE_0_ExampleMap
[2016.01.05-23.29.59:534][147]LogPlayLevel: PIE: StaticDuplicateObject took: (0.003265s)
[2016.01.05-23.29.59:536][147]LogAIModule: Creating AISystem for world ExampleMap
[2016.01.05-23.29.59:536][147]LogPlayLevel: PIE: World Init took: (0.002606s)
[2016.01.05-23.29.59:537][147]LogPlayLevel: PIE: Created PIE world by copying editor world from /Game/Maps/ExampleMap.ExampleMap to /Game/Maps/UEDPIE_0_ExampleMap.ExampleMap (0.006837s)
[2016.01.05-23.29.59:683][147]LogInit: XAudio2 using 'Speakers / Headphones (Realtek High Definition Audio)' : 2 channels at 48 kHz using 32 bits per sample (channel mask 0x3)
[2016.01.05-23.29.59:782][147]LogInit: FAudioDevice initialized.
[2016.01.05-23.29.59:925][147]LogWorld: Game class is 'Level_GameMode_C'
[2016.01.05-23.29.59:931][147]LogWorld: Bringing World /Game/Maps/UEDPIE_0_ExampleMap.ExampleMap up for play (max tick rate 60) at 2016.01.05-15.29.59
[2016.01.05-23.29.59:931][147]LogActor:Warning: GameSession /Game/Maps/UEDPIE_0_ExampleMap.ExampleMap:PersistentLevel.GameSession_2 has natively added scene component(s), but none of them were set as the actor's RootComponent - picking one arbitrarily
[2016.01.05-23.29.59:932][147]LogActor:Warning: GameNetworkManager /Game/Maps/UEDPIE_0_ExampleMap.ExampleMap:PersistentLevel.GameNetworkManager_3 has natively added scene component(s), but none of them were set as the actor's RootComponent - picking one arbitrarily
[2016.01.05-23.29.59:932][147]LogWorld: Bringing up level for play took: 0.004772
[2016.01.05-23.30.00:007][147]PIE: Info Play in editor start time for /Game/Maps/UEDPIE_0_ExampleMap -0.391
[2016.01.05-23.30.02:918][165]LogParticles: Destroying 0 GPU particle simulations for FXSystem 0x000000F519068FE0
[2016.01.05-23.33.43:830][805]LogUObjectHash:Warning: Ambiguous search, could be CanvasPanel /Game/UserInterface/HUD.HUD:WidgetTree.CanvasPanel_0 or CanvasPanel /Engine/Transient.World_4:HUD_C_2.WidgetTree_12.CanvasPanel_0
[2016.01.05-23.33.43:831][805]LogUObjectHash:Warning: Ambiguous search, could be CanvasPanel /Game/UserInterface/HUD.HUD:WidgetTree.CanvasPanel_0 or CanvasPanel /Engine/Transient.World_4:HUD_C_4.WidgetTree_16.CanvasPanel_0
[2016.01.05-23.33.43:831][805]LogUObjectHash:Warning: Ambiguous search, could be CanvasPanel /Game/UserInterface/HUD.HUD:WidgetTree.CanvasPanel_0 or CanvasPanel /Engine/Transient.World_4:HUD_C_6.WidgetTree_20.CanvasPanel_0
[2016.01.05-23.33.43:831][805]LogUObjectHash:Warning: Ambiguous search, could be CanvasPanel /Game/UserInterface/HUD.HUD:WidgetTree.CanvasPanel_0 or CanvasPanel /Engine/Transient.World_4:HUD_C_5.WidgetTree_86.CanvasPanel_0
[2016.01.05-23.33.43:831][805]LogUObjectHash:Warning: Ambiguous search, could be CanvasPanel /Game/UserInterface/HUD.HUD:WidgetTree.CanvasPanel_0 or CanvasPanel /Game/UserInterface/HUD.HUD_C:WidgetTree_85.CanvasPanel_0
[2016.01.05-23.33.43:831][805]LogUObjectHash:Warning: Ambiguous search, could be CanvasPanel /Game/UserInterface/HUD.HUD:WidgetTree.CanvasPanel_0 or CanvasPanel /Engine/Transient.World_4:HUD_C_9.WidgetTree_26.CanvasPanel_0
[2016.01.05-23.33.43:831][805]LogUObjectHash:Warning: Ambiguous search, could be CanvasPanel /Game/UserInterface/HUD.HUD:WidgetTree.CanvasPanel_0 or CanvasPanel /Engine/Transient.World_4:HUD_C_10.WidgetTree_28.CanvasPanel_0
[2016.01.05-23.33.43:831][805]LogUObjectHash:Warning: Ambiguous search, could be CanvasPanel /Game/UserInterface/HUD.HUD:WidgetTree.CanvasPanel_0 or CanvasPanel /Engine/Transient.World_4:HUD_C_11.WidgetTree_30.CanvasPanel_0
[2016.01.05-23.33.43:831][805]LogUObjectHash:Warning: Ambiguous search, could be CanvasPanel /Game/UserInterface/HUD.HUD:WidgetTree.CanvasPanel_0 or CanvasPanel /Engine/Transient.World_4:HUD_C_12.WidgetTree_32.CanvasPanel_0
[2016.01.05-23.33.43:831][805]LogUObjectHash:Warning: Ambiguous search, could be CanvasPanel /Game/UserInterface/HUD.HUD:WidgetTree.CanvasPanel_0 or CanvasPanel /Engine/Transient.World_4:HUD_C_13.WidgetTree_34.CanvasPanel_0
[2016.01.05-23.33.43:831][805]LogUObjectHash:Warning: Ambiguous search, could be CanvasPanel /Game/UserInterface/HUD.HUD:WidgetTree.CanvasPanel_0 or CanvasPanel /Engine/Transient.World_4:HUD_C_14.WidgetTree_36.CanvasPanel_0
[2016.01.05-23.33.43:831][805]LogUObjectHash:Warning: Ambiguous search, could be CanvasPanel /Game/UserInterface/HUD.HUD:WidgetTree.CanvasPanel_0 or CanvasPanel /Engine/Transient.World_4:HUD_C_15.WidgetTree_38.CanvasPanel_0
[2016.01.05-23.33.43:831][805]LogUObjectHash:Warning: Ambiguous search, could be CanvasPanel /Game/UserInterface/HUD.HUD:WidgetTree.CanvasPanel_0 or CanvasPanel /Engine/Transient.World_4:HUD_C_16.WidgetTree_40.CanvasPanel_0
[2016.01.05-23.33.43:831][805]LogUObjectHash:Warning: Ambiguous search, could be CanvasPanel /Game/UserInterface/HUD.HUD:WidgetTree.CanvasPanel_0 or CanvasPanel /Engine/Transient.World_4:HUD_C_17.WidgetTree_42.CanvasPanel_0
[2016.01.05-23.33.43:831][805]LogUObjectHash:Warning: Ambiguous search, could be CanvasPanel /Game/UserInterface/HUD.HUD:WidgetTree.CanvasPanel_0 or CanvasPanel /Engine/Transient.World_4:HUD_C_3.WidgetTree_84.CanvasPanel_0
[2016.01.05-23.33.43:831][805]LogUObjectHash:Warning: Ambiguous search, could be CanvasPanel /Game/UserInterface/HUD.HUD:WidgetTree.CanvasPanel_0 or CanvasPanel /Game/UserInterface/HUD.HUD_C:WidgetTree_83.CanvasPanel_0
[2016.01.05-23.33.43:831][805]LogUObjectHash:Warning: Ambiguous search, could be CanvasPanel /Game/UserInterface/HUD.HUD:WidgetTree.CanvasPanel_0 or CanvasPanel /Engine/Transient.World_4:HUD_C_0.WidgetTree_79.CanvasPanel_0
[2016.01.05-23.33.43:831][805]LogUObjectHash:Warning: Ambiguous search, could be CanvasPanel /Game/UserInterface/HUD.HUD:WidgetTree.CanvasPanel_0 or CanvasPanel /Engine/Transient.World_4:HUD_C_20.WidgetTree_48.CanvasPanel_0
[2016.01.05-23.33.43:831][805]LogUObjectHash:Warning: Ambiguous search, could be CanvasPanel /Game/UserInterface/HUD.HUD:WidgetTree.CanvasPanel_0 or CanvasPanel /Game/UserInterface/HUD.HUD_C:WidgetTree_78.CanvasPanel_0
[2016.01.05-23.33.43:831][805]LogUObjectHash:Warning: Ambiguous search, could be CanvasPanel /Game/UserInterface/HUD.HUD:WidgetTree.CanvasPanel_0 or CanvasPanel /Game/UserInterface/HUD.HUD_C:WidgetTree_77.CanvasPanel_0
[2016.01.05-23.33.43:831][805]LogUObjectHash:Warning: Ambiguous search, could be CanvasPanel /Game/UserInterface/HUD.HUD:WidgetTree.CanvasPanel_0 or CanvasPanel /Engine/Transient.World_4:REINST_HUD_C_0.WidgetTree_52.CanvasPanel_0
[2016.01.05-23.33.43:832][805]LogProperty:Warning: Illegal TEXT reference to a private object in external package (CanvasPanelSlot /Game/UserInterface/HUD.HUD:WidgetTree.CanvasPanel_0.CanvasPanelSlot_157) from referencer (Button /Engine/UMG/Editor/Transient.Button_32).  Import failed...
[2016.01.05-23.33.43:832][805]LogProperty:Warning: ObjectProperty /Script/UMG.Widget:Slot: unresolved reference to 'CanvasPanelSlot'CanvasPanel_0.CanvasPanelSlot_157''
[2016.01.05-23.33.51:229][928]LogEditorTransaction: Undo Move Widget (Render Transform)
[2016.01.05-23.33.54:411][977]LogEditorTransaction: Undo Move Widget (Render Transform)
[2016.01.05-23.34.01:538][ 99]LogEditorTransaction: Undo Move Widget (Render Transform)
[2016.01.05-23.34.08:293][206]LogEditorTransaction: Undo Resize Widget
[2016.01.05-23.34.42:113][774]LogUObjectHash:Warning: Ambiguous search, could be CanvasPanel /Game/UserInterface/HUD.HUD:WidgetTree.CanvasPanel_0 or CanvasPanel /Engine/Transient.World_4:HUD_C_2.WidgetTree_12.CanvasPanel_0
[2016.01.05-23.34.42:113][774]LogUObjectHash:Warning: Ambiguous search, could be CanvasPanel /Game/UserInterface/HUD.HUD:WidgetTree.CanvasPanel_0 or CanvasPanel /Game/UserInterface/HUD.HUD_C:WidgetTree_89.CanvasPanel_0
[2016.01.05-23.34.42:139][774]LogUObjectHash:Warning: Ambiguous search, could be CanvasPanel /Game/UserInterface/HUD.HUD:WidgetTree.CanvasPanel_0 or CanvasPanel /Engine/Transient.World_4:HUD_C_7.WidgetTree_88.CanvasPanel_0
[2016.01.05-23.34.42:139][774]LogUObjectHash:Warning: Ambiguous search, could be CanvasPanel /Game/UserInterface/HUD.HUD:WidgetTree.CanvasPanel_0 or CanvasPanel /Engine/Transient.World_4:HUD_C_4.WidgetTree_16.CanvasPanel_0
[2016.01.05-23.34.42:139][774]LogUObjectHash:Warning: Ambiguous search, could be CanvasPanel /Game/UserInterface/HUD.HUD:WidgetTree.CanvasPanel_0 or CanvasPanel /Game/UserInterface/HUD.HUD_C:WidgetTree_87.CanvasPanel_0
[2016.01.05-23.34.42:139][774]LogUObjectHash:Warning: Ambiguous search, could be CanvasPanel /Game/UserInterface/HUD.HUD:WidgetTree.CanvasPanel_0 or CanvasPanel /Engine/Transient.World_4:HUD_C_6.WidgetTree_20.CanvasPanel_0
[2016.01.05-23.34.42:139][774]LogUObjectHash:Warning: Ambiguous search, could be CanvasPanel /Game/UserInterface/HUD.HUD:WidgetTree.CanvasPanel_0 or CanvasPanel /Engine/Transient.World_4:HUD_C_5.WidgetTree_86.CanvasPanel_0
[2016.01.05-23.34.42:139][774]LogUObjectHash:Warning: Ambiguous search, could be CanvasPanel /Game/UserInterface/HUD.HUD:WidgetTree.CanvasPanel_0 or CanvasPanel /Game/UserInterface/HUD.HUD_C:WidgetTree_85.CanvasPanel_0
[2016.01.05-23.34.42:139][774]LogUObjectHash:Warning: Ambiguous search, could be CanvasPanel /Game/UserInterface/HUD.HUD:WidgetTree.CanvasPanel_0 or CanvasPanel /Engine/Transient.World_4:HUD_C_9.WidgetTree_26.CanvasPanel_0
[2016.01.05-23.34.42:139][774]LogUObjectHash:Warning: Ambiguous search, could be CanvasPanel /Game/UserInterface/HUD.HUD:WidgetTree.CanvasPanel_0 or CanvasPanel /Engine/Transient.World_4:HUD_C_10.WidgetTree_28.CanvasPanel_0
[2016.01.05-23.34.42:139][774]LogUObjectHash:Warning: Ambiguous search, could be CanvasPanel /Game/UserInterface/HUD.HUD:WidgetTree.CanvasPanel_0 or CanvasPanel /Engine/Transient.World_4:HUD_C_23.WidgetTree_100.CanvasPanel_0
[2016.01.05-23.34.42:139][774]LogUObjectHash:Warning: Ambiguous search, could be CanvasPanel /Game/UserInterface/HUD.HUD:WidgetTree.CanvasPanel_0 or CanvasPanel /Engine/Transient.World_4:HUD_C_11.WidgetTree_30.CanvasPanel_0
[2016.01.05-23.34.42:139][774]LogUObjectHash:Warning: Ambiguous search, could be CanvasPanel /Game/UserInterface/HUD.HUD:WidgetTree.CanvasPanel_0 or CanvasPanel /Game/UserInterface/HUD.HUD_C:WidgetTree_99.CanvasPanel_0
[2016.01.05-23.34.42:139][774]LogUObjectHash:Warning: Ambiguous search, could be CanvasPanel /Game/UserInterface/HUD.HUD:WidgetTree.CanvasPanel_0 or CanvasPanel /Engine/Transient.World_4:HUD_C_12.WidgetTree_32.CanvasPanel_0
[2016.01.05-23.34.42:139][774]LogUObjectHash:Warning: Ambiguous search, could be CanvasPanel /Game/UserInterface/HUD.HUD:WidgetTree.CanvasPanel_0 or CanvasPanel /Engine/Transient.World_4:HUD_C_22.WidgetTree_98.CanvasPanel_0
[2016.01.05-23.34.42:139][774]LogUObjectHash:Warning: Ambiguous search, could be CanvasPanel /Game/UserInterface/HUD.HUD:WidgetTree.CanvasPanel_0 or CanvasPanel /Engine/Transient.World_4:HUD_C_13.WidgetTree_34.CanvasPanel_0
[2016.01.05-23.34.42:139][774]LogUObjectHash:Warning: Ambiguous search, could be CanvasPanel /Game/UserInterface/HUD.HUD:WidgetTree.CanvasPanel_0 or CanvasPanel /Game/UserInterface/HUD.HUD_C:WidgetTree_97.CanvasPanel_0
[2016.01.05-23.34.42:139][774]LogUObjectHash:Warning: Ambiguous search, could be CanvasPanel /Game/UserInterface/HUD.HUD:WidgetTree.CanvasPanel_0 or CanvasPanel /Engine/Transient.World_4:HUD_C_14.WidgetTree_36.CanvasPanel_0
[2016.01.05-23.34.42:139][774]LogUObjectHash:Warning: Ambiguous search, could be CanvasPanel /Game/UserInterface/HUD.HUD:WidgetTree.CanvasPanel_0 or CanvasPanel /Engine/Transient.World_4:HUD_C_21.WidgetTree_96.CanvasPanel_0
[2016.01.05-23.34.42:139][774]LogUObjectHash:Warning: Ambiguous search, could be CanvasPanel /Game/UserInterface/HUD.HUD:WidgetTree.CanvasPanel_0 or CanvasPanel /Engine/Transient.World_4:HUD_C_15.WidgetTree_38.CanvasPanel_0
[2016.01.05-23.34.42:140][774]LogUObjectHash:Warning: Ambiguous search, could be CanvasPanel /Game/UserInterface/HUD.HUD:WidgetTree.CanvasPanel_0 or CanvasPanel /Game/UserInterface/HUD.HUD_C:WidgetTree_95.CanvasPanel_0
[2016.01.05-23.34.42:140][774]LogUObjectHash:Warning: Ambiguous search, could be CanvasPanel /Game/UserInterface/HUD.HUD:WidgetTree.CanvasPanel_0 or CanvasPanel /Engine/Transient.World_4:HUD_C_16.WidgetTree_40.CanvasPanel_0
[2016.01.05-23.34.42:140][774]LogUObjectHash:Warning: Ambiguous search, could be CanvasPanel /Game/UserInterface/HUD.HUD:WidgetTree.CanvasPanel_0 or CanvasPanel /Engine/Transient.World_4:HUD_C_19.WidgetTree_94.CanvasPanel_0
[2016.01.05-23.34.42:140][774]LogUObjectHash:Warning: Ambiguous search, could be CanvasPanel /Game/UserInterface/HUD.HUD:WidgetTree.CanvasPanel_0 or CanvasPanel /Engine/Transient.World_4:HUD_C_17.WidgetTree_42.CanvasPanel_0
[2016.01.05-23.34.42:140][774]LogUObjectHash:Warning: Ambiguous search, could be CanvasPanel /Game/UserInterface/HUD.HUD:WidgetTree.CanvasPanel_0 or CanvasPanel /Engine/Transient.World_4:HUD_C_3.WidgetTree_84.CanvasPanel_0
[2016.01.05-23.34.42:140][774]LogUObjectHash:Warning: Ambiguous search, could be CanvasPanel /Game/UserInterface/HUD.HUD:WidgetTree.CanvasPanel_0 or CanvasPanel /Game/UserInterface/HUD.HUD_C:WidgetTree_93.CanvasPanel_0
[2016.01.05-23.34.42:140][774]LogUObjectHash:Warning: Ambiguous search, could be CanvasPanel /Game/UserInterface/HUD.HUD:WidgetTree.CanvasPanel_0 or CanvasPanel /Game/UserInterface/HUD.HUD_C:WidgetTree_83.CanvasPanel_0
[2016.01.05-23.34.42:140][774]LogUObjectHash:Warning: Ambiguous search, could be CanvasPanel /Game/UserInterface/HUD.HUD:WidgetTree.CanvasPanel_0 or CanvasPanel /Engine/Transient.World_4:HUD_C_18.WidgetTree_92.CanvasPanel_0
[2016.01.05-23.34.42:140][774]LogUObjectHash:Warning: Ambiguous search, could be CanvasPanel /Game/UserInterface/HUD.HUD:WidgetTree.CanvasPanel_0 or CanvasPanel /Engine/Transient.World_4:HUD_C_0.WidgetTree_79.CanvasPanel_0
[2016.01.05-23.34.42:140][774]LogUObjectHash:Warning: Ambiguous search, could be CanvasPanel /Game/UserInterface/HUD.HUD:WidgetTree.CanvasPanel_0 or CanvasPanel /Game/UserInterface/HUD.HUD_C:WidgetTree_91.CanvasPanel_0
[2016.01.05-23.34.42:140][774]LogUObjectHash:Warning: Ambiguous search, could be CanvasPanel /Game/UserInterface/HUD.HUD:WidgetTree.CanvasPanel_0 or CanvasPanel /Engine/Transient.World_4:HUD_C_20.WidgetTree_48.CanvasPanel_0
[2016.01.05-23.34.42:140][774]LogUObjectHash:Warning: Ambiguous search, could be CanvasPanel /Game/UserInterface/HUD.HUD:WidgetTree.CanvasPanel_0 or CanvasPanel /Engine/Transient.World_4:HUD_C_8.WidgetTree_90.CanvasPanel_0
[2016.01.05-23.34.42:140][774]LogUObjectHash:Warning: Ambiguous search, could be CanvasPanel /Game/UserInterface/HUD.HUD:WidgetTree.CanvasPanel_0 or CanvasPanel /Game/UserInterface/HUD.HUD_C:WidgetTree_78.CanvasPanel_0
[2016.01.05-23.34.42:140][774]LogUObjectHash:Warning: Ambiguous search, could be CanvasPanel /Game/UserInterface/HUD.HUD:WidgetTree.CanvasPanel_0 or CanvasPanel /Game/UserInterface/HUD.HUD_C:WidgetTree_77.CanvasPanel_0
[2016.01.05-23.34.42:140][774]LogUObjectHash:Warning: Ambiguous search, could be CanvasPanel /Game/UserInterface/HUD.HUD:WidgetTree.CanvasPanel_0 or CanvasPanel /Engine/Transient.World_4:REINST_HUD_C_0.WidgetTree_52.CanvasPanel_0
[2016.01.05-23.34.42:140][774]LogProperty:Warning: Illegal TEXT reference to a private object in external package (CanvasPanelSlot /Game/UserInterface/HUD.HUD:WidgetTree.CanvasPanel_0.CanvasPanelSlot_157) from referencer (Button /Engine/UMG/Editor/Transient.Button_32).  Import failed...
[2016.01.05-23.34.42:140][774]LogProperty:Warning: ObjectProperty /Script/UMG.Widget:Slot: unresolved reference to 'CanvasPanelSlot'CanvasPanel_0.CanvasPanelSlot_157''
[2016.01.05-23.35.31:247][587]LogEditorTransaction: Undo Edit Right
[2016.01.05-23.35.40:179][740]LogEditorTransaction: Undo Move Anchor
[2016.01.05-23.36.12:769][300]LogUObjectHash:Warning: Ambiguous search, could be CanvasPanel /Game/UserInterface/HUD.HUD:WidgetTree.CanvasPanel_0 or CanvasPanel /Engine/Transient.World_4:HUD_C_2.WidgetTree_12.CanvasPanel_0
[2016.01.05-23.36.12:770][300]LogUObjectHash:Warning: Ambiguous search, could be CanvasPanel /Game/UserInterface/HUD.HUD:WidgetTree.CanvasPanel_0 or CanvasPanel /Engine/Transient.World_4:HUD_C_28.WidgetTree_110.CanvasPanel_0
[2016.01.05-23.36.12:770][300]LogUObjectHash:Warning: Ambiguous search, could be CanvasPanel /Game/UserInterface/HUD.HUD:WidgetTree.CanvasPanel_0 or CanvasPanel /Game/UserInterface/HUD.HUD_C:WidgetTree_109.CanvasPanel_0
[2016.01.05-23.36.12:770][300]LogUObjectHash:Warning: Ambiguous search, could be CanvasPanel /Game/UserInterface/HUD.HUD:WidgetTree.CanvasPanel_0 or CanvasPanel /Game/UserInterface/HUD.HUD_C:WidgetTree_89.CanvasPanel_0
[2016.01.05-23.36.12:770][300]LogUObjectHash:Warning: Ambiguous search, could be CanvasPanel /Game/UserInterface/HUD.HUD:WidgetTree.CanvasPanel_0 or CanvasPanel /Engine/Transient.World_4:HUD_C_27.WidgetTree_108.CanvasPanel_0
[2016.01.05-23.36.12:770][300]LogUObjectHash:Warning: Ambiguous search, could be CanvasPanel /Game/UserInterface/HUD.HUD:WidgetTree.CanvasPanel_0 or CanvasPanel /Engine/Transient.World_4:HUD_C_7.WidgetTree_88.CanvasPanel_0
[2016.01.05-23.36.12:770][300]LogUObjectHash:Warning: Ambiguous search, could be CanvasPanel /Game/UserInterface/HUD.HUD:WidgetTree.CanvasPanel_0 or CanvasPanel /Game/UserInterface/HUD.HUD_C:WidgetTree_107.CanvasPanel_0
[2016.01.05-23.36.12:770][300]LogUObjectHash:Warning: Ambiguous search, could be CanvasPanel /Game/UserInterface/HUD.HUD:WidgetTree.CanvasPanel_0 or CanvasPanel /Engine/Transient.World_4:HUD_C_4.WidgetTree_16.CanvasPanel_0
[2016.01.05-23.36.12:770][300]LogUObjectHash:Warning: Ambiguous search, could be CanvasPanel /Game/UserInterface/HUD.HUD:WidgetTree.CanvasPanel_0 or CanvasPanel /Engine/Transient.World_4:HUD_C_26.WidgetTree_106.CanvasPanel_0
[2016.01.05-23.36.12:770][300]LogUObjectHash:Warning: Ambiguous search, could be CanvasPanel /Game/UserInterface/HUD.HUD:WidgetTree.CanvasPanel_0 or CanvasPanel /Game/UserInterface/HUD.HUD_C:WidgetTree_87.CanvasPanel_0
[2016.01.05-23.36.12:770][300]LogUObjectHash:Warning: Ambiguous search, could be CanvasPanel /Game/UserInterface/HUD.HUD:WidgetTree.CanvasPanel_0 or CanvasPanel /Game/UserInterface/HUD.HUD_C:WidgetTree_105.CanvasPanel_0
[2016.01.05-23.36.12:770][300]LogUObjectHash:Warning: Ambiguous search, could be CanvasPanel /Game/UserInterface/HUD.HUD:WidgetTree.CanvasPanel_0 or CanvasPanel /Engine/Transient.World_4:HUD_C_6.WidgetTree_20.CanvasPanel_0
[2016.01.05-23.36.12:770][300]LogUObjectHash:Warning: Ambiguous search, could be CanvasPanel /Game/UserInterface/HUD.HUD:WidgetTree.CanvasPanel_0 or CanvasPanel /Engine/Transient.World_4:HUD_C_25.WidgetTree_104.CanvasPanel_0
[2016.01.05-23.36.12:770][300]LogUObjectHash:Warning: Ambiguous search, could be CanvasPanel /Game/UserInterface/HUD.HUD:WidgetTree.CanvasPanel_0 or CanvasPanel /Engine/Transient.World_4:HUD_C_5.WidgetTree_86.CanvasPanel_0
[2016.01.05-23.36.12:770][300]LogUObjectHash:Warning: Ambiguous search, could be CanvasPanel /Game/UserInterface/HUD.HUD:WidgetTree.CanvasPanel_0 or CanvasPanel /Game/UserInterface/HUD.HUD_C:WidgetTree_103.CanvasPanel_0
[2016.01.05-23.36.12:770][300]LogUObjectHash:Warning: Ambiguous search, could be CanvasPanel /Game/UserInterface/HUD.HUD:WidgetTree.CanvasPanel_0 or CanvasPanel /Game/UserInterface/HUD.HUD_C:WidgetTree_85.CanvasPanel_0
[2016.01.05-23.36.12:770][300]LogUObjectHash:Warning: Ambiguous search, could be CanvasPanel /Game/UserInterface/HUD.HUD:WidgetTree.CanvasPanel_0 or CanvasPanel /Engine/Transient.World_4:HUD_C_24.WidgetTree_102.CanvasPanel_0
[2016.01.05-23.36.12:770][300]LogUObjectHash:Warning: Ambiguous search, could be CanvasPanel /Game/UserInterface/HUD.HUD:WidgetTree.CanvasPanel_0 or CanvasPanel /Engine/Transient.World_4:HUD_C_9.WidgetTree_26.CanvasPanel_0
[2016.01.05-23.36.12:770][300]LogUObjectHash:Warning: Ambiguous search, could be CanvasPanel /Game/UserInterface/HUD.HUD:WidgetTree.CanvasPanel_0 or CanvasPanel /Game/UserInterface/HUD.HUD_C:WidgetTree_101.CanvasPanel_0
[2016.01.05-23.36.12:770][300]LogUObjectHash:Warning: Ambiguous search, could be CanvasPanel /Game/UserInterface/HUD.HUD:WidgetTree.CanvasPanel_0 or CanvasPanel /Engine/Transient.World_4:HUD_C_10.WidgetTree_28.CanvasPanel_0
[2016.01.05-23.36.12:771][300]LogUObjectHash:Warning: Ambiguous search, could be CanvasPanel /Game/UserInterface/HUD.HUD:WidgetTree.CanvasPanel_0 or CanvasPanel /Engine/Transient.World_4:HUD_C_23.WidgetTree_100.CanvasPanel_0
[2016.01.05-23.36.12:771][300]LogUObjectHash:Warning: Ambiguous search, could be CanvasPanel /Game/UserInterface/HUD.HUD:WidgetTree.CanvasPanel_0 or CanvasPanel /Engine/Transient.World_4:HUD_C_11.WidgetTree_30.CanvasPanel_0
[2016.01.05-23.36.12:771][300]LogUObjectHash:Warning: Ambiguous search, could be CanvasPanel /Game/UserInterface/HUD.HUD:WidgetTree.CanvasPanel_0 or CanvasPanel /Game/UserInterface/HUD.HUD_C:WidgetTree_99.CanvasPanel_0
[2016.01.05-23.36.12:771][300]LogUObjectHash:Warning: Ambiguous search, could be CanvasPanel /Game/UserInterface/HUD.HUD:WidgetTree.CanvasPanel_0 or CanvasPanel /Engine/Transient.World_4:HUD_C_12.WidgetTree_32.CanvasPanel_0
[2016.01.05-23.36.12:771][300]LogUObjectHash:Warning: Ambiguous search, could be CanvasPanel /Game/UserInterface/HUD.HUD:WidgetTree.CanvasPanel_0 or CanvasPanel /Engine/Transient.World_4:HUD_C_22.WidgetTree_98.CanvasPanel_0
[2016.01.05-23.36.12:771][300]LogUObjectHash:Warning: Ambiguous search, could be CanvasPanel /Game/UserInterface/HUD.HUD:WidgetTree.CanvasPanel_0 or CanvasPanel /Engine/Transient.World_4:HUD_C_13.WidgetTree_34.CanvasPanel_0
[2016.01.05-23.36.12:771][300]LogUObjectHash:Warning: Ambiguous search, could be CanvasPanel /Game/UserInterface/HUD.HUD:WidgetTree.CanvasPanel_0 or CanvasPanel /Game/UserInterface/HUD.HUD_C:WidgetTree_97.CanvasPanel_0
[2016.01.05-23.36.12:771][300]LogUObjectHash:Warning: Ambiguous search, could be CanvasPanel /Game/UserInterface/HUD.HUD:WidgetTree.CanvasPanel_0 or CanvasPanel /Engine/Transient.World_4:HUD_C_14.WidgetTree_36.CanvasPanel_0
[2016.01.05-23.36.12:771][300]LogUObjectHash:Warning: Ambiguous search, could be CanvasPanel /Game/UserInterface/HUD.HUD:WidgetTree.CanvasPanel_0 or CanvasPanel /Engine/Transient.World_4:HUD_C_21.WidgetTree_96.CanvasPanel_0
[2016.01.05-23.36.12:771][300]LogUObjectHash:Warning: Ambiguous search, could be CanvasPanel /Game/UserInterface/HUD.HUD:WidgetTree.CanvasPanel_0 or CanvasPanel /Engine/Transient.World_4:HUD_C_15.WidgetTree_38.CanvasPanel_0
[2016.01.05-23.36.12:771][300]LogUObjectHash:Warning: Ambiguous search, could be CanvasPanel /Game/UserInterface/HUD.HUD:WidgetTree.CanvasPanel_0 or CanvasPanel /Game/UserInterface/HUD.HUD_C:WidgetTree_95.CanvasPanel_0
[2016.01.05-23.36.12:771][300]LogUObjectHash:Warning: Ambiguous search, could be CanvasPanel /Game/UserInterface/HUD.HUD:WidgetTree.CanvasPanel_0 or CanvasPanel /Engine/Transient.World_4:HUD_C_16.WidgetTree_40.CanvasPanel_0
[2016.01.05-23.36.12:771][300]LogUObjectHash:Warning: Ambiguous search, could be CanvasPanel /Game/UserInterface/HUD.HUD:WidgetTree.CanvasPanel_0 or CanvasPanel /Engine/Transient.World_4:HUD_C_19.WidgetTree_94.CanvasPanel_0
[2016.01.05-23.36.12:771][300]LogUObjectHash:Warning: Ambiguous search, could be CanvasPanel /Game/UserInterface/HUD.HUD:WidgetTree.CanvasPanel_0 or CanvasPanel /Engine/Transient.World_4:HUD_C_17.WidgetTree_42.CanvasPanel_0
[2016.01.05-23.36.12:771][300]LogUObjectHash:Warning: Ambiguous search, could be CanvasPanel /Game/UserInterface/HUD.HUD:WidgetTree.CanvasPanel_0 or CanvasPanel /Engine/Transient.World_4:HUD_C_3.WidgetTree_84.CanvasPanel_0
[2016.01.05-23.36.12:771][300]LogUObjectHash:Warning: Ambiguous search, could be CanvasPanel /Game/UserInterface/HUD.HUD:WidgetTree.CanvasPanel_0 or CanvasPanel /Game/UserInterface/HUD.HUD_C:WidgetTree_93.CanvasPanel_0
[2016.01.05-23.36.12:771][300]LogUObjectHash:Warning: Ambiguous search, could be CanvasPanel /Game/UserInterface/HUD.HUD:WidgetTree.CanvasPanel_0 or CanvasPanel /Game/UserInterface/HUD.HUD_C:WidgetTree_83.CanvasPanel_0
[2016.01.05-23.36.12:771][300]LogUObjectHash:Warning: Ambiguous search, could be CanvasPanel /Game/UserInterface/HUD.HUD:WidgetTree.CanvasPanel_0 or CanvasPanel /Engine/Transient.World_4:HUD_C_18.WidgetTree_92.CanvasPanel_0
[2016.01.05-23.36.12:771][300]LogUObjectHash:Warning: Ambiguous search, could be CanvasPanel /Game/UserInterface/HUD.HUD:WidgetTree.CanvasPanel_0 or CanvasPanel /Engine/Transient.World_4:HUD_C_0.WidgetTree_79.CanvasPanel_0
[2016.01.05-23.36.12:771][300]LogUObjectHash:Warning: Ambiguous search, could be CanvasPanel /Game/UserInterface/HUD.HUD:WidgetTree.CanvasPanel_0 or CanvasPanel /Game/UserInterface/HUD.HUD_C:WidgetTree_91.CanvasPanel_0
[2016.01.05-23.36.12:772][300]LogUObjectHash:Warning: Ambiguous search, could be CanvasPanel /Game/UserInterface/HUD.HUD:WidgetTree.CanvasPanel_0 or CanvasPanel /Engine/Transient.World_4:HUD_C_20.WidgetTree_48.CanvasPanel_0
[2016.01.05-23.36.12:772][300]LogUObjectHash:Warning: Ambiguous search, could be CanvasPanel /Game/UserInterface/HUD.HUD:WidgetTree.CanvasPanel_0 or CanvasPanel /Engine/Transient.World_4:HUD_C_8.WidgetTree_90.CanvasPanel_0
[2016.01.05-23.36.12:772][300]LogUObjectHash:Warning: Ambiguous search, could be CanvasPanel /Game/UserInterface/HUD.HUD:WidgetTree.CanvasPanel_0 or CanvasPanel /Game/UserInterface/HUD.HUD_C:WidgetTree_78.CanvasPanel_0
[2016.01.05-23.36.12:772][300]LogUObjectHash:Warning: Ambiguous search, could be CanvasPanel /Game/UserInterface/HUD.HUD:WidgetTree.CanvasPanel_0 or CanvasPanel /Game/UserInterface/HUD.HUD_C:WidgetTree_77.CanvasPanel_0
[2016.01.05-23.36.12:772][300]LogUObjectHash:Warning: Ambiguous search, could be CanvasPanel /Game/UserInterface/HUD.HUD:WidgetTree.CanvasPanel_0 or CanvasPanel /Engine/Transient.World_4:REINST_HUD_C_0.WidgetTree_52.CanvasPanel_0
[2016.01.05-23.36.12:772][300]LogProperty:Warning: Illegal TEXT reference to a private object in external package (CanvasPanelSlot /Game/UserInterface/HUD.HUD:WidgetTree.CanvasPanel_0.CanvasPanelSlot_157) from referencer (Button /Engine/UMG/Editor/Transient.Button_32).  Import failed...
[2016.01.05-23.36.12:772][300]LogProperty:Warning: ObjectProperty /Script/UMG.Widget:Slot: unresolved reference to 'CanvasPanelSlot'CanvasPanel_0.CanvasPanelSlot_157''
[2016.01.05-23.36.40:609][764]BlueprintLog: New page: Compile HUD
[2016.01.05-23.36.41:078][764]BlueprintEditorCompileResults: Info [1879.78] Compile of HUD successful! [in 469 ms]
[2016.01.05-23.36.44:597][823]LogPlayLevel: PlayLevel: No blueprints needed recompiling
[2016.01.05-23.36.44:597][823]PIE: New page: PIE session: ExampleMap (Jan 5, 2016, 7:36:44 AM)
[2016.01.05-23.36.44:598][823]LogPlayLevel: Creating play world package: /Game/Maps/UEDPIE_0_ExampleMap
[2016.01.05-23.36.44:600][823]LogPlayLevel: PIE: StaticDuplicateObject took: (0.002726s)
[2016.01.05-23.36.44:602][823]LogAIModule: Creating AISystem for world ExampleMap
[2016.01.05-23.36.44:603][823]LogPlayLevel: PIE: World Init took: (0.002102s)
[2016.01.05-23.36.44:603][823]LogPlayLevel: PIE: Created PIE world by copying editor world from /Game/Maps/ExampleMap.ExampleMap to /Game/Maps/UEDPIE_0_ExampleMap.ExampleMap (0.005264s)
[2016.01.05-23.36.44:761][823]LogInit: XAudio2 using 'Speakers / Headphones (Realtek High Definition Audio)' : 2 channels at 48 kHz using 32 bits per sample (channel mask 0x3)
[2016.01.05-23.36.44:864][823]LogInit: FAudioDevice initialized.
[2016.01.05-23.36.45:005][823]LogWorld: Game class is 'Level_GameMode_C'
[2016.01.05-23.36.45:010][823]LogWorld: Bringing World /Game/Maps/UEDPIE_0_ExampleMap.ExampleMap up for play (max tick rate 60) at 2016.01.05-15.36.45
[2016.01.05-23.36.45:011][823]LogActor:Warning: GameSession /Game/Maps/UEDPIE_0_ExampleMap.ExampleMap:PersistentLevel.GameSession_3 has natively added scene component(s), but none of them were set as the actor's RootComponent - picking one arbitrarily
[2016.01.05-23.36.45:011][823]LogActor:Warning: GameNetworkManager /Game/Maps/UEDPIE_0_ExampleMap.ExampleMap:PersistentLevel.GameNetworkManager_4 has natively added scene component(s), but none of them were set as the actor's RootComponent - picking one arbitrarily
[2016.01.05-23.36.45:011][823]LogWorld: Bringing up level for play took: 0.005000
[2016.01.05-23.36.45:075][823]PIE: Info Play in editor start time for /Game/Maps/UEDPIE_0_ExampleMap 0.677
[2016.01.05-23.36.51:698][871]LogParticles: Destroying 0 GPU particle simulations for FXSystem 0x000000F51C334400
[2016.01.05-23.37.27:171][546]LogEditorTransaction: Undo Move Anchor
[2016.01.05-23.37.43:912][869]LogEditorTransaction: Undo Move Anchor
[2016.01.05-23.38.41:551][821]BlueprintLog: New page: Pre-Play auto-recompile
[2016.01.05-23.38.41:685][821]LogPlayLevel: [PlayLevel] Compiling HUD before play...
[2016.01.05-23.38.41:942][821]LogPlayLevel: PlayLevel: Blueprint regeneration took 390 ms (2 blueprints)
[2016.01.05-23.38.41:953][821]LogPlayLevel: [PlayLevel] Compiling GrowthCamera before play...
[2016.01.05-23.38.42:170][821]LogPlayLevel: PlayLevel: Blueprint regeneration took 618 ms (3 blueprints)
[2016.01.05-23.38.42:172][821]LogPlayLevel: [PlayLevel] Compiling CameraController before play...
[2016.01.05-23.38.42:348][821]LogPlayLevel: PlayLevel: Blueprint regeneration took 796 ms (3 blueprints)
[2016.01.05-23.38.42:494][821]PIE: New page: PIE session: ExampleMap (Jan 5, 2016, 7:38:42 AM)
[2016.01.05-23.38.42:494][821]LogPlayLevel: Creating play world package: /Game/Maps/UEDPIE_0_ExampleMap
[2016.01.05-23.38.42:500][821]LogPlayLevel: PIE: StaticDuplicateObject took: (0.005476s)
[2016.01.05-23.38.42:502][821]LogAIModule: Creating AISystem for world ExampleMap
[2016.01.05-23.38.42:503][821]LogPlayLevel: PIE: World Init took: (0.002839s)
[2016.01.05-23.38.42:503][821]LogPlayLevel: PIE: Created PIE world by copying editor world from /Game/Maps/ExampleMap.ExampleMap to /Game/Maps/UEDPIE_0_ExampleMap.ExampleMap (0.008710s)
[2016.01.05-23.38.42:649][821]LogInit: XAudio2 using 'Speakers / Headphones (Realtek High Definition Audio)' : 2 channels at 48 kHz using 32 bits per sample (channel mask 0x3)
[2016.01.05-23.38.42:721][821]LogInit: FAudioDevice initialized.
[2016.01.05-23.38.42:847][821]LogWorld: Game class is 'Level_GameMode_C'
[2016.01.05-23.38.42:853][821]LogWorld: Bringing World /Game/Maps/UEDPIE_0_ExampleMap.ExampleMap up for play (max tick rate 60) at 2016.01.05-15.38.42
[2016.01.05-23.38.42:854][821]LogActor:Warning: GameSession /Game/Maps/UEDPIE_0_ExampleMap.ExampleMap:PersistentLevel.GameSession_4 has natively added scene component(s), but none of them were set as the actor's RootComponent - picking one arbitrarily
[2016.01.05-23.38.42:854][821]LogActor:Warning: GameNetworkManager /Game/Maps/UEDPIE_0_ExampleMap.ExampleMap:PersistentLevel.GameNetworkManager_5 has natively added scene component(s), but none of them were set as the actor's RootComponent - picking one arbitrarily
[2016.01.05-23.38.42:855][821]LogWorld: Bringing up level for play took: 0.005852
[2016.01.05-23.38.42:910][821]PIE: Info Play in editor start time for /Game/Maps/UEDPIE_0_ExampleMap 0.513
[2016.01.05-23.38.46:499][847]LogParticles: Destroying 0 GPU particle simulations for FXSystem 0x000000F51EA35D00
[2016.01.05-23.40.12:119][283]BlueprintLog: New page: Compile HUD
[2016.01.05-23.40.12:529][283]BlueprintEditorCompileResults: Info [2091.24] Compile of HUD successful! [in 409 ms]
[2016.01.05-23.40.13:295][293]LogPlayLevel: PlayLevel: No blueprints needed recompiling
[2016.01.05-23.40.13:295][293]PIE: New page: PIE session: ExampleMap (Jan 5, 2016, 7:40:13 AM)
[2016.01.05-23.40.13:296][293]LogPlayLevel: Creating play world package: /Game/Maps/UEDPIE_0_ExampleMap
[2016.01.05-23.40.13:299][293]LogPlayLevel: PIE: StaticDuplicateObject took: (0.003504s)
[2016.01.05-23.40.13:301][293]LogAIModule: Creating AISystem for world ExampleMap
[2016.01.05-23.40.13:302][293]LogPlayLevel: PIE: World Init took: (0.002321s)
[2016.01.05-23.40.13:302][293]LogPlayLevel: PIE: Created PIE world by copying editor world from /Game/Maps/ExampleMap.ExampleMap to /Game/Maps/UEDPIE_0_ExampleMap.ExampleMap (0.006337s)
[2016.01.05-23.40.13:443][293]LogInit: XAudio2 using 'Speakers / Headphones (Realtek High Definition Audio)' : 2 channels at 48 kHz using 32 bits per sample (channel mask 0x3)
[2016.01.05-23.40.13:518][293]LogInit: FAudioDevice initialized.
[2016.01.05-23.40.13:640][293]LogWorld: Game class is 'Level_GameMode_C'
[2016.01.05-23.40.13:645][293]LogWorld: Bringing World /Game/Maps/UEDPIE_0_ExampleMap.ExampleMap up for play (max tick rate 60) at 2016.01.05-15.40.13
[2016.01.05-23.40.13:645][293]LogActor:Warning: GameSession /Game/Maps/UEDPIE_0_ExampleMap.ExampleMap:PersistentLevel.GameSession_5 has natively added scene component(s), but none of them were set as the actor's RootComponent - picking one arbitrarily
[2016.01.05-23.40.13:646][293]LogActor:Warning: GameNetworkManager /Game/Maps/UEDPIE_0_ExampleMap.ExampleMap:PersistentLevel.GameNetworkManager_6 has natively added scene component(s), but none of them were set as the actor's RootComponent - picking one arbitrarily
[2016.01.05-23.40.13:647][293]LogWorld: Bringing up level for play took: 0.005486
[2016.01.05-23.40.13:703][293]PIE: Info Play in editor start time for /Game/Maps/UEDPIE_0_ExampleMap 1.304
[2016.01.05-23.40.17:146][319]LogParticles: Destroying 0 GPU particle simulations for FXSystem 0x000000F51BF3B380
[2016.01.05-23.40.48:764][847]Cmd: TRANSACTION UNDO
[2016.01.05-23.40.48:764][847]LogEditorTransaction: Undo Rename Widget
[2016.01.05-23.41.05:959][163]BlueprintLog: New page: Compile HUD
[2016.01.05-23.41.06:474][163]BlueprintEditorCompileResults: Info [2145.18] Compile of HUD successful! [in 514 ms]
[2016.01.05-23.41.11:018][213]Cmd: OBJ SAVEPACKAGE PACKAGE="/Game/Blueprints/GrowthCamera" FILE="../../../../../../Users/Jarrett/Documents/Unreal Projects/Growth/Content/Blueprints/GrowthCamera.uasset" SILENT=true
[2016.01.05-23.41.11:443][213]LogSavePackage: Save=232.122955ms
[2016.01.05-23.41.11:443][213]LogSavePackage: Moving '../../../../../../Users/Jarrett/Documents/Unreal Projects/Growth/Saved/GrowthCamera206A98D2491076714B04BD9E5513BF41.tmp' to '../../../../../../Users/Jarrett/Documents/Unreal Projects/Growth/Content/Blueprints/GrowthCamera.uasset'
[2016.01.05-23.41.11:456][213]LogSavePackage: Total save time: 431.887303ms
[2016.01.05-23.41.11:456][213]LogSavePackage:Display: Finished SavePackage ../../../../../../Users/Jarrett/Documents/Unreal Projects/Growth/Content/Blueprints/GrowthCamera.uasset
[2016.01.05-23.41.11:481][213]Cmd: OBJ SAVEPACKAGE PACKAGE="/Game/UserInterface/HUD" FILE="../../../../../../Users/Jarrett/Documents/Unreal Projects/Growth/Content/UserInterface/HUD.uasset" SILENT=true
[2016.01.05-23.41.11:558][213]LogSavePackage: Save=71.999725ms
[2016.01.05-23.41.11:558][213]LogSavePackage: Moving '../../../../../../Users/Jarrett/Documents/Unreal Projects/Growth/Saved/HUD87A67105419999ACFC2CD29AF4085C62.tmp' to '../../../../../../Users/Jarrett/Documents/Unreal Projects/Growth/Content/UserInterface/HUD.uasset'
[2016.01.05-23.41.11:594][213]LogSavePackage: Total save time: 109.354816ms
[2016.01.05-23.41.11:594][213]LogSavePackage:Display: Finished SavePackage ../../../../../../Users/Jarrett/Documents/Unreal Projects/Growth/Content/UserInterface/HUD.uasset
[2016.01.05-23.42.23:228][357]BlueprintLog: New page: Compile GrowthCamera
[2016.01.05-23.42.23:606][357]BlueprintEditorCompileResults: Info [2222.31] Compile of GrowthCamera successful! [in 377 ms]
[2016.01.05-23.42.26:608][408]LogPlayLevel: PlayLevel: No blueprints needed recompiling
[2016.01.05-23.42.26:608][408]PIE: New page: PIE session: ExampleMap (Jan 5, 2016, 7:42:26 AM)
[2016.01.05-23.42.26:608][408]LogPlayLevel: Creating play world package: /Game/Maps/UEDPIE_0_ExampleMap
[2016.01.05-23.42.26:611][408]LogPlayLevel: PIE: StaticDuplicateObject took: (0.002902s)
[2016.01.05-23.42.26:613][408]LogAIModule: Creating AISystem for world ExampleMap
[2016.01.05-23.42.26:613][408]LogPlayLevel: PIE: World Init took: (0.002146s)
[2016.01.05-23.42.26:614][408]LogPlayLevel: PIE: Created PIE world by copying editor world from /Game/Maps/ExampleMap.ExampleMap to /Game/Maps/UEDPIE_0_ExampleMap.ExampleMap (0.005467s)
[2016.01.05-23.42.26:765][408]LogInit: XAudio2 using 'Speakers / Headphones (Realtek High Definition Audio)' : 2 channels at 48 kHz using 32 bits per sample (channel mask 0x3)
[2016.01.05-23.42.26:859][408]LogInit: FAudioDevice initialized.
[2016.01.05-23.42.27:009][408]LogWorld: Game class is 'Level_GameMode_C'
[2016.01.05-23.42.27:016][408]LogWorld: Bringing World /Game/Maps/UEDPIE_0_ExampleMap.ExampleMap up for play (max tick rate 60) at 2016.01.05-15.42.27
[2016.01.05-23.42.27:016][408]LogActor:Warning: GameSession /Game/Maps/UEDPIE_0_ExampleMap.ExampleMap:PersistentLevel.GameSession_6 has natively added scene component(s), but none of them were set as the actor's RootComponent - picking one arbitrarily
[2016.01.05-23.42.27:017][408]LogActor:Warning: GameNetworkManager /Game/Maps/UEDPIE_0_ExampleMap.ExampleMap:PersistentLevel.GameNetworkManager_7 has natively added scene component(s), but none of them were set as the actor's RootComponent - picking one arbitrarily
[2016.01.05-23.42.27:017][408]LogWorld: Bringing up level for play took: 0.005727
[2016.01.05-23.42.27:092][408]PIE: Info Play in editor start time for /Game/Maps/UEDPIE_0_ExampleMap 0.694
[2016.01.05-23.42.45:824][543]LogParticles: Destroying 0 GPU particle simulations for FXSystem 0x000000F5185F68E0
[2016.01.05-23.43.03:629][840]LogPlayLevel: PlayLevel: No blueprints needed recompiling
[2016.01.05-23.43.03:630][840]PIE: New page: PIE session: ExampleMap (Jan 5, 2016, 7:43:03 AM)
[2016.01.05-23.43.03:630][840]LogPlayLevel: Creating play world package: /Game/Maps/UEDPIE_0_ExampleMap
[2016.01.05-23.43.03:633][840]LogPlayLevel: PIE: StaticDuplicateObject took: (0.003633s)
[2016.01.05-23.43.03:637][840]LogAIModule: Creating AISystem for world ExampleMap
[2016.01.05-23.43.03:637][840]LogPlayLevel: PIE: World Init took: (0.003947s)
[2016.01.05-23.43.03:638][840]LogPlayLevel: PIE: Created PIE world by copying editor world from /Game/Maps/ExampleMap.ExampleMap to /Game/Maps/UEDPIE_0_ExampleMap.ExampleMap (0.008066s)
[2016.01.05-23.43.03:788][840]LogInit: XAudio2 using 'Speakers / Headphones (Realtek High Definition Audio)' : 2 channels at 48 kHz using 32 bits per sample (channel mask 0x3)
[2016.01.05-23.43.03:858][840]LogInit: FAudioDevice initialized.
[2016.01.05-23.43.03:928][840]LogWorld: Game class is 'Level_GameMode_C'
[2016.01.05-23.43.03:933][840]LogWorld: Bringing World /Game/Maps/UEDPIE_0_ExampleMap.ExampleMap up for play (max tick rate 60) at 2016.01.05-15.43.03
[2016.01.05-23.43.03:933][840]LogActor:Warning: GameSession /Game/Maps/UEDPIE_0_ExampleMap.ExampleMap:PersistentLevel.GameSession_7 has natively added scene component(s), but none of them were set as the actor's RootComponent - picking one arbitrarily
[2016.01.05-23.43.03:934][840]LogActor:Warning: GameNetworkManager /Game/Maps/UEDPIE_0_ExampleMap.ExampleMap:PersistentLevel.GameNetworkManager_8 has natively added scene component(s), but none of them were set as the actor's RootComponent - picking one arbitrarily
[2016.01.05-23.43.03:934][840]LogWorld: Bringing up level for play took: 0.005090
[2016.01.05-23.43.03:943][840]PIE: Info Play in editor start time for /Game/Maps/UEDPIE_0_ExampleMap -0.455
[2016.01.05-23.43.16:820][ 33]LogParticles: Destroying 0 GPU particle simulations for FXSystem 0x000000F51DACB600
[2016.01.05-23.44.14:542][981]LogFileHelpers: Editor autosave (incl. sublevels) for '/Game/Maps/ExampleMap' took 0.130
[2016.01.05-23.44.14:556][981]OBJ SavePackage: Generating thumbnails for [0] asset(s) in package [/Game/UserInterface/HUD] ([1] browsable assets)...
[2016.01.05-23.44.14:556][981]OBJ SavePackage: Finished generating thumbnails for package [/Game/UserInterface/HUD]
[2016.01.05-23.44.14:625][981]LogSavePackage: Save=41.900238ms
[2016.01.05-23.44.14:625][981]LogSavePackage: Moving '../../../../../../Users/Jarrett/Documents/Unreal Projects/Growth/Saved/HUD_Auto2576A058041FB10E060E4EBB476EAFDCE.tmp' to '../../../../../../Users/Jarrett/Documents/Unreal Projects/Growth/Saved/Autosaves/Game/UserInterface/HUD_Auto2.uasset'
[2016.01.05-23.44.14:629][981]LogSavePackage: Total save time: 66.294309ms
[2016.01.05-23.44.14:629][981]LogSavePackage:Display: Finished SavePackage ../../../../../../Users/Jarrett/Documents/Unreal Projects/Growth/Saved/Autosaves/Game/UserInterface/HUD_Auto2.uasset
[2016.01.05-23.44.14:644][981]OBJ SavePackage: Generating thumbnails for [0] asset(s) in package [/Game/Blueprints/GrowthCamera] ([1] browsable assets)...
[2016.01.05-23.44.14:644][981]OBJ SavePackage: Finished generating thumbnails for package [/Game/Blueprints/GrowthCamera]
[2016.01.05-23.44.14:928][981]LogSavePackage: Save=272.100098ms
[2016.01.05-23.44.14:928][981]LogSavePackage: Moving '../../../../../../Users/Jarrett/Documents/Unreal Projects/Growth/Saved/GrowthCamera_Auto2C3D7A1CF4DD4871F5C04E5A690898968.tmp' to '../../../../../../Users/Jarrett/Documents/Unreal Projects/Growth/Saved/Autosaves/Game/Blueprints/GrowthCamera_Auto2.uasset'
[2016.01.05-23.44.14:932][981]LogSavePackage: Total save time: 281.687599ms
[2016.01.05-23.44.14:932][981]LogSavePackage:Display: Finished SavePackage ../../../../../../Users/Jarrett/Documents/Unreal Projects/Growth/Saved/Autosaves/Game/Blueprints/GrowthCamera_Auto2.uasset
[2016.01.05-23.44.14:932][981]LogFileHelpers: Auto-saving content packages took 0.388
[2016.01.05-23.45.47:111][234]BlueprintLog: New page: Compile HUD
[2016.01.05-23.45.47:529][234]BlueprintEditorCompileResults: Info [2426.24] Compile of HUD successful! [in 416 ms]
[2016.01.05-23.46.01:499][472]BlueprintLog: New page: Compile HUD
[2016.01.05-23.46.01:863][472]BlueprintEditorCompileResults: Info [2440.57] Compile of HUD successful! [in 363 ms]
[2016.01.05-23.46.35:940][ 72]BlueprintLog: New page: Compile HUD
[2016.01.05-23.46.36:330][ 72]BlueprintEditorCompileResults: Info [2475.04] Compile of HUD successful! [in 388 ms]
[2016.01.05-23.46.37:463][ 91]LogPlayLevel: PlayLevel: No blueprints needed recompiling
[2016.01.05-23.46.37:464][ 91]PIE: New page: PIE session: ExampleMap (Jan 5, 2016, 7:46:37 AM)
[2016.01.05-23.46.37:464][ 91]LogPlayLevel: Creating play world package: /Game/Maps/UEDPIE_0_ExampleMap
[2016.01.05-23.46.37:467][ 91]LogPlayLevel: PIE: StaticDuplicateObject took: (0.003321s)
[2016.01.05-23.46.37:470][ 91]LogAIModule: Creating AISystem for world ExampleMap
[2016.01.05-23.46.37:470][ 91]LogPlayLevel: PIE: World Init took: (0.002949s)
[2016.01.05-23.46.37:471][ 91]LogPlayLevel: PIE: Created PIE world by copying editor world from /Game/Maps/ExampleMap.ExampleMap to /Game/Maps/UEDPIE_0_ExampleMap.ExampleMap (0.006740s)
[2016.01.05-23.46.37:616][ 91]LogInit: XAudio2 using 'Speakers / Headphones (Realtek High Definition Audio)' : 2 channels at 48 kHz using 32 bits per sample (channel mask 0x3)
[2016.01.05-23.46.37:736][ 91]LogInit: FAudioDevice initialized.
[2016.01.05-23.46.37:940][ 91]LogWorld: Game class is 'Level_GameMode_C'
[2016.01.05-23.46.37:945][ 91]LogWorld: Bringing World /Game/Maps/UEDPIE_0_ExampleMap.ExampleMap up for play (max tick rate 60) at 2016.01.05-15.46.37
[2016.01.05-23.46.37:945][ 91]LogActor:Warning: GameSession /Game/Maps/UEDPIE_0_ExampleMap.ExampleMap:PersistentLevel.GameSession_8 has natively added scene component(s), but none of them were set as the actor's RootComponent - picking one arbitrarily
[2016.01.05-23.46.37:946][ 91]LogActor:Warning: GameNetworkManager /Game/Maps/UEDPIE_0_ExampleMap.ExampleMap:PersistentLevel.GameNetworkManager_9 has natively added scene component(s), but none of them were set as the actor's RootComponent - picking one arbitrarily
[2016.01.05-23.46.37:947][ 91]LogWorld: Bringing up level for play took: 0.005202
[2016.01.05-23.46.37:991][ 91]PIE: Info Play in editor start time for /Game/Maps/UEDPIE_0_ExampleMap -0.408
[2016.01.05-23.46.47:133][158]LogParticles: Destroying 0 GPU particle simulations for FXSystem 0x000000F520F71E40
[2016.01.05-23.46.50:037][203]Cmd: OBJ SAVEPACKAGE PACKAGE="/Game/UserInterface/HUD" FILE="../../../../../../Users/Jarrett/Documents/Unreal Projects/Growth/Content/UserInterface/HUD.uasset" SILENT=true
[2016.01.05-23.46.50:140][203]LogSavePackage: Save=73.894920ms
[2016.01.05-23.46.50:140][203]LogSavePackage: Moving '../../../../../../Users/Jarrett/Documents/Unreal Projects/Growth/Saved/HUDDA5C09014214E966EFCE9F9673490956.tmp' to '../../../../../../Users/Jarrett/Documents/Unreal Projects/Growth/Content/UserInterface/HUD.uasset'
[2016.01.05-23.46.50:155][203]LogSavePackage: Total save time: 95.623437ms
[2016.01.05-23.46.50:155][203]LogSavePackage:Display: Finished SavePackage ../../../../../../Users/Jarrett/Documents/Unreal Projects/Growth/Content/UserInterface/HUD.uasset
[2016.01.05-23.46.52:374][238]Cmd: OBJ SAVEPACKAGE PACKAGE="/Game/Blueprints/GrowthCamera" FILE="../../../../../../Users/Jarrett/Documents/Unreal Projects/Growth/Content/Blueprints/GrowthCamera.uasset" SILENT=true
[2016.01.05-23.46.52:705][238]LogSavePackage: Save=236.275345ms
[2016.01.05-23.46.52:705][238]LogSavePackage: Moving '../../../../../../Users/Jarrett/Documents/Unreal Projects/Growth/Saved/GrowthCameraCBB4EE02460AE17302BA269C2F9BE8B3.tmp' to '../../../../../../Users/Jarrett/Documents/Unreal Projects/Growth/Content/Blueprints/GrowthCamera.uasset'
[2016.01.05-23.46.52:725][238]LogSavePackage: Total save time: 334.328506ms
[2016.01.05-23.46.52:725][238]LogSavePackage:Display: Finished SavePackage ../../../../../../Users/Jarrett/Documents/Unreal Projects/Growth/Content/Blueprints/GrowthCamera.uasset
[2016.01.05-23.46.58:329][323]LogEditorViewport: Clicking on Actor (LMB): StaticMeshActor (Cube)
[2016.01.05-23.48.10:474][170]LogWindows:Error: Windows GetLastError: The operation completed successfully. (0)
[2016.01.05-23.48.43:668][170]LogCrashTracker: 


[2016.01.05-23.48.43:843][170]LogCrashTracker: 


[2016.01.05-23.48.43:844][170]LogWindows:Error: === Critical error: ===
Assertion failed: IsValid() [File:D:\BuildFarm\buildmachine_++depot+UE4-Releases+4.10\Engine\Source\Runtime\Core\Public\Templates\SharedPointer.h] [Line: 739] 





[2016.01.05-23.48.44:192][170]LogExit: Executing StaticShutdownAfterError
[2016.01.05-23.48.48:070][170]LogPhysics:Warning: PHYSX: ..\..\PhysX\src\NpScene.cpp (2946) 8 : PxScene::unlockWrite() called without matching call to PxScene::lockWrite(), behaviour will be undefined.
[2016.01.05-23.48.48:756][170]LogPhysics:Warning: PHYSX: ..\..\PhysX\src\NpScene.cpp (2946) 8 : PxScene::unlockWrite() called without matching call to PxScene::lockWrite(), behaviour will be undefined.
[2016.01.05-23.48.49:281][170]LogPhysics:Warning: PHYSX: ..\..\PhysX\src\NpScene.cpp (2946) 8 : PxScene::unlockWrite() called without matching call to PxScene::lockWrite(), behaviour will be undefined.
[2016.01.05-23.48.49:632][170]LogPhysics:Warning: PHYSX: ..\..\PhysX\src\NpScene.cpp (2946) 8 : PxScene::unlockWrite() called without matching call to PxScene::lockWrite(), behaviour will be undefined.
[2016.01.05-23.48.49:802][170]LogPhysics:Warning: PHYSX: ..\..\PhysX\src\NpScene.cpp (2946) 8 : PxScene::unlockWrite() called without matching call to PxScene::lockWrite(), behaviour will be undefined.
[2016.01.05-23.48.49:947][170]LogPhysics:Warning: PHYSX: ..\..\PhysX\src\NpScene.cpp (2946) 8 : PxScene::unlockWrite() called without matching call to PxScene::lockWrite(), behaviour will be undefined.
[2016.01.05-23.48.50:109][170]LogPhysics:Warning: PHYSX: ..\..\PhysX\src\NpScene.cpp (2946) 8 : PxScene::unlockWrite() called without matching call to PxScene::lockWrite(), behaviour will be undefined.
[2016.01.05-23.48.50:291][170]LogPhysics:Warning: PHYSX: ..\..\PhysX\src\NpScene.cpp (2946) 8 : PxScene::unlockWrite() called without matching call to PxScene::lockWrite(), behaviour will be undefined.
[2016.01.05-23.48.50:386][170]LogWindows: FPlatformMisc::RequestExit(1)
[2016.01.05-23.48.50:388][170]Log file closed, 01/05/16 15:48:50
