[2016.01.21-18.31.46:145][  0]Log file open, 01/21/16 10:31:46
[2016.01.21-18.31.46:145][  0]LogInit:Display: Running engine for game: Growth
[2016.01.21-18.31.46:145][  0]LogPlatformFile: Not using cached read wrapper
[2016.01.21-18.31.46:145][  0]LogInit:Display: RandInit(1467480110) SRandInit(1467480111).
[2016.01.21-18.31.46:145][  0]LogTaskGraph: Started task graph with 4 named threads and 7 total threads.
[2016.01.21-18.31.46:145][  0]LogStats: Stats thread started at 0.104365
[2016.01.21-18.31.46:145][  0]LogInit: Version: 4.10.0-2758231+++depot+UE4-Releases+4.10
[2016.01.21-18.31.46:145][  0]LogInit: API Version: 2758231
[2016.01.21-18.31.46:145][  0]LogInit: Compiled (64-bit): Nov  7 2015 05:13:45
[2016.01.21-18.31.46:145][  0]LogInit: Compiled with Visual C++: 19.00.23026.00
[2016.01.21-18.31.46:145][  0]LogInit: Build Configuration: Development
[2016.01.21-18.31.46:145][  0]LogInit: Branch Name: ++depot+UE4-Releases+4.10
[2016.01.21-18.31.46:145][  0]LogInit: Command line:  
[2016.01.21-18.31.46:145][  0]LogInit: Base directory: C:/Program Files/Epic Games/4.10/Engine/Binaries/Win64/
[2016.01.21-18.31.46:145][  0]LogInit: Rocket: 1
[2016.01.21-18.31.46:191][  0]LogInit: Using libcurl 7.41.0
[2016.01.21-18.31.46:191][  0]LogInit:  - built for x86_64-pc-win32
[2016.01.21-18.31.46:191][  0]LogInit:  - supports SSL with WinSSL
[2016.01.21-18.31.46:191][  0]LogInit:  - other features:
[2016.01.21-18.31.46:191][  0]LogInit:      CURL_VERSION_SSL
[2016.01.21-18.31.46:191][  0]LogInit:      CURL_VERSION_IPV6
[2016.01.21-18.31.46:191][  0]LogInit:      CURL_VERSION_ASYNCHDNS
[2016.01.21-18.31.46:191][  0]LogInit:      CURL_VERSION_LARGEFILE
[2016.01.21-18.31.46:191][  0]LogInit:      CURL_VERSION_IDN
[2016.01.21-18.31.46:191][  0]LogInit:  CurlRequestOptions (configurable via config and command line):
[2016.01.21-18.31.46:191][  0]LogInit:  - bVerifyPeer = true  - Libcurl will verify peer certificate
[2016.01.21-18.31.46:191][  0]LogInit:  - bUseHttpProxy = false  - Libcurl will NOT use HTTP proxy
[2016.01.21-18.31.46:191][  0]LogInit:  - bDontReuseConnections = false  - Libcurl will reuse connections
[2016.01.21-18.31.46:191][  0]LogInit:  - CertBundlePath = nullptr  - Libcurl will use whatever was configured at build time.
[2016.01.21-18.31.46:233][  0]LogInit: Presizing for 0 objects not considered by GC, pre-allocating 0 bytes.
[2016.01.21-18.31.46:239][  0]LogInit: Object subsystem initialized
[2016.01.21-18.31.46:240][  0]LogInit: Selected Device Profile: [Windows]
[2016.01.21-18.31.46:240][  0]LogInit: Applying CVar settings loaded from the selected device profile: [Windows]
[2016.01.21-18.31.46:269][  0]LogInit: Computer: ALEX-PC
[2016.01.21-18.31.46:269][  0]LogInit: User: Alex
[2016.01.21-18.31.46:269][  0]LogInit: CPU Page size=4096, Cores=4
[2016.01.21-18.31.46:269][  0]LogInit: High frequency timer resolution =2.533206 MHz
[2016.01.21-18.31.46:269][  0]LogMemory: Memory total: Physical=7.9GB (8GB approx)
[2016.01.21-18.31.46:269][  0]LogMemory: Platform Memory Stats for Windows
[2016.01.21-18.31.46:269][  0]LogMemory: Process Physical Memory: 55.80 MB used, 55.80 MB peak
[2016.01.21-18.31.46:269][  0]LogMemory: Process Virtual Memory: 58.65 MB used, 58.65 MB peak
[2016.01.21-18.31.46:269][  0]LogMemory: Physical Memory: 3954.32 MB used, 8110.36 MB total
[2016.01.21-18.31.46:269][  0]LogMemory: Virtual Memory: 380.51 MB used, 134217728.00 MB total
[2016.01.21-18.31.46:503][  0]LogTextLocalizationManager: No specific translations for ('en-US') exist, so ('en') translations will be used.
[2016.01.21-18.31.47:043][  0]LogD3D11RHI: Found D3D11 adapter 0: NVIDIA GeForce GTX 965M        (Feature Level 11_0)
[2016.01.21-18.31.47:043][  0]LogD3D11RHI: Adapter has 4013MB of dedicated video memory, 0MB of dedicated system memory, and 4055MB of shared system memory, 1 output[s]
[2016.01.21-18.31.47:147][  0]LogD3D11RHI: Found D3D11 adapter 1: Intel(R) HD Graphics 4600 (Feature Level 11_0)
[2016.01.21-18.31.47:147][  0]LogD3D11RHI: Adapter has 112MB of dedicated video memory, 0MB of dedicated system memory, and 4055MB of shared system memory, 0 output[s]
[2016.01.21-18.31.47:149][  0]LogD3D11RHI: Found D3D11 adapter 2: Microsoft Basic Render Driver (Feature Level 11_0)
[2016.01.21-18.31.47:149][  0]LogD3D11RHI: Adapter has 0MB of dedicated video memory, 0MB of dedicated system memory, and 4055MB of shared system memory, 0 output[s]
[2016.01.21-18.31.47:149][  0]LogD3D11RHI: Chosen D3D11 Adapter Id = 0
[2016.01.21-18.31.47:154][  0]LogD3D11RHI: !Direct3DDevice
[2016.01.21-18.31.47:154][  0]LogRHI: Texture pool is 1361 MB (70% of 1945 MB)
[2016.01.21-18.31.47:168][  0]LogD3D11RHI: Async texture creation enabled
[2016.01.21-18.31.47:185][  0]LogShaderCompilers: Guid format shader working directory is 36 characters bigger than the processId version (E:/Growth/Intermediate/Shaders/WorkingDirectory/6096/).
[2016.01.21-18.31.47:185][  0]LogShaderCompilers: Cleaned the shader compiler working directory 'C:/Users/Alex/AppData/Local/Temp/UnrealShaderWorkingDir/B670DA3748633C97CCCCECB640097DB6/'.
[2016.01.21-18.31.47:185][  0]LogShaderCompilers:Display: Using Local Shader Compiler.
[2016.01.21-18.31.48:499][  0]LogTemp:Display: Loaded TP AllDesktopTargetPlatform
[2016.01.21-18.31.48:511][  0]LogTemp:Display: Loaded TP WindowsClientTargetPlatform
[2016.01.21-18.31.48:524][  0]LogTemp:Display: Loaded TP WindowsNoEditorTargetPlatform
[2016.01.21-18.31.48:538][  0]LogTemp:Display: Loaded TP WindowsServerTargetPlatform
[2016.01.21-18.31.48:552][  0]LogTemp:Display: Loaded TP WindowsTargetPlatform
[2016.01.21-18.31.48:562][  0]LogTemp:Display: Loaded TP AndroidTargetPlatform
[2016.01.21-18.31.48:573][  0]LogTemp:Display: Loaded TP Android_ASTCTargetPlatform
[2016.01.21-18.31.48:583][  0]LogTemp:Display: Loaded TP Android_ATCTargetPlatform
[2016.01.21-18.31.48:593][  0]LogTemp:Display: Loaded TP Android_DXTTargetPlatform
[2016.01.21-18.31.48:604][  0]LogTemp:Display: Loaded TP Android_ETC1TargetPlatform
[2016.01.21-18.31.48:615][  0]LogTemp:Display: Loaded TP Android_ETC2TargetPlatform
[2016.01.21-18.31.48:636][  0]LogTemp:Display: Loaded TP Android_MultiTargetPlatform
[2016.01.21-18.31.48:636][  0]LogTemp:Display: Loaded TP Android_PVRTCTargetPlatform
[2016.01.21-18.31.48:645][  0]LogTemp:Display: Loaded TP HTML5TargetPlatform
[2016.01.21-18.31.48:688][  0]LogTemp:Display: Loaded TP IOSTargetPlatform
[2016.01.21-18.31.48:699][  0]LogTemp:Display: Loaded TP LinuxNoEditorTargetPlatform
[2016.01.21-18.31.48:709][  0]LogTemp:Display: Loaded TP LinuxServerTargetPlatform
[2016.01.21-18.31.48:721][  0]LogTemp:Display: Loaded TP LinuxTargetPlatform
[2016.01.21-18.31.48:721][  0]LogTargetPlatformManager:Display: Building Assets For Windows
[2016.01.21-18.31.49:027][  0]LogDerivedDataCache:Display: Max Cache Size: 512 MB
[2016.01.21-18.31.49:219][  0]LogDerivedDataCache: Loaded boot cache 0.19s 41MB C:/Users/Alex/AppData/Local/UnrealEngine/4.10/DerivedDataCache/Boot.ddc.
[2016.01.21-18.31.49:219][  0]LogDerivedDataCache:Display: Loaded Boot cache: C:/Users/Alex/AppData/Local/UnrealEngine/4.10/DerivedDataCache/Boot.ddc
[2016.01.21-18.31.49:219][  0]LogDerivedDataCache: FDerivedDataBackendGraph:  Pak pak cache file E:/Growth/DerivedDataCache/DDC.ddp not found, will not use a pak cache.
[2016.01.21-18.31.49:219][  0]LogDerivedDataCache: Unable to find inner node Pak for hierarchical cache Hierarchy.
[2016.01.21-18.31.49:219][  0]LogDerivedDataCache: FDerivedDataBackendGraph:  CompressedPak pak cache file E:/Growth/DerivedDataCache/Compressed.ddp not found, will not use a pak cache.
[2016.01.21-18.31.49:219][  0]LogDerivedDataCache: Unable to find inner node CompressedPak for hierarchical cache Hierarchy.
[2016.01.21-18.31.49:276][  0]LogDerivedDataCache:Display: Pak cache opened for reading ../../../Engine/DerivedDataCache/Compressed.ddp.
[2016.01.21-18.31.49:289][  0]LogDerivedDataCache: Using Local data cache path C:/Users/Alex/AppData/Local/UnrealEngine/Common/DerivedDataCache: Writable
[2016.01.21-18.31.49:556][  0]LogInit: Selected Device Profile: [Windows]
[2016.01.21-18.31.49:558][  0]LogContentStreaming: Texture pool size is 0.000000MB
[2016.01.21-18.31.49:871][  0]LogMeshUtilities: No automatic mesh reduction module available
[2016.01.21-18.31.49:871][  0]LogMeshUtilities: No automatic mesh merging module available
[2016.01.21-18.31.50:158][  0]LogInit: WinSock: version 1.1 (2.2), MaxSocks=32767, MaxUdp=65467
[2016.01.21-18.31.51:547][  0]UdpMessaging: Initializing bridge on interface 0.0.0.0:0 to multicast group 230.0.0.1:6666.
[2016.01.21-18.31.51:778][  0]LogAssetRegistry: FAssetRegistry took 0.0108 seconds to start up
[2016.01.21-18.31.52:245][  0]SourceControl: Info Source control is disabled
[2016.01.21-18.31.52:248][  0]SourceControl: Info Source control is disabled
[2016.01.21-18.31.52:290][  0]SourceControl: Info Source control is disabled
[2016.01.21-18.31.52:324][  0]SourceControl: Info Source control is disabled
[2016.01.21-18.31.52:943][  0]LogObj: 28633 objects as part of root set at end of initial load.
[2016.01.21-18.31.52:943][  0]LogUObjectAllocator: 6099744 out of 0 bytes used by permanent object pool.
[2016.01.21-18.31.53:037][  0]LogEngine: Initializing Engine...
[2016.01.21-18.31.53:041][  0]LogHMD: Can't find Oculus library dev build: is proper Runtime installed? Version: 0.8.0.0
[2016.01.21-18.31.53:053][  0]LogHMD: SteamVR failed to initialize.  Err: 110
[2016.01.21-18.31.53:206][  0]LogAIModule: Creating AISystem for world NewWorld
[2016.01.21-18.31.53:219][  0]LogInit: XAudio2 using 'Speakers (Realtek High Definition Audio)' : 2 channels at 48 kHz using 32 bits per sample (channel mask 0x3)
[2016.01.21-18.31.53:243][  0]LogInit: FAudioDevice initialized.
[2016.01.21-18.31.53:278][  0]LogDerivedDataCache: Saved boot cache 0.03s 41MB C:/Users/Alex/AppData/Local/UnrealEngine/4.10/DerivedDataCache/Boot.ddc.
[2016.01.21-18.31.53:286][  0]LogInit: Texture streaming: Enabled
[2016.01.21-18.31.53:308][  0]LogAnalytics: Creating configured Analytics provider AnalyticsET
[2016.01.21-18.31.53:308][  0]LogAnalytics: [UEEditor.Rocket.Release] APIServer = http://et2.epicgames.com/ET2/. AppVersion = 4.10.0-2758231+++depot+UE4-Releases+4.10
[2016.01.21-18.31.53:308][  0]LogAnalytics: [UEEditor.Rocket.Release] SetUserId 2ea81a834ffda1c7700eadb43070947c|187ad38f3ca5493bb24c70d7c7079e52|82e58137-6379-40ac-b56e-28c7ca34f864
[2016.01.21-18.31.53:308][  0]LogAnalytics: [UEEditor.Rocket.Release] AnalyticsET::StartSession
[2016.01.21-18.31.53:493][  0]LogInit: Transaction tracking system initialized
[2016.01.21-18.31.53:604][  0]BlueprintLog: New page: Editor Load
[2016.01.21-18.31.54:139][  0]LocalizationService: Info Localization service is disabled
[2016.01.21-18.31.54:438][  0]LogConsoleResponse:Display: 
[2016.01.21-18.31.54:743][  0]LogCook:Display: Done creating registry. It took  0.00s.
[2016.01.21-18.31.54:964][  0]LogFileCache: Scanning file cache for directory 'E:/Growth/Content/' took 0.01s
[2016.01.21-18.31.54:964][  0]SourceControl: Info Source control is disabled
[2016.01.21-18.31.54:964][  0]Cmd: MAP LOAD FILE="E:/Growth/Content/Maps/ExampleMap.umap" TEMPLATE=0 SHOWPROGRESS=1 FEATURELEVEL=3
[2016.01.21-18.31.54:984][  0]LightingResults: New page: Lighting Build
[2016.01.21-18.31.54:988][  0]MapCheck: New page: Map Check
[2016.01.21-18.31.54:988][  0]LightingResults: New page: Lighting Build
[2016.01.21-18.31.55:003][  0]LogParticles: Destroying 0 GPU particle simulations for FXSystem 0x0000000B04B3F420
[2016.01.21-18.31.55:325][  0]LogAIModule: Creating AISystem for world ExampleMap
[2016.01.21-18.31.55:343][  0]LogEditorServer: Finished looking for orphan Actors (0.000 secs)
[2016.01.21-18.31.55:343][  0]Cmd: MAP CHECKDEP NOCLEARLOG
[2016.01.21-18.31.55:453][  0]MapCheck: Info Map check complete: 0 Error(s), 0 Warning(s), took 108.713ms to complete.
[2016.01.21-18.31.55:453][  0]LogFileHelpers: Loading map 'ExampleMap' took 0.489
[2016.01.21-18.31.55:581][  0]LogCollectionManager: Loaded 0 collections in 0.004649 seconds
[2016.01.21-18.31.55:621][  0]LogFileCache: Scanning file cache for directory 'E:/Growth/Saved/Collections/' took 0.01s
[2016.01.21-18.31.55:621][  0]LogFileCache: Scanning file cache for directory 'E:/Growth/Content/Developers/Alex/Collections/' took 0.01s
[2016.01.21-18.31.55:621][  0]LogFileCache: Scanning file cache for directory 'E:/Growth/Content/Collections/' took 0.01s
[2016.01.21-18.31.55:621][  0]LogCollectionManager: Rebuilt the GUID cache for 0 collections in 0.000004 seconds
[2016.01.21-18.31.55:630][  0]LogContentBrowser: Native class hierarchy populated in 0.0085 seconds. Added 1893 classes and 338 folders.
[2016.01.21-18.31.55:640][  0]LogContentBrowser: Native class hierarchy updated for 'WidgetCarousel' in 0.0004 seconds. Added 0 classes and 0 folders.
[2016.01.21-18.31.55:736][  0]LogContentBrowser: Native class hierarchy updated for 'AddContentDialog' in 0.0003 seconds. Added 0 classes and 0 folders.
[2016.01.21-18.31.55:765][  0]LogContentBrowser: Native class hierarchy updated for 'SceneOutliner' in 0.0004 seconds. Added 1 classes and 2 folders.
[2016.01.21-18.31.55:918][  0]LogCrashTracker: Crashtracker disabled due to settings.
[2016.01.21-18.31.55:924][  0]LogUObjectGlobals:Warning: Failed to find object 'Class None.'
[2016.01.21-18.31.55:946][  0]LogLoad: Full Startup: 10.74 seconds (BP compile: 0.06 seconds)
[2016.01.21-18.31.55:959][  0]LogOcInput: Can't find Oculus library dev build: is proper Runtime installed? Version: 0.8.0.0
[2016.01.21-18.31.56:011][  0]LogContentStreaming: Texture pool size now 1000 MB
[2016.01.21-18.31.56:137][  0]LogRenderer: Reallocating scene render targets to support 884x432 (Frame:2).
[2016.01.21-18.31.56:433][  4]LogAssetRegistry: Asset discovery search completed in 4.6655 seconds
[2016.01.21-18.31.56:433][  4]LogCollectionManager: Rebuilt the object cache for 0 collections in 0.000001 seconds (found 0 objects)
[2016.01.21-18.31.56:433][  4]LogCollectionManager: Fixed up redirectors for 0 collections in 0.000046 seconds (updated 0 objects)
[2016.01.21-18.33.38:632][197]LogLinker:Warning: Asset '../../../Engine/Content/ArtTools/RenderToTexture/Macros/RenderToTextureMacros.uasset' has been saved with empty engine version. The asset will be loaded but may be incompatible.
[2016.01.21-18.33.38:968][197]LogContentBrowser: Native class hierarchy updated for 'BlueprintGraph' in 0.0007 seconds. Added 107 classes and 0 folders.
[2016.01.21-18.34.25:121][842]BlueprintLog: New page: Compile Resource
[2016.01.21-18.34.25:566][842]BlueprintEditorCompileResults: Info [0160.35] Compile of Resource successful! [in 444 ms]
[2016.01.21-18.34.26:125][904]LogPlayLevel: PlayLevel: No blueprints needed recompiling
[2016.01.21-18.34.26:125][904]PIE: New page: PIE session: ExampleMap (Jan 21, 2016, 2:34:26 AM)
[2016.01.21-18.34.26:125][904]LogPlayLevel: Creating play world package: /Game/Maps/UEDPIE_0_ExampleMap
[2016.01.21-18.34.26:127][904]LogPlayLevel: PIE: StaticDuplicateObject took: (0.001442s)
[2016.01.21-18.34.26:127][904]LogAIModule: Creating AISystem for world ExampleMap
[2016.01.21-18.34.26:127][904]LogPlayLevel: PIE: World Init took: (0.000558s)
[2016.01.21-18.34.26:127][904]LogPlayLevel: PIE: Created PIE world by copying editor world from /Game/Maps/ExampleMap.ExampleMap to /Game/Maps/UEDPIE_0_ExampleMap.ExampleMap (0.002179s)
[2016.01.21-18.34.26:157][904]LogInit: XAudio2 using 'Speakers (Realtek High Definition Audio)' : 2 channels at 48 kHz using 32 bits per sample (channel mask 0x3)
[2016.01.21-18.34.26:168][904]LogInit: FAudioDevice initialized.
[2016.01.21-18.34.26:486][904]LogWorld: Game class is 'Level_GameMode_C'
[2016.01.21-18.34.26:489][904]LogWorld: Bringing World /Game/Maps/UEDPIE_0_ExampleMap.ExampleMap up for play (max tick rate 0) at 2016.01.21-10.34.26
[2016.01.21-18.34.26:489][904]LogActor:Warning: GameSession /Game/Maps/UEDPIE_0_ExampleMap.ExampleMap:PersistentLevel.GameSession_0 has natively added scene component(s), but none of them were set as the actor's RootComponent - picking one arbitrarily
[2016.01.21-18.34.26:489][904]LogActor:Warning: GameNetworkManager /Game/Maps/UEDPIE_0_ExampleMap.ExampleMap:PersistentLevel.GameNetworkManager_0 has natively added scene component(s), but none of them were set as the actor's RootComponent - picking one arbitrarily
[2016.01.21-18.34.26:491][904]LogWorld: Bringing up level for play took: 0.004084
[2016.01.21-18.34.26:508][904]PIE: Info Play in editor start time for /Game/Maps/UEDPIE_0_ExampleMap 0.012
[2016.01.21-18.34.26:524][905]LogRenderer: Reallocating scene render targets to support 1280x720 (Frame:252).
[2016.01.21-18.34.29:000][ 63]LogParticles: Destroying 0 GPU particle simulations for FXSystem 0x0000000B2C7B0E00
[2016.01.21-18.34.35:985][598]BlueprintLog: New page: Compile Resource
[2016.01.21-18.34.36:072][598]BlueprintEditorCompileResults: Info [0170.86] Compile of Resource successful! [in 87 ms]
[2016.01.21-18.34.37:099][714]LogPlayLevel: PlayLevel: No blueprints needed recompiling
[2016.01.21-18.34.37:099][714]PIE: New page: PIE session: ExampleMap (Jan 21, 2016, 2:34:37 AM)
[2016.01.21-18.34.37:099][714]LogPlayLevel: Creating play world package: /Game/Maps/UEDPIE_0_ExampleMap
[2016.01.21-18.34.37:101][714]LogPlayLevel: PIE: StaticDuplicateObject took: (0.001300s)
[2016.01.21-18.34.37:101][714]LogAIModule: Creating AISystem for world ExampleMap
[2016.01.21-18.34.37:101][714]LogPlayLevel: PIE: World Init took: (0.000535s)
[2016.01.21-18.34.37:101][714]LogPlayLevel: PIE: Created PIE world by copying editor world from /Game/Maps/ExampleMap.ExampleMap to /Game/Maps/UEDPIE_0_ExampleMap.ExampleMap (0.001994s)
[2016.01.21-18.34.37:130][714]LogInit: XAudio2 using 'Speakers (Realtek High Definition Audio)' : 2 channels at 48 kHz using 32 bits per sample (channel mask 0x3)
[2016.01.21-18.34.37:141][714]LogInit: FAudioDevice initialized.
[2016.01.21-18.34.37:177][714]LogWorld: Game class is 'Level_GameMode_C'
[2016.01.21-18.34.37:180][714]LogWorld: Bringing World /Game/Maps/UEDPIE_0_ExampleMap.ExampleMap up for play (max tick rate 0) at 2016.01.21-10.34.37
[2016.01.21-18.34.37:180][714]LogActor:Warning: GameSession /Game/Maps/UEDPIE_0_ExampleMap.ExampleMap:PersistentLevel.GameSession_1 has natively added scene component(s), but none of them were set as the actor's RootComponent - picking one arbitrarily
[2016.01.21-18.34.37:180][714]LogActor:Warning: GameNetworkManager /Game/Maps/UEDPIE_0_ExampleMap.ExampleMap:PersistentLevel.GameNetworkManager_1 has natively added scene component(s), but none of them were set as the actor's RootComponent - picking one arbitrarily
[2016.01.21-18.34.37:182][714]LogWorld: Bringing up level for play took: 0.004156
[2016.01.21-18.34.37:201][714]PIE: Info Play in editor start time for /Game/Maps/UEDPIE_0_ExampleMap 0.705
[2016.01.21-18.34.39:545][866]LogParticles: Destroying 0 GPU particle simulations for FXSystem 0x0000000B2FBB77E0
[2016.01.21-18.34.54:627][134]BlueprintLog: New page: Compile Resource
[2016.01.21-18.34.54:714][134]BlueprintEditorCompileResults: Info [0189.50] Compile of Resource successful! [in 86 ms]
[2016.01.21-18.34.55:332][204]LogPlayLevel: PlayLevel: No blueprints needed recompiling
[2016.01.21-18.34.55:333][204]PIE: New page: PIE session: ExampleMap (Jan 21, 2016, 2:34:55 AM)
[2016.01.21-18.34.55:333][204]LogPlayLevel: Creating play world package: /Game/Maps/UEDPIE_0_ExampleMap
[2016.01.21-18.34.55:334][204]LogPlayLevel: PIE: StaticDuplicateObject took: (0.001412s)
[2016.01.21-18.34.55:334][204]LogAIModule: Creating AISystem for world ExampleMap
[2016.01.21-18.34.55:335][204]LogPlayLevel: PIE: World Init took: (0.000538s)
[2016.01.21-18.34.55:335][204]LogPlayLevel: PIE: Created PIE world by copying editor world from /Game/Maps/ExampleMap.ExampleMap to /Game/Maps/UEDPIE_0_ExampleMap.ExampleMap (0.002134s)
[2016.01.21-18.34.55:365][204]LogInit: XAudio2 using 'Speakers (Realtek High Definition Audio)' : 2 channels at 48 kHz using 32 bits per sample (channel mask 0x3)
[2016.01.21-18.34.55:376][204]LogInit: FAudioDevice initialized.
[2016.01.21-18.34.55:414][204]LogWorld: Game class is 'Level_GameMode_C'
[2016.01.21-18.34.55:418][204]LogWorld: Bringing World /Game/Maps/UEDPIE_0_ExampleMap.ExampleMap up for play (max tick rate 0) at 2016.01.21-10.34.55
[2016.01.21-18.34.55:418][204]LogActor:Warning: GameSession /Game/Maps/UEDPIE_0_ExampleMap.ExampleMap:PersistentLevel.GameSession_2 has natively added scene component(s), but none of them were set as the actor's RootComponent - picking one arbitrarily
[2016.01.21-18.34.55:418][204]LogActor:Warning: GameNetworkManager /Game/Maps/UEDPIE_0_ExampleMap.ExampleMap:PersistentLevel.GameNetworkManager_2 has natively added scene component(s), but none of them were set as the actor's RootComponent - picking one arbitrarily
[2016.01.21-18.34.55:420][204]LogWorld: Bringing up level for play took: 0.004330
[2016.01.21-18.34.55:445][204]PIE: Info Play in editor start time for /Game/Maps/UEDPIE_0_ExampleMap 0.95
[2016.01.21-18.34.58:585][408]LogParticles: Destroying 0 GPU particle simulations for FXSystem 0x0000000B2F275EE0
[2016.01.21-18.35.02:526][661]BlueprintLog: New page: Compile Resource
[2016.01.21-18.35.02:611][661]BlueprintEditorCompileResults: Info [0197.40] Compile of Resource successful! [in 84 ms]
[2016.01.21-18.35.04:400][865]LogPlayLevel: PlayLevel: No blueprints needed recompiling
[2016.01.21-18.35.04:400][865]PIE: New page: PIE session: ExampleMap (Jan 21, 2016, 2:35:04 AM)
[2016.01.21-18.35.04:400][865]LogPlayLevel: Creating play world package: /Game/Maps/UEDPIE_0_ExampleMap
[2016.01.21-18.35.04:402][865]LogPlayLevel: PIE: StaticDuplicateObject took: (0.001309s)
[2016.01.21-18.35.04:402][865]LogAIModule: Creating AISystem for world ExampleMap
[2016.01.21-18.35.04:402][865]LogPlayLevel: PIE: World Init took: (0.000528s)
[2016.01.21-18.35.04:402][865]LogPlayLevel: PIE: Created PIE world by copying editor world from /Game/Maps/ExampleMap.ExampleMap to /Game/Maps/UEDPIE_0_ExampleMap.ExampleMap (0.001996s)
[2016.01.21-18.35.04:433][865]LogInit: XAudio2 using 'Speakers (Realtek High Definition Audio)' : 2 channels at 48 kHz using 32 bits per sample (channel mask 0x3)
[2016.01.21-18.35.04:443][865]LogInit: FAudioDevice initialized.
[2016.01.21-18.35.04:478][865]LogWorld: Game class is 'Level_GameMode_C'
[2016.01.21-18.35.04:482][865]LogWorld: Bringing World /Game/Maps/UEDPIE_0_ExampleMap.ExampleMap up for play (max tick rate 0) at 2016.01.21-10.35.04
[2016.01.21-18.35.04:482][865]LogActor:Warning: GameSession /Game/Maps/UEDPIE_0_ExampleMap.ExampleMap:PersistentLevel.GameSession_3 has natively added scene component(s), but none of them were set as the actor's RootComponent - picking one arbitrarily
[2016.01.21-18.35.04:482][865]LogActor:Warning: GameNetworkManager /Game/Maps/UEDPIE_0_ExampleMap.ExampleMap:PersistentLevel.GameNetworkManager_3 has natively added scene component(s), but none of them were set as the actor's RootComponent - picking one arbitrarily
[2016.01.21-18.35.04:484][865]LogWorld: Bringing up level for play took: 0.005196
[2016.01.21-18.35.04:503][865]PIE: Info Play in editor start time for /Game/Maps/UEDPIE_0_ExampleMap 0.008
[2016.01.21-18.35.08:022][ 90]LogParticles: Destroying 0 GPU particle simulations for FXSystem 0x0000000B06224C20
[2016.01.21-18.35.14:046][488]BlueprintLog: New page: Compile Resource
[2016.01.21-18.35.14:135][488]BlueprintEditorCompileResults: Info [0208.92] Compile of Resource successful! [in 89 ms]
[2016.01.21-18.35.15:125][601]LogPlayLevel: PlayLevel: No blueprints needed recompiling
[2016.01.21-18.35.15:125][601]PIE: New page: PIE session: ExampleMap (Jan 21, 2016, 2:35:15 AM)
[2016.01.21-18.35.15:125][601]LogPlayLevel: Creating play world package: /Game/Maps/UEDPIE_0_ExampleMap
[2016.01.21-18.35.15:126][601]LogPlayLevel: PIE: StaticDuplicateObject took: (0.001281s)
[2016.01.21-18.35.15:127][601]LogAIModule: Creating AISystem for world ExampleMap
[2016.01.21-18.35.15:127][601]LogPlayLevel: PIE: World Init took: (0.000574s)
[2016.01.21-18.35.15:127][601]LogPlayLevel: PIE: Created PIE world by copying editor world from /Game/Maps/ExampleMap.ExampleMap to /Game/Maps/UEDPIE_0_ExampleMap.ExampleMap (0.002022s)
[2016.01.21-18.35.15:156][601]LogInit: XAudio2 using 'Speakers (Realtek High Definition Audio)' : 2 channels at 48 kHz using 32 bits per sample (channel mask 0x3)
[2016.01.21-18.35.15:166][601]LogInit: FAudioDevice initialized.
[2016.01.21-18.35.15:207][601]LogWorld: Game class is 'Level_GameMode_C'
[2016.01.21-18.35.15:209][601]LogWorld: Bringing World /Game/Maps/UEDPIE_0_ExampleMap.ExampleMap up for play (max tick rate 0) at 2016.01.21-10.35.15
[2016.01.21-18.35.15:210][601]LogActor:Warning: GameSession /Game/Maps/UEDPIE_0_ExampleMap.ExampleMap:PersistentLevel.GameSession_4 has natively added scene component(s), but none of them were set as the actor's RootComponent - picking one arbitrarily
[2016.01.21-18.35.15:210][601]LogActor:Warning: GameNetworkManager /Game/Maps/UEDPIE_0_ExampleMap.ExampleMap:PersistentLevel.GameNetworkManager_4 has natively added scene component(s), but none of them were set as the actor's RootComponent - picking one arbitrarily
[2016.01.21-18.35.15:212][601]LogWorld: Bringing up level for play took: 0.004056
[2016.01.21-18.35.15:237][601]PIE: Info Play in editor start time for /Game/Maps/UEDPIE_0_ExampleMap 0.741
[2016.01.21-18.35.20:477][938]LogParticles: Destroying 0 GPU particle simulations for FXSystem 0x0000000B2F2FF920
[2016.01.21-18.36.02:406][770]BlueprintLog: New page: Compile Resource
[2016.01.21-18.36.02:493][770]BlueprintEditorCompileResults: Info [0257.28] Compile of Resource successful! [in 86 ms]
[2016.01.21-18.37.21:958][114]LogParticles: Destroying 0 GPU particle simulations for FXSystem 0x0000000B73536F20
[2016.01.21-18.37.23:610][114]Cmd: OBJ SAVEPACKAGE PACKAGE="/Game/Blueprints/Resource" FILE="E:/Growth/Content/Blueprints/Resource.uasset" SILENT=true
[2016.01.21-18.37.23:832][114]LogSavePackage: Save=82.753235ms
[2016.01.21-18.37.23:833][114]LogSavePackage: Moving 'E:/Growth/Saved/ResourceDEE572B3468198A53D00C382AE35E68F.tmp' to 'E:/Growth/Content/Blueprints/Resource.uasset'
[2016.01.21-18.37.23:837][114]LogSavePackage: Total save time: 216.010068ms
[2016.01.21-18.37.23:837][114]LogSavePackage:Display: Finished SavePackage E:/Growth/Content/Blueprints/Resource.uasset
[2016.01.21-18.37.23:846][114]Cmd: OBJ SAVEPACKAGE PACKAGE="/Game/Blueprints/Tree" FILE="E:/Growth/Content/Blueprints/Tree.uasset" SILENT=true
[2016.01.21-18.37.23:942][114]LogSavePackage: Save=34.066711ms
[2016.01.21-18.37.23:942][114]LogSavePackage: Moving 'E:/Growth/Saved/Tree2F4C74F7449E54E4AE17A6B743C6BCAC.tmp' to 'E:/Growth/Content/Blueprints/Tree.uasset'
[2016.01.21-18.37.23:948][114]LogSavePackage: Total save time: 46.504706ms
[2016.01.21-18.37.23:948][114]LogSavePackage:Display: Finished SavePackage E:/Growth/Content/Blueprints/Tree.uasset
[2016.01.21-18.37.24:049][114]Cmd: OBJ SAVEPACKAGE PACKAGE="/Game/Maps/ExampleMap" FILE="E:/Growth/Content/Maps/ExampleMap.umap" SILENT=true AUTOSAVING=false KEEPDIRTY=false
[2016.01.21-18.37.24:127][114]LogSavePackage: Save=23.618687ms
[2016.01.21-18.37.24:127][114]LogSavePackage: Moving 'E:/Growth/Saved/ExampleMapA51CD099485E4DC9A41B35AF67B326E2.tmp' to 'E:/Growth/Content/Maps/ExampleMap.umap'
[2016.01.21-18.37.24:131][114]LogSavePackage: Total save time: 35.592839ms
[2016.01.21-18.37.24:131][114]LogSavePackage:Display: Finished SavePackage E:/Growth/Content/Maps/ExampleMap.umap
[2016.01.21-18.37.24:232][114]LogFileHelpers: Saving map 'ExampleMap' took 0.282
[2016.01.21-18.37.24:293][114]LogActorComponent: UnregisterComponent: (/Engine/Transient.EditorFloorComp) Not registered. Aborting.
[2016.01.21-18.37.24:339][114]LogWindowsTextInputMethodSystem:Display: IME system now deactivated.
[2016.01.21-18.37.24:554][115]Cmd: QUIT_EDITOR
[2016.01.21-18.37.25:070][115]LogExit: Preparing to exit.
[2016.01.21-18.37.25:769][115]LogExit: Editor shut down
[2016.01.21-18.37.25:769][115]LogExit: Transaction tracking system shut down
[2016.01.21-18.37.25:770][115]LogParticles: Destroying 0 GPU particle simulations for FXSystem 0x0000000B0602A8E0
[2016.01.21-18.37.25:771][115]LogParticles: Destroying 0 GPU particle simulations for FXSystem 0x0000000B05548B80
[2016.01.21-18.37.25:771][115]LogParticles: Destroying 0 GPU particle simulations for FXSystem 0x0000000B0540ADE0
[2016.01.21-18.37.25:771][115]LogParticles: Destroying 0 GPU particle simulations for FXSystem 0x0000000B735358A0
[2016.01.21-18.37.25:771][115]LogParticles: Destroying 0 GPU particle simulations for FXSystem 0x0000000B056E2B60
[2016.01.21-18.37.25:935][115]LogExit: Object subsystem successfully closed.
[2016.01.21-18.37.25:949][115]LogD3D11RHI: Shutdown
[2016.01.21-18.37.25:949][115]LogD3D11RHI: CleanupD3DDevice
[2016.01.21-18.37.25:995][115]LogD3D11RHI: ~FD3D11DynamicRHI
[2016.01.21-18.37.26:023][115]LogModuleManager: Shutting down and abandoning module CookingStats (200)
[2016.01.21-18.37.26:023][115]LogModuleManager: Shutting down and abandoning module BlueprintGraph (199)
[2016.01.21-18.37.26:023][115]LogModuleManager: Shutting down and abandoning module CrashTracker (198)
[2016.01.21-18.37.26:023][115]LogModuleManager: Shutting down and abandoning module SceneOutliner (197)
[2016.01.21-18.37.26:023][115]LogModuleManager: Shutting down and abandoning module SuperSearch (196)
[2016.01.21-18.37.26:023][115]LogModuleManager: Shutting down and abandoning module WidgetCarousel (195)
[2016.01.21-18.37.26:023][115]LogModuleManager: Shutting down and abandoning module AddContentDialog (194)
[2016.01.21-18.37.26:024][115]LogModuleManager: Shutting down and abandoning module EditorWidgets (193)
[2016.01.21-18.37.26:024][115]LogModuleManager: Shutting down and abandoning module CollectionManager (192)
[2016.01.21-18.37.26:024][115]LogModuleManager: Shutting down and abandoning module StatsViewer (191)
[2016.01.21-18.37.26:024][115]LogModuleManager: Shutting down and abandoning module FoliageEdit (190)
[2016.01.21-18.37.26:024][115]LogModuleManager: Shutting down and abandoning module LandscapeEditor (189)
[2016.01.21-18.37.26:024][115]LogModuleManager: Shutting down and abandoning module ActorPickerMode (188)
[2016.01.21-18.37.26:024][115]LogModuleManager: Shutting down and abandoning module GeometryMode (187)
[2016.01.21-18.37.26:024][115]LogModuleManager: Shutting down and abandoning module TextureAlignMode (186)
[2016.01.21-18.37.26:024][115]LogModuleManager: Shutting down and abandoning module BspMode (185)
[2016.01.21-18.37.26:024][115]LogModuleManager: Shutting down and abandoning module PlacementMode (184)
[2016.01.21-18.37.26:024][115]LogModuleManager: Shutting down and abandoning module AutomationWorker (183)
[2016.01.21-18.37.26:024][115]LogModuleManager: Shutting down and abandoning module CharacterAI (182)
[2016.01.21-18.37.26:024][115]LogModuleManager: Shutting down and abandoning module SmartSnapping (181)
[2016.01.21-18.37.26:024][115]LogModuleManager: Shutting down and abandoning module ViewportSnapping (180)
[2016.01.21-18.37.26:024][115]LogModuleManager: Shutting down and abandoning module LogVisualizer (179)
[2016.01.21-18.37.26:024][115]LogModuleManager: Shutting down and abandoning module GameProjectGeneration (178)
[2016.01.21-18.37.26:024][115]LogModuleManager: Shutting down and abandoning module IntroTutorials (177)
[2016.01.21-18.37.26:024][115]LogModuleManager: Shutting down and abandoning module EditorLiveStreaming (176)
[2016.01.21-18.37.26:024][115]LogModuleManager: Shutting down and abandoning module IOSPlatformEditor (175)
[2016.01.21-18.37.26:024][115]LogModuleManager: Shutting down and abandoning module HTML5PlatformEditor (174)
[2016.01.21-18.37.26:024][115]LogModuleManager: Shutting down and abandoning module AndroidDeviceDetection (173)
[2016.01.21-18.37.26:446][115]LogModuleManager: Shutting down and abandoning module AndroidPlatformEditor (172)
[2016.01.21-18.37.26:446][115]LogModuleManager: Shutting down and abandoning module IOSRuntimeSettings (171)
[2016.01.21-18.37.26:446][115]LogModuleManager: Shutting down and abandoning module AndroidRuntimeSettings (170)
[2016.01.21-18.37.26:446][115]LogModuleManager: Shutting down and abandoning module MergeActors (169)
[2016.01.21-18.37.26:446][115]LogModuleManager: Shutting down and abandoning module SizeMap (168)
[2016.01.21-18.37.26:446][115]LogModuleManager: Shutting down and abandoning module TreeMap (167)
[2016.01.21-18.37.26:446][115]LogModuleManager: Shutting down and abandoning module ReferenceViewer (166)
[2016.01.21-18.37.26:446][115]LogModuleManager: Shutting down and abandoning module LocalizationService (165)
[2016.01.21-18.37.26:446][115]LogModuleManager: Shutting down and abandoning module LocalizationDashboard (164)
[2016.01.21-18.37.26:446][115]LogModuleManager: Shutting down and abandoning module HardwareTargeting (163)
[2016.01.21-18.37.26:446][115]LogModuleManager: Shutting down and abandoning module DeviceProfileEditor (162)
[2016.01.21-18.37.26:446][115]LogModuleManager: Shutting down and abandoning module UndoHistory (161)
[2016.01.21-18.37.26:446][115]LogModuleManager: Shutting down and abandoning module GameplayTagsEditor (160)
[2016.01.21-18.37.26:446][115]LogModuleManager: Shutting down and abandoning module UserFeedback (159)
[2016.01.21-18.37.26:446][115]LogModuleManager: Shutting down and abandoning module XmlParser (158)
[2016.01.21-18.37.26:446][115]LogModuleManager: Shutting down and abandoning module Blutility (157)
[2016.01.21-18.37.26:446][115]LogModuleManager: Shutting down and abandoning module ProjectTargetPlatformEditor (156)
[2016.01.21-18.37.26:446][115]LogModuleManager: Shutting down and abandoning module ProjectSettingsViewer (155)
[2016.01.21-18.37.26:446][115]LogModuleManager: Shutting down and abandoning module InputBindingEditor (154)
[2016.01.21-18.37.26:447][115]LogModuleManager: Shutting down and abandoning module EditorSettingsViewer (153)
[2016.01.21-18.37.26:447][115]LogModuleManager: Shutting down and abandoning module SettingsEditor (152)
[2016.01.21-18.37.26:447][115]LogModuleManager: Shutting down and abandoning module ProjectLauncher (151)
[2016.01.21-18.37.26:447][115]LogModuleManager: Shutting down and abandoning module SessionFrontend (150)
[2016.01.21-18.37.26:447][115]LogModuleManager: Shutting down and abandoning module ProfilerClient (149)
[2016.01.21-18.37.26:447][115]LogModuleManager: Shutting down and abandoning module TargetDeviceServices (148)
[2016.01.21-18.37.26:447][115]LogModuleManager: Shutting down and abandoning module DeviceManager (147)
[2016.01.21-18.37.26:447][115]LogModuleManager: Shutting down and abandoning module AutomationController (146)
[2016.01.21-18.37.26:447][115]LogModuleManager: Shutting down and abandoning module AutomationWindow (145)
[2016.01.21-18.37.26:447][115]LogModuleManager: Shutting down and abandoning module Layers (144)
[2016.01.21-18.37.26:447][115]LogModuleManager: Shutting down and abandoning module ComponentVisualizers (143)
[2016.01.21-18.37.26:447][115]LogModuleManager: Shutting down and abandoning module DetailCustomizations (142)
[2016.01.21-18.37.26:447][115]LogModuleManager: Shutting down and abandoning module PackagesDialog (141)
[2016.01.21-18.37.26:447][115]LogModuleManager: Shutting down and abandoning module Persona (140)
[2016.01.21-18.37.26:447][115]LogModuleManager: Shutting down and abandoning module Kismet (139)
[2016.01.21-18.37.26:447][115]LogModuleManager: Shutting down and abandoning module GraphEditor (138)
[2016.01.21-18.37.26:447][115]LogModuleManager: Shutting down and abandoning module ClassViewer (137)
[2016.01.21-18.37.26:447][115]LogModuleManager: Shutting down and abandoning module Toolbox (136)
[2016.01.21-18.37.26:447][115]LogModuleManager: Shutting down and abandoning module ModuleUI (135)
[2016.01.21-18.37.26:447][115]LogModuleManager: Shutting down and abandoning module MovieSceneTools (134)
[2016.01.21-18.37.26:447][115]LogModuleManager: Shutting down and abandoning module OutputLog (133)
[2016.01.21-18.37.26:447][115]LogModuleManager: Shutting down and abandoning module GammaUI (132)
[2016.01.21-18.37.26:447][115]LogModuleManager: Shutting down and abandoning module Documentation (131)
[2016.01.21-18.37.26:448][115]LogModuleManager: Shutting down and abandoning module GameLiveStreaming (130)
[2016.01.21-18.37.26:448][115]LogModuleManager: Shutting down and abandoning module StreamingPauseRendering (129)
[2016.01.21-18.37.26:448][115]LogModuleManager: Shutting down and abandoning module AnalyticsET (128)
[2016.01.21-18.37.26:448][115]LogModuleManager: Shutting down and abandoning module Analytics (127)
[2016.01.21-18.37.26:448][115]LogModuleManager: Shutting down and abandoning module AITestSuite (126)
[2016.01.21-18.37.26:448][115]LogModuleManager: Shutting down and abandoning module GameplayDebugger (125)
[2016.01.21-18.37.26:448][115]LogModuleManager: Shutting down and abandoning module AIModule (124)
[2016.01.21-18.37.26:448][115]LogModuleManager: Shutting down and abandoning module ProfilerService (123)
[2016.01.21-18.37.26:475][115]LogModuleManager: Shutting down and abandoning module TaskGraph (122)
[2016.01.21-18.37.26:475][115]LogModuleManager: Shutting down and abandoning module SlateRemote (121)
[2016.01.21-18.37.26:475][115]LogModuleManager: Shutting down and abandoning module SteamVRController (120)
[2016.01.21-18.37.26:475][115]LogModuleManager: Shutting down and abandoning module SteamVR (119)
[2016.01.21-18.37.26:475][115]LogModuleManager: Shutting down and abandoning module ProceduralMeshComponent (118)
[2016.01.21-18.37.26:475][115]LogModuleManager: Shutting down and abandoning module OculusLibrary (117)
[2016.01.21-18.37.26:475][115]LogModuleManager: Shutting down and abandoning module OculusInput (116)
[2016.01.21-18.37.26:475][115]LogModuleManager: Shutting down and abandoning module LeapMotionController (115)
[2016.01.21-18.37.26:490][115]LogModuleManager: Shutting down and abandoning module CustomMeshComponent (114)
[2016.01.21-18.37.26:490][115]LogModuleManager: Shutting down and abandoning module CableComponent (113)
[2016.01.21-18.37.26:490][115]LogModuleManager: Shutting down and abandoning module ArchVisCharacter (112)
[2016.01.21-18.37.26:490][115]LogModuleManager: Shutting down and abandoning module MessagingDebugger (111)
[2016.01.21-18.37.26:490][115]LogModuleManager: Shutting down and abandoning module MediaPlayerEditor (110)
[2016.01.21-18.37.26:490][115]LogModuleManager: Shutting down and abandoning module HTML5Networking (109)
[2016.01.21-18.37.26:490][115]LogModuleManager: Shutting down and abandoning module SpeedTreeImporter (108)
[2016.01.21-18.37.26:490][115]LogModuleManager: Shutting down and abandoning module PluginBrowser (107)
[2016.01.21-18.37.26:490][115]LogModuleManager: Shutting down and abandoning module EpicSurvey (106)
[2016.01.21-18.37.26:490][115]LogModuleManager: Shutting down and abandoning module DesktopPlatform (105)
[2016.01.21-18.37.26:490][115]LogModuleManager: Shutting down and abandoning module VisualStudioSourceCodeAccess (104)
[2016.01.21-18.37.26:490][115]LogModuleManager: Shutting down and abandoning module UObjectPlugin (103)
[2016.01.21-18.37.26:490][115]LogModuleManager: Shutting down and abandoning module SubversionSourceControl (102)
[2016.01.21-18.37.26:490][115]LogModuleManager: Shutting down and abandoning module PerforceSourceControl (101)
[2016.01.21-18.37.26:490][115]LogModuleManager: Shutting down and abandoning module SourceControl (100)
[2016.01.21-18.37.26:490][115]LogModuleManager: Shutting down and abandoning module GitSourceControl (99)
[2016.01.21-18.37.26:491][115]LogModuleManager: Shutting down and abandoning module LightPropagationVolumeEditor (98)
[2016.01.21-18.37.26:491][115]LogModuleManager: Shutting down and abandoning module PaperTiledImporter (97)
[2016.01.21-18.37.26:491][115]LogModuleManager: Shutting down and abandoning module PaperSpriteSheetImporter (96)
[2016.01.21-18.37.26:491][115]LogModuleManager: Shutting down and abandoning module MeshPaint (95)
[2016.01.21-18.37.26:491][115]LogModuleManager: Shutting down and abandoning module SlateReflector (94)
[2016.01.21-18.37.26:491][115]LogModuleManager: Shutting down and abandoning module HotReload (93)
[2016.01.21-18.37.26:491][115]LogModuleManager: Shutting down and abandoning module MainFrame (92)
[2016.01.21-18.37.26:491][115]LogModuleManager: Shutting down and abandoning module LevelEditor (91)
[2016.01.21-18.37.26:491][115]LogModuleManager: Shutting down and abandoning module DirectoryWatcher (90)
[2016.01.21-18.37.26:492][115]LogModuleManager: Shutting down and abandoning module AssetRegistry (89)
[2016.01.21-18.37.26:733][115]LogModuleManager: Shutting down and abandoning module ContentBrowser (88)
[2016.01.21-18.37.26:734][115]LogModuleManager: Shutting down and abandoning module Paper2DEditor (87)
[2016.01.21-18.37.26:734][115]LogModuleManager: Shutting down and abandoning module UdpMessaging (86)
[2016.01.21-18.37.26:836][115]LogModuleManager: Shutting down and abandoning module LightPropagationVolumeRuntime (85)
[2016.01.21-18.37.26:836][115]LogModuleManager: Shutting down and abandoning module Paper2D (84)
[2016.01.21-18.37.26:836][115]LogModuleManager: Shutting down and abandoning module WindowsMoviePlayer (83)
[2016.01.21-18.37.26:838][115]LogModuleManager: Shutting down and abandoning module Media (82)
[2016.01.21-18.37.26:838][115]LogModuleManager: Shutting down and abandoning module WmfMedia (81)
[2016.01.21-18.37.26:842][115]LogModuleManager: Shutting down and abandoning module OnlineBlueprintSupport (80)
[2016.01.21-18.37.26:842][115]LogModuleManager: Shutting down and abandoning module GameplayTasksEditor (79)
[2016.01.21-18.37.26:842][115]LogModuleManager: Shutting down and abandoning module PropertyEditor (78)
[2016.01.21-18.37.26:842][115]LogModuleManager: Shutting down and abandoning module BehaviorTreeEditor (77)
[2016.01.21-18.37.26:842][115]LogModuleManager: Shutting down and abandoning module FunctionalTesting (76)
[2016.01.21-18.37.26:842][115]LogModuleManager: Shutting down and abandoning module CollisionAnalyzer (75)
[2016.01.21-18.37.26:842][115]LogModuleManager: Shutting down and abandoning module WorkspaceMenuStructure (74)
[2016.01.21-18.37.26:842][115]LogModuleManager: Shutting down and abandoning module MessageLog (73)
[2016.01.21-18.37.26:842][115]LogModuleManager: Shutting down and abandoning module Sequencer (72)
[2016.01.21-18.37.26:842][115]LogModuleManager: Shutting down and abandoning module AssetTools (71)
[2016.01.21-18.37.26:842][115]LogModuleManager: Shutting down and abandoning module UMGEditor (70)
[2016.01.21-18.37.26:842][115]LogModuleManager: Shutting down and abandoning module UMG (69)
[2016.01.21-18.37.26:843][115]LogModuleManager: Shutting down and abandoning module Slate (68)
[2016.01.21-18.37.26:843][115]LogModuleManager: Shutting down and abandoning module EditorStyle (67)
[2016.01.21-18.37.26:845][115]LogModuleManager: Shutting down and abandoning module SessionServices (66)
[2016.01.21-18.37.26:845][115]LogModuleManager: Shutting down and abandoning module SourceCodeAccess (65)
[2016.01.21-18.37.26:845][115]LogModuleManager: Shutting down and abandoning module HeadMountedDisplay (64)
[2016.01.21-18.37.26:845][115]LogModuleManager: Shutting down and abandoning module XAudio2 (63)
[2016.01.21-18.37.26:845][115]LogModuleManager: Shutting down and abandoning module Networking (61)
[2016.01.21-18.37.26:845][115]LogModuleManager: Shutting down and abandoning module Core (60)
[2016.01.21-18.37.26:845][115]LogModuleManager: Shutting down and abandoning module KismetCompiler (59)
[2016.01.21-18.37.26:845][115]LogModuleManager: Shutting down and abandoning module PhysXFormats (58)
[2016.01.21-18.37.26:845][115]LogModuleManager: Shutting down and abandoning module MeshUtilities (57)
[2016.01.21-18.37.26:845][115]LogModuleManager: Shutting down and abandoning module DerivedDataCache (56)
[2016.01.21-18.37.26:940][115]LogDerivedDataCache: Shutdown
[2016.01.21-18.37.26:940][115]LogModuleManager: Shutting down and abandoning module ShaderFormatOpenGL (55)
[2016.01.21-18.37.26:940][115]LogModuleManager: Shutting down and abandoning module ShaderFormatD3D (54)
[2016.01.21-18.37.26:940][115]LogModuleManager: Shutting down and abandoning module MetalShaderFormat (53)
[2016.01.21-18.37.26:940][115]LogModuleManager: Shutting down and abandoning module TextureFormatUncompressed (52)
[2016.01.21-18.37.26:940][115]LogModuleManager: Shutting down and abandoning module TextureFormatPVR (51)
[2016.01.21-18.37.26:940][115]LogModuleManager: Shutting down and abandoning module TextureFormatIntelISPCTexComp (50)
[2016.01.21-18.37.26:940][115]LogModuleManager: Shutting down and abandoning module TextureFormatDXT (49)
[2016.01.21-18.37.26:940][115]LogModuleManager: Shutting down and abandoning module ImageWrapper (48)
[2016.01.21-18.37.26:940][115]LogModuleManager: Shutting down and abandoning module TextureFormatASTC (47)
[2016.01.21-18.37.26:940][115]LogModuleManager: Shutting down and abandoning module TextureFormatAndroid (46)
[2016.01.21-18.37.26:940][115]LogModuleManager: Shutting down and abandoning module AudioFormatOpus (45)
[2016.01.21-18.37.26:940][115]LogModuleManager: Shutting down and abandoning module AudioFormatOgg (44)
[2016.01.21-18.37.26:940][115]LogModuleManager: Shutting down and abandoning module AudioFormatADPCM (43)
[2016.01.21-18.37.26:940][115]LogModuleManager: Shutting down and abandoning module LinuxTargetPlatform (42)
[2016.01.21-18.37.26:940][115]LogModuleManager: Shutting down and abandoning module LinuxServerTargetPlatform (41)
[2016.01.21-18.37.26:940][115]LogModuleManager: Shutting down and abandoning module LinuxNoEditorTargetPlatform (40)
[2016.01.21-18.37.26:940][115]LogModuleManager: Shutting down and abandoning module Messaging (39)
[2016.01.21-18.37.26:940][115]LogModuleManager: Shutting down and abandoning module IOSTargetPlatform (38)
[2016.01.21-18.37.26:940][115]LogModuleManager: Shutting down and abandoning module HTML5TargetPlatform (37)
[2016.01.21-18.37.26:940][115]LogModuleManager: Shutting down and abandoning module Android_PVRTCTargetPlatform (36)
[2016.01.21-18.37.26:940][115]LogModuleManager: Shutting down and abandoning module Android_MultiTargetPlatform (35)
[2016.01.21-18.37.26:940][115]LogModuleManager: Shutting down and abandoning module Android_ETC2TargetPlatform (34)
[2016.01.21-18.37.26:940][115]LogModuleManager: Shutting down and abandoning module Android_ETC1TargetPlatform (33)
[2016.01.21-18.37.26:940][115]LogModuleManager: Shutting down and abandoning module Android_DXTTargetPlatform (32)
[2016.01.21-18.37.26:940][115]LogModuleManager: Shutting down and abandoning module Android_ATCTargetPlatform (31)
[2016.01.21-18.37.26:940][115]LogModuleManager: Shutting down and abandoning module Android_ASTCTargetPlatform (30)
[2016.01.21-18.37.26:940][115]LogModuleManager: Shutting down and abandoning module AndroidTargetPlatform (29)
[2016.01.21-18.37.26:940][115]LogModuleManager: Shutting down and abandoning module WindowsTargetPlatform (28)
[2016.01.21-18.37.26:940][115]LogModuleManager: Shutting down and abandoning module WindowsServerTargetPlatform (27)
[2016.01.21-18.37.26:940][115]LogModuleManager: Shutting down and abandoning module WindowsNoEditorTargetPlatform (26)
[2016.01.21-18.37.26:940][115]LogModuleManager: Shutting down and abandoning module WindowsClientTargetPlatform (25)
[2016.01.21-18.37.26:940][115]LogModuleManager: Shutting down and abandoning module AllDesktopTargetPlatform (24)
[2016.01.21-18.37.26:940][115]LogModuleManager: Shutting down and abandoning module TargetPlatform (23)
[2016.01.21-18.37.26:940][115]LogModuleManager: Shutting down and abandoning module InputCore (22)
[2016.01.21-18.37.26:940][115]LogModuleManager: Shutting down and abandoning module Settings (21)
[2016.01.21-18.37.26:940][115]LogModuleManager: Shutting down and abandoning module OnlineSubsystem (19)
[2016.01.21-18.37.26:941][115]LogModuleManager: Shutting down and abandoning module HTTP (18)
[2016.01.21-18.37.27:942][115]LogModuleManager: Shutting down and abandoning module XMPP (17)
[2016.01.21-18.37.27:942][115]LogModuleManager: Shutting down and abandoning module OculusRift (16)
[2016.01.21-18.37.27:942][115]LogModuleManager: Shutting down and abandoning module ExampleDeviceProfileSelector (15)
[2016.01.21-18.37.27:942][115]LogModuleManager: Shutting down and abandoning module TextureCompressor (14)
[2016.01.21-18.37.27:942][115]LogModuleManager: Shutting down and abandoning module ShaderCore (13)
[2016.01.21-18.37.27:942][115]LogModuleManager: Shutting down and abandoning module Landscape (12)
[2016.01.21-18.37.27:942][115]LogModuleManager: Shutting down and abandoning module SlateRHIRenderer (11)
[2016.01.21-18.37.27:943][115]LogModuleManager: Shutting down and abandoning module OpenGLDrv (10)
[2016.01.21-18.37.27:943][115]LogModuleManager: Shutting down and abandoning module D3D11RHI (9)
[2016.01.21-18.37.27:943][115]LogModuleManager: Shutting down and abandoning module AnimGraphRuntime (8)
[2016.01.21-18.37.27:943][115]LogModuleManager: Shutting down and abandoning module Renderer (7)
[2016.01.21-18.37.27:943][115]LogModuleManager: Shutting down and abandoning module Engine (6)
[2016.01.21-18.37.27:943][115]LogModuleManager: Shutting down and abandoning module CoreUObject (5)
[2016.01.21-18.37.27:943][115]LogModuleManager: Shutting down and abandoning module NetworkFile (4)
[2016.01.21-18.37.27:943][115]LogModuleManager: Shutting down and abandoning module StreamingFile (3)
[2016.01.21-18.37.27:943][115]LogModuleManager: Shutting down and abandoning module SandboxFile (2)
[2016.01.21-18.37.27:943][115]LogModuleManager: Shutting down and abandoning module PakFile (1)
[2016.01.21-18.37.27:945][115]LogExit: Exiting.
[2016.01.21-18.37.27:959][115]Log file closed, 01/21/16 10:37:27
