[2016.03.02-05.14.09:010][  0]Log file open, 03/01/16 21:14:09
[2016.03.02-05.14.09:010][  0]LogInit:Display: Running engine for game: Growth
[2016.03.02-05.14.09:010][  0]LogPlatformFile: Not using cached read wrapper
[2016.03.02-05.14.09:010][  0]LogInit:Display: RandInit(65653943) SRandInit(65653944).
[2016.03.02-05.14.09:010][  0]LogTaskGraph: Started task graph with 4 named threads and 5 total threads.
[2016.03.02-05.14.09:010][  0]LogStats: Stats thread started at 0.074560
[2016.03.02-05.14.09:010][  0]LogInit: Version: 4.10.3-2866931+++depot+UE4-Releases+4.10
[2016.03.02-05.14.09:010][  0]LogInit: API Version: 2758231
[2016.03.02-05.14.09:010][  0]LogInit: Compiled (64-bit): Feb 15 2016 08:20:45
[2016.03.02-05.14.09:010][  0]LogInit: Compiled with Visual C++: 19.00.23026.00
[2016.03.02-05.14.09:010][  0]LogInit: Build Configuration: Development
[2016.03.02-05.14.09:010][  0]LogInit: Branch Name: ++depot+UE4-Releases+4.10
[2016.03.02-05.14.09:010][  0]LogInit: Command line: -EpicPortal 
[2016.03.02-05.14.09:010][  0]LogInit: Base directory: D:/UnReal Four/Epic Games/4.10/Engine/Binaries/Win64/
[2016.03.02-05.14.09:010][  0]LogInit: Rocket: 1
[2016.03.02-05.14.09:023][  0]LogInit: Using libcurl 7.41.0
[2016.03.02-05.14.09:023][  0]LogInit:  - built for x86_64-pc-win32
[2016.03.02-05.14.09:023][  0]LogInit:  - supports SSL with WinSSL
[2016.03.02-05.14.09:023][  0]LogInit:  - other features:
[2016.03.02-05.14.09:023][  0]LogInit:      CURL_VERSION_SSL
[2016.03.02-05.14.09:023][  0]LogInit:      CURL_VERSION_IPV6
[2016.03.02-05.14.09:023][  0]LogInit:      CURL_VERSION_ASYNCHDNS
[2016.03.02-05.14.09:023][  0]LogInit:      CURL_VERSION_LARGEFILE
[2016.03.02-05.14.09:023][  0]LogInit:      CURL_VERSION_IDN
[2016.03.02-05.14.09:023][  0]LogInit:  CurlRequestOptions (configurable via config and command line):
[2016.03.02-05.14.09:023][  0]LogInit:  - bVerifyPeer = true  - Libcurl will verify peer certificate
[2016.03.02-05.14.09:023][  0]LogInit:  - bUseHttpProxy = false  - Libcurl will NOT use HTTP proxy
[2016.03.02-05.14.09:023][  0]LogInit:  - bDontReuseConnections = false  - Libcurl will reuse connections
[2016.03.02-05.14.09:023][  0]LogInit:  - CertBundlePath = nullptr  - Libcurl will use whatever was configured at build time.
[2016.03.02-05.14.09:032][  0]LogInit: Presizing for 0 objects not considered by GC, pre-allocating 0 bytes.
[2016.03.02-05.14.09:042][  0]LogInit: Object subsystem initialized
[2016.03.02-05.14.09:043][  0]LogInit: Selected Device Profile: [Windows]
[2016.03.02-05.14.09:043][  0]LogInit: Applying CVar settings loaded from the selected device profile: [Windows]
[2016.03.02-05.14.09:057][  0]LogInit: Computer: BEACON-PC
[2016.03.02-05.14.09:057][  0]LogInit: User: BEACON
[2016.03.02-05.14.09:057][  0]LogInit: CPU Page size=4096, Cores=2
[2016.03.02-05.14.09:057][  0]LogInit: High frequency timer resolution =1.558925 MHz
[2016.03.02-05.14.09:058][  0]LogMemory: Memory total: Physical=7.9GB (8GB approx)
[2016.03.02-05.14.09:058][  0]LogMemory: Platform Memory Stats for Windows
[2016.03.02-05.14.09:058][  0]LogMemory: Process Physical Memory: 56.85 MB used, 56.85 MB peak
[2016.03.02-05.14.09:058][  0]LogMemory: Process Virtual Memory: 56.82 MB used, 56.82 MB peak
[2016.03.02-05.14.09:058][  0]LogMemory: Physical Memory: 4548.23 MB used, 8096.48 MB total
[2016.03.02-05.14.09:058][  0]LogMemory: Virtual Memory: 350.57 MB used, 8388608.00 MB total
[2016.03.02-05.14.09:187][  0]LogTextLocalizationManager:Warning: Loaded localization resources contain conflicting entries for (Namespace:K2Node, Key:Target):
Localization Resource: (D:/UnReal Four/Epic Games/4.10/Engine/Content/Localization/EditorTutorials/zh-CN/EditorTutorials.locres) Source String Hash: (-1589014459) Localized String: (目标)
Localization Resource: (D:/UnReal Four/Epic Games/4.10/Engine/Content/Localization/Engine/zh-CN/Engine.locres) Source String Hash: (-1589014459) Localized String: (对象)
[2016.03.02-05.14.09:187][  0]LogTextLocalizationManager:Warning: Loaded localization resources contain conflicting entries for (Namespace:K2Node, Key:false):
Localization Resource: (D:/UnReal Four/Epic Games/4.10/Engine/Content/Localization/EditorTutorials/zh-CN/EditorTutorials.locres) Source String Hash: (816077464) Localized String: (假)
Localization Resource: (D:/UnReal Four/Epic Games/4.10/Engine/Content/Localization/Engine/zh-CN/Engine.locres) Source String Hash: (816077464) Localized String: (错误)
[2016.03.02-05.14.09:187][  0]LogTextLocalizationManager:Warning: Loaded localization resources contain conflicting entries for (Namespace:K2Node, Key:true):
Localization Resource: (D:/UnReal Four/Epic Games/4.10/Engine/Content/Localization/EditorTutorials/zh-CN/EditorTutorials.locres) Source String Hash: (-942328987) Localized String: (真)
Localization Resource: (D:/UnReal Four/Epic Games/4.10/Engine/Content/Localization/Engine/zh-CN/Engine.locres) Source String Hash: (-942328987) Localized String: (正确)
[2016.03.02-05.14.09:187][  0]LogTextLocalizationManager:Warning: Loaded localization resources contain conflicting entries for (Namespace:UObjectToolTips, Key:AnimNode_AssetPlayerBase:InternalTimeAccumulator):
Localization Resource: (D:/UnReal Four/Epic Games/4.10/Engine/Content/Localization/EditorTutorials/zh-CN/EditorTutorials.locres) Source String Hash: (502993589) Localized String: (用于引用此节点中的资源的累积时间)
Localization Resource: (D:/UnReal Four/Epic Games/4.10/Engine/Content/Localization/Engine/zh-CN/Engine.locres) Source String Hash: (502993589) Localized String: (引用该节点中资源所用的累计时间)
[2016.03.02-05.14.09:187][  0]LogTextLocalizationManager:Warning: Loaded localization resources contain conflicting entries for (Namespace:UObjectToolTips, Key:AnimNode_AssetPlayerBase:bIgnoreForRelevancyTest):
Localization Resource: (D:/UnReal Four/Epic Games/4.10/Engine/Content/Localization/EditorTutorials/zh-CN/EditorTutorials.locres) Source String Hash: (319969718) Localized String: (若为真，在状态中寻找最高权重动画的“相关动画”节点将忽视 此节点)
Localization Resource: (D:/UnReal Four/Epic Games/4.10/Engine/Content/Localization/Engine/zh-CN/Engine.locres) Source String Hash: (319969718) Localized String: (如果为真，那么将会忽略查找最高权重动画的"相关动画"节点。
这个节点)
[2016.03.02-05.14.09:187][  0]LogTextLocalizationManager:Warning: Loaded localization resources contain conflicting entries for (Namespace:UObjectToolTips, Key:AnimNode_AssetPlayerBase:BlendWeight):
Localization Resource: (D:/UnReal Four/Epic Games/4.10/Engine/Content/Localization/EditorTutorials/zh-CN/EditorTutorials.locres) Source String Hash: (-1232800293) Localized String: (此节点最后交会的混合权重)
Localization Resource: (D:/UnReal Four/Epic Games/4.10/Engine/Content/Localization/Engine/zh-CN/Engine.locres) Source String Hash: (-1232800293) Localized String: (该节点上一次遇到的混合权重)
[2016.03.02-05.14.09:484][  0]LogD3D11RHI: Found D3D11 adapter 0: NVIDIA GeForce GT 740M (Feature Level 11_0)
[2016.03.02-05.14.09:484][  0]LogD3D11RHI: Adapter has 1996MB of dedicated video memory, 0MB of dedicated system memory, and 2048MB of shared system memory, 1 output[s]
[2016.03.02-05.14.09:509][  0]LogD3D11RHI: Found D3D11 adapter 1: NVIDIA GeForce GT 740M (Feature Level 11_0)
[2016.03.02-05.14.09:509][  0]LogD3D11RHI: Adapter has 1996MB of dedicated video memory, 0MB of dedicated system memory, and 2048MB of shared system memory, 0 output[s]
[2016.03.02-05.14.09:509][  0]LogD3D11RHI: Chosen D3D11 Adapter Id = 0
[2016.03.02-05.14.09:521][  0]LogD3D11RHI: !Direct3DDevice
[2016.03.02-05.14.09:521][  0]LogRHI: Texture pool is 1361 MB (70% of 1945 MB)
[2016.03.02-05.14.09:552][  0]LogD3D11RHI: Async texture creation enabled
[2016.03.02-05.14.09:568][  0]LogShaderCompilers: Guid format shader working directory is 5 characters bigger than the processId version (../../../../../../UE4_Github/Growth/Growth/Intermediate/Shaders/WorkingDirectory/3104/).
[2016.03.02-05.14.09:568][  0]LogShaderCompilers: Cleaned the shader compiler working directory 'C:/Users/BEACON/AppData/Local/Temp/UnrealShaderWorkingDir/7052FF864DA4C8C717AA5081D33D4F70/'.
[2016.03.02-05.14.09:568][  0]LogShaderCompilers:Display: Using Local Shader Compiler.
[2016.03.02-05.14.10:832][  0]LogTemp:Display: Loaded TP AllDesktopTargetPlatform
[2016.03.02-05.14.10:838][  0]LogTemp:Display: Loaded TP WindowsClientTargetPlatform
[2016.03.02-05.14.10:843][  0]LogTemp:Display: Loaded TP WindowsNoEditorTargetPlatform
[2016.03.02-05.14.10:848][  0]LogTemp:Display: Loaded TP WindowsServerTargetPlatform
[2016.03.02-05.14.10:853][  0]LogTemp:Display: Loaded TP WindowsTargetPlatform
[2016.03.02-05.14.10:857][  0]LogTemp:Display: Loaded TP AndroidTargetPlatform
[2016.03.02-05.14.10:861][  0]LogTemp:Display: Loaded TP Android_ASTCTargetPlatform
[2016.03.02-05.14.10:865][  0]LogTemp:Display: Loaded TP Android_ATCTargetPlatform
[2016.03.02-05.14.10:869][  0]LogTemp:Display: Loaded TP Android_DXTTargetPlatform
[2016.03.02-05.14.10:872][  0]LogTemp:Display: Loaded TP Android_ETC1TargetPlatform
[2016.03.02-05.14.10:876][  0]LogTemp:Display: Loaded TP Android_ETC2TargetPlatform
[2016.03.02-05.14.10:885][  0]LogTemp:Display: Loaded TP Android_MultiTargetPlatform
[2016.03.02-05.14.10:885][  0]LogTemp:Display: Loaded TP Android_PVRTCTargetPlatform
[2016.03.02-05.14.10:885][  0]LogTemp:Display: Loaded TP HTML5TargetPlatform
[2016.03.02-05.14.10:903][  0]LogTemp:Display: Loaded TP IOSTargetPlatform
[2016.03.02-05.14.10:907][  0]LogTemp:Display: Loaded TP LinuxNoEditorTargetPlatform
[2016.03.02-05.14.10:910][  0]LogTemp:Display: Loaded TP LinuxServerTargetPlatform
[2016.03.02-05.14.10:914][  0]LogTemp:Display: Loaded TP LinuxTargetPlatform
[2016.03.02-05.14.10:914][  0]LogTargetPlatformManager:Display: Building Assets For Windows
[2016.03.02-05.14.10:989][  0]LogDerivedDataCache:Display: Max Cache Size: 512 MB
[2016.03.02-05.14.11:051][  0]LogDerivedDataCache: Loaded boot cache 0.06s 41MB C:/Users/BEACON/AppData/Local/UnrealEngine/4.10/DerivedDataCache/Boot.ddc.
[2016.03.02-05.14.11:051][  0]LogDerivedDataCache:Display: Loaded Boot cache: C:/Users/BEACON/AppData/Local/UnrealEngine/4.10/DerivedDataCache/Boot.ddc
[2016.03.02-05.14.11:051][  0]LogDerivedDataCache: FDerivedDataBackendGraph:  Pak pak cache file ../../../../../../UE4_Github/Growth/Growth/DerivedDataCache/DDC.ddp not found, will not use a pak cache.
[2016.03.02-05.14.11:051][  0]LogDerivedDataCache: Unable to find inner node Pak for hierarchical cache Hierarchy.
[2016.03.02-05.14.11:051][  0]LogDerivedDataCache: FDerivedDataBackendGraph:  CompressedPak pak cache file ../../../../../../UE4_Github/Growth/Growth/DerivedDataCache/Compressed.ddp not found, will not use a pak cache.
[2016.03.02-05.14.11:051][  0]LogDerivedDataCache: Unable to find inner node CompressedPak for hierarchical cache Hierarchy.
[2016.03.02-05.14.11:130][  0]LogDerivedDataCache:Display: Pak cache opened for reading ../../../Engine/DerivedDataCache/Compressed.ddp.
[2016.03.02-05.14.11:143][  0]LogDerivedDataCache: Using Local data cache path C:/Users/BEACON/AppData/Local/UnrealEngine/Common/DerivedDataCache: Writable
[2016.03.02-05.14.11:342][  0]LogInit: Selected Device Profile: [Windows]
[2016.03.02-05.14.11:343][  0]LogContentStreaming: Texture pool size is 0.000000MB
[2016.03.02-05.14.11:388][  0]LogMeshUtilities: No automatic mesh reduction module available
[2016.03.02-05.14.11:388][  0]LogMeshUtilities: No automatic mesh merging module available
[2016.03.02-05.14.11:797][  0]LogInit: WinSock: version 1.1 (2.2), MaxSocks=32767, MaxUdp=65467
[2016.03.02-05.14.12:692][  0]UdpMessaging: Initializing bridge on interface 0.0.0.0:0 to multicast group 230.0.0.1:6666.
[2016.03.02-05.14.12:822][  0]LogAssetRegistry: FAssetRegistry took 0.0102 seconds to start up
[2016.03.02-05.14.13:061][  0]SourceControl: 信息 源码控制已禁用
[2016.03.02-05.14.13:062][  0]SourceControl: 信息 源码控制已禁用
[2016.03.02-05.14.13:072][  0]SourceControl: 信息 源码控制已禁用
[2016.03.02-05.14.13:085][  0]SourceControl: 信息 源码控制已禁用
[2016.03.02-05.14.13:298][  0]LogObj: 28633 objects as part of root set at end of initial load.
[2016.03.02-05.14.13:298][  0]LogUObjectAllocator: 6099744 out of 0 bytes used by permanent object pool.
[2016.03.02-05.14.13:367][  0]LogEngine: Initializing Engine...
[2016.03.02-05.14.13:370][  0]LogHMD: Can't find Oculus library dev build: is proper Runtime installed? Version: 0.8.0.0
[2016.03.02-05.14.13:371][  0]LogHMD: SteamVR failed to initialize.  Err: 110
[2016.03.02-05.14.13:539][  0]LogAIModule: Creating AISystem for world NewWorld
[2016.03.02-05.14.13:546][  0]LogInit: XAudio2 using '扬声器/听筒 (Realtek High Definition Audio)' : 2 channels at 48 kHz using 32 bits per sample (channel mask 0x3)
[2016.03.02-05.14.13:743][  0]LogInit: FAudioDevice initialized.
[2016.03.02-05.14.13:785][  0]LogDerivedDataCache: Saved boot cache 0.04s 41MB C:/Users/BEACON/AppData/Local/UnrealEngine/4.10/DerivedDataCache/Boot.ddc.
[2016.03.02-05.14.13:792][  0]LogInit: Texture streaming: Enabled
[2016.03.02-05.14.13:797][  0]LogAnalytics: Creating configured Analytics provider AnalyticsET
[2016.03.02-05.14.13:797][  0]LogAnalytics: [UEEditor.Rocket.Release] APIServer = http://et2.epicgames.com/ET2/. AppVersion = 4.10.3-2866931+++depot+UE4-Releases+4.10
[2016.03.02-05.14.13:798][  0]LogAnalytics: [UEEditor.Rocket.Release] SetUserId 5d158885492531af1f6758b0cb774b51|dabfe316a6c1439abd43e327ed2c1a37|4fe17939-d705-4ffe-8a7f-3729ceb66e9c
[2016.03.02-05.14.13:798][  0]LogAnalytics: [UEEditor.Rocket.Release] AnalyticsET::StartSession
[2016.03.02-05.14.13:811][  0]LogInit: Transaction tracking system initialized
[2016.03.02-05.14.13:837][  0]BlueprintLog: New page: 编辑器加载
[2016.03.02-05.14.13:916][  0]LocalizationService: 信息 本地化服务已被禁用
[2016.03.02-05.14.13:983][  0]LogConsoleResponse:Display: 
[2016.03.02-05.14.14:135][  0]LogCook:Display: Done creating registry. It took  0.00s.
[2016.03.02-05.14.14:190][  0]LogFileCache: Scanning file cache for directory 'D:/UE4_Github/Growth/Growth/Content/' took 0.01s
[2016.03.02-05.14.14:190][  0]SourceControl: 信息 源码控制已禁用
[2016.03.02-05.14.14:190][  0]Cmd: MAP LOAD FILE="../../../../../../UE4_Github/Growth/Growth/Content/Maps/ExampleMap.umap" TEMPLATE=0 SHOWPROGRESS=1 FEATURELEVEL=3
[2016.03.02-05.14.14:190][  0]LightingResults: New page: 光照构建
[2016.03.02-05.14.14:193][  0]MapCheck: New page: 地图检测
[2016.03.02-05.14.14:193][  0]LightingResults: New page: 光照构建
[2016.03.02-05.14.14:216][  0]LogParticles: Destroying 0 GPU particle simulations for FXSystem 0x000000002347BB00
[2016.03.02-05.14.15:100][  0]LogAIModule: Creating AISystem for world ExampleMap
[2016.03.02-05.14.15:113][  0]LogEditorServer: Finished looking for orphan Actors (0.000 secs)
[2016.03.02-05.14.15:114][  0]Cmd: MAP CHECKDEP NOCLEARLOG
[2016.03.02-05.14.15:161][  0]MapCheck: 信息 地图检测完成：0个错误，0 个警告，用时47.031毫秒完成。
[2016.03.02-05.14.15:161][  0]LogFileHelpers: Loading map 'ExampleMap' took 0.972
[2016.03.02-05.14.15:284][  0]LogCollectionManager: Loaded 0 collections in 0.001758 seconds
[2016.03.02-05.14.15:327][  0]LogFileCache: Scanning file cache for directory 'D:/UE4_Github/Growth/Growth/Saved/Collections/' took 0.01s
[2016.03.02-05.14.15:327][  0]LogFileCache: Scanning file cache for directory 'D:/UE4_Github/Growth/Growth/Content/Developers/BEACON/Collections/' took 0.01s
[2016.03.02-05.14.15:327][  0]LogFileCache: Scanning file cache for directory 'D:/UE4_Github/Growth/Growth/Content/Collections/' took 0.01s
[2016.03.02-05.14.15:327][  0]LogCollectionManager: Rebuilt the GUID cache for 0 collections in 0.000001 seconds
[2016.03.02-05.14.15:337][  0]LogContentBrowser: Native class hierarchy populated in 0.0091 seconds. Added 1893 classes and 338 folders.
[2016.03.02-05.14.15:342][  0]LogContentBrowser: Native class hierarchy updated for 'WidgetCarousel' in 0.0004 seconds. Added 0 classes and 0 folders.
[2016.03.02-05.14.15:390][  0]LogContentBrowser: Native class hierarchy updated for 'AddContentDialog' in 0.0004 seconds. Added 0 classes and 0 folders.
[2016.03.02-05.14.15:393][  0]LogContentBrowser: Native class hierarchy updated for 'SceneOutliner' in 0.0004 seconds. Added 1 classes and 2 folders.
[2016.03.02-05.14.15:418][  0]LogCrashTracker: Crashtracker disabled due to settings.
[2016.03.02-05.14.15:422][  0]LogUObjectGlobals:Warning: 寻找对象'Class 无.'失败
[2016.03.02-05.14.15:444][  0]LogLoad: Full Startup: 7.02 seconds (BP compile: 0.15 seconds)
[2016.03.02-05.14.15:465][  0]LogOcInput: Can't find Oculus library dev build: is proper Runtime installed? Version: 0.8.0.0
[2016.03.02-05.14.15:514][  0]LogContentStreaming: Texture pool size now 1000 MB
[2016.03.02-05.14.15:673][  0]LogRenderer: Reallocating scene render targets to support 856x388 (Frame:2).
[2016.03.02-05.14.16:391][  4]LogAssetRegistry: Asset discovery search completed in 3.5793 seconds
[2016.03.02-05.14.16:391][  4]LogCollectionManager: Rebuilt the object cache for 0 collections in 0.000001 seconds (found 0 objects)
[2016.03.02-05.14.16:391][  4]LogCollectionManager: Fixed up redirectors for 0 collections in 0.000020 seconds (updated 0 objects)
[2016.03.02-05.14.52:302][109]Cmd: QUIT_EDITOR
[2016.03.02-05.14.52:566][109]LogExit: Preparing to exit.
[2016.03.02-05.14.52:762][109]LogExit: Editor shut down
[2016.03.02-05.14.52:763][109]LogExit: Transaction tracking system shut down
[2016.03.02-05.14.52:764][109]LogParticles: Destroying 0 GPU particle simulations for FXSystem 0x00000000112BED40
[2016.03.02-05.14.52:765][109]LogParticles: Destroying 0 GPU particle simulations for FXSystem 0x000000002D876E80
[2016.03.02-05.14.52:765][109]LogParticles: Destroying 0 GPU particle simulations for FXSystem 0x000000002D077380
[2016.03.02-05.14.52:765][109]LogParticles: Destroying 0 GPU particle simulations for FXSystem 0x000000003B8058A0
[2016.03.02-05.14.52:976][109]LogExit: Object subsystem successfully closed.
[2016.03.02-05.14.52:988][109]LogD3D11RHI: Shutdown
[2016.03.02-05.14.52:988][109]LogD3D11RHI: CleanupD3DDevice
[2016.03.02-05.14.53:049][109]LogD3D11RHI: ~FD3D11DynamicRHI
[2016.03.02-05.14.53:068][109]LogModuleManager: Shutting down and abandoning module CrashTracker (198)
[2016.03.02-05.14.53:068][109]LogModuleManager: Shutting down and abandoning module SceneOutliner (197)
[2016.03.02-05.14.53:068][109]LogModuleManager: Shutting down and abandoning module SuperSearch (196)
[2016.03.02-05.14.53:068][109]LogModuleManager: Shutting down and abandoning module WidgetCarousel (195)
[2016.03.02-05.14.53:068][109]LogModuleManager: Shutting down and abandoning module AddContentDialog (194)
[2016.03.02-05.14.53:069][109]LogModuleManager: Shutting down and abandoning module EditorWidgets (193)
[2016.03.02-05.14.53:069][109]LogModuleManager: Shutting down and abandoning module CollectionManager (192)
[2016.03.02-05.14.53:069][109]LogModuleManager: Shutting down and abandoning module StatsViewer (191)
[2016.03.02-05.14.53:069][109]LogModuleManager: Shutting down and abandoning module FoliageEdit (190)
[2016.03.02-05.14.53:070][109]LogModuleManager: Shutting down and abandoning module LandscapeEditor (189)
[2016.03.02-05.14.53:070][109]LogModuleManager: Shutting down and abandoning module ActorPickerMode (188)
[2016.03.02-05.14.53:070][109]LogModuleManager: Shutting down and abandoning module GeometryMode (187)
[2016.03.02-05.14.53:070][109]LogModuleManager: Shutting down and abandoning module TextureAlignMode (186)
[2016.03.02-05.14.53:070][109]LogModuleManager: Shutting down and abandoning module BspMode (185)
[2016.03.02-05.14.53:070][109]LogModuleManager: Shutting down and abandoning module PlacementMode (184)
[2016.03.02-05.14.53:070][109]LogModuleManager: Shutting down and abandoning module AutomationWorker (183)
[2016.03.02-05.14.53:070][109]LogModuleManager: Shutting down and abandoning module CharacterAI (182)
[2016.03.02-05.14.53:070][109]LogModuleManager: Shutting down and abandoning module SmartSnapping (181)
[2016.03.02-05.14.53:070][109]LogModuleManager: Shutting down and abandoning module ViewportSnapping (180)
[2016.03.02-05.14.53:070][109]LogModuleManager: Shutting down and abandoning module LogVisualizer (179)
[2016.03.02-05.14.53:070][109]LogModuleManager: Shutting down and abandoning module GameProjectGeneration (178)
[2016.03.02-05.14.53:070][109]LogModuleManager: Shutting down and abandoning module IntroTutorials (177)
[2016.03.02-05.14.53:070][109]LogModuleManager: Shutting down and abandoning module EditorLiveStreaming (176)
[2016.03.02-05.14.53:070][109]LogModuleManager: Shutting down and abandoning module IOSPlatformEditor (175)
[2016.03.02-05.14.53:070][109]LogModuleManager: Shutting down and abandoning module HTML5PlatformEditor (174)
[2016.03.02-05.14.53:070][109]LogModuleManager: Shutting down and abandoning module AndroidDeviceDetection (173)
[2016.03.02-05.14.53:954][109]LogModuleManager: Shutting down and abandoning module AndroidPlatformEditor (172)
[2016.03.02-05.14.53:954][109]LogModuleManager: Shutting down and abandoning module IOSRuntimeSettings (171)
[2016.03.02-05.14.53:954][109]LogModuleManager: Shutting down and abandoning module AndroidRuntimeSettings (170)
[2016.03.02-05.14.53:954][109]LogModuleManager: Shutting down and abandoning module MergeActors (169)
[2016.03.02-05.14.53:954][109]LogModuleManager: Shutting down and abandoning module SizeMap (168)
[2016.03.02-05.14.53:954][109]LogModuleManager: Shutting down and abandoning module TreeMap (167)
[2016.03.02-05.14.53:954][109]LogModuleManager: Shutting down and abandoning module ReferenceViewer (166)
[2016.03.02-05.14.53:954][109]LogModuleManager: Shutting down and abandoning module LocalizationService (165)
[2016.03.02-05.14.53:954][109]LogModuleManager: Shutting down and abandoning module LocalizationDashboard (164)
[2016.03.02-05.14.53:954][109]LogModuleManager: Shutting down and abandoning module HardwareTargeting (163)
[2016.03.02-05.14.53:954][109]LogModuleManager: Shutting down and abandoning module DeviceProfileEditor (162)
[2016.03.02-05.14.53:954][109]LogModuleManager: Shutting down and abandoning module UndoHistory (161)
[2016.03.02-05.14.53:954][109]LogModuleManager: Shutting down and abandoning module GameplayTagsEditor (160)
[2016.03.02-05.14.53:954][109]LogModuleManager: Shutting down and abandoning module UserFeedback (159)
[2016.03.02-05.14.53:954][109]LogModuleManager: Shutting down and abandoning module XmlParser (158)
[2016.03.02-05.14.53:954][109]LogModuleManager: Shutting down and abandoning module Blutility (157)
[2016.03.02-05.14.53:954][109]LogModuleManager: Shutting down and abandoning module ProjectTargetPlatformEditor (156)
[2016.03.02-05.14.53:954][109]LogModuleManager: Shutting down and abandoning module ProjectSettingsViewer (155)
[2016.03.02-05.14.53:955][109]LogModuleManager: Shutting down and abandoning module InputBindingEditor (154)
[2016.03.02-05.14.53:955][109]LogModuleManager: Shutting down and abandoning module EditorSettingsViewer (153)
[2016.03.02-05.14.53:955][109]LogModuleManager: Shutting down and abandoning module SettingsEditor (152)
[2016.03.02-05.14.53:955][109]LogModuleManager: Shutting down and abandoning module ProjectLauncher (151)
[2016.03.02-05.14.53:955][109]LogModuleManager: Shutting down and abandoning module SessionFrontend (150)
[2016.03.02-05.14.53:955][109]LogModuleManager: Shutting down and abandoning module ProfilerClient (149)
[2016.03.02-05.14.53:955][109]LogModuleManager: Shutting down and abandoning module TargetDeviceServices (148)
[2016.03.02-05.14.53:955][109]LogModuleManager: Shutting down and abandoning module DeviceManager (147)
[2016.03.02-05.14.53:955][109]LogModuleManager: Shutting down and abandoning module AutomationController (146)
[2016.03.02-05.14.53:955][109]LogModuleManager: Shutting down and abandoning module AutomationWindow (145)
[2016.03.02-05.14.53:955][109]LogModuleManager: Shutting down and abandoning module Layers (144)
[2016.03.02-05.14.53:955][109]LogModuleManager: Shutting down and abandoning module ComponentVisualizers (143)
[2016.03.02-05.14.53:955][109]LogModuleManager: Shutting down and abandoning module DetailCustomizations (142)
[2016.03.02-05.14.53:956][109]LogModuleManager: Shutting down and abandoning module PackagesDialog (141)
[2016.03.02-05.14.53:956][109]LogModuleManager: Shutting down and abandoning module Persona (140)
[2016.03.02-05.14.53:956][109]LogModuleManager: Shutting down and abandoning module Kismet (139)
[2016.03.02-05.14.53:956][109]LogModuleManager: Shutting down and abandoning module GraphEditor (138)
[2016.03.02-05.14.53:956][109]LogModuleManager: Shutting down and abandoning module ClassViewer (137)
[2016.03.02-05.14.53:956][109]LogModuleManager: Shutting down and abandoning module Toolbox (136)
[2016.03.02-05.14.53:956][109]LogModuleManager: Shutting down and abandoning module ModuleUI (135)
[2016.03.02-05.14.53:956][109]LogModuleManager: Shutting down and abandoning module MovieSceneTools (134)
[2016.03.02-05.14.53:956][109]LogModuleManager: Shutting down and abandoning module OutputLog (133)
[2016.03.02-05.14.53:956][109]LogModuleManager: Shutting down and abandoning module GammaUI (132)
[2016.03.02-05.14.53:956][109]LogModuleManager: Shutting down and abandoning module Documentation (131)
[2016.03.02-05.14.53:956][109]LogModuleManager: Shutting down and abandoning module GameLiveStreaming (130)
[2016.03.02-05.14.53:956][109]LogModuleManager: Shutting down and abandoning module StreamingPauseRendering (129)
[2016.03.02-05.14.53:956][109]LogModuleManager: Shutting down and abandoning module AnalyticsET (128)
[2016.03.02-05.14.53:956][109]LogModuleManager: Shutting down and abandoning module Analytics (127)
[2016.03.02-05.14.53:956][109]LogModuleManager: Shutting down and abandoning module AITestSuite (126)
[2016.03.02-05.14.53:956][109]LogModuleManager: Shutting down and abandoning module GameplayDebugger (125)
[2016.03.02-05.14.53:956][109]LogModuleManager: Shutting down and abandoning module AIModule (124)
[2016.03.02-05.14.53:957][109]LogModuleManager: Shutting down and abandoning module ProfilerService (123)
[2016.03.02-05.14.54:067][109]LogModuleManager: Shutting down and abandoning module TaskGraph (122)
[2016.03.02-05.14.54:067][109]LogModuleManager: Shutting down and abandoning module SlateRemote (121)
[2016.03.02-05.14.54:067][109]LogModuleManager: Shutting down and abandoning module SteamVRController (120)
[2016.03.02-05.14.54:067][109]LogModuleManager: Shutting down and abandoning module SteamVR (119)
[2016.03.02-05.14.54:067][109]LogModuleManager: Shutting down and abandoning module ProceduralMeshComponent (118)
[2016.03.02-05.14.54:067][109]LogModuleManager: Shutting down and abandoning module OculusLibrary (117)
[2016.03.02-05.14.54:067][109]LogModuleManager: Shutting down and abandoning module OculusInput (116)
[2016.03.02-05.14.54:067][109]LogModuleManager: Shutting down and abandoning module LeapMotionController (115)
[2016.03.02-05.14.54:080][109]LogModuleManager: Shutting down and abandoning module CustomMeshComponent (114)
[2016.03.02-05.14.54:080][109]LogModuleManager: Shutting down and abandoning module CableComponent (113)
[2016.03.02-05.14.54:080][109]LogModuleManager: Shutting down and abandoning module ArchVisCharacter (112)
[2016.03.02-05.14.54:080][109]LogModuleManager: Shutting down and abandoning module MessagingDebugger (111)
[2016.03.02-05.14.54:081][109]LogModuleManager: Shutting down and abandoning module MediaPlayerEditor (110)
[2016.03.02-05.14.54:081][109]LogModuleManager: Shutting down and abandoning module HTML5Networking (109)
[2016.03.02-05.14.54:081][109]LogModuleManager: Shutting down and abandoning module SpeedTreeImporter (108)
[2016.03.02-05.14.54:081][109]LogModuleManager: Shutting down and abandoning module PluginBrowser (107)
[2016.03.02-05.14.54:081][109]LogModuleManager: Shutting down and abandoning module EpicSurvey (106)
[2016.03.02-05.14.54:081][109]LogModuleManager: Shutting down and abandoning module DesktopPlatform (105)
[2016.03.02-05.14.54:081][109]LogModuleManager: Shutting down and abandoning module VisualStudioSourceCodeAccess (104)
[2016.03.02-05.14.54:081][109]LogModuleManager: Shutting down and abandoning module UObjectPlugin (103)
[2016.03.02-05.14.54:081][109]LogModuleManager: Shutting down and abandoning module SubversionSourceControl (102)
[2016.03.02-05.14.54:081][109]LogModuleManager: Shutting down and abandoning module PerforceSourceControl (101)
[2016.03.02-05.14.54:081][109]LogModuleManager: Shutting down and abandoning module SourceControl (100)
[2016.03.02-05.14.54:081][109]LogModuleManager: Shutting down and abandoning module GitSourceControl (99)
[2016.03.02-05.14.54:081][109]LogModuleManager: Shutting down and abandoning module LightPropagationVolumeEditor (98)
[2016.03.02-05.14.54:081][109]LogModuleManager: Shutting down and abandoning module PaperTiledImporter (97)
[2016.03.02-05.14.54:081][109]LogModuleManager: Shutting down and abandoning module PaperSpriteSheetImporter (96)
[2016.03.02-05.14.54:081][109]LogModuleManager: Shutting down and abandoning module MeshPaint (95)
[2016.03.02-05.14.54:081][109]LogModuleManager: Shutting down and abandoning module SlateReflector (94)
[2016.03.02-05.14.54:081][109]LogModuleManager: Shutting down and abandoning module HotReload (93)
[2016.03.02-05.14.54:081][109]LogModuleManager: Shutting down and abandoning module MainFrame (92)
[2016.03.02-05.14.54:081][109]LogModuleManager: Shutting down and abandoning module LevelEditor (91)
[2016.03.02-05.14.54:082][109]LogModuleManager: Shutting down and abandoning module DirectoryWatcher (90)
[2016.03.02-05.14.54:082][109]LogModuleManager: Shutting down and abandoning module AssetRegistry (89)
[2016.03.02-05.14.54:123][109]LogModuleManager: Shutting down and abandoning module ContentBrowser (88)
[2016.03.02-05.14.54:124][109]LogModuleManager: Shutting down and abandoning module Paper2DEditor (87)
[2016.03.02-05.14.54:124][109]LogModuleManager: Shutting down and abandoning module UdpMessaging (86)
[2016.03.02-05.14.54:224][109]LogModuleManager: Shutting down and abandoning module LightPropagationVolumeRuntime (85)
[2016.03.02-05.14.54:224][109]LogModuleManager: Shutting down and abandoning module Paper2D (84)
[2016.03.02-05.14.54:224][109]LogModuleManager: Shutting down and abandoning module WindowsMoviePlayer (83)
[2016.03.02-05.14.54:232][109]LogModuleManager: Shutting down and abandoning module Media (82)
[2016.03.02-05.14.54:232][109]LogModuleManager: Shutting down and abandoning module WmfMedia (81)
[2016.03.02-05.14.54:233][109]LogModuleManager: Shutting down and abandoning module OnlineBlueprintSupport (80)
[2016.03.02-05.14.54:233][109]LogModuleManager: Shutting down and abandoning module GameplayTasksEditor (79)
[2016.03.02-05.14.54:233][109]LogModuleManager: Shutting down and abandoning module PropertyEditor (78)
[2016.03.02-05.14.54:233][109]LogModuleManager: Shutting down and abandoning module BehaviorTreeEditor (77)
[2016.03.02-05.14.54:233][109]LogModuleManager: Shutting down and abandoning module FunctionalTesting (76)
[2016.03.02-05.14.54:233][109]LogModuleManager: Shutting down and abandoning module CollisionAnalyzer (75)
[2016.03.02-05.14.54:233][109]LogModuleManager: Shutting down and abandoning module WorkspaceMenuStructure (74)
[2016.03.02-05.14.54:233][109]LogModuleManager: Shutting down and abandoning module MessageLog (73)
[2016.03.02-05.14.54:233][109]LogModuleManager: Shutting down and abandoning module Sequencer (72)
[2016.03.02-05.14.54:233][109]LogModuleManager: Shutting down and abandoning module AssetTools (71)
[2016.03.02-05.14.54:233][109]LogModuleManager: Shutting down and abandoning module UMGEditor (70)
[2016.03.02-05.14.54:233][109]LogModuleManager: Shutting down and abandoning module UMG (69)
[2016.03.02-05.14.54:233][109]LogModuleManager: Shutting down and abandoning module Slate (68)
[2016.03.02-05.14.54:233][109]LogModuleManager: Shutting down and abandoning module EditorStyle (67)
[2016.03.02-05.14.54:237][109]LogModuleManager: Shutting down and abandoning module SessionServices (66)
[2016.03.02-05.14.54:237][109]LogModuleManager: Shutting down and abandoning module SourceCodeAccess (65)
[2016.03.02-05.14.54:237][109]LogModuleManager: Shutting down and abandoning module HeadMountedDisplay (64)
[2016.03.02-05.14.54:237][109]LogModuleManager: Shutting down and abandoning module XAudio2 (63)
[2016.03.02-05.14.54:237][109]LogModuleManager: Shutting down and abandoning module Networking (61)
[2016.03.02-05.14.54:237][109]LogModuleManager: Shutting down and abandoning module Core (60)
[2016.03.02-05.14.54:237][109]LogModuleManager: Shutting down and abandoning module KismetCompiler (59)
[2016.03.02-05.14.54:237][109]LogModuleManager: Shutting down and abandoning module PhysXFormats (58)
[2016.03.02-05.14.54:238][109]LogModuleManager: Shutting down and abandoning module MeshUtilities (57)
[2016.03.02-05.14.54:238][109]LogModuleManager: Shutting down and abandoning module DerivedDataCache (56)
[2016.03.02-05.14.54:640][109]LogDerivedDataCache: Shutdown
[2016.03.02-05.14.54:640][109]LogModuleManager: Shutting down and abandoning module ShaderFormatOpenGL (55)
[2016.03.02-05.14.54:640][109]LogModuleManager: Shutting down and abandoning module ShaderFormatD3D (54)
[2016.03.02-05.14.54:640][109]LogModuleManager: Shutting down and abandoning module MetalShaderFormat (53)
[2016.03.02-05.14.54:640][109]LogModuleManager: Shutting down and abandoning module TextureFormatUncompressed (52)
[2016.03.02-05.14.54:640][109]LogModuleManager: Shutting down and abandoning module TextureFormatPVR (51)
[2016.03.02-05.14.54:640][109]LogModuleManager: Shutting down and abandoning module TextureFormatIntelISPCTexComp (50)
[2016.03.02-05.14.54:640][109]LogModuleManager: Shutting down and abandoning module TextureFormatDXT (49)
[2016.03.02-05.14.54:640][109]LogModuleManager: Shutting down and abandoning module ImageWrapper (48)
[2016.03.02-05.14.54:640][109]LogModuleManager: Shutting down and abandoning module TextureFormatASTC (47)
[2016.03.02-05.14.54:640][109]LogModuleManager: Shutting down and abandoning module TextureFormatAndroid (46)
[2016.03.02-05.14.54:640][109]LogModuleManager: Shutting down and abandoning module AudioFormatOpus (45)
[2016.03.02-05.14.54:640][109]LogModuleManager: Shutting down and abandoning module AudioFormatOgg (44)
[2016.03.02-05.14.54:640][109]LogModuleManager: Shutting down and abandoning module AudioFormatADPCM (43)
[2016.03.02-05.14.54:640][109]LogModuleManager: Shutting down and abandoning module LinuxTargetPlatform (42)
[2016.03.02-05.14.54:640][109]LogModuleManager: Shutting down and abandoning module LinuxServerTargetPlatform (41)
[2016.03.02-05.14.54:640][109]LogModuleManager: Shutting down and abandoning module LinuxNoEditorTargetPlatform (40)
[2016.03.02-05.14.54:640][109]LogModuleManager: Shutting down and abandoning module Messaging (39)
[2016.03.02-05.14.54:640][109]LogModuleManager: Shutting down and abandoning module IOSTargetPlatform (38)
[2016.03.02-05.14.54:640][109]LogModuleManager: Shutting down and abandoning module HTML5TargetPlatform (37)
[2016.03.02-05.14.54:640][109]LogModuleManager: Shutting down and abandoning module Android_PVRTCTargetPlatform (36)
[2016.03.02-05.14.54:640][109]LogModuleManager: Shutting down and abandoning module Android_MultiTargetPlatform (35)
[2016.03.02-05.14.54:640][109]LogModuleManager: Shutting down and abandoning module Android_ETC2TargetPlatform (34)
[2016.03.02-05.14.54:641][109]LogModuleManager: Shutting down and abandoning module Android_ETC1TargetPlatform (33)
[2016.03.02-05.14.54:641][109]LogModuleManager: Shutting down and abandoning module Android_DXTTargetPlatform (32)
[2016.03.02-05.14.54:641][109]LogModuleManager: Shutting down and abandoning module Android_ATCTargetPlatform (31)
[2016.03.02-05.14.54:641][109]LogModuleManager: Shutting down and abandoning module Android_ASTCTargetPlatform (30)
[2016.03.02-05.14.54:641][109]LogModuleManager: Shutting down and abandoning module AndroidTargetPlatform (29)
[2016.03.02-05.14.54:641][109]LogModuleManager: Shutting down and abandoning module WindowsTargetPlatform (28)
[2016.03.02-05.14.54:641][109]LogModuleManager: Shutting down and abandoning module WindowsServerTargetPlatform (27)
[2016.03.02-05.14.54:641][109]LogModuleManager: Shutting down and abandoning module WindowsNoEditorTargetPlatform (26)
[2016.03.02-05.14.54:641][109]LogModuleManager: Shutting down and abandoning module WindowsClientTargetPlatform (25)
[2016.03.02-05.14.54:641][109]LogModuleManager: Shutting down and abandoning module AllDesktopTargetPlatform (24)
[2016.03.02-05.14.54:641][109]LogModuleManager: Shutting down and abandoning module TargetPlatform (23)
[2016.03.02-05.14.54:641][109]LogModuleManager: Shutting down and abandoning module InputCore (22)
[2016.03.02-05.14.54:641][109]LogModuleManager: Shutting down and abandoning module Settings (21)
[2016.03.02-05.14.54:641][109]LogModuleManager: Shutting down and abandoning module OnlineSubsystem (19)
[2016.03.02-05.14.54:641][109]LogModuleManager: Shutting down and abandoning module HTTP (18)
[2016.03.02-05.14.56:644][109]LogModuleManager: Shutting down and abandoning module XMPP (17)
[2016.03.02-05.14.56:644][109]LogModuleManager: Shutting down and abandoning module OculusRift (16)
[2016.03.02-05.14.56:644][109]LogModuleManager: Shutting down and abandoning module ExampleDeviceProfileSelector (15)
[2016.03.02-05.14.56:644][109]LogModuleManager: Shutting down and abandoning module TextureCompressor (14)
[2016.03.02-05.14.56:644][109]LogModuleManager: Shutting down and abandoning module ShaderCore (13)
[2016.03.02-05.14.56:644][109]LogModuleManager: Shutting down and abandoning module Landscape (12)
[2016.03.02-05.14.56:644][109]LogModuleManager: Shutting down and abandoning module SlateRHIRenderer (11)
[2016.03.02-05.14.56:645][109]LogModuleManager: Shutting down and abandoning module OpenGLDrv (10)
[2016.03.02-05.14.56:645][109]LogModuleManager: Shutting down and abandoning module D3D11RHI (9)
[2016.03.02-05.14.56:645][109]LogModuleManager: Shutting down and abandoning module AnimGraphRuntime (8)
[2016.03.02-05.14.56:645][109]LogModuleManager: Shutting down and abandoning module Renderer (7)
[2016.03.02-05.14.56:645][109]LogModuleManager: Shutting down and abandoning module Engine (6)
[2016.03.02-05.14.56:645][109]LogModuleManager: Shutting down and abandoning module CoreUObject (5)
[2016.03.02-05.14.56:645][109]LogModuleManager: Shutting down and abandoning module NetworkFile (4)
[2016.03.02-05.14.56:645][109]LogModuleManager: Shutting down and abandoning module StreamingFile (3)
[2016.03.02-05.14.56:645][109]LogModuleManager: Shutting down and abandoning module SandboxFile (2)
[2016.03.02-05.14.56:645][109]LogModuleManager: Shutting down and abandoning module PakFile (1)
[2016.03.02-05.14.56:647][109]LogExit: Exiting.
[2016.03.02-05.14.56:649][109]Log file closed, 03/01/16 21:14:56
