[2016.01.21-17.08.06:296][  0]Log file open, 01/21/16 09:08:06
[2016.01.21-17.08.06:296][  0]LogInit:Display: Running engine for game: Growth
[2016.01.21-17.08.06:296][  0]LogPlatformFile: Not using cached read wrapper
[2016.01.21-17.08.06:296][  0]LogInit:Display: RandInit(1636263146) SRandInit(1636263146).
[2016.01.21-17.08.06:296][  0]LogTaskGraph: Started task graph with 4 named threads and 7 total threads.
[2016.01.21-17.08.06:296][  0]LogStats: Stats thread started at 0.105812
[2016.01.21-17.08.06:296][  0]LogInit: Version: 4.10.0-2758231+++depot+UE4-Releases+4.10
[2016.01.21-17.08.06:296][  0]LogInit: API Version: 2758231
[2016.01.21-17.08.06:296][  0]LogInit: Compiled (64-bit): Nov  7 2015 05:13:45
[2016.01.21-17.08.06:296][  0]LogInit: Compiled with Visual C++: 19.00.23026.00
[2016.01.21-17.08.06:296][  0]LogInit: Build Configuration: Development
[2016.01.21-17.08.06:296][  0]LogInit: Branch Name: ++depot+UE4-Releases+4.10
[2016.01.21-17.08.06:296][  0]LogInit: Command line:  
[2016.01.21-17.08.06:296][  0]LogInit: Base directory: C:/Program Files/Epic Games/4.10/Engine/Binaries/Win64/
[2016.01.21-17.08.06:296][  0]LogInit: Rocket: 1
[2016.01.21-17.08.06:380][  0]LogInit: Using libcurl 7.41.0
[2016.01.21-17.08.06:380][  0]LogInit:  - built for x86_64-pc-win32
[2016.01.21-17.08.06:380][  0]LogInit:  - supports SSL with WinSSL
[2016.01.21-17.08.06:380][  0]LogInit:  - other features:
[2016.01.21-17.08.06:380][  0]LogInit:      CURL_VERSION_SSL
[2016.01.21-17.08.06:380][  0]LogInit:      CURL_VERSION_IPV6
[2016.01.21-17.08.06:380][  0]LogInit:      CURL_VERSION_ASYNCHDNS
[2016.01.21-17.08.06:380][  0]LogInit:      CURL_VERSION_LARGEFILE
[2016.01.21-17.08.06:380][  0]LogInit:      CURL_VERSION_IDN
[2016.01.21-17.08.06:380][  0]LogInit:  CurlRequestOptions (configurable via config and command line):
[2016.01.21-17.08.06:380][  0]LogInit:  - bVerifyPeer = true  - Libcurl will verify peer certificate
[2016.01.21-17.08.06:380][  0]LogInit:  - bUseHttpProxy = false  - Libcurl will NOT use HTTP proxy
[2016.01.21-17.08.06:380][  0]LogInit:  - bDontReuseConnections = false  - Libcurl will reuse connections
[2016.01.21-17.08.06:380][  0]LogInit:  - CertBundlePath = nullptr  - Libcurl will use whatever was configured at build time.
[2016.01.21-17.08.06:420][  0]LogInit: Presizing for 0 objects not considered by GC, pre-allocating 0 bytes.
[2016.01.21-17.08.06:426][  0]LogInit: Object subsystem initialized
[2016.01.21-17.08.06:426][  0]LogInit: Selected Device Profile: [Windows]
[2016.01.21-17.08.06:426][  0]LogInit: Applying CVar settings loaded from the selected device profile: [Windows]
[2016.01.21-17.08.06:473][  0]LogInit: Computer: ALEX-PC
[2016.01.21-17.08.06:473][  0]LogInit: User: Alex
[2016.01.21-17.08.06:473][  0]LogInit: CPU Page size=4096, Cores=4
[2016.01.21-17.08.06:473][  0]LogInit: High frequency timer resolution =2.533206 MHz
[2016.01.21-17.08.06:473][  0]LogMemory: Memory total: Physical=7.9GB (8GB approx)
[2016.01.21-17.08.06:473][  0]LogMemory: Platform Memory Stats for Windows
[2016.01.21-17.08.06:473][  0]LogMemory: Process Physical Memory: 55.89 MB used, 55.89 MB peak
[2016.01.21-17.08.06:473][  0]LogMemory: Process Virtual Memory: 58.71 MB used, 58.71 MB peak
[2016.01.21-17.08.06:473][  0]LogMemory: Physical Memory: 2720.00 MB used, 8110.36 MB total
[2016.01.21-17.08.06:473][  0]LogMemory: Virtual Memory: 380.51 MB used, 134217728.00 MB total
[2016.01.21-17.08.06:987][  0]LogTextLocalizationManager: No specific translations for ('en-US') exist, so ('en') translations will be used.
[2016.01.21-17.08.07:741][  0]LogD3D11RHI: Found D3D11 adapter 0: NVIDIA GeForce GTX 965M        (Feature Level 11_0)
[2016.01.21-17.08.07:741][  0]LogD3D11RHI: Adapter has 4013MB of dedicated video memory, 0MB of dedicated system memory, and 4055MB of shared system memory, 1 output[s]
[2016.01.21-17.08.07:839][  0]LogD3D11RHI: Found D3D11 adapter 1: Intel(R) HD Graphics 4600 (Feature Level 11_0)
[2016.01.21-17.08.07:839][  0]LogD3D11RHI: Adapter has 112MB of dedicated video memory, 0MB of dedicated system memory, and 4055MB of shared system memory, 0 output[s]
[2016.01.21-17.08.07:841][  0]LogD3D11RHI: Found D3D11 adapter 2: Microsoft Basic Render Driver (Feature Level 11_0)
[2016.01.21-17.08.07:841][  0]LogD3D11RHI: Adapter has 0MB of dedicated video memory, 0MB of dedicated system memory, and 4055MB of shared system memory, 0 output[s]
[2016.01.21-17.08.07:841][  0]LogD3D11RHI: Chosen D3D11 Adapter Id = 0
[2016.01.21-17.08.07:845][  0]LogD3D11RHI: !Direct3DDevice
[2016.01.21-17.08.07:845][  0]LogRHI: Texture pool is 1361 MB (70% of 1945 MB)
[2016.01.21-17.08.07:857][  0]LogD3D11RHI: Async texture creation enabled
[2016.01.21-17.08.07:870][  0]LogShaderCompilers: Guid format shader working directory is 35 characters bigger than the processId version (E:/Growth/Intermediate/Shaders/WorkingDirectory/10820/).
[2016.01.21-17.08.07:870][  0]LogShaderCompilers: Cleaned the shader compiler working directory 'C:/Users/Alex/AppData/Local/Temp/UnrealShaderWorkingDir/BAD1361049F58DA4736E01B90E614261/'.
[2016.01.21-17.08.07:870][  0]LogShaderCompilers:Display: Using Local Shader Compiler.
[2016.01.21-17.08.09:210][  0]LogTemp:Display: Loaded TP AllDesktopTargetPlatform
[2016.01.21-17.08.09:221][  0]LogTemp:Display: Loaded TP WindowsClientTargetPlatform
[2016.01.21-17.08.09:232][  0]LogTemp:Display: Loaded TP WindowsNoEditorTargetPlatform
[2016.01.21-17.08.09:244][  0]LogTemp:Display: Loaded TP WindowsServerTargetPlatform
[2016.01.21-17.08.09:255][  0]LogTemp:Display: Loaded TP WindowsTargetPlatform
[2016.01.21-17.08.09:265][  0]LogTemp:Display: Loaded TP AndroidTargetPlatform
[2016.01.21-17.08.09:275][  0]LogTemp:Display: Loaded TP Android_ASTCTargetPlatform
[2016.01.21-17.08.09:285][  0]LogTemp:Display: Loaded TP Android_ATCTargetPlatform
[2016.01.21-17.08.09:295][  0]LogTemp:Display: Loaded TP Android_DXTTargetPlatform
[2016.01.21-17.08.09:305][  0]LogTemp:Display: Loaded TP Android_ETC1TargetPlatform
[2016.01.21-17.08.09:314][  0]LogTemp:Display: Loaded TP Android_ETC2TargetPlatform
[2016.01.21-17.08.09:335][  0]LogTemp:Display: Loaded TP Android_MultiTargetPlatform
[2016.01.21-17.08.09:335][  0]LogTemp:Display: Loaded TP Android_PVRTCTargetPlatform
[2016.01.21-17.08.09:342][  0]LogTemp:Display: Loaded TP HTML5TargetPlatform
[2016.01.21-17.08.09:381][  0]LogTemp:Display: Loaded TP IOSTargetPlatform
[2016.01.21-17.08.09:390][  0]LogTemp:Display: Loaded TP LinuxNoEditorTargetPlatform
[2016.01.21-17.08.09:399][  0]LogTemp:Display: Loaded TP LinuxServerTargetPlatform
[2016.01.21-17.08.09:408][  0]LogTemp:Display: Loaded TP LinuxTargetPlatform
[2016.01.21-17.08.09:409][  0]LogTargetPlatformManager:Display: Building Assets For Windows
[2016.01.21-17.08.09:684][  0]LogDerivedDataCache:Display: Max Cache Size: 512 MB
[2016.01.21-17.08.09:852][  0]LogDerivedDataCache: Loaded boot cache 0.17s 41MB C:/Users/Alex/AppData/Local/UnrealEngine/4.10/DerivedDataCache/Boot.ddc.
[2016.01.21-17.08.09:852][  0]LogDerivedDataCache:Display: Loaded Boot cache: C:/Users/Alex/AppData/Local/UnrealEngine/4.10/DerivedDataCache/Boot.ddc
[2016.01.21-17.08.09:852][  0]LogDerivedDataCache: FDerivedDataBackendGraph:  Pak pak cache file E:/Growth/DerivedDataCache/DDC.ddp not found, will not use a pak cache.
[2016.01.21-17.08.09:852][  0]LogDerivedDataCache: Unable to find inner node Pak for hierarchical cache Hierarchy.
[2016.01.21-17.08.09:852][  0]LogDerivedDataCache: FDerivedDataBackendGraph:  CompressedPak pak cache file E:/Growth/DerivedDataCache/Compressed.ddp not found, will not use a pak cache.
[2016.01.21-17.08.09:852][  0]LogDerivedDataCache: Unable to find inner node CompressedPak for hierarchical cache Hierarchy.
[2016.01.21-17.08.09:908][  0]LogDerivedDataCache:Display: Pak cache opened for reading ../../../Engine/DerivedDataCache/Compressed.ddp.
[2016.01.21-17.08.09:920][  0]LogDerivedDataCache: Using Local data cache path C:/Users/Alex/AppData/Local/UnrealEngine/Common/DerivedDataCache: Writable
[2016.01.21-17.08.10:214][  0]LogInit: Selected Device Profile: [Windows]
[2016.01.21-1