[2016.01.23-04.20.34:202][  0]Log file open, 01/22/16 20:20:34
[2016.01.23-04.20.34:202][  0]LogInit:Display: Running engine for game: Growth
[2016.01.23-04.20.34:202][  0]LogPlatformFile: Not using cached read wrapper
[2016.01.23-04.20.34:202][  0]LogInit:Display: RandInit(-1808715122) SRandInit(-1808715121).
[2016.01.23-04.20.34:202][  0]LogTaskGraph: Started task graph with 4 named threads and 7 total threads.
[2016.01.23-04.20.34:202][  0]LogStats: Stats thread started at 0.087281
[2016.01.23-04.20.34:202][  0]LogInit: Version: 4.10.0-2758231+++depot+UE4-Releases+4.10
[2016.01.23-04.20.34:202][  0]LogInit: API Version: 2758231
[2016.01.23-04.20.34:202][  0]LogInit: Compiled (64-bit): Nov  7 2015 05:13:45
[2016.01.23-04.20.34:202][  0]LogInit: Compiled with Visual C++: 19.00.23026.00
[2016.01.23-04.20.34:202][  0]LogInit: Build Configuration: Development
[2016.01.23-04.20.34:202][  0]LogInit: Branch Name: ++depot+UE4-Releases+4.10
[2016.01.23-04.20.34:202][  0]LogInit: Command line:  
[2016.01.23-04.20.34:202][  0]LogInit: Base directory: C:/Program Files/Epic Games/4.10/Engine/Binaries/Win64/
[2016.01.23-04.20.34:202][  0]LogInit: Rocket: 1
[2016.01.23-04.20.34:212][  0]LogInit: Using libcurl 7.41.0
[2016.01.23-04.20.34:212][  0]LogInit:  - built for x86_64-pc-win32
[2016.01.23-04.20.34:212][  0]LogInit:  - supports SSL with WinSSL
[2016.01.23-04.20.34:212][  0]LogInit:  - other features:
[2016.01.23-04.20.34:212][  0]LogInit:      CURL_VERSION_SSL
[2016.01.23-04.20.34:212][  0]LogInit:      CURL_VERSION_IPV6
[2016.01.23-04.20.34:212][  0]LogInit:      CURL_VERSION_ASYNCHDNS
[2016.01.23-04.20.34:212][  0]LogInit:      CURL_VERSION_LARGEFILE
[2016.01.23-04.20.34:212][  0]LogInit:      CURL_VERSION_IDN
[2016.01.23-04.20.34:212][  0]LogInit:  CurlRequestOptions (configurable via config and command line):
[2016.01.23-04.20.34:212][  0]LogInit:  - bVerifyPeer = true  - Libcurl will verify peer certificate
[2016.01.23-04.20.34:212][  0]LogInit:  - bUseHttpProxy = false  - Libcurl will NOT use HTTP proxy
[2016.01.23-04.20.34:212][  0]LogInit:  - bDontReuseConnections = false  - Libcurl will reuse connections
[2016.01.23-04.20.34:212][  0]LogInit:  - CertBundlePath = nullptr  - Libcurl will use whatever was configured at build time.
[2016.01.23-04.20.34:221][  0]LogInit: Presizing for 0 objects not considered by GC, pre-allocating 0 bytes.
[2016.01.23-04.20.34:227][  0]LogInit: Object subsystem initialized
[2016.01.23-04.20.34:228][  0]LogInit: Selected Device Profile: [Windows]
[2016.01.23-04.20.34:228][  0]LogInit: Applying CVar settings loaded from the selected device profile: [Windows]
[2016.01.23-04.20.34:264][  0]LogInit: Computer: ALEX-PC
[2016.01.23-04.20.34:264][  0]LogInit: User: Alex
[2016.01.23-04.20.34:264][  0]LogInit: CPU Page size=4096, Cores=4
[2016.01.23-04.20.34:264][  0]LogInit: High frequency timer resolution =2.533208 MHz
[2016.01.23-04.20.34:264][  0]LogMemory: Memory total: Physical=7.9GB (8GB approx)
[2016.01.23-04.20.34:264][  0]LogMemory: Platform Memory Stats for Windows
[2016.01.23-04.20.34:264][  0]LogMemory: Process Physical Memory: 56.37 MB used, 56.37 MB peak
[2016.01.23-04.20.34:264][  0]LogMemory: Process Virtual Memory: 58.73 MB used, 58.73 MB peak
[2016.01.23-04.20.34:264][  0]LogMemory: Physical Memory: 2941.39 MB used, 8110.36 MB total
[2016.01.23-04.20.34:264][  0]LogMemory: Virtual Memory: 380.51 MB used, 134217728.00 MB total
[2016.01.23-04.20.34:306][  0]LogTextLocalizationManager: No specific translations for ('en-US') exist, so ('en') translations will be used.
[2016.01.23-04.20.34:665][  0]LogD3D11RHI: Found D3D11 adapter 0: NVIDIA GeForce GTX 965M        (Feature Level 11_0)
[2016.01.23-04.20.34:665][  0]LogD3D11RHI: Adapter has 4013MB of dedicated video memory, 0MB of dedicated system memory, and 4055MB of shared system memory, 1 output[s]
[2016.01.23-04.20.34:670][  0]LogD3D11RHI: Found D3D11 adapter 1: Intel(R) HD Graphics 4600 (Feature Level 11_0)
[2016.01.23-04.20.34:670][  0]LogD3D11RHI: Adapter has 112MB of dedicated video memory, 0MB of dedicated system memory, and 4055MB of shared system memory, 0 output[s]
[2016.01.23-04.20.34:672][  0]LogD3D11RHI: Found D3D11 adapter 2: Microsoft Basic Render Driver (Feature Level 11_0)
[2016.01.23-04.20.34:672][  0]LogD3D11RHI: Adapter has 0MB of dedicated video memory, 0MB of dedicated system memory, and 4055MB of shared system memory, 0 output[s]
[2016.01.23-04.20.34:672][  0]LogD3D11RHI: Chosen D3D11 Adapter Id = 0
[2016.01.23-04.20.34:678][  0]LogD3D11RHI: !Direct3DDevice
[2016.01.23-04.20.34:679][  0]LogRHI: Texture pool is 1361 MB (70% of 1945 MB)
[2016.01.23-04.20.34:690][  0]LogD3D11RHI: Async texture creation enabled
[2016.01.23-04.20.34:706][  0]LogShaderCompilers: Guid format shader working directory is 36 characters bigger than the processId version (E:/Growth/Intermediate/Shaders/WorkingDirectory/8660/).
[2016.01.23-04.20.34:707][  0]LogShaderCompilers: Cleaned the shader compiler working directory 'C:/Users/Alex/AppData/Local/Temp/UnrealShaderWorkingDir/7F6337A94D82F0551DC7D993725B1C20/'.
[2016.01.23-04.20.34:707][  0]LogShaderCompilers:Display: Using Local Shader Compiler.
[2016.01.23-04.20.35:465][  0]LogTemp:Display: Loaded TP AllDesktopTargetPlatform
[2016.01.23-04.20.35:470][  0]LogTemp:Display: Loaded TP WindowsClientTargetPlatform
[2016.01.23-04.20.35:477][  0]LogTemp:Display: Loaded TP WindowsNoEditorTargetPlatform
[2016.01.23-04.20.35:482][  0]LogTemp:Display: Loaded TP WindowsServerTargetPlatform
[2016.01.23-04.20.35:487][  0]LogTemp:Display: Loaded TP WindowsTargetPlatform
[2016.01.23-04.20.35:491][  0]LogTemp:Display: Loaded TP AndroidTargetPlatform
[2016.01.23-04.20.35:494][  0]LogTemp:Display: Loaded TP Android_ASTCTargetPlatform
[2016.01.23-04.20.35:497][  0]LogTemp:Display: Loaded TP Android_ATCTargetPlatform
[2016.01.23-04.20.35:500][  0]LogTemp:Display: Loaded TP Android_DXTTargetPlatform
[2016.01.23-04.20.35:503][  0]LogTemp:Display: Loaded TP Android_ETC1TargetPlatform
[2016.01.23-04.20.35:506][  0]LogTemp:Display: Loaded TP Android_ETC2TargetPlatform
[2016.01.23-04.20.35:513][  0]LogTemp:Display: Loaded TP Android_MultiTargetPlatform
[2016.01.23-04.20.35:513][  0]LogTemp:Display: Loaded TP Android_PVRTCTargetPlatform
[2016.01.23-04.20.35:514][  0]LogTemp:Display: Loaded TP HTML5TargetPlatform
[2016.01.23-04.20.35:532][  0]LogTemp:Display: Loaded TP IOSTargetPlatform
[2016.01.23-04.20.35:534][  0]LogTemp:Display: Loaded TP LinuxNoEditorTargetPlatform
[2016.01.23-04.20.35:537][  0]LogTemp:Display: Loaded TP LinuxServerTargetPlatform
[2016.01.23-04.20.35:540][  0]LogTemp:Display: Loaded TP LinuxTargetPlatform
[2016.01.23-04.20.35:540][  0]LogTargetPlatformManager:Display: Building Assets For Windows
[2016.01.23-04.20.35:650][  0]LogDerivedDataCache:Display: Max Cache Size: 512 MB
[2016.01.23-04.20.35:703][  0]LogDerivedDataCache: Loaded boot cache 0.05s 41MB C:/Users/Alex/AppData/Local/UnrealEngine/4.10/DerivedDataCache/Boot.ddc.
[2016.01.23-04.20.35:703][  0]LogDerivedDataCache:Display: Loaded Boot cache: C:/Users/Alex/AppData/Local/UnrealEngine/4.10/DerivedDataCache/Boot.ddc
[2016.01.23-04.20.35:703][  0]LogDerivedDataCache: FDerivedDataBackendGraph:  Pak pak cache file E:/Growth/DerivedDataCache/DDC.ddp not found, will not use a pak cache.
[2016.01.23-04.20.35:703][  0]LogDerivedDataCache: Unable to find inner node Pak for hierarchical cache Hierarchy.
[2016.01.23-04.20.35:703][  0]LogDerivedDataCache: FDerivedDataBackendGraph:  CompressedPak pak cache file E:/Growth/DerivedDataCache/Compressed.ddp not found, will not use a pak cache.
[2016.01.23-04.20.35:703][  0]LogDerivedDataCache: Unable to find inner node CompressedPak for hierarchical cache Hierarchy.
[2016.01.23-04.20.35:755][  0]LogDerivedDataCache:Display: Pak cache opened for reading ../../../Engine/DerivedDataCache/Compressed.ddp.
[2016.01.23-04.20.35:767][  0]LogDerivedDataCache: Using Local data cache path C:/Users/Alex/AppData/Local/UnrealEngine/Common/DerivedDataCache: Writable
[2016.01.23-04.20.35:974][  0]LogInit: Selected Device Profile: [Windows]
[2016.01.23-04.20.35:978][  0]LogContentStreaming: Texture pool size is 0.000000MB
[2016.01.23-04.20.36:241][  0]LogMeshUtilities: No automatic mesh reduction module available
[2016.01.23-04.20.36:241][  0]LogMeshUtilities: No automatic mesh merging module available
[2016.01.23-04.20.36:481][  0]LogInit: WinSock: version 1.1 (2.2), MaxSocks=32767, MaxUdp=65467
[2016.01.23-04.20.37:429][  0]UdpMessaging: Initializing bridge on interface 0.0.0.0:0 to multicast group 230.0.0.1:6666.
[2016.01.23-04.20.37:539][  0]LogAssetRegistry: FAssetRegistry took 0.0108 seconds to start up
[2016.01.23-04.20.37:847][  0]SourceControl: Info Source control is disabled
[2016.01.23-04.20.37:848][  0]SourceControl: Info Source control is disabled
[2016.01.23-04.20.37:866][  0]SourceControl: Info Source control is disabled
[2016.01.23-04.20.37:883][  0]SourceControl: Info Source control is disabled
[2016.01.23-04.20.38:231][  0]LogObj: 28633 objects as part of root set at end of initial load.
[2016.01.23-04.20.38:231][  0]LogUObjectAllocator: 6099752 out of 0 bytes used by permanent object pool.
[2016.01.23-04.20.38:289][  0]LogEngine: Initializing Engine...
[2016.01.23-04.20.38:295][  0]LogHMD: Can't find Oculus library dev build: is proper Runtime installed? Version: 0.8.0.0
[2016.01.23-04.20.38:296][  0]LogHMD: SteamVR failed to initialize.  Err: 110
[2016.01.23-04.20.38:417][  0]LogAIModule: Creating AISystem for world NewWorld
[2016.01.23-04.20.38:426][  0]LogInit: XAudio2 using 'Speakers (Realtek High Definition Audio)' : 2 channels at 48 kHz using 32 bits per sample (channel mask 0x3)
[2016.01.23-04.20.38:451][  0]LogInit: FAudioDevice initialized.
[2016.01.23-04.20.38:482][  0]LogDerivedDataCache: Saved boot cache 0.03s 41MB C:/Users/Alex/AppData/Local/UnrealEngine/4.10/DerivedDataCache/Boot.ddc.
[2016.01.23-04.20.38:486][  0]LogInit: Texture streaming: Enabled
[2016.01.23-04.20.38:494][  0]LogAnalytics: Creating configured Analytics provider AnalyticsET
[2016.01.23-04.20.38:494][  0]LogAnalytics: [UEEditor.Rocket.Release] APIServer = http://et2.epicgames.com/ET2/. AppVersion = 4.10.0-2758231+++depot+UE4-Releases+4.10
[2016.01.23-04.20.38:495][  0]LogAnalytics: [UEEditor.Rocket.Release] SetUserId 2ea81a834ffda1c7700eadb43070947c|187ad38f3ca5493bb24c70d7c7079e52|82e58137-6379-40ac-b56e-28c7ca34f864
[2016.01.23-04.20.38:495][  0]LogAnalytics: [UEEditor.Rocket.Release] AnalyticsET::StartSession
[2016.01.23-04.20.38:569][  0]LogInit: Transaction tracking system initialized
[2016.01.23-04.20.38:609][  0]BlueprintLog: New page: Editor Load
[2016.01.23-04.20.38:736][  0]LocalizationService: Info Localization service is disabled
[2016.01.23-04.20.38:837][  0]LogConsoleResponse:Display: 
[2016.01.23-04.20.38:961][  0]LogCook:Display: Done creating registry. It took  0.00s.
[2016.01.23-04.20.39:050][  0]LogFileCache: Scanning file cache for directory 'E:/Growth/Content/' took 0.01s
[2016.01.23-04.20.39:050][  0]SourceControl: Info Source control is disabled
[2016.01.23-04.20.39:050][  0]Cmd: MAP LOAD FILE="E:/Growth/Content/Maps/ExampleMap.umap" TEMPLATE=0 SHOWPROGRESS=1 FEATURELEVEL=3
[2016.01.23-04.20.39:085][  0]LightingResults: New page: Lighting Build
[2016.01.23-04.20.39:090][  0]MapCheck: New page: Map Check
[2016.01.23-04.20.39:090][  0]LightingResults: New page: Lighting Build
[2016.01.23-04.20.39:101][  0]LogParticles: Destroying 0 GPU particle simulations for FXSystem 0x0000008C6396F420
[2016.01.23-04.20.39:769][  0]LogAIModule: Creating AISystem for world ExampleMap
[2016.01.23-04.20.39:784][  0]LogEditorServer: Finished looking for orphan Actors (0.000 secs)
[2016.01.23-04.20.39:784][  0]Cmd: MAP CHECKDEP NOCLEARLOG
[2016.01.23-04.20.39:876][  0]MapCheck: Info Map check complete: 0 Error(s), 0 Warning(s), took 92.174ms to complete.
[2016.01.23-04.20.39:876][  0]LogFileHelpers: Loading map 'ExampleMap' took 0.826
[2016.01.23-04.20.39:996][  0]LogCollectionManager: Loaded 0 collections in 0.002856 seconds
[2016.01.23-04.20.40:036][  0]LogFileCache: Scanning file cache for directory 'E:/Growth/Saved/Collections/' took 0.01s
[2016.01.23-04.20.40:036][  0]LogFileCache: Scanning file cache for directory 'E:/Growth/Content/Developers/Alex/Collections/' took 0.01s
[2016.01.23-04.20.40:036][  0]LogFileCache: Scanning file cache for directory 'E:/Growth/Content/Collections/' took 0.01s
[2016.01.23-04.20.40:036][  0]LogCollectionManager: Rebuilt the GUID cache for 0 collections in 0.000002 seconds
[2016.01.23-04.20.40:044][  0]LogContentBrowser: Native class hierarchy populated in 0.0081 seconds. Added 1893 classes and 338 folders.
[2016.01.23-04.20.40:052][  0]LogContentBrowser: Native class hierarchy updated for 'WidgetCarousel' in 0.0003 seconds. Added 0 classes and 0 folders.
[2016.01.23-04.20.40:120][  0]LogContentBrowser: Native class hierarchy updated for 'AddContentDialog' in 0.0003 seconds. Added 0 classes and 0 folders.
[2016.01.23-04.20.40:126][  0]LogContentBrowser: Native class hierarchy updated for 'SceneOutliner' in 0.0003 seconds. Added 1 classes and 2 folders.
[2016.01.23-04.20.40:252][  0]LogCrashTracker: Crashtracker disabled due to settings.
[2016.01.23-04.20.40:255][  0]LogUObjectGlobals:Warning: Failed to find object 'Class None.'
[2016.01.23-04.20.40:280][  0]LogLoad: Full Startup: 7.11 seconds (BP compile: 0.14 seconds)
[2016.01.23-04.20.40:298][  0]LogOcInput: Can't find Oculus library dev build: is proper Runtime installed? Version: 0.8.0.0
[2016.01.23-04.20.40:348][  0]LogContentStreaming: Texture pool size now 1000 MB
[2016.01.23-04.20.40:481][  0]LogRenderer: Reallocating scene render targets to support 884x432 (Frame:2).
[2016.01.23-04.20.40:797][  4]LogAssetRegistry: Asset discovery search completed in 3.2689 seconds
[2016.01.23-04.20.40:797][  4]LogCollectionManager: Rebuilt the object cache for 0 collections in 0.000001 seconds (found 0 objects)
[2016.01.23-04.20.40:797][  4]LogCollectionManager: Fixed up redirectors for 0 collections in 0.000026 seconds (updated 0 objects)
[2016.01.23-04.20.42:419][135]LogPlayLevel: PlayLevel: No blueprints needed recompiling
[2016.01.23-04.20.42:419][135]PIE: New page: PIE session: ExampleMap (Jan 22, 2016, 12:20:42 PM)
[2016.01.23-04.20.42:419][135]LogPlayLevel: Creating play world package: /Game/Maps/UEDPIE_0_ExampleMap
[2016.01.23-04.20.42:420][135]LogPlayLevel: PIE: StaticDuplicateObject took: (0.001294s)
[2016.01.23-04.20.42:421][135]LogAIModule: Creating AISystem for world ExampleMap
[2016.01.23-04.20.42:421][135]LogPlayLevel: PIE: World Init took: (0.000597s)
[2016.01.23-04.20.42:421][135]LogPlayLevel: PIE: Created PIE world by copying editor world from /Game/Maps/ExampleMap.ExampleMap to /Game/Maps/UEDPIE_0_ExampleMap.ExampleMap (0.002106s)
[2016.01.23-04.20.42:462][135]LogInit: XAudio2 using 'Speakers (Realtek High Definition Audio)' : 2 channels at 48 kHz using 32 bits per sample (channel mask 0x3)
[2016.01.23-04.20.42:472][135]LogInit: FAudioDevice initialized.
[2016.01.23-04.20.42:624][135]LogWorld: Game class is 'Level_GameMode_C'
[2016.01.23-04.20.42:628][135]LogWorld: Bringing World /Game/Maps/UEDPIE_0_ExampleMap.ExampleMap up for play (max tick rate 0) at 2016.01.22-20.20.42
[2016.01.23-04.20.42:628][135]LogActor:Warning: GameSession /Game/Maps/UEDPIE_0_ExampleMap.ExampleMap:PersistentLevel.GameSession_0 has natively added scene component(s), but none of them were set as the actor's RootComponent - picking one arbitrarily
[2016.01.23-04.20.42:628][135]LogActor:Warning: GameNetworkManager /Game/Maps/UEDPIE_0_ExampleMap.ExampleMap:PersistentLevel.GameNetworkManager_0 has natively added scene component(s), but none of them were set as the actor's RootComponent - picking one arbitrarily
[2016.01.23-04.20.42:630][135]LogWorld: Bringing up level for play took: 0.004480
[2016.01.23-04.20.42:634][135]PIE: Info Play in editor start time for /Game/Maps/UEDPIE_0_ExampleMap 0.743
[2016.01.23-04.21.07:678][898]LogParticles: Destroying 0 GPU particle simulations for FXSystem 0x0000008C7FDC0860
[2016.01.23-04.21.11:211][278]LogLinker:Warning: Asset '../../../Engine/Content/ArtTools/RenderToTexture/Macros/RenderToTextureMacros.uas