[2016.01.16-04.49.09:276][  0]Log file open, 01/15/16 20:49:09
[2016.01.16-04.49.09:276][  0]LogInit:Display: Running engine for game: Growth
[2016.01.16-04.49.09:276][  0]LogPlatformFile: Not using cached read wrapper
[2016.01.16-04.49.09:276][  0]LogInit:Display: RandInit(1748401485) SRandInit(1748401486).
[2016.01.16-04.49.09:276][  0]LogTaskGraph: Started task graph with 4 named threads and 7 total threads.
[2016.01.16-04.49.09:276][  0]LogStats: Stats thread started at 0.098899
[2016.01.16-04.49.09:276][  0]LogInit: Version: 4.10.0-2758231+++depot+UE4-Releases+4.10
[2016.01.16-04.49.09:276][  0]LogInit: API Version: 2758231
[2016.01.16-04.49.09:276][  0]LogInit: Compiled (64-bit): Nov  7 2015 05:13:45
[2016.01.16-04.49.09:276][  0]LogInit: Compiled with Visual C++: 19.00.23026.00
[2016.01.16-04.49.09:276][  0]LogInit: Build Configuration: Development
[2016.01.16-04.49.09:276][  0]LogInit: Branch Name: ++depot+UE4-Releases+4.10
[2016.01.16-04.49.09:276][  0]LogInit: Command line:  
[2016.01.16-04.49.09:276][  0]LogInit: Base directory: C:/Program Files/Epic Games/4.10/Engine/Binaries/Win64/
[2016.01.16-04.49.09:276][  0]LogInit: Rocket: 1
[2016.01.16-04.49.09:291][  0]LogInit: Using libcurl 7.41.0
[2016.01.16-04.49.09:291][  0]LogInit:  - built for x86_64-pc-win32
[2016.01.16-04.49.09:291][  0]LogInit:  - supports SSL with WinSSL
[2016.01.16-04.49.09:291][  0]LogInit:  - other features:
[2016.01.16-04.49.09:291][  0]LogInit:      CURL_VERSION_SSL
[2016.01.16-04.49.09:291][  0]LogInit:      CURL_VERSION_IPV6
[2016.01.16-04.49.09:291][  0]LogInit:      CURL_VERSION_ASYNCHDNS
[2016.01.16-04.49.09:291][  0]LogInit:      CURL_VERSION_LARGEFILE
[2016.01.16-04.49.09:291][  0]LogInit:      CURL_VERSION_IDN
[2016.01.16-04.49.09:291][  0]LogInit:  CurlRequestOptions (configurable via config and command line):
[2016.01.16-04.49.09:291][  0]LogInit:  - bVerifyPeer = true  - Libcurl will verify peer certificate
[2016.01.16-04.49.09:291][  0]LogInit:  - bUseHttpProxy = false  - Libcurl will NOT use HTTP proxy
[2016.01.16-04.49.09:291][  0]LogInit:  - bDontReuseConnections = false  - Libcurl will reuse connections
[2016.01.16-04.49.09:291][  0]LogInit:  - CertBundlePath = nullptr  - Libcurl will use whatever was configured at build time.
[2016.01.16-04.49.09:291][  0]LogInit: Presizing for 0 objects not considered by GC, pre-allocating 0 bytes.
[2016.01.16-04.49.09:307][  0]LogInit: Object subsystem initialized
[2016.01.16-04.49.09:307][  0]LogInit: Selected Device Profile: [Windows]
[2016.01.16-04.49.09:307][  0]LogInit: Applying CVar settings loaded from the selected device profile: [Windows]
[2016.01.16-04.49.09:350][  0]LogInit: Computer: ALEX-PC
[2016.01.16-04.49.09:350][  0]LogInit: User: Alex
[2016.01.16-04.49.09:350][  0]LogInit: CPU Page size=4096, Cores=4
[2016.01.16-04.49.09:350][  0]LogInit: High frequency timer resolution =2.533206 MHz
[2016.01.16-04.49.09:350][  0]LogMemory: Memory total: Physical=7.9GB (8GB approx)
[2016.01.16-04.49.09:350][  0]LogMemory: Platform Memory Stats for Windows
[2016.01.16-04.49.09:350][  0]LogMemory: Process Physical Memory: 55.87 MB used, 55.87 MB peak
[2016.01.16-04.49.09:350][  0]LogMemory: Process Virtual Memory: 58.69 MB used, 58.69 MB peak
[2016.01.16-04.49.09:350][  0]LogMemory: Physical Memory: 2450.00 MB used, 8110.36 MB total
[2016.01.16-04.49.09:350][  0]LogMemory: Virtual Memory: 380.51 MB used, 134217728.00 MB total
[2016.01.16-04.49.09:693][  0]LogTextLocalizationManager: No specific translations for ('en-US') exist, so ('en') translations will be used.
[2016.01.16-04.49.10:412][  0]LogD3D11RHI: Found D3D11 adapter 0: NVIDIA GeForce GTX 965M        (Feature Level 11_0)
[2016.01.16-04.49.10:412][  0]LogD3D11RHI: Adapter has 4013MB of dedicated video memory, 0MB of dedicated system memory, and 4055MB of shared system memory, 1 output[s]
[2016.01.16-04.49.10:418][  0]LogD3D11RHI: Found D3D11 adapter 1: Intel(R) HD Graphics 4600 (Feature Level 11_0)
[2016.01.16-04.49.10:418][  0]LogD3D11RHI: Adapter has 112MB of dedicated video memory, 0MB of dedicated system memory, and 4055MB of shared system memory, 0 output[s]
[2016.01.16-04.49.10:419][  0]LogD3D11RHI: Found D3D11 adapter 2: Microsoft Basic Render Driver (Feature Level 11_0)
[2016.01.16-04.49.10:419][  0]LogD3D11RHI: Adapter has 0MB of dedicated video memory, 0MB of dedicated system memory, and 4055MB of shared system memory, 0 output[s]
[2016.01.16-04.49.10:419][  0]LogD3D11RHI: Chosen D3D11 Adapter Id = 0
[2016.01.16-04.49.10:423][  0]LogD3D11RHI: !Direct3DDevice
[2016.01.16-04.49.10:423][  0]LogRHI: Texture pool is 1361 MB (70% of 1945 MB)
[2016.01.16-04.49.10:435][  0]LogD3D11RHI: Async texture creation enabled
[2016.01.16-04.49.10:448][  0]LogShaderCompilers: Guid format shader working directory is 36 characters bigger than the processId version (E:/Growth/Intermediate/Shaders/WorkingDirectory/1760/).
[2016.01.16-04.49.10:448][  0]LogShaderCompilers: Cleaned the shader compiler working directory 'C:/Users/Alex/AppData/Local/Temp/UnrealShaderWorkingDir/5B90AA734983F4FD92F919B6FEDDBFE1/'.
[2016.01.16-04.49.10:448][  0]LogShaderCompilers:Display: Using Local Shader Compiler.
[2016.01.16-04.49.11:167][  0]LogTemp:Display: Loaded TP AllDesktopTargetPlatform
[2016.01.16-04.49.11:172][  0]LogTemp:Display: Loaded TP WindowsClientTargetPlatform
[2016.01.16-04.49.11:178][  0]LogTemp:Display: Loaded TP WindowsNoEditorTargetPlatform
[2016.01.16-04.49.11:183][  0]LogTemp:Display: Loaded TP WindowsServerTargetPlatform
[2016.01.16-04.49.11:188][  0]LogTemp:Display: Loaded TP WindowsTargetPlatform
[2016.01.16-04.49.11:191][  0]LogTemp:Display: Loaded TP AndroidTargetPlatform
[2016.01.16-04.49.11:194][  0]LogTemp:Display: Loaded TP Android_ASTCTargetPlatform
[2016.01.16-04.49.11:197][  0]LogTemp:Display: Loaded TP Android_ATCTargetPlatform
[2016.01.16-04.49.11:200][  0]LogTemp:Display: Loaded TP Android_DXTTargetPlatform
[2016.01.16-04.49.11:202][  0]LogTemp:Display: Loaded TP Android_ETC1TargetPlatform
[2016.01.16-04.49.11:205][  0]LogTemp:Display: Loaded TP Android_ETC2TargetPlatform
[2016.01.16-04.49.11:211][  0]LogTemp:Display: Loaded TP Android_MultiTargetPlatform
[2016.01.16-04.49.11:211][  0]LogTemp:Display: Loaded TP Android_PVRTCTargetPlatform
[2016.01.16-04.49.11:212][  0]LogTemp:Display: Loaded TP HTML5TargetPlatform
[2016.01.16-04.49.11:230][  0]LogTemp:Display: Loaded TP IOSTargetPlatform
[2016.01.16-04.49.11:232][  0]LogTemp:Display: Loaded TP LinuxNoEditorTargetPlatform
[2016.01.16-04.49.11:235][  0]LogTemp:Display: Loaded TP LinuxServerTargetPlatform
[2016.01.16-04.49.11:238][  0]LogTemp:Display: Loaded TP LinuxTargetPlatform
[2016.01.16-04.49.11:238][  0]LogTargetPlatformManager:Display: Building Assets For Windows
[2016.01.16-04.49.11:339][  0]LogDerivedDataCache:Display: Max Cache Size: 512 MB
[2016.01.16-04.49.11:386][  0]LogDerivedDataCache: Loaded boot cache 0.05s 41MB C:/Users/Alex/AppData/Local/UnrealEngine/4.10/DerivedDataCache/Boot.ddc.
[2016.01.16-04.49.11:386][  0]LogDerivedDataCache:Display: Loaded Boot cache: C:/Users/Alex/AppData/Local/UnrealEngine/4.10/DerivedDataCache/Boot.ddc
[2016.01.16-04.49.11:386][  0]LogDerivedDataCache: FDerivedDataBackendGraph:  Pak pak cache file E:/Growth/DerivedDataCache/DDC.ddp not found, will not use a pak cache.
[2016.01.16-04.49.11:386][  0]LogDerivedDataCache: Unable to find inner node Pak for hierarchical cache Hierarchy.
[2016.01.16-04.49.11:386][  0]LogDerivedDataCache: FDerivedDataBackendGraph:  CompressedPak pak cache file E:/Growth/DerivedDataCache/Compressed.ddp not found, will not use a pak cache.
[2016.01.16-04.49.11:386][  0]LogDerivedDataCache: Unable to find inner node CompressedPak for hierarchical cache Hierarchy.
[2016.01.16-04.49.11:434][  0]LogDerivedDataCache:Display: Pak cache opened for reading ../../../Engine/DerivedDataCache/Compressed.ddp.
[2016.01.16-04.49.11:447][  0]LogDerivedDataCache: Using Local data cache path C:/Users/Alex/AppData/Local/UnrealEngine/Common/DerivedDataCache: Writable
[2016.01.16-04.49.11:626][  0]LogInit: Selected Device Profile: [Windows]
[2016.01.16-04.49.11:628][  0]LogContentStreaming: Texture pool size is 0.000000MB
[2016.01.16-04.49.11:826][  0]LogMeshUtilities: No automatic mesh reduction module available
[2016.01.16-04.49.11:826][  0]LogMeshUtilities: No automatic mesh merging module available
[2016.01.16-04.49.12:038][  0]LogInit: WinSock: version 1.1 (2.2), MaxSocks=32767, MaxUdp=65467
[2016.01.16-04.49.12:924][  0]UdpMessaging: Initializing bridge on interface 0.0.0.0:0 to multicast group 230.0.0.1:6666.
[2016.01.16-04.49.13:028][  0]LogAssetRegistry: FAssetRegistry took 0.0110 seconds to start up
[2016.01.16-04.49.13:514][  0]SourceControl: Info Source control is disabled
[2016.01.16-04.49.13:517][  0]SourceControl: Info Source control is disabled
[2016.01.16-04.49.13:533][  0]SourceControl: Info Source control is disabled
[2016.01.16-04.49.13:548][  0]SourceControl: Info Source control is disabled
[2016.01.16-04.49.13:849][  0]LogObj: 28633 objects as part of root set at end of initial load.
[2016.01.16-04.49.13:849][  0]LogUObjectAllocator: 6099744 out of 0 bytes used by permanent object pool.
[2016.01.16-04.49.13:901][  0]LogEngine: Initializing Engine...
[2016.01.16-04.49.13:905][  0]LogHMD: Can't find Oculus library dev build: is proper Runtime installed? Version: 0.8.0.0
[2016.01.16-04.49.13:906][  0]LogHMD: SteamVR failed to initialize.  Err: 110
[2016.01.16-04.49.14:020][  0]LogAIModule: Creating AISystem for world NewWorld
[2016.01.16-04.49.14:028][  0]LogInit: XAudio2 using 'Speakers (Realtek High Definition Audio)' : 2 channels at 48 kHz using 32 bits per sample (channel mask 0x3)
[2016.01.16-04.49.14:051][  0]LogInit: FAudioDevice initialized.
[2016.01.16-04.49.14:076][  0]LogDerivedDataCache: Saved boot cache 0.02s 41MB C:/Users/Alex/AppData/Local/UnrealEngine/4.10/DerivedDataCache/Boot.ddc.
[2016.01.16-04.49.14:080][  0]LogInit: Texture streaming: Enabled
[2016.01.16-04.49.14:087][  0]LogAnalytics: Creating configured Analytics provider AnalyticsET
[2016.01.16-04.49.14:087][  0]LogAnalytics: [UEEditor.Rocket.Release] APIServer = http://et2.epicgames.com/ET2/. AppVersion = 4.10.0-2758231+++depot+UE4-Releases+4.10
[2016.01.16-04.49.14:087][  0]LogAnalytics: [UEEditor.Rocket.Release] SetUserId 2ea81a834ffda1c7700eadb43070947c|187ad38f3ca5493bb24c70d7c7079e52|82e58137-6379-40ac-b56e-28c7ca34f864
[2016.01.16-04.49.14:087][  0]LogAnalytics: [UEEditor.Rocket.Release] AnalyticsET::StartSession
[2016.01.16-04.49.14:153][  0]LogInit: Transaction tracking system initialized
[2016.01.16-04.49.14:187][  0]BlueprintLog: New page: Editor Load
[2016.01.16-04.49.14:354][  0]LocalizationService: Info Localization service is disabled
[2016.01.16-04.49.14:446][  0]LogConsoleResponse:Display: 
[2016.01.16-04.49.14:550][  0]LogCook:Display: Done creating registry. It took  0.00s.
[2016.01.16-04.49.14:623][  0]LogFileCache: Scanning file cache for directory 'E:/Growth/Content/' took 0.01s
[2016.01.16-04.49.14:623][  0]SourceControl: Info Source control is disabled
[2016.01.16-04.49.14:623][  0]Cmd: MAP LOAD FILE="E:/Growth/Content/Maps/ExampleMap.umap" TEMPLATE=0 SHOWPROGRESS=1 FEATURELEVEL=3
[2016.01.16-04.49.14:624][  0]LightingResults: New page: Lighting Build
[2016.01.16-04.49.14:628][  0]MapCheck: New page: Map Check
[2016.01.16-04.49.14:628][  0]LightingResults: New page: Lighting Build
[2016.01.16-04.49.14:641][  0]LogParticles: Destroying 0 GPU particle simulations for FXSystem 0x0000000F196EB420
[2016.01.16-04.49.14:774][  0]LogAIModule: Creating AISystem for world ExampleMap
[2016.01.16-04.49.14:785][  0]LogEditorServer: Finished looking for orphan Actors (0.000 secs)
[2016.01.16-04.49.14:785][  0]Cmd: MAP CHECKDEP NOCLEARLOG
[2016.01.16-04.49.14:856][  0]MapCheck: Info Map check complete: 0 Error(s), 0 Warning(s), took 70.673ms to complete.
[2016.01.16-04.49.14:856][  0]LogFileHelpers: Loading map 'ExampleMap' took 0.233
[2016.01.16-04.49.14:963][  0]LogCollectionManager: Loaded 0 collections in 0.003125 seconds
[2016.01.16-04.49.15:004][  0]LogFileCache: Scanning file cache for directory 'E:/Growth/Saved/Collections/' took 0.01s
[2016.01.16-04.49.15:004][  0]LogFileCache: Scanning file cache for directory 'E:/Growth/Content/Developers/Alex/Collections/' took 0.01s
[2016.01.16-04.49.15:004][  0]LogFileCache: Scanning file cache for directory 'E:/Growth/Content/Collections/' took 0.01s
[2016.01.16-04.49.15:004][  0]LogCollectionManager: Rebuilt the GUID cache for 0 collections in 0.000002 seconds
[2016.01.16-04.49.15:010][  0]LogContentBrowser: Native class hierarchy populated in 0.0066 seconds. Added 1893 classes and 338 folders.
[2016.01.16-04.49.15:019][  0]LogContentBrowser: Native class hierarchy updated for 'WidgetCarousel' in 0.0003 seconds. Added 0 classes and 0 folders.
[2016.01.16-04.49.15:084][  0]LogContentBrowser: Native class hierarchy updated for 'AddContentDialog' in 0.0003 seconds. Added 0 classes and 0 folders.
[2016.01.16-04.49.15:089][  0]LogContentBrowser: Native class hierarchy updated for 'SceneOutliner' in 0.0003 seconds. Added 1 classes and 2 folders.
[2016.01.16-04.49.15:128][  0]LogCrashTracker: Crashtracker disabled due to settings.
[2016.01.16-04.49.15:131][  0]LogUObjectGlobals:Warning: Failed to find object 'Class None.'
[2016.01.16-04.49.15:153][  0]LogLoad: Full Startup: 6.84 seconds (BP compile: 0.05 seconds)
[2016.01.16-04.49.15:174][  0]LogOcInput: Can't find Oculus library dev build: is proper Runtime installed? Version: 0.8.0.0
[2016.01.16-04.49.15:214][  0]LogContentStreaming: Texture pool size now 1000 MB
[2016.01.16-04.49.15:325][  0]LogRenderer: Reallocating scene render targets to support 884x432 (Frame:2).
[2016.01.16-04.49.15:510][  2]LogAssetRegistry: Asset discovery search completed in 2.4931 seconds
[2016.01.16-04.49.15:510][  2]LogCollectionManager: Rebuilt the object cache for 0 collections in 0.000001 seconds (found 0 objects)
[2016.01.16-04.49.15:510][  2]LogCollectionManager: Fixed up redirectors for 0 collections in 0.000023 seconds (updated 0 objects)
[2016.01.16-04.49.18:047][129]LogLinker:Warning: Asset '../../../Engine/Content/ArtTools/RenderToTexture/Macros/RenderToTextureMacros.uasset' has been saved with empty engine version. The asset will be loaded but may be incompatible.
[2016.01.16-04.49.18:417][129]LogContentBrowser: Native class hierarchy updated for 'BlueprintGraph' in 0.0013 seconds. Added 107 classes and 0 folders.
[2016.01.16-04.50.24:931][ 45]LogRenderer: Reallocating scene render targets to support 976x492 (Frame:165).
[2016.01.16-04.53.59:298][799]BlueprintLog: New page: Compile Tree
[2016.01.16-04.53.59:768][799]BlueprintEditorCompileResults: Info [0291.45] Compile of Tree successful! [in 469 ms]
[2016.01.16-04.55.25:539][939]BlueprintLog: New page: Compile Tree
[2016.01.16-04.55.25:620][939]BlueprintEditorCompileResults: Info [0377.30] Compile of Tree successful! [in 81 ms]
[2016.01.16-04.55.57:420][846]LogUObjectHash:Warning: Ambiguous search, could be K2Node_CallFunction /Game/Blueprints/Resource.Resource:EventGraph.K2Node_CallFunction_2846 or K2Node_CallFunction /Game/Blueprints/Tree.Tree:EventGraph.K2Node_CallFunction_2846
[2016.01.16-04.55.57:420][846]LogProperty:Warning: Illegal TEXT reference to a private object in external package (EdGraphPin /Game/Blueprints/Resource.Resource:EventGraph.K2Node_CallFunction_2846.EdGraphPin_1164) from referencer (EdGraphPin /Game/Blueprints/Tree.Tree:EventGraph.K2Node_VariableGet_230.EdGraphPin_721).  Import failed...
[2016.01.16-04.55.57:420][846]LogProperty:Warning: ObjectProperty /Script/Engine.EdGraphPin:LinkedTo.LinkedTo: unresolved reference to 'EdGraphPin'K2Node_CallFunction_2846.EdGraphPin_1164''
[2016.01.16-04.55.57:420][846]LogProperty:Warning: Illegal TEXT reference to a private object in external package (EdGraphPin /Game/Blueprints/Resource.Resource:EventGraph.K2Node_CallFunction_3454.EdGraphPin_1328) from referencer (EdGraphPin /Game/Blueprints/Tree.Tree:EventGraph.K2Node_CallFunction_2846.EdGraphPin_1162).  Import failed...
[2016.01.16-04.55.57:420][846]LogProperty:Warning: ObjectProperty /Script/Engine.EdGraphPin:LinkedTo.LinkedTo: unresolved reference to 'EdGraphPin'K2Node_CallFunction_3454.EdGraphPin_1328''
[2016.01.16-04.55.57:420][846]LogUObjectHash:Warning: Ambiguous search, could be K2Node_CallFunction /Game/Blueprints/Resource.Resource:EventGraph.K2Node_CallFunction_2847 or K2Node_CallFunction /Game/Blueprints/Tree.Tree:EventGraph.K2Node_CallFunction_2847
[2016.01.16-04.55.57:420][846]LogProperty:Warning: Illegal TEXT reference to a private object in external package (EdGraphPin /Game/Blueprints/Resource.Resource:EventGraph.K2Node_CallFunction_2847.EdGraphPin_1176) from referencer (EdGraphPin /Game/Blueprints/Tree.Tree:EventGraph.K2Node_CallFunction_2846.EdGraphPin_1165).  Import failed...
[2016.01.16-04.55.57:420][846]LogProperty:Warning: ObjectProperty /Script/Engine.EdGraphPin:LinkedTo.LinkedTo: unresolved reference to 'EdGraphPin'K2Node_CallFunction_2847.EdGraphPin_1176''
[2016.01.16-04.55.57:421][846]LogBlueprint:Warning: [Tree] CreatePinForVariable: 'TextComponent' variable not found. Base class was probably changed.
[2016.01.16-04.56.42:317][519]BlueprintLog: New page: Compile Tree
[2016.01.16-04.56.42:397][519]BlueprintEditorCompileResults: Info [0454.08] Compile of Tree successful! [in 80 ms]
[2016.01.16-04.56.43:107][560]LogPlayLevel: PlayLevel: No blueprints needed recompiling
[2016.01.16-04.56.43:108][560]PIE: New page: PIE session: ExampleMap (Jan 15, 2016, 12:56:43 PM)
[2016.01.16-04.56.43:108][560]LogPlayLevel: Creating play world package: /Game/Maps/UEDPIE_0_ExampleMap
[2016.01.16-04.56.43:109][560]LogPlayLevel: PIE: StaticDuplicateObject took: (0.001383s)
[2016.01.16-04.56.43:110][560]LogAIModule: Creating AISystem for world ExampleMap
[2016.01.16-04.56.43:110][560]LogPlayLevel: PIE: World Init took: (0.000611s)
[2016.01.16-04.56.43:110][560]LogPlayLevel: PIE: Created PIE world by copying editor world from /Game/Maps/ExampleMap.ExampleMap to /Game/Maps/UEDPIE_0_ExampleMap.ExampleMap (0.002200s)
[2016.01.16-04.56.43:140][560]LogInit: XAudio2 using 'Speakers (Realtek High Definition Audio)' : 2 channels at 48 kHz using 32 bits per sample (channel mask 0x3)
[2016.01.16-04.56.43:151][560]LogInit: FAudioDevice initialized.
[2016.01.16-04.56.43:347][560]LogWorld: Game class is 'Level_GameMode_C'
[2016.01.16-04.56.43:353][560]LogWorld: Bringing World /Game/Maps/UEDPIE_0_ExampleMap.ExampleMap up for play (max tick rate 60) at 2016.01.15-20.56.43
[2016.01.16-04.56.43:353][560]LogActor:Warning: GameSession /Game/Maps/UEDPIE_0_ExampleMap.ExampleMap:PersistentLevel.GameSession_0 has natively added scene component(s), but none of them were set as the actor's RootComponent - picking one arbitrarily
[2016.01.16-04.56.43:354][560]LogActor:Warning: GameNetworkManager /Game/Maps/UEDPIE_0_ExampleMap.ExampleMap:PersistentLevel.GameNetworkManager_0 has natively added scene component(s), but none of them were set as the actor's RootComponent - picking one arbitrarily
[2016.01.16-04.56.43:356][560]LogWorld: Bringing up level for play took: 0.007854
[2016.01.16-04.56.43:368][560]PIE: Info Play in editor start time for /Game/Maps/UEDPIE_0_ExampleMap 0.044
[2016.01.16-04.56.43:395][561]LogRenderer: Reallocating scene render targets to support 1280x720 (Frame:301).
[2016.01.16-04.56.46:041][709]LogParticles: Destroying 0 GPU particle simulations for FXSystem 0x0000000F0FD25C60
[2016.01.16-04.56.53:182][136]BlueprintLog: New page: Compile Tree
[2016.01.16-04.56.53:274][136]BlueprintEditorCompileResults: Info [0464.96] Compile of Tree successful! [in 91 ms]
[2016.01.16-04.56.54:443][205]LogPlayLevel: PlayLevel: No blueprints needed recompiling
[2016.01.16-04.56.54:443][205]PIE: New page: PIE session: ExampleMap (Jan 15, 2016, 12:56:54 PM)
[2016.01.16-04.56.54:443][205]LogPlayLevel: Creating play world package: /Game/Maps/UEDPIE_0_ExampleMap
[2016.01.16-04.56.54:444][205]LogPlayLevel: PIE: StaticDuplicateObject took: (0.001236s)
[2016.01.16-04.56.54:445][205]LogAIModule: Creating AISystem for world ExampleMap
[2016.01.16-04.56.54:445][205]LogPlayLevel: PIE: World Init took: (0.000530s)
[2016.01.16-04.56.54:445][205]LogPlayLevel: PIE: Created PIE world by copying editor world from /Game/Maps/ExampleMap.ExampleMap to /Game/Maps/UEDPIE_0_ExampleMap.ExampleMap (0.001941s)
[2016.01.16-04.56.54:475][205]LogInit: XAudio2 using 'Speakers (Realtek High Definition Audio)' : 2 channels at 48 kHz using 32 bits per sample (channel mask 0x3)
[2016.01.16-04.56.54:485][205]LogInit: FAudioDevice initialized.
[2016.01.16-04.56.54:521][205]LogWorld: Game class is 'Level_GameMode_C'
[2016.01.16-04.56.54:524][205]LogWorld: Bringing World /Game/Maps/UEDPIE_0_ExampleMap.ExampleMap up for play (max tick rate 60) at 2016.01.15-20.56.54
[2016.01.16-04.56.54:524][205]LogActor:Warning: GameSession /Game/Maps/UEDPIE_0_ExampleMap.ExampleMap:PersistentLevel.GameSession_1 has natively added scene component(s), but none of them were set as the actor's RootComponent - picking one arbitrarily
[2016.01.16-04.56.54:524][205]LogActor:Warning: GameNetworkManager /Game/Maps/UEDPIE_0_ExampleMap.ExampleMap:PersistentLevel.GameNetworkManager_1 has natively added scene component(s), but none of them were set as the actor's RootComponent - picking one arbitrarily
[2016.01.16-04.56.54:526][205]LogWorld: Bringing up level for play took: 0.003925
[2016.01.16-04.56.54:537][205]PIE: Info Play in editor start time for /Game/Maps/UEDPIE_0_ExampleMap -0.786
[2016.01.16-04.56.56:761][332]LogBlueprintUserMessages: [Resource_C_0] soom
[2016.01.16-04.56.59:771][512]LogBlueprintUserMessages: [Resource_C_3] wawa
[2016.01.16-04.57.01:487][610]LogParticles: Destroying 0 GPU particle simulations for FXSystem 0x0000000F3E2EB240
[2016.01.16-04.58.17:575][156]BlueprintLog: New page: Compile Tree
[2016.01.16-04.58.17:657][156]BlueprintEditorCompileResults: Info [0549.34] Compile of Tree successful! [in 81 ms]
[2016.01.16-04.58.29:875][477]Cmd: OBJ SAVEPACKAGE PACKAGE="/Game/Blueprints/Resource" FILE="E:/Growth/Content/Blueprints/Resource.uasset" SILENT=true
[2016.01.16-04.58.30:418][477]LogSavePackage: Save=78.087608ms
[2016.01.16-04.58.30:418][477]LogSavePackage: Moving 'E:/Growth/Saved/Resource16DA828E46FB6BDC582B51B572513900.tmp' to 'E:/Growth/Content/Blueprints/Resource.uasset'
[2016.01.16-04.58.30:423][477]LogSavePackage: Total save time: 197.582826ms
[2016.01.16-04.58.30:423][477]LogSavePackage:Display: Finished SavePackage E:/Growth/Content/Blueprints/Resource.uasset
[2016.01.16-04.58.30:432][477]Cmd: OBJ SAVEPACKAGE PACKAGE="/Game/Blueprints/Tree" FILE="E:/Growth/Content/Blueprints/Tree.uasset" SILENT=true
[2016.01.16-04.58.30:526][477]LogSavePackage: Save=33.231014ms
[2016.01.16-04.58.30:526][477]LogSavePackage: Moving 'E:/Growth/Saved/Tree8B17B5AA4AB69419264C81B367F19DA3.tmp' to 'E:/Growth/Content/Blueprints/Tree.uasset'
[2016.01.16-04.58.30:531][477]LogSavePackage: Total save time: 44.832516ms
[2016.01.16-04.58.30:531][477]LogSavePackage:Display: Finished SavePackage E:/Growth/Content/Blueprints/Tree.uasset
[2016.01.16-04.58.30:616][477]Cmd: OBJ SAVEPACKAGE PACKAGE="/Game/Maps/ExampleMap" FILE="E:/Growth/Content/Maps/ExampleMap.umap" SILENT=true AUTOSAVING=false KEEPDIRTY=false
[2016.01.16-04.58.30:703][477]LogSavePackage: Save=16.008173ms
[2016.01.16-04.58.30:703][477]LogSavePackage: Moving 'E:/Growth/Saved/ExampleMapAF56383042F471406F1649928F2DC257.tmp' to 'E:/Growth/Content/Maps/ExampleMap.umap'
[2016.01.16-04.58.30:709][477]LogSavePackage: Total save time: 28.389324ms
[2016.01.16-04.58.30:709][477]LogSavePackage:Display: Finished SavePackage E:/Growth/Content/Maps/ExampleMap.umap
[2016.01.16-04.58.30:782][477]LogFileHelpers: Saving map 'ExampleMap' took 0.248
[2016.01.16-04.58.30:885][477]LogActorComponent: UnregisterComponent: (/Engine/Transient.EditorFloorComp) Not registered. Aborting.
[2016.01.16-04.58.31:141][478]Cmd: QUIT_EDITOR
[2016.01.16-04.58.31:616][478]LogWindowsTextInputMethodSystem:Display: IME system now deactivated.
[2016.01.16-04.58.31:669][478]LogExit: Preparing to exit.
[2016.01.16-04.58.32:266][478]LogExit: Editor shut down
[2016.01.16-04.58.32:267][478]LogExit: Transaction tracking system shut down
[2016.01.16-04.58.32:268][478]LogParticles: Destroying 0 GPU particle simulations for FXSystem 0x0000000F123D11C0
[2016.01.16-04.58.32:268][478]LogParticles: Destroying 0 GPU particle simulations for FXSystem 0x0000000F0FB34C20
[2016.01.16-04.58.32:268][478]LogParticles: Destroying 0 GPU particle simulations for FXSystem 0x0000000F0FE6B100
[2016.01.16-04.58.32:268][478]LogParticles: Destroying 0 GPU particle simulations for FXSystem 0x0000000F3D4559E0
[2016.01.16-04.58.32:269][478]LogParticles: Destroying 0 GPU particle simulations for FXSystem 0x0000000F3E699260
[2016.01.16-04.58.32:272][478]LogParticles: Destroying 0 GPU particle simulations for FXSystem 0x0000000F44A58A40
[2016.01.16-04.58.32:273][478]LogParticles: Destroying 0 GPU particle simulations for FXSystem 0x0000000F44871080
[2016.01.16-04.58.32:455][478]LogExit: Object subsystem successfully closed.
[2016.01.16-04.58.32:466][478]LogD3D11RHI: Shutdown
[2016.01.16-04.58.32:466][478]LogD3D11RHI: CleanupD3DDevice
[2016.01.16-04.58.32:542][478]LogD3D11RHI: ~FD3D11DynamicRHI
[2016.01.16-04.58.32:565][478]LogModuleManager: Shutting down and abandoning module CookingStats (200)
[2016.01.16-04.58.32:565][478]LogModuleManager: Shutting down and abandoning module BlueprintGraph (199)
[2016.01.16-04.58.32:565][478]LogModuleManager: Shutting down and abandoning module CrashTracker (198)
[2016.01.16-04.58.32:565][478]LogModuleManager: Shutting down and abandoning module SceneOutliner (197)
[2016.01.16-04.58.32:565][478]LogModuleManager: Shutting down and abandoning module SuperSearch (196)
[2016.01.16-04.58.32:565][478]LogModuleManager: Shutting down and abandoning module WidgetCarousel (195)
[2016.01.16-04.58.32:565][478]LogModuleManager: Shutting down and abandoning module AddContentDialog (194)
[2016.01.16-04.58.32:567][478]LogModuleManager: Shutting down and abandoning module EditorWidgets (193)
[2016.01.16-04.58.32:567][478]LogModuleManager: Shutting down and abandoning module CollectionManager (192)
[2016.01.16-04.58.32:567][478]LogModuleManager: Shutting down and abandoning module StatsViewer (191)
[2016.01.16-04.58.32:567][478]LogModuleManager: Shutting down and abandoning module FoliageEdit (190)
[2016.01.16-04.58.32:567][478]LogModuleManager: Shutting down and abandoning module LandscapeEditor (189)
[2016.01.16-04.58.32:567][478]LogModuleManager: Shutting down and abandoning module ActorPickerMode (188)
[2016.01.16-04.58.32:567][478]LogModuleManager: Shutting down and abandoning module GeometryMode (187)
[2016.01.16-04.58.32:567][478]LogModuleManager: Shutting down and abandoning module TextureAlignMode (186)
[2016.01.16-04.58.32:567][478]LogModuleManager: Shutting down and abandoning module BspMode (185)
[2016.01.16-04.58.32:567][478]LogModuleManager: Shutting down and abandoning module PlacementMode (184)
[2016.01.16-04.58.32:567][478]LogModuleManager: Shutting down and abandoning module AutomationWorker (183)
[2016.01.16-04.58.32:567][478]LogModuleManager: Shutting down and abandoning module CharacterAI (182)
[2016.01.16-04.58.32:567][478]LogModuleManager: Shutting down and abandoning module SmartSnapping (181)
[2016.01.16-04.58.32:567][478]LogModuleManager: Shutting down and abandoning module ViewportSnapping (180)
[2016.01.16-04.58.32:567][478]LogModuleManager: Shutting down and abandoning module LogVisualizer (179)
[2016.01.16-04.58.32:568][478]LogModuleManager: Shutting down and abandoning module GameProjectGeneration (178)
[2016.01.16-04.58.32:568][478]LogModuleManager: Shutting down and abandoning module IntroTutorials (177)
[2016.01.16-04.58.32:568][478]LogModuleManager: Shutting down and abandoning module EditorLiveStreaming (176)
[2016.01.16-04.58.32:568][478]LogModuleManager: Shutting down and abandoning module IOSPlatformEditor (175)
[2016.01.16-04.58.32:568][478]LogModuleManager: Shutting down and abandoning module HTML5PlatformEditor (174)
[2016.01.16-04.58.32:568][478]LogModuleManager: Shutting down and abandoning module AndroidDeviceDetection (173)
[2016.01.16-04.58.32:626][478]LogModuleManager: Shutting down and abandoning module AndroidPlatformEditor (172)
[2016.01.16-04.58.32:626][478]LogModuleManager: Shutting down and abandoning module IOSRuntimeSettings (171)
[2016.01.16-04.58.32:626][478]LogModuleManager: Shutting down and abandoning module AndroidRuntimeSettings (170)
[2016.01.16-04.58.32:626][478]LogModuleManager: Shutting down and abandoning module MergeActors (169)
[2016.01.16-04.58.32:626][478]LogModuleManager: Shutting down and abandoning module SizeMap (168)
[2016.01.16-04.58.32:626][478]LogModuleManager: Shutting down and abandoning module TreeMap (167)
[2016.01.16-04.58.32:626][478]LogModuleManager: Shutting down and abandoning module ReferenceViewer (166)
[2016.01.16-04.58.32:626][478]LogModuleManager: Shutting down and abandoning module LocalizationService (165)
[2016.01.16-04.58.32:626][478]LogModuleManager: Shutting down and abandoning module LocalizationDashboard (164)
[2016.01.16-04.58.32:626][478]LogModuleManager: Shutting down and abandoning module HardwareTargeting (163)
[2016.01.16-04.58.32:626][478]LogModuleManager: Shutting down and abandoning module DeviceProfileEditor (162)
[2016.01.16-04.58.32:626][478]LogModuleManager: Shutting down and abandoning module UndoHistory (161)
[2016.01.16-04.58.32:626][478]LogModuleManager: Shutting down and abandoning module GameplayTagsEditor (160)
[2016.01.16-04.58.32:626][478]LogModuleManager: Shutting down and abandoning module UserFeedback (159)
[2016.01.16-04.58.32:626][478]LogModuleManager: Shutting down and abandoning module XmlParser (158)
[2016.01.16-04.58.32:626][478]LogModuleManager: Shutting down and abandoning module Blutility (157)
[2016.01.16-04.58.32:626][478]LogModuleManager: Shutting down and abandoning module ProjectTargetPlatformEditor (156)
[2016.01.16-04.58.32:626][478]LogModuleManager: Shutting down and abandoning module ProjectSettingsViewer (155)
[2016.01.16-04.58.32:626][478]LogModuleManager: Shutting down and abandoning module InputBindingEditor (154)
[2016.01.16-04.58.32:626][478]LogModuleManager: Shutting down and abandoning module EditorSettingsViewer (153)
[2016.01.16-04.58.32:626][478]LogModuleManager: Shutting down and abandoning module SettingsEditor (152)
[2016.01.16-04.58.32:626][478]LogModuleManager: Shutting down and abandoning module ProjectLauncher (151)
[2016.01.16-04.58.32:626][478]LogModuleManager: Shutting down and abandoning module SessionFrontend (150)
[2016.01.16-04.58.32:626][478]LogModuleManager: Shutting down and abandoning module ProfilerClient (149)
[2016.01.16-04.58.32:626][478]LogModuleManager: Shutting down and abandoning module TargetDeviceServices (148)
[2016.01.16-04.58.32:626][478]LogModuleManager: Shutting down and abandoning module DeviceManager (147)
[2016.01.16-04.58.32:627][478]LogModuleManager: Shutting down and abandoning module AutomationController (146)
[2016.01.16-04.58.32:627][478]LogModuleManager: Shutting down and abandoning module AutomationWindow (145)
[2016.01.16-04.58.32:627][478]LogModuleManager: Shutting down and abandoning module Layers (144)
[2016.01.16-04.58.32:627][478]LogModuleManager: Shutting down and abandoning module ComponentVisualizers (143)
[2016.01.16-04.58.32:627][478]LogModuleManager: Shutting down and abandoning module DetailCustomizations (142)
[2016.01.16-04.58.32:627][478]LogModuleManager: Shutting down and abandoning module PackagesDialog (141)
[2016.01.16-04.58.32:627][478]LogModuleManager: Shutting down and abandoning module Persona (140)
[2016.01.16-04.58.32:627][478]LogModuleManager: Shutting down and abandoning module Kismet (139)
[2016.01.16-04.58.32:627][478]LogModuleManager: Shutting down and abandoning module GraphEditor (138)
[2016.01.16-04.58.32:627][478]LogModuleManager: Shutting down and abandoning module ClassViewer (137)
[2016.01.16-04.58.32:627][478]LogModuleManager: Shutting down and abandoning module Toolbox (136)
[2016.01.16-04.58.32:627][478]LogModuleManager: Shutting down and abandoning module ModuleUI (135)
[2016.01.16-04.58.32:627][478]LogModuleManager: Shutting down and abandoning module MovieSceneTools (134)
[2016.01.16-04.58.32:627][478]LogModuleManager: Shutting down and abandoning module OutputLog (133)
[2016.01.16-04.58.32:627][478]LogModuleManager: Shutting down and abandoning module GammaUI (132)
[2016.01.16-04.58.32:627][478]LogModuleManager: Shutting down and abandoning module Documentation (131)
[2016.01.16-04.58.32:627][478]LogModuleManager: Shutting down and abandoning module GameLiveStreaming (130)
[2016.01.16-04.58.32:627][478]LogModuleManager: Shutting down and abandoning module StreamingPauseRendering (129)
[2016.01.16-04.58.32:627][478]LogModuleManager: Shutting down and abandoning module AnalyticsET (128)
[2016.01.16-04.58.32:627][478]LogModuleManager: Shutting down and abandoning module Analytics (127)
[2016.01.16-04.58.32:627][478]LogModuleManager: Shutting down and abandoning module AITestSuite (126)
[2016.01.16-04.58.32:627][478]LogModuleManager: Shutting down and abandoning module GameplayDebugger (125)
[2016.01.16-04.58.32:627][478]LogModuleManager: Shutting down and abandoning module AIModule (124)
[2016.01.16-04.58.32:627][478]LogModuleManager: Shutting down and abandoning module ProfilerService (123)
[2016.01.16-04.58.32:628][478]LogModuleManager: Shutting down and abandoning module TaskGraph (122)
[2016.01.16-04.58.32:628][478]LogModuleManager: Shutting down and abandoning module SlateRemote (121)
[2016.01.16-04.58.32:628][478]LogModuleManager: Shutting down and abandoning module SteamVRController (120)
[2016.01.16-04.58.32:628][478]LogModuleManager: Shutting down and abandoning module SteamVR (119)
[2016.01.16-04.58.32:628][478]LogModuleManager: Shutting down and abandoning module ProceduralMeshComponent (118)
[2016.01.16-04.58.32:628][478]LogModuleManager: Shutting down and abandoning module OculusLibrary (117)
[2016.01.16-04.58.32:628][478]LogModuleManager: Shutting down and abandoning module OculusInput (116)
[2016.01.16-04.58.32:628][478]LogModuleManager: Shutting down and abandoning module LeapMotionController (115)
[2016.01.16-04.58.32:643][478]LogModuleManager: Shutting down and abandoning module CustomMeshComponent (114)
[2016.01.16-04.58.32:643][478]LogModuleManager: Shutting down and abandoning module CableComponent (113)
[2016.01.16-04.58.32:643][478]LogModuleManager: Shutting down and abandoning module ArchVisCharacter (112)
[2016.01.16-04.58.32:643][478]LogModuleManager: Shutting down and abandoning module MessagingDebugger (111)
[2016.01.16-04.58.32:643][478]LogModuleManager: Shutting down and abandoning module MediaPlayerEditor (110)
[2016.01.16-04.58.32:644][478]LogModuleManager: Shutting down and abandoning module HTML5Networking (109)
[2016.01.16-04.58.32:644][478]LogModuleManager: Shutting down and abandoning module SpeedTreeImporter (108)
[2016.01.16-04.58.32:644][478]LogModuleManager: Shutting down and abandoning module PluginBrowser (107)
[2016.01.16-04.58.32:644][478]LogModuleManager: Shutting down and abandoning module EpicSurvey (106)
[2016.01.16-04.58.32:644][478]LogModuleManager: Shutting down and abandoning module DesktopPlatform (105)
[2016.01.16-04.58.32:644][478]LogModuleManager: Shutting down and abandoning module VisualStudioSourceCodeAccess (104)
[2016.01.16-04.58.32:644][478]LogModuleManager: Shutting down and abandoning module UObjectPlugin (103)
[2016.01.16-04.58.32:644][478]LogModuleManager: Shutting down and abandoning module SubversionSourceControl (102)
[2016.01.16-04.58.32:644][478]LogModuleManager: Shutting down and abandoning module PerforceSourceControl (101)
[2016.01.16-04.58.32:644][478]LogModuleManager: Shutting down and abandoning module SourceControl (100)
[2016.01.16-04.58.32:644][478]LogModuleManager: Shutting down and abandoning module GitSourceControl (99)
[2016.01.16-04.58.32:644][478]LogModuleManager: Shutting down and abandoning module LightPropagationVolumeEditor (98)
[2016.01.16-04.58.32:644][478]LogModuleManager: Shutting down and abandoning module PaperTiledImporter (97)
[2016.01.16-04.58.32:644][478]LogModuleManager: Shutting down and abandoning module PaperSpriteSheetImporter (96)
[2016.01.16-04.58.32:644][478]LogModuleManager: Shutting down and abandoning module MeshPaint (95)
[2016.01.16-04.58.32:644][478]LogModuleManager: Shutting down and abandoning module SlateReflector (94)
[2016.01.16-04.58.32:644][478]LogModuleManager: Shutting down and abandoning module HotReload (93)
[2016.01.16-04.58.32:644][478]LogModuleManager: Shutting down and abandoning module MainFrame (92)
[2016.01.16-04.58.32:644][478]LogModuleManager: Shutting down and abandoning module LevelEditor (91)
[2016.01.16-04.58.32:646][478]LogModuleManager: Shutting down and abandoning module DirectoryWatcher (90)
[2016.01.16-04.58.32:647][478]LogModuleManager: Shutting down and abandoning module AssetRegistry (89)
[2016.01.16-04.58.32:795][478]LogModuleManager: Shutting down and abandoning module ContentBrowser (88)
[2016.01.16-04.58.32:795][478]LogModuleManager: Shutting down and abandoning module Paper2DEditor (87)
[2016.01.16-04.58.32:796][478]LogModuleManager: Shutting down and abandoning module UdpMessaging (86)
[2016.01.16-04.58.32:896][478]LogModuleManager: Shutting down and abandoning module LightPropagationVolumeRuntime (85)
[2016.01.16-04.58.32:896][478]LogModuleManager: Shutting down and abandoning module Paper2D (84)
[2016.01.16-04.58.32:896][478]LogModuleManager: Shutting down and abandoning module WindowsMoviePlayer (83)
[2016.01.16-04.58.32:898][478]LogModuleManager: Shutting down and abandoning module Media (82)
[2016.01.16-04.58.32:898][478]LogModuleManager: Shutting down and abandoning module WmfMedia (81)
[2016.01.16-04.58.32:898][478]LogModuleManager: Shutting down and abandoning module OnlineBlueprintSupport (80)
[2016.01.16-04.58.32:898][478]LogModuleManager: Shutting down and abandoning module GameplayTasksEditor (79)
[2016.01.16-04.58.32:898][478]LogModuleManager: Shutting down and abandoning module PropertyEditor (78)
[2016.01.16-04.58.32:898][478]LogModuleManager: Shutting down and abandoning module BehaviorTreeEditor (77)
[2016.01.16-04.58.32:898][478]LogModuleManager: Shutting down and abandoning module FunctionalTesting (76)
[2016.01.16-04.58.32:898][478]LogModuleManager: Shutting down and abandoning module CollisionAnalyzer (75)
[2016.01.16-04.58.32:898][478]LogModuleManager: Shutting down and abandoning module WorkspaceMenuStructure (74)
[2016.01.16-04.58.32:898][478]LogModuleManager: Shutting down and abandoning module MessageLog (73)
[2016.01.16-04.58.32:898][478]LogModuleManager: Shutting down and abandoning module Sequencer (72)
[2016.01.16-04.58.32:898][478]LogModuleManager: Shutting down and abandoning module AssetTools (71)
[2016.01.16-04.58.32:898][478]LogModuleManager: Shutting down and abandoning module UMGEditor (70)
[2016.01.16-04.58.32:898][478]LogModuleManager: Shutting down and abandoning module UMG (69)
[2016.01.16-04.58.32:898][478]LogModuleManager: Shutting down and abandoning module Slate (68)
[2016.01.16-04.58.32:898][478]LogModuleManager: Shutting down and abandoning module EditorStyle (67)
[2016.01.16-04.58.32:900][478]LogModuleManager: Shutting down and abandoning module SessionServices (66)
[2016.01.16-04.58.32:900][478]LogModuleManager: Shutting down and abandoning module SourceCodeAccess (65)
[2016.01.16-04.58.32:901][478]LogModuleManager: Shutting down and abandoning module HeadMountedDisplay (64)
[2016.01.16-04.58.32:901][478]LogModuleManager: Shutting down and abandoning module XAudio2 (63)
[2016.01.16-04.58.32:901][478]LogModuleManager: Shutting down and abandoning module Networking (61)
[2016.01.16-04.58.32:901][478]LogModuleManager: Shutting down and abandoning module Core (60)
[2016.01.16-04.58.32:901][478]LogModuleManager: Shutting down and abandoning module KismetCompiler (59)
[2016.01.16-04.58.32:901][478]LogModuleManager: Shutting down and abandoning module PhysXFormats (58)
[2016.01.16-04.58.32:901][478]LogModuleManager: Shutting down and abandoning module MeshUtilities (57)
[2016.01.16-04.58.32:901][478]LogModuleManager: Shutting down and abandoning module DerivedDataCache (56)
[2016.01.16-04.58.32:916][478]LogDerivedDataCache: Shutdown
[2016.01.16-04.58.32:916][478]LogModuleManager: Shutting down and abandoning module ShaderFormatOpenGL (55)
[2016.01.16-04.58.32:916][478]LogModuleManager: Shutting down and abandoning module ShaderFormatD3D (54)
[2016.01.16-04.58.32:916][478]LogModuleManager: Shutting down and abandoning module MetalShaderFormat (53)
[2016.01.16-04.58.32:916][478]LogModuleManager: Shutting down and abandoning module TextureFormatUncompressed (52)
[2016.01.16-04.58.32:916][478]LogModuleManager: Shutting down and abandoning module TextureFormatPVR (51)
[2016.01.16-04.58.32:916][478]LogModuleManager: Shutting down and abandoning module TextureFormatIntelISPCTexComp (50)
[2016.01.16-04.58.32:916][478]LogModuleManager: Shutting down and abandoning module TextureFormatDXT (49)
[2016.01.16-04.58.32:916][478]LogModuleManager: Shutting down and abandoning module ImageWrapper (48)
[2016.01.16-04.58.32:916][478]LogModuleManager: Shutting down and abandoning module TextureFormatASTC (47)
[2016.01.16-04.58.32:916][478]LogModuleManager: Shutting down and abandoning module TextureFormatAndroid (46)
[2016.01.16-04.58.32:916][478]LogModuleManager: Shutting down and abandoning module AudioFormatOpus (45)
[2016.01.16-04.58.32:916][478]LogModuleManager: Shutting down and abandoning module AudioFormatOgg (44)
[2016.01.16-04.58.32:916][478]LogModuleManager: Shutting down and abandoning module AudioFormatADPCM (43)
[2016.01.16-04.58.32:916][478]LogModuleManager: Shutting down and abandoning module LinuxTargetPlatform (42)
[2016.01.16-04.58.32:916][478]LogModuleManager: Shutting down and abandoning module LinuxServerTargetPlatform (41)
[2016.01.16-04.58.32:916][478]LogModuleManager: Shutting down and abandoning module LinuxNoEditorTargetPlatform (40)
[2016.01.16-04.58.32:916][478]LogModuleManager: Shutting down and abandoning module Messaging (39)
[2016.01.16-04.58.32:916][478]LogModuleManager: Shutting down and abandoning module IOSTargetPlatform (38)
[2016.01.16-04.58.32:916][478]LogModuleManager: Shutting down and abandoning module HTML5TargetPlatform (37)
[2016.01.16-04.58.32:916][478]LogModuleManager: Shutting down and abandoning module Android_PVRTCTargetPlatform (36)
[2016.01.16-04.58.32:916][478]LogModuleManager: Shutting down and abandoning module Android_MultiTargetPlatform (35)
[2016.01.16-04.58.32:916][478]LogModuleManager: Shutting down and abandoning module Android_ETC2TargetPlatform (34)
[2016.01.16-04.58.32:916][478]LogModuleManager: Shutting down and abandoning module Android_ETC1TargetPlatform (33)
[2016.01.16-04.58.32:916][478]LogModuleManager: Shutting down and abandoning module Android_DXTTargetPlatform (32)
[2016.01.16-04.58.32:916][478]LogModuleManager: Shutting down and abandoning module Android_ATCTargetPlatform (31)
[2016.01.16-04.58.32:916][478]LogModuleManager: Shutting down and abandoning module Android_ASTCTargetPlatform (30)
[2016.01.16-04.58.32:916][478]LogModuleManager: Shutting down and abandoning module AndroidTargetPlatform (29)
[2016.01.16-04.58.32:916][478]LogModuleManager: Shutting down and abandoning module WindowsTargetPlatform (28)
[2016.01.16-04.58.32:916][478]LogModuleManager: Shutting down and abandoning module WindowsServerTargetPlatform (27)
[2016.01.16-04.58.32:916][478]LogModuleManager: Shutting down and abandoning module WindowsNoEditorTargetPlatform (26)
[2016.01.16-04.58.32:917][478]LogModuleManager: Shutting down and abandoning module WindowsClientTargetPlatform (25)
[2016.01.16-04.58.32:917][478]LogModuleManager: Shutting down and abandoning module AllDesktopTargetPlatform (24)
[2016.01.16-04.58.32:917][478]LogModuleManager: Shutting down and abandoning module TargetPlatform (23)
[2016.01.16-04.58.32:917][478]LogModuleManager: Shutting down and abandoning module InputCore (22)
[2016.01.16-04.58.32:917][478]LogModuleManager: Shutting down and abandoning module Settings (21)
[2016.01.16-04.58.32:917][478]LogModuleManager: Shutting down and abandoning module OnlineSubsystem (19)
[2016.01.16-04.58.32:917][478]LogModuleManager: Shutting down and abandoning module HTTP (18)
[2016.01.16-04.58.34:920][478]LogModuleManager: Shutting down and abandoning module XMPP (17)
[2016.01.16-04.58.34:920][478]LogModuleManager: Shutting down and abandoning module OculusRift (16)
[2016.01.16-04.58.34:920][478]LogModuleManager: Shutting down and abandoning module ExampleDeviceProfileSelector (15)
[2016.01.16-04.58.34:920][478]LogModuleManager: Shutting down and abandoning module TextureCompressor (14)
[2016.01.16-04.58.34:920][478]LogModuleManager: Shutting down and abandoning module ShaderCore (13)
[2016.01.16-04.58.34:920][478]LogModuleManager: Shutting down and abandoning module Landscape (12)
[2016.01.16-04.58.34:920][478]LogModuleManager: Shutting down and abandoning module SlateRHIRenderer (11)
[2016.01.16-04.58.34:921][478]LogModuleManager: Shutting down and abandoning module OpenGLDrv (10)
[2016.01.16-04.58.34:921][478]LogModuleManager: Shutting down and abandoning module D3D11RHI (9)
[2016.01.16-04.58.34:921][478]LogModuleManager: Shutting down and abandoning module AnimGraphRuntime (8)
[2016.01.16-04.58.34:921][478]LogModuleManager: Shutting down and abandoning module Renderer (7)
[2016.01.16-04.58.34:921][478]LogModuleManager: Shutting down and abandoning module Engine (6)
[2016.01.16-04.58.34:921][478]LogModuleManager: Shutting down and abandoning module CoreUObject (5)
[2016.01.16-04.58.34:921][478]LogModuleManager: Shutting down and abandoning module NetworkFile (4)
[2016.01.16-04.58.34:921][478]LogModuleManager: Shutting down and abandoning module StreamingFile (3)
[2016.01.16-04.58.34:921][478]LogModuleManager: Shutting down and abandoning module SandboxFile (2)
[2016.01.16-04.58.34:921][478]LogModuleManager: Shutting down and abandoning module PakFile (1)
[2016.01.16-04.58.34:923][478]LogExit: Exiting.
[2016.01.16-04.58.34:924][478]Log file closed, 01/15/16 20:58:34
