[2016.01.23-02.44.24:060][  0]Log file open, 01/22/16 18:44:24
[2016.01.23-02.44.24:060][  0]LogInit:Display: Running engine for game: Growth
[2016.01.23-02.44.24:060][  0]LogPlatformFile: Not using cached read wrapper
[2016.01.23-02.44.24:060][  0]LogInit:Display: RandInit(745093759) SRandInit(745093760).
[2016.01.23-02.44.24:060][  0]LogTaskGraph: Started task graph with 4 named threads and 7 total threads.
[2016.01.23-02.44.24:060][  0]LogStats: Stats thread started at 0.092394
[2016.01.23-02.44.24:060][  0]LogInit: Version: 4.10.0-2758231+++depot+UE4-Releases+4.10
[2016.01.23-02.44.24:060][  0]LogInit: API Version: 2758231
[2016.01.23-02.44.24:060][  0]LogInit: Compiled (64-bit): Nov  7 2015 05:13:45
[2016.01.23-02.44.24:060][  0]LogInit: Compiled with Visual C++: 19.00.23026.00
[2016.01.23-02.44.24:060][  0]LogInit: Build Configuration: Development
[2016.01.23-02.44.24:060][  0]LogInit: Branch Name: ++depot+UE4-Releases+4.10
[2016.01.23-02.44.24:060][  0]LogInit: Command line:  
[2016.01.23-02.44.24:060][  0]LogInit: Base directory: C:/Program Files/Epic Games/4.10/Engine/Binaries/Win64/
[2016.01.23-02.44.24:060][  0]LogInit: Rocket: 1
[2016.01.23-02.44.24:084][  0]LogInit: Using libcurl 7.41.0
[2016.01.23-02.44.24:084][  0]LogInit:  - built for x86_64-pc-win32
[2016.01.23-02.44.24:084][  0]LogInit:  - supports SSL with WinSSL
[2016.01.23-02.44.24:084][  0]LogInit:  - other features:
[2016.01.23-02.44.24:084][  0]LogInit:      CURL_VERSION_SSL
[2016.01.23-02.44.24:084][  0]LogInit:      CURL_VERSION_IPV6
[2016.01.23-02.44.24:084][  0]LogInit:      CURL_VERSION_ASYNCHDNS
[2016.01.23-02.44.24:084][  0]LogInit:      CURL_VERSION_LARGEFILE
[2016.01.23-02.44.24:084][  0]LogInit:      CURL_VERSION_IDN
[2016.01.23-02.44.24:084][  0]LogInit:  CurlRequestOptions (configurable via config and command line):
[2016.01.23-02.44.24:084][  0]LogInit:  - bVerifyPeer = true  - Libcurl will verify peer certificate
[2016.01.23-02.44.24:084][  0]LogInit:  - bUseHttpProxy = false  - Libcurl will NOT use HTTP proxy
[2016.01.23-02.44.24:084][  0]LogInit:  - bDontReuseConnections = false  - Libcurl will reuse connections
[2016.01.23-02.44.24:084][  0]LogInit:  - CertBundlePath = nullptr  - Libcurl will use whatever was configured at build time.
[2016.01.23-02.44.24:108][  0]LogInit: Presizing for 0 objects not considered by GC, pre-allocating 0 bytes.
[2016.01.23-02.44.24:120][  0]LogInit: Object subsystem initialized
[2016.01.23-02.44.24:122][  0]LogInit: Selected Device Profile: [Windows]
[2016.01.23-02.44.24:122][  0]LogInit: Applying CVar settings loaded from the selected device profile: [Windows]
[2016.01.23-02.44.24:191][  0]LogInit: Computer: ALEX-PC
[2016.01.23-02.44.24:191][  0]LogInit: User: Alex
[2016.01.23-02.44.24:191][  0]LogInit: CPU Page size=4096, Cores=4
[2016.01.23-02.44.24:191][  0]LogInit: High frequency timer resolution =2.533208 MHz
[2016.01.23-02.44.24:192][  0]LogMemory: Memory total: Physical=7.9GB (8GB approx)
[2016.01.23-02.44.24:192][  0]LogMemory: Platform Memory Stats for Windows
[2016.01.23-02.44.24:192][  0]LogMemory: Process Physical Memory: 56.32 MB used, 56.32 MB peak
[2016.01.23-02.44.24:192][  0]LogMemory: Process Virtual Memory: 58.68 MB used, 58.68 MB peak
[2016.01.23-02.44.24:192][  0]LogMemory: Physical Memory: 2963.13 MB used, 8110.36 MB total
[2016.01.23-02.44.24:192][  0]LogMemory: Virtual Memory: 380.51 MB used, 134217728.00 MB total
[2016.01.23-02.44.24:304][  0]LogTextLocalizationManager: No specific translations for ('en-US') exist, so ('en') translations will be used.
[2016.01.23-02.44.24:732][  0]LogD3D11RHI: Found D3D11 adapter 0: NVIDIA GeForce GTX 965M        (Feature Level 11_0)
[2016.01.23-02.44.24:732][  0]LogD3D11RHI: Adapter has 4013MB of dedicated video memory, 0MB of dedicated system memory, and 4055MB of shared system memory, 1 output[s]
[2016.01.23-02.44.24:739][  0]LogD3D11RHI: Found D3D11 adapter 1: Intel(R) HD Graphics 4600 (Feature Level 11_0)
[2016.01.23-02.44.24:739][  0]LogD3D11RHI: Adapter has 112MB of dedicated video memory, 0MB of dedicated system memory, and 4055MB of shared system memory, 0 output[s]
[2016.01.23-02.44.24:742][  0]LogD3D11RHI: Found D3D11 adapter 2: Microsoft Basic Render Driver (Feature Level 11_0)
[2016.01.23-02.44.24:742][  0]LogD3D11RHI: Adapter has 0MB of dedicated video memory, 0MB of dedicated system memory, and 4055MB of shared system memory, 0 output[s]
[2016.01.23-02.44.24:742][  0]LogD3D11RHI: Chosen D3D11 Adapter Id = 0
[2016.01.23-02.44.24:747][  0]LogD3D11RHI: !Direct3DDevice
[2016.01.23-02.44.24:747][  0]LogRHI: Texture pool is 1361 MB (70% of 1945 MB)
[2016.01.23-02.44.24:763][  0]LogD3D11RHI: Async texture creation enabled
[2016.01.23-02.44.24:776][  0]LogShaderCompilers: Guid format shader working directory is 36 characters bigger than the processId version (E:/Growth/Intermediate/Shaders/WorkingDirectory/5228/).
[2016.01.23-02.44.24:776][  0]LogShaderCompilers: Cleaned the shader compiler working directory 'C:/Users/Alex/AppData/Local/Temp/UnrealShaderWorkingDir/E71875F64660531DAD8A58BBD42B00A0/'.
[2016.01.23-02.44.24:776][  0]LogShaderCompilers:Display: Using Local Shader Compiler.
[2016.01.23-02.44.25:774][  0]LogTemp:Display: Loaded TP AllDesktopTargetPlatform
[2016.01.23-02.44.25:781][  0]LogTemp:Display: Loaded TP WindowsClientTargetPlatform
[2016.01.23-02.44.25:787][  0]LogTemp:Display: Loaded TP WindowsNoEditorTargetPlatform
[2016.01.23-02.44.25:794][  0]LogTemp:Display: Loaded TP WindowsServerTargetPlatform
[2016.01.23-02.44.25:800][  0]LogTemp:Display: Loaded TP WindowsTargetPlatform
[2016.01.23-02.44.25:803][  0]LogTemp:Display: Loaded TP AndroidTargetPlatform
[2016.01.23-02.44.25:807][  0]LogTemp:Display: Loaded TP Android_ASTCTargetPlatform
[2016.01.23-02.44.25:810][  0]LogTemp:Display: Loaded TP Android_ATCTargetPlatform
[2016.01.23-02.44.25:814][  0]LogTemp:Display: Loaded TP Android_DXTTargetPlatform
[2016.01.23-02.44.25:817][  0]LogTemp:Display: Loaded TP Android_ETC1TargetPlatform
[2016.01.23-02.44.25:821][  0]LogTemp:Display: Loaded TP Android_ETC2TargetPlatform
[2016.01.23-02.44.25:828][  0]LogTemp:Display: Loaded TP Android_MultiTargetPlatform
[2016.01.23-02.44.25:828][  0]LogTemp:Display: Loaded TP Android_PVRTCTargetPlatform
[2016.01.23-02.44.25:829][  0]LogTemp:Display: Loaded TP HTML5TargetPlatform
[2016.01.23-02.44.25:848][  0]LogTemp:Display: Loaded TP IOSTargetPlatform
[2016.01.23-02.44.25:851][  0]LogTemp:Display: Loaded TP LinuxNoEditorTargetPlatform
[2016.01.23-02.44.25:854][  0]LogTemp:Display: Loaded TP LinuxServerTargetPlatform
[2016.01.23-02.44.25:858][  0]LogTemp:Display: Loaded TP LinuxTargetPlatform
[2016.01.23-02.44.25:858][  0]LogTargetPlatformManager:Display: Building Assets For Windows
[2016.01.23-02.44.26:022][  0]LogDerivedDataCache:Display: Max Cache Size: 512 MB
[2016.01.23-02.44.26:072][  0]LogDerivedDataCache: Loaded boot cache 0.05s 41MB C:/Users/Alex/AppData/Local/UnrealEngine/4.10/DerivedDataCache/Boot.ddc.
[2016.01.23-02.44.26:072][  0]LogDerivedDataCache:Display: Loaded Boot cache: C:/Users/Alex/AppData/Local/UnrealEngine/4.10/DerivedDataCache/Boot.ddc
[2016.01.23-02.44.26:072][  0]LogDerivedDataCache: FDerivedDataBackendGraph:  Pak pak cache file E:/Growth/DerivedDataCache/DDC.ddp not found, will not use a pak cache.
[2016.01.23-02.44.26:072][  0]LogDerivedDataCache: Unable to find inner node Pak for hierarchical cache Hierarchy.
[2016.01.23-02.44.26:072][  0]LogDerivedDataCache: FDerivedDataBackendGraph:  CompressedPak pak cache file E:/Growth/DerivedDataCache/Compressed.ddp not found, will not use a pak cache.
[2016.01.23-02.44.26:072][  0]LogDerivedDataCache: Unable to find inner node CompressedPak for hierarchical cache Hierarchy.
[2016.01.23-02.44.26:136][  0]LogDerivedDataCache:Display: Pak cache opened for reading ../../../Engine/DerivedDataCache/Compressed.ddp.
[2016.01.23-02.44.26:148][  0]LogDerivedDataCache: Using Local data cache path C:/Users/Alex/AppData/Local/UnrealEngine/Common/DerivedDataCache: Writable
[2016.01.23-02.44.26:372][  0]LogInit: Selected Device Profile: [Windows]
[2016.01.23-02.44.26:375][  0]LogContentStreaming: Texture pool size is 0.000000MB
[2016.01.23-02.44.26:673][  0]LogMeshUtilities: No automatic mesh reduction module available
[2016.01.23-02.44.26:673][  0]LogMeshUtilities: No automatic mesh merging module available
[2016.01.23-02.44.26:939][  0]LogInit: WinSock: version 1.1 (2.2), MaxSocks=32767, MaxUdp=65467
[2016.01.23-02.44.28:110][  0]UdpMessaging: Initializing bridge on interface 0.0.0.0:0 to multicast group 230.0.0.1:6666.
[2016.01.23-02.44.28:276][  0]LogAssetRegistry: FAssetRegistry took 0.0110 seconds to start up
[2016.01.23-02.44.28:639][  0]SourceControl: Info Source control is disabled
[2016.01.23-02.44.28:642][  0]SourceControl: Info Source control is disabled
[2016.01.23-02.44.28:662][  0]SourceControl: Info Source control is disabled
[2016.01.23-02.44.28:685][  0]SourceControl: Info Source control is disabled
[2016.01.23-02.44.29:096][  0]LogObj: 28633 objects as part of root set at end of initial load.
[2016.01.23-02.44.29:096][  0]LogUObjectAllocator: 6099744 out of 0 bytes used by permanent object pool.
[2016.01.23-02.44.29:160][  0]LogEngine: Initializing Engine...
[2016.01.23-02.44.29:165][  0]LogHMD: Can't find Oculus library dev build: is proper Runtime installed? Version: 0.8.0.0
[2016.01.23-02.44.29:165][  0]LogHMD: SteamVR failed to initialize.  Err: 110
[2016.01.23-02.44.29:291][  0]LogAIModule: Creating AISystem for world NewWorld
[2016.01.23-02.44.29:300][  0]LogInit: XAudio2 using 'Speakers (Realtek High Definition Audio)' : 2 channels at 48 kHz using 32 bits per sample (channel mask 0x3)
[2016.01.23-02.44.29:329][  0]LogInit: FAudioDevice initialized.
[2016.01.23-02.44.29:367][  0]LogDerivedDataCache: Saved boot cache 0.04s 41MB C:/Users/Alex/AppData/Local/UnrealEngine/4.10/DerivedDataCache/Boot.ddc.
[2016.01.23-02.44.29:375][  0]LogInit: Texture streaming: Enabled
[2016.01.23-02.44.29:392][  0]LogAnalytics: Creating configured Analytics provider AnalyticsET
[2016.01.23-02.44.29:392][  0]LogAnalytics: [UEEditor.Rocket.Release] APIServer = http://et2.epicgames.com/ET2/. AppVersion = 4.10.0-2758231+++depot+UE4-Releases+4.10
[2016.01.23-02.44.29:392][  0]LogAnalytics: [UEEditor.Rocket.Release] SetUserId 2ea81a834ffda1c7700eadb43070947c|187ad38f3ca5493bb24c70d7c7079e52|82e58137-6379-40ac-b56e-28c7ca34f864
[2016.01.23-02.44.29:392][  0]LogAnalytics: [UEEditor.Rocket.Release] AnalyticsET::StartSession
[2016.01.23-02.44.29:562][  0]LogInit: Transaction tracking system initialized
[2016.01.23-02.44.29:613][  0]BlueprintLog: New page: Editor Load
[2016.01.23-02.44.29:772][  0]LocalizationService: Info Localization service is disabled
[2016.01.23-02.44.29:890][  0]LogConsoleResponse:Display: 
[2016.01.23-02.44.30:016][  0]LogCook:Display: Done creating registry. It took  0.00s.
[2016.01.23-02.44.30:122][  0]LogFileCache: Scanning file cache for directory 'E:/Growth/Content/' took 0.01s
[2016.01.23-02.44.30:122][  0]SourceControl: Info Source control is disabled
[2016.01.23-02.44.30:122][  0]Cmd: MAP LOAD FILE="E:/Growth/Content/Maps/ExampleMap.umap" TEMPLATE=0 SHOWPROGRESS=1 FEATURELEVEL=3
[2016.01.23-02.44.30:122][  0]LightingResults: New page: Lighting Build
[2016.01.23-02.44.30:128][  0]MapCheck: New page: Map Check
[2016.01.23-02.44.30:128][  0]LightingResults: New page: Lighting Build
[2016.01.23-02.44.30:145][  0]LogParticles: Destroying 0 GPU particle simulations for FXSystem 0x0000007FA5F4B420
[2016.01.23-02.44.30:715][  0]LogAIModule: Creating AISystem for world ExampleMap
[2016.01.23-02.44.30:732][  0]LogEditorServer: Finished looking for orphan Actors (0.000 secs)
[2016.01.23-02.44.30:732][  0]Cmd: MAP CHECKDEP NOCLEARLOG
[2016.01.23-02.44.30:837][  0]MapCheck: Info Map check complete: 0 Error(s), 0 Warning(s), took 105.323ms to complete.
[2016.01.23-02.44.30:838][  0]LogFileHelpers: Loading map 'ExampleMap' took 0.716
[2016.01.23-02.44.30:951][  0]LogCollectionManager: Loaded 0 collections in 0.003846 seconds
[2016.01.23-02.44.30:992][  0]LogFileCache: Scanning file cache for directory 'E:/Growth/Saved/Collections/' took 0.01s
[2016.01.23-02.44.30:993][  0]LogFileCache: Scanning file cache for directory 'E:/Growth/Content/Developers/Alex/Collections/' took 0.01s
[2016.01.23-02.44.30:993][  0]LogFileCache: Scanning file cache for directory 'E:/Growth/Content/Collections/' took 0.01s
[2016.01.23-02.44.30:993][  0]LogCollectionManager: Rebuilt the GUID cache for 0 collections in 0.000004 seconds
[2016.01.23-02.44.31:002][  0]LogContentBrowser: Native class hierarchy populated in 0.0095 seconds. Added 1893 classes and 338 folders.
[2016.01.23-02.44.31:014][  0]LogContentBrowser: Native class hierarchy updated for 'WidgetCarousel' in 0.0004 seconds. Added 0 classes and 0 folders.
[2016.01.23-02.44.31:103][  0]LogContentBrowser: Native class hierarchy updated for 'AddContentDialog' in 0.0004 seconds. Added 0 classes and 0 folders.
[2016.01.23-02.44.31:111][  0]LogContentBrowser: Native class hierarchy updated for 'SceneOutliner' in 0.0007 seconds. Added 1 classes and 2 folders.
[2016.01.23-02.44.31:173][  0]LogCrashTracker: Crashtracker disabled due to settings.
[2016.01.23-02.44.31:179][  0]LogUObjectGlobals:Warning: Failed to find object 'Class None.'
[2016.01.23-02.44.31:202][  0]LogLoad: Full Startup: 8.50 seconds (BP compile: 0.12 seconds)
[2016.01.23-02.44.31:226][  0]LogOcInput: Can't find Oculus library dev build: is proper Runtime installed? Version: 0.8.0.0
[2016.01.23-02.44.31:280][  0]LogContentStreaming: Texture pool size now 1000 MB
[2016.01.23-02.44.31:421][  0]LogRenderer: Reallocating scene render targets to support 884x432 (Frame:2).
[2016.01.23-02.44.31:705][  4]LogAssetRegistry: Asset discovery search completed in 3.4402 seconds
[2016.01.23-02.44.31:705][  4]LogCollectionManager: Rebuilt the object cache for 0 collections in 0.000001 seconds (found 0 objects)
[2016.01.23-02.44.31:705][  4]LogCollectionManager: Fixed up redirectors for 0 collections in 0.000019 seconds (updated 0 objects)
[2016.01.23-02.44.43:878][707]LogLinker:Warning: Asset '../../../Engine/Content/ArtTools/RenderToTexture/Macros/RenderToTextureMacros.uasset' has been saved with empty engine version. The asset will be loaded but may be incompatible.
[2016.01.23-02.44.44:291][707]LogContentBrowser: Native class hierarchy updated for 'BlueprintGraph' in 0.0008 seconds. Added 107 classes and 0 folders.
[2016.01.23-02.44.47:677][875]LogPlayLevel: PlayLevel: No blueprints needed recompiling
[2016.01.23-02.44.47:677][875]PIE: New page: PIE session: ExampleMap (Jan 22, 2016, 10:44:47 AM)
[2016.01.23-02.44.47:677][875]LogPlayLevel: Creating play world package: /Game/Maps/UEDPIE_0_ExampleMap
[2016.01.23-02.44.47:679][875]LogPlayLevel: PIE: StaticDuplicateObject took: (0.001496s)
[2016.01.23-02.44.47:679][875]LogAIModule: Creating AISystem for world ExampleMap
[2016.01.23-02.44.47:680][875]LogPlayLevel: PIE: World Init took: (0.000694s)
[2016.01.23-02.44.47:680][875]LogPlayLevel: PIE: Created PIE world by copying editor world from /Game/Maps/ExampleMap.ExampleMap to /Game/Maps/UEDPIE_0_ExampleMap.ExampleMap (0.002375s)
[2016.01.23-02.44.47:725][875]LogInit: XAudio2 using 'Speakers (Realtek High Definition Audio)' : 2 channels at 48 kHz using 32 bits per sample (channel mask 0x3)
[2016.01.23-02.44.47:738][875]LogInit: FAudioDevice initialized.
[2016.01.23-02.44.47:973][875]LogWorld: Game class is 'Level_GameMode_C'
[2016.01.23-02.44.47:979][875]LogWorld: Bringing World /Game/Maps/UEDPIE_0_ExampleMap.ExampleMap up for play (max tick rate 60) at 2016.01.22-18.44.47
[2016.01.23-02.44.47:979][875]LogActor:Warning: GameSession /Game/Maps/UEDPIE_0_ExampleMap.ExampleMap:PersistentLevel.GameSession_0 has natively added scene component(s), but none of them were set as the actor's RootComponent - picking one arbitrarily
[2016.01.23-02.44.47:979][875]LogActor:Warning: GameNetworkManager /Game/Maps/UEDPIE_0_ExampleMap.ExampleMap:PersistentLevel.GameNetworkManager_0 has natively added scene component(s), but none of them were set as the actor's RootComponent - picking one arbitrarily
[2016.01.23-02.44.47:982][875]LogWorld: Bringing up level for play took: 0.006367
[2016.01.23-02.44.48:019][875]PIE: Info Play in editor start time for /Game/Maps/UEDPIE_0_ExampleMap 0.869
[2016.01.23-02.44.48:052][876]LogRenderer: Reallocating scene render targets to support 1280x720 (Frame:460).
[2016.01.23-02.45.11:477][197]LogParticles: Destroying 0 GPU particle simulations for FXSystem 0x0000007F95830FE0
[2016.01.23-02.45.19:674][674]LogPlayLevel: PlayLevel: No blueprints needed recompiling
[2016.01.23-02.45.19:674][674]PIE: New page: PIE session: ExampleMap (Jan 22, 2016, 10:45:19 AM)
[2016.01.23-02.45.19:675][674]LogPlayLevel: Creating play world package: /Game/Maps/UEDPIE_0_ExampleMap
[2016.01.23-02.45.19:676][674]LogPlayLevel: PIE: StaticDuplicateObject took: (0.001442s)
[2016.01.23-02.45.19:676][674]LogAIModule: Creating AISystem for world ExampleMap
[2016.01.23-02.45.19:677][674]LogPlayLevel: PIE: World Init took: (0.000604s)
[2016.01.23-02.45.19:677][674]LogPlayLevel: PIE: Created PIE world by copying editor world from /Game/Maps/ExampleMap.ExampleMap to /Game/Maps/UEDPIE_0_ExampleMap.ExampleMap (0.002222s)
[2016.01.23-02.45.19:709][674]LogInit: XAudio2 using 'Speakers (Realtek High Definition Audio)' : 2 channels at 48 kHz using 32 bits per sample (channel mask 0x3)
[2016.01.23-02.45.19:721][674]LogInit: FAudioDevice initialized.
[2016.01.23-02.45.19:757][674]LogWorld: Game class is 'Level_GameMode_C'
[2016.01.23-02.45.19:761][674]LogWorld: Bringing World /Game/Maps/UEDPIE_0_ExampleMap.ExampleMap up for play (max tick rate 60) at 2016.01.22-18.45.19
[2016.01.23-02.45.19:761][674]LogActor:Warning: GameSession /Game/Maps/UEDPIE_0_ExampleMap.ExampleMap:PersistentLevel.GameSession_1 has natively added scene component(s), but none of them were set as the actor's RootComponent - picking one arbitrarily
[2016.01.23-02.45.19:761][674]LogActor:Warning: GameNetworkManager /Game/Maps/UEDPIE_0_ExampleMap.ExampleMap:PersistentLevel.GameNetworkManager_1 has natively added scene component(s), but none of them were set as the actor's RootComponent - picking one arbitrarily
[2016.01.23-02.45.19:763][674]LogWorld: Bringing up level for play took: 0.005090
[2016.01.23-02.45.19:774][674]PIE: Info Play in editor start time for /Game/Maps/UEDPIE_0_ExampleMap 0.624
[2016.01.23-02.45.28:622][174]LogParticles: Destroying 0 GPU particle simulations for FXSystem 0x0000007FD44644A0
[2016.01.23-02.45.59:376][945]BlueprintLog: New page: Compile GrowthCamera
[2016.01.23-02.45.59:830][945]BlueprintEditorCompileResults: Info [0097.13] Compile of GrowthCamera successful! [in 454 ms]
[2016.01.23-02.46.00:469][978]LogPlayLevel: PlayLevel: No blueprints needed recompiling
[2016.01.23-02.46.00:470][978]PIE: New page: PIE session: ExampleMap (Jan 22, 2016, 10:46:00 AM)
[2016.01.23-02.46.00:470][978]LogPlayLevel: Creating play world package: /Game/Maps/UEDPIE_0_ExampleMap
[2016.01.23-02.46.00:471][978]LogPlayLevel: PIE: StaticDuplicateObject took: (0.001427s)
[2016.01.23-02.46.00:472][978]LogAIModule: Creating AISystem for world ExampleMap
[2016.01.23-02.46.00:472][978]LogPlayLevel: PIE: World Init took: (0.000585s)
[2016.01.23-02.46.00:472][978]LogPlayLevel: PIE: Created PIE world by copying editor world from /Game/Maps/ExampleMap.ExampleMap to /Game/Maps/UEDPIE_0_ExampleMap.ExampleMap (0.002178s)
[2016.01.23-02.46.00:506][978]LogInit: XAudio2 using 'Speakers (Realtek High Definition Audio)' : 2 channels at 48 kHz using 32 bits per sample (channel mask 0x3)
[2016.01.23-02.46.00:518][978]LogInit: FAudioDevice initialized.
[2016.01.23-02.46.00:561][978]LogWorld: Game class is 'Level_GameMode_C'
[2016.01.23-02.46.00:564][978]LogWorld: Bringing World /Game/Maps/UEDPIE_0_ExampleMap.ExampleMap up for play (max tick rate 60) at 2016.01.22-18.46.00
[2016.01.23-02.46.00:564][978]LogActor:Warning: GameSession /Game/Maps/UEDPIE_0_ExampleMap.ExampleMap:PersistentLevel.GameSession_2 has natively added scene component(s), but none of them were set as the actor's RootComponent - picking one arbitrarily
[2016.01.23-02.46.00:564][978]LogActor:Warning: GameNetworkManager /Game/Maps/UED