[2016.01.23-04.06.00:671][  0]Log file open, 01/22/16 20:06:00
[2016.01.23-04.06.00:671][  0]LogInit:Display: Running engine for game: Growth
[2016.01.23-04.06.00:672][  0]LogPlatformFile: Not using cached read wrapper
[2016.01.23-04.06.00:672][  0]LogInit:Display: RandInit(273855093) SRandInit(273855095).
[2016.01.23-04.06.00:672][  0]LogTaskGraph: Started task graph with 4 named threads and 7 total threads.
[2016.01.23-04.06.00:672][  0]LogStats: Stats thread started at 0.086995
[2016.01.23-04.06.00:672][  0]LogInit: Version: 4.10.0-2758231+++depot+UE4-Releases+4.10
[2016.01.23-04.06.00:672][  0]LogInit: API Version: 2758231
[2016.01.23-04.06.00:672][  0]LogInit: Compiled (64-bit): Nov  7 2015 05:13:45
[2016.01.23-04.06.00:672][  0]LogInit: Compiled with Visual C++: 19.00.23026.00
[2016.01.23-04.06.00:672][  0]LogInit: Build Configuration: Development
[2016.01.23-04.06.00:672][  0]LogInit: Branch Name: ++depot+UE4-Releases+4.10
[2016.01.23-04.06.00:672][  0]LogInit: Command line:  
[2016.01.23-04.06.00:672][  0]LogInit: Base directory: C:/Program Files/Epic Games/4.10/Engine/Binaries/Win64/
[2016.01.23-04.06.00:672][  0]LogInit: Rocket: 1
[2016.01.23-04.06.00:682][  0]LogInit: Using libcurl 7.41.0
[2016.01.23-04.06.00:682][  0]LogInit:  - built for x86_64-pc-win32
[2016.01.23-04.06.00:682][  0]LogInit:  - supports SSL with WinSSL
[2016.01.23-04.06.00:682][  0]LogInit:  - other features:
[2016.01.23-04.06.00:682][  0]LogInit:      CURL_VERSION_SSL
[2016.01.23-04.06.00:682][  0]LogInit:      CURL_VERSION_IPV6
[2016.01.23-04.06.00:682][  0]LogInit:      CURL_VERSION_ASYNCHDNS
[2016.01.23-04.06.00:682][  0]LogInit:      CURL_VERSION_LARGEFILE
[2016.01.23-04.06.00:682][  0]LogInit:      CURL_VERSION_IDN
[2016.01.23-04.06.00:683][  0]LogInit:  CurlRequestOptions (configurable via config and command line):
[2016.01.23-04.06.00:683][  0]LogInit:  - bVerifyPeer = true  - Libcurl will verify peer certificate
[2016.01.23-04.06.00:683][  0]LogInit:  - bUseHttpProxy = false  - Libcurl will NOT use HTTP proxy
[2016.01.23-04.06.00:683][  0]LogInit:  - bDontReuseConnections = false  - Libcurl will reuse connections
[2016.01.23-04.06.00:683][  0]LogInit:  - CertBundlePath = nullptr  - Libcurl will use whatever was configured at build time.
[2016.01.23-04.06.00:693][  0]LogInit: Presizing for 0 objects not considered by GC, pre-allocating 0 bytes.
[2016.01.23-04.06.00:698][  0]LogInit: Object subsystem initialized
[2016.01.23-04.06.00:699][  0]LogInit: Selected Device Profile: [Windows]
[2016.01.23-04.06.00:699][  0]LogInit: Applying CVar settings loaded from the selected device profile: [Windows]
[2016.01.23-04.06.00:775][  0]LogInit: Computer: ALEX-PC
[2016.01.23-04.06.00:775][  0]LogInit: User: Alex
[2016.01.23-04.06.00:775][  0]LogInit: CPU Page size=4096, Cores=4
[2016.01.23-04.06.00:775][  0]LogInit: High frequency timer resolution =2.533208 MHz
[2016.01.23-04.06.00:775][  0]LogMemory: Memory total: Physical=7.9GB (8GB approx)
[2016.01.23-04.06.00:775][  0]LogMemory: Platform Memory Stats for Windows
[2016.01.23-04.06.00:775][  0]LogMemory: Process Physical Memory: 59.78 MB used, 59.78 MB peak
[2016.01.23-04.06.00:775][  0]LogMemory: Process Virtual Memory: 63.20 MB used, 63.20 MB peak
[2016.01.23-04.06.00:775][  0]LogMemory: Physical Memory: 2925.12 MB used, 8110.36 MB total
[2016.01.23-04.06.00:775][  0]LogMemory: Virtual Memory: 387.15 MB used, 134217728.00 MB total
[2016.01.23-04.06.00:832][  0]LogTextLocalizationManager: No specific translations for ('en-US') exist, so ('en') translations will be used.
[2016.01.23-04.06.01:205][  0]LogD3D11RHI: Found D3D11 adapter 0: NVIDIA GeForce GTX 965M        (Feature Level 11_0)
[2016.01.23-04.06.01:205][  0]LogD3D11RHI: Adapter has 4013MB of dedicated video memory, 0MB of dedicated system memory, and 4055MB of shared system memory, 1 output[s]
[2016.01.23-04.06.01:214][  0]LogD3D11RHI: Found D3D11 adapter 1: Intel(R) HD Graphics 4600 (Feature Level 11_0)
[2016.01.23-04.06.01:214][  0]LogD3D11RHI: Adapter has 112MB of dedicated video memory, 0MB of dedicated system memory, and 4055MB of shared system memory, 0 output[s]
[2016.01.23-04.06.01:217][  0]LogD3D11RHI: Found D3D11 adapter 2: Microsoft Basic Render Driver (Feature Level 11_0)
[2016.01.23-04.06.01:217][  0]LogD3D11RHI: Adapter has 0MB of dedicated video memory, 0MB of dedicated system memory, and 4055MB of shared system memory, 0 output[s]
[2016.01.23-04.06.01:217][  0]LogD3D11RHI: Chosen D3D11 Adapter Id = 0
[2016.01.23-04.06.01:221][  0]LogD3D11RHI: !Direct3DDevice
[2016.01.23-04.06.01:221][  0]LogRHI: Texture pool is 1361 MB (70% of 1945 MB)
[2016.01.23-04.06.01:236][  0]LogD3D11RHI: Async texture creation enabled
[2016.01.23-04.06.01:253][  0]LogShaderCompilers: Guid format shader working directory is 36 characters bigger than the processId version (E:/Growth/Intermediate/Shaders/WorkingDirectory/9792/).
[2016.01.23-04.06.01:253][  0]LogShaderCompilers: Cleaned the shader compiler working directory 'C:/Users/Alex/AppData/Local/Temp/UnrealShaderWorkingDir/92E82845484A641597975FA35042ECBF/'.
[2016.01.23-04.06.01:253][  0]LogShaderCompilers:Display: Using Local Shader Compiler.
[2016.01.23-04.06.02:038][  0]LogTemp:Display: Loaded TP AllDesktopTargetPlatform
[2016.01.23-04.06.02:045][  0]LogTemp:Display: Loaded TP WindowsClientTargetPlatform
[2016.01.23-04.06.02:050][  0]LogTemp:Display: Loaded TP WindowsNoEditorTargetPlatform
[2016.01.23-04.06.02:057][  0]LogTemp:Display: Loaded TP WindowsServerTargetPlatform
[2016.01.23-04.06.02:063][  0]LogTemp:Display: Loaded TP WindowsTargetPlatform
[2016.01.23-04.06.02:066][  0]LogTemp:Display: Loaded TP AndroidTargetPlatform
[2016.01.23-04.06.02:069][  0]LogTemp:Display: Loaded TP Android_ASTCTargetPlatform
[2016.01.23-04.06.02:073][  0]LogTemp:Display: Loaded TP Android_ATCTargetPlatform
[2016.01.23-04.06.02:076][  0]LogTemp:Display: Loaded TP Android_DXTTargetPlatform
[2016.01.23-04.06.02:079][  0]LogTemp:Display: Loaded TP Android_ETC1TargetPlatform
[2016.01.23-04.06.02:082][  0]LogTemp:Display: Loaded TP Android_ETC2TargetPlatform
[2016.01.23-04.06.02:089][  0]LogTemp:Display: Loaded TP Android_MultiTargetPlatform
[2016.01.23-04.06.02:089][  0]LogTemp:Display: Loaded TP Android_PVRTCTargetPlatform
[2016.01.23-04.06.02:091][  0]LogTemp:Display: Loaded TP HTML5TargetPlatform
[2016.01.23-04.06.02:110][  0]LogTemp:Display: Loaded TP IOSTargetPlatform
[2016.01.23-04.06.02:114][  0]LogTemp:Display: Loaded TP LinuxNoEditorTargetPlatform
[2016.01.23-04.06.02:118][  0]LogTemp:Display: Loaded TP LinuxServerTargetPlatform
[2016.01.23-04.06.02:124][  0]LogTemp:Display: Loaded TP LinuxTargetPlatform
[2016.01.23-04.06.02:124][  0]LogTargetPlatformManager:Display: Building Assets For Windows
[2016.01.23-04.06.02:246][  0]LogDerivedDataCache:Display: Max Cache Size: 512 MB
[2016.01.23-04.06.02:302][  0]LogDerivedDataCache: Loaded boot cache 0.06s 41MB C:/Users/Alex/AppData/Local/UnrealEngine/4.10/DerivedDataCache/Boot.ddc.
[2016.01.23-04.06.02:302][  0]LogDerivedDataCache:Display: Loaded Boot cache: C:/Users/Alex/AppData/Local/UnrealEngine/4.10/DerivedDataCache/Boot.ddc
[2016.01.23-04.06.02:302][  0]LogDerivedDataCache: FDerivedDataBackendGraph:  Pak pak cache file E:/Growth/DerivedDataCache/DDC.ddp not found, will not use a pak cache.
[2016.01.23-04.06.02:302][  0]LogDerivedDataCache: Unable to find inner node Pak for hierarchical cache Hierarchy.
[2016.01.23-04.06.02:302][  0]LogDerivedDataCache: FDerivedDataBackendGraph:  CompressedPak pak cache file E:/Growth/DerivedDataCache/Compressed.ddp not found, will not use a pak cache.
[2016.01.23-04.06.02:302][  0]LogDerivedDataCache: Unable to find inner node CompressedPak for hierarchical cache Hierarchy.
[2016.01.23-04.06.02:359][  0]LogDerivedDataCache:Display: Pak cache opened for reading ../../../Engine/DerivedDataCache/Compressed.ddp.
[2016.01.23-04.06.02:371][  0]LogDerivedDataCache: Using Local data cache path C:/Users/Alex/AppData/Local/UnrealEngine/Common/DerivedDataCache: Writable
[2016.01.23-04.06.02:569][  0]LogInit: Selected Device Profile: [Windows]
[2016.01.23-04.06.02:572][  0]LogContentStreaming: Texture pool size is 0.000000MB
[2016.01.23-04.06.02:724][  0]LogMeshUtilities: No automatic mesh reduction module available
[2016.01.23-04.06.02:724][  0]LogMeshUtilities: No automatic mesh merging module available
[2016.01.23-04.06.02:974][  0]LogInit: WinSock: version 1.1 (2.2), MaxSocks=32767, MaxUdp=65467
[2016.01.23-04.06.03:969][  0]UdpMessaging: Initializing bridge on interface 0.0.0.0:0 to multicast group 230.0.0.1:6666.
[2016.01.23-04.06.04:081][  0]LogAssetRegistry: FAssetRegistry took 0.0114 seconds to start up
[2016.01.23-04.06.04:390][  0]SourceControl: Info Source control is disabled
[2016.01.23-04.06.04:391][  0]SourceControl: Info Source control is disabled
[2016.01.23-04.06.04:409][  0]SourceControl: Info Source control is disabled
[2016.01.23-04.06.04:428][  0]SourceControl: Info Source control is disabled
[2016.01.23-04.06.04:791][  0]LogObj: 28633 objects as part of root set at end of initial load.
[2016.01.23-04.06.04:791][  0]LogUObjectAllocator: 6099752 out of 0 bytes used by permanent object pool.
[2016.01.23-04.06.04:846][  0]LogEngine: Initializing Engine...
[2016.01.23-04.06.04:851][  0]LogHMD: Can't find Oculus library dev build: is proper Runtime installed? Version: 0.8.0.0
[2016.01.23-04.06.04:853][  0]LogHMD: SteamVR failed to initialize.  Err: 110
[2016.01.23-04.06.04:988][  0]LogAIModule: Creating AISystem for world NewWorld
[2016.01.23-04.06.04:999][  0]LogInit: XAudio2 using 'Speakers (Realtek High Definition Audio)' : 2 channels at 48 kHz using 32 bits per sample (channel mask 0x3)
[2016.01.23-04.06.05:026][  0]LogInit: FAudioDevice initialized.
[2016.01.23-04.06.05:057][  0]LogDerivedDataCache: Saved boot cache 0.03s 41MB C:/Users/Alex/AppData/Local/UnrealEngine/4.10/DerivedDataCache/Boot.ddc.
[2016.01.23-04.06.05:062][  0]LogInit: Texture streaming: Enabled
[2016.01.23-04.06.05:069][  0]LogAnalytics: Creating configured Analytics provider AnalyticsET
[2016.01.23-04.06.05:069][  0]LogAnalytics: [UEEditor.Rocket.Release] APIServer = http://et2.epicgames.com/ET2/. AppVersion = 4.10.0-2758231+++depot+UE4-Releases+4.10
[2016.01.23-04.06.05:070][  0]LogAnalytics: [UEEditor.Rocket.Release] SetUserId 2ea81a834ffda1c7700eadb43070947c|187ad38f3ca5493bb24c70d7c7079e52|82e58137-6379-40ac-b56e-28c7ca34f864
[2016.01.23-04.06.05:070][  0]LogAnalytics: [UEEditor.Rocket.Release] AnalyticsET::StartSession
[2016.01.23-04.06.05:149][  0]LogInit: Transaction tracking system initialized
[2016.01.23-04.06.05:190][  0]BlueprintLog: New page: Editor Load
[2016.01.23-04.06.05:333][  0]LocalizationService: Info Localization service is disabled
[2016.01.23-04.06.05:444][  0]LogConsoleResponse:Display: 
[2016.01.23-04.06.05:561][  0]LogCook:Display: Done creating registry. It took  0.00s.
[2016.01.23-04.06.05:648][  0]LogFileCache: Scanning file cache for directory 'E:/Growth/Content/' took 0.01s
[2016.01.23-04.06.05:648][  0]SourceControl: Info Source control is disabled
[2016.01.23-04.06.05:648][  0]Cmd: MAP LOAD FILE="E:/Growth/Content/Maps/ExampleMap.umap" TEMPLATE=0 SHOWPROGRESS=1 FEATURELEVEL=3
[2016.01.23-04.06.05:648][  0]LightingResults: New page: Lighting Build
[2016.01.23-04.06.05:653][  0]MapCheck: New page: Map Check
[2016.01.23-04.06.05:653][  0]LightingResults: New page: Lighting Build
[2016.01.23-04.06.05:668][  0]LogParticles: Destroying 0 GPU particle simulations for FXSystem 0x00000053FAB43420
[2016.01.23-04.06.06:303][  0]LogAIModule: Creating AISystem for world ExampleMap
[2016.01.23-04.06.06:319][  0]LogEditorServer: Finished looking for orphan Actors (0.000 secs)
[2016.01.23-04.06.06:319][  0]Cmd: MAP CHECKDEP NOCLEARLOG
[2016.01.23-04.06.06:420][  0]MapCheck: Info Map check complete: 0 Error(s), 0 Warning(s), took 101.201ms to complete.
[2016.01.23-04.06.06:420][  0]LogFileHelpers: Loading map 'ExampleMap' took 0.772
[2016.01.23-04.06.06:548][  0]LogCollectionManager: Loaded 0 collections in 0.003068 seconds
[2016.01.23-04.06.06:592][  0]LogFileCache: Scanning file cache for directory 'E:/Growth/Saved/Collections/' took 0.01s
[2016.01.23-04.06.06:592][  0]LogFileCache: Scanning file cache for directory 'E:/Growth/Content/Developers/Alex/Collections/' took 0.01s
[2016.01.23-04.06.06:592][  0]LogFileCache: Scanning file cache for directory 'E:/Growth/Content/Collections/' took 0.01s
[2016.01.23-04.06.06:592][  0]LogCollectionManager: Rebuilt the GUID cache for 0 collections in 0.000002 seconds
[2016.01.23-04.06.06:599][  0]LogContentBrowser: Native class hierarchy populated in 0.0069 seconds. Added 1893 classes and 338 folders.
[2016.01.23-04.06.06:609][  0]LogContentBrowser: Native class hierarchy updated for 'WidgetCarousel' in 0.0004 seconds. Added 0 classes and 0 folders.
[2016.01.23-04.06.06:698][  0]LogContentBrowser: Native class hierarchy updated for 'AddContentDialog' in 0.0003 seconds. Added 0 classes and 0 folders.
[2016.01.23-04.06.06:703][  0]LogContentBrowser: Native class hierarchy updated for 'SceneOutliner' in 0.0003 seconds. Added 1 classes and 2 folders.
[2016.01.23-04.06.06:761][  0]LogCrashTracker: Crashtracker disabled due to settings.
[2016.01.23-04.06.06:764][  0]LogUObjectGlobals:Warning: Failed to find object 'Class None.'
[2016.01.23-04.06.06:787][  0]LogLoad: Full Startup: 6.97 seconds (BP compile: 0.13 seconds)
[2016.01.23-04.06.06:801][  0]LogOcInput: Can't find Oculus library dev build: is proper Runtime installed? Version: 0.8.0.0
[2016.01.23-04.06.06:857][  0]LogContentStreaming: Texture pool size now 1000 MB
[2016.01.23-04.06.06:998][  0]LogRenderer: Reallocating scene render targets to support 884x432 (Frame:2).
[2016.01.23-04.06.07:295][  3]LogAssetRegistry: Asset discovery search completed in 3.2249 seconds
[2016.01.23-04.06.07:295][  3]LogCollectionManager: Rebuilt the object cache for 0 collections in 0.000001 seconds (found 0 objects)
[2016.01.23-04.06.07:295][  3]LogCollectionManager: Fixed up redirectors for 0 collections in 0.000022 seconds (updated 0 objects)
[2016.01.23-04.06.14:420][690]LogLinker:Warning: Asset '../../../Engine/Content/ArtTools/RenderToTexture/Macros/RenderToTextureMacros.uasset' has been saved with empty engine version. The asset will be loaded but may be incompatible.
[2016.01.23-04.06.14:763][690]LogContentBrowser: Native class hierarchy updated for 'BlueprintGraph' in 0.0007 seconds. Added 107 classes and 0 folders.
[2016.01.23-04.07.24:342][725]BlueprintLog: New page: Compile GrowthCamera
[2016.01.23-04.07.24:973][725]BlueprintEditorCompileResults: Info [0085.16] Compile of GrowthCamera successful! [in 630 ms]
[2016.01.23-04.07.56:177][348]Cmd: OBJ SAVEPACKAGE PACKAGE="/Game/Blueprints/Player/GrowthCamera" FILE="E:/Growth/Content/Blueprints/Player/GrowthCamera.uasset" SILENT=true
[2016.01.23-04.07.56:507][348]LogSavePackage: Save=240.896912ms
[2016.01.23-04.07.56:507][348]LogSavePackage: Moving 'E:/Growth/Saved/GrowthCameraC018242442FC3D122CE5E096C31B4E75.tmp' to 'E:/Growth/Content/Blueprints/Player/GrowthCamera.uasset'
[2016.01.23-04.07.56:514][348]LogSavePackage: Total save time: 266.666219ms
[2016.01.23-04.07.56:514][348]LogSavePackage:Display: Finished SavePackage E:/Growth/Content/Blueprints/Player/GrowthCamera.uasset
[2016.01.23-04.08.57:548][444]LogUObjectHash:Warning: Ambiguous search, could be K2Node_VariableGet /Game/Blueprints/Player/GrowthCamera.GrowthCamera:IncrementResource.K2Node_VariableGet_218 or K2Node_VariableGet /Game/Blueprints/Player/GrowthCamera.GrowthCamera:UpdateWater.K2Node_VariableGet_218
[2016.01.23-04.08.57:548][444]LogUObjectHash:Warning: Ambiguous search, could be K2Node_VariableSet /Game/Blueprints/Player/GrowthCamera.GrowthCamera:IncrementResource.K2Node_VariableSet_249 or K2Node_VariableSet /Game/Blueprints/Player/GrowthCamera.GrowthCamera:UpdateWater.K2Node_VariableSet_249
[2016.01.23-04.08.57:549][444]LogUObjectHash:Warning: Ambiguous search, could be K2Node_CallFunction /Game/Blueprints/Player/GrowthCamera.GrowthCamera:IncrementResource.K2Node_CallFunction_4326 or K2Node_CallFunction /Game/Blueprints/Player/GrowthCamera.GrowthCamera:UpdateWater.K2Node_CallFunction_4326
[2016.01.23-04.08.57:549][444]LogUObjectHash:Warning: Ambiguous search, could be K2Node_CallFunction /Game/Blueprints/Player/GrowthCamera.GrowthCamera:IncrementResource.K2Node_CallFunction_5119 or K2Node_CallFunction /Game/Blueprints/Player/GrowthCamera.GrowthCamera:UpdateWater.K2Node_CallFunction_5119
[2016.01.23-04.08.57:550][444]LogUObjectHash:Warning: Ambiguous search, could be K2Node_CallFunction /Game/Blueprints/Player/GrowthCamera.GrowthCamera:IncrementResource.K2Node_CallFunction_4326 or K2Node_CallFunction /Game/Blueprints/Player/GrowthCamera.GrowthCamera:UpdateWater.K2Node_CallFunction_4326
[2016.01.23-04.08.57:550][444]LogUObjectHash:Warning: Ambiguous search, could be K2Node_CallFunction /Game/Blueprints/Player/GrowthCamera.GrowthCamera:IncrementResource.K2Node_CallFunction_5120 or K2Node_CallFunction /Game/Blueprints/Player/GrowthCamera.GrowthCamera:UpdateWater.K2Node_CallFunction_5120
[2016.01.23-04.08.57:550][444]LogUObjectHash:Warning: Ambiguous search, could be K2Node_VariableSet /Game/Blueprints/Player/GrowthCamera.GrowthCamera:IncrementResource.K2Node_VariableSet_850 or K2Node_VariableSet /Game/Blueprints/Player/GrowthCamera.GrowthCamera:UpdateWater.K2Node_VariableSet_850
[2016.01.23-04.08.57:551][444]LogUObjectHash:Warning: Ambiguous search, could be K2Node_VariableSet /Game/Blueprints/Player/GrowthCamera.GrowthCamera:IncrementResource.K2Node_VariableSet_850 or K2Node_VariableSet /Game/Blueprints/Player/GrowthCamera.GrowthCamera:UpdateWater.K2Node_VariableSet_850
[2016.01.23-04.08.57:551][444]LogUObjectHash:Warning: Ambiguous search, could be K2Node_VariableSet /Game/Blueprints/Player/GrowthCamera.GrowthCamera:IncrementResource.K2Node_VariableSet_1429 or K2Node_VariableSet /Game/Blueprints/Player/GrowthCamera.GrowthCamera:UpdateWater.K2Node_VariableSet_1429
[2016.01.23-04.08.57:551][444]LogUObjectHash:Warning: Ambiguous search, could be K2Node_VariableGet /Game/Blueprints/Player/GrowthCamera.GrowthCamera:IncrementResource.K2Node_VariableGet_2867 or K2Node_VariableGet /Game/Blueprints/Player/GrowthCamera.GrowthCamera:UpdateWater.K2Node_VariableGet_2867
[2016.01.23-04.08.57:551][444]LogUObjectHash:Warning: Ambiguous search, could be K2Node_CallFunction /Game/Blueprints/Player/GrowthCamera.GrowthCamera:IncrementResource.K2Node_CallFunction_2697 or K2Node_CallFunction /Game/Blueprints/Player/GrowthCamera.GrowthCamera:UpdateWater.K2Node_CallFunction_2697
[2016.01.23-04.08.57:552][444]LogUObjectHash:Warning: Ambiguous search, could be K2Node_CallFunction /Game/Blueprints/Player/GrowthCamera.GrowthCamera:IncrementResource.K2Node_CallFunction_2698 or K2Node_CallFunction /Game/Blueprints/Player/GrowthCamera.GrowthCamera:UpdateWater.K2Node_CallFunction_2698
[2016.01.23-04.08.57:552][444]LogUObjectHash:Warning: Ambiguous search, could be K2Node_CommutativeAssociativeBinaryOperator /Game/Blueprints/Player/GrowthCamera.GrowthCamera:IncrementResource.K2Node_CommutativeAssociativeBinaryOperator_71 or K2Node_CommutativeAssociativeBinaryOperator /Engine/ArtTools/RenderToTexture/Macros/RenderToTextureMacros.RenderToTextureMacros:Array to HLSL Code.K2Node_CommutativeAssociativeBinaryOperator_71
[2016.01.23-04.08.57:552][444]LogUObjectHash:Warning: Ambiguous search, could be K2Node_CommutativeAssociativeBinaryOperator /Game/Blueprints/Player/GrowthCamera.GrowthCamera:IncrementResource.K2Node_CommutativeAssociativeBinaryOperator_71 or K2Node_CommutativeAssociativeBinaryOperator /Game/Blueprints/Player/GrowthCamera.GrowthCamera:UpdateWater.K2Node_CommutativeAssociativeBinaryOperator_71
[2016.01.23-04.08.57:552][444]LogUObjectHash:Warning: Ambiguous search, could be K2Node_CommutativeAssociativeBinaryOperator /Game/Blueprints/Player/GrowthCamera.GrowthCamera:IncrementResource.K2Node_CommutativeAssociativeBinaryOperator_71 or K2Node_CommutativeAssociativeBinaryOperator /Engine/ArtTools/RenderToTexture/Macros/RenderToTextureMacros.RenderToTextureMacros:Array to HLSL Code.K2Node_CommutativeAssociativeBinaryOperator_71
[2016.01.23-04.08.57:552][444]LogUObjectHash:Warning: Ambiguous search, could be K2Node_CommutativeAssociativeBinaryOperator /Game/Blueprints/Player/GrowthCamera.GrowthCamera:IncrementResource.K2Node_CommutativeAssociativeBinaryOperator_71 or K2Node_CommutativeAssociativeBinaryOperator /Game/Blueprints/Player/GrowthCamera.GrowthCamera:UpdateWater.K2Node_CommutativeAssociativeBinaryOperator_71
[2016.01.23-04.08.57:553][444]LogUObjectHash:Warning: Ambiguous search, could be K2Node_VariableSet /Game/Blueprints/Player/GrowthCamera.GrowthCamera:IncrementResource.K2Node_VariableSet_1429 or K2Node_VariableSet /Game/Blueprints/Player/GrowthCamera.GrowthCamera:UpdateWater.K2Node_VariableSet_1429
[2016.01.23-04.08.57:553][444]LogUObjectHash:Warning: Ambiguous search, could be K2Node_VariableGet /Game/Blueprints/Player/GrowthCamera.GrowthCamera:IncrementResource.K2Node_VariableGet_1430 or K2Node_VariableGet /Game/Blueprints/Player/GrowthCamera.GrowthCamera:UpdateWater.K2Node_VariableGet_1430
[2016.01.23-04.09.02:290][981]LogEditorTransaction: Undo Move Nodes
[2016.01.23-04.09.03:074][ 28]LogEditorTransaction: Undo Paste clipboard contents
[2016.01.23-04.09.19:862][948]LogUObjectHash:Warning: Ambiguous search, could be K2Node_VariableGet /Game/Blueprints/Player/GrowthCamera.GrowthCamera:IncrementResource.K2Node_VariableGet_218 or K2Node_VariableGet /Game/Blueprints/Player/GrowthCamera.GrowthCamera:UpdateEnergy.K2Node_VariableGet_218
[2016.01.23-04.09.19:862][948]LogUObjectHash:Warning: Ambiguous search, could be K2Node_VariableGet /Game/Blueprints/Player/GrowthCamera.GrowthCamera:IncrementResource.K2Node_VariableGet_218 or K2Node_VariableGet /Game/Blueprints/Player/GrowthCamera.GrowthCamera:EdGraph_139.K2Node_VariableGet_218
[2016.01.23-04.09.19:862][948]LogUObjectHash:Warning: Ambiguous search, could be K2Node_VariableGet /Game/Blueprints/Player/GrowthCamera.GrowthCamera:IncrementResource.K2Node_VariableGet_218 or K2Node_VariableGet /Game/Blueprints/Player/GrowthCamera.GrowthCamera:EdGraph_127.K2Node_VariableGet_218
[2016.01.23-04.09.19:862][948]LogUObjectHash:Warning: Ambiguous search, could be K2Node_VariableGet /Game/Blueprints/Player/GrowthCamera.GrowthCamera:IncrementResource.K2Node_VariableGet_218 or K2Node_VariableGet /Game/Blueprints/Player/GrowthCamera.GrowthCamera:EdGraph_126.K2Node_VariableGet_218
[2016.01.23-04.09.19:862][948]LogUObjectHash:Warning: Ambiguous search, could be K2Node_VariableGet /Game/Blueprints/Player/GrowthCamera.GrowthCamera:IncrementResource.K2Node_VariableGet_218 or K2Node_VariableGet /Game/Blueprints/Player/GrowthCamera.GrowthCamera:UpdateWater.K2Node_VariableGet_218
[2016.01.23-04.09.19:862][948]LogUObjectHash:Warning: Ambiguous search, could be K2Node_VariableSet /Game/Blueprints/Player/GrowthCamera.GrowthCamera:IncrementResource.K2Node_VariableSet_249 or K2Node_VariableSet /Game/Blueprints/Player/GrowthCamera.GrowthCamera:EdGraph_127.K2Node_VariableSet_249
[2016.01.23-04.09.19:862][948]LogUObjectHash:Warning: Ambiguous search, could be K2Node_VariableSet /Game/Blueprints/Player/GrowthCamera.GrowthCamera:IncrementResource.K2Node_VariableSet_249 or K2Node_VariableSet /Game/Blueprints/Player/GrowthCamera.GrowthCamera:EdGraph_126.K2Node_VariableSet_249
[2016.01.23-04.09.19:862][948]LogUObjectHash:Warning: Ambiguous search, could be K2Node_VariableSet /Game/Blueprints/Player/GrowthCamera.GrowthCamera:IncrementResource.K2Node_VariableSet_249 or K2Node_VariableSet /Game/Blueprints/Player/GrowthCamera.GrowthCamera:UpdateWater.K2Node_VariableSet_249
[2016.01.23-04.09.19:862][948]LogUObjectHash:Warning: Ambiguous search, could be K2Node_VariableSet /Game/Blueprints/Player/GrowthCamera.GrowthCamera:IncrementResource.K2Node_VariableSet_249 or K2Node_VariableSet /Game/Blueprints/Player/GrowthCamera.GrowthCamera:EdGraph_139.K2Node_VariableSet_249
[2016.01.23-04.09.19:862][948]LogUObjectHash:Warning: Ambiguous search, could be K2Node_VariableSet /Game/Blueprints/Player/GrowthCamera.GrowthCamera:IncrementResource.K2Node_VariableSet_249 or K2Node_VariableSet /Game/Blueprints/Player/GrowthCamera.GrowthCamera:UpdateEnergy.K2Node_VariableSet_249
[2016.01.23-04.09.19:862][948]LogUObjectHash:Warning: Ambiguous search, could be K2Node_CallFunction /Game/Blueprints/Player/GrowthCamera.GrowthCamera:IncrementResource.K2Node_CallFunction_4326 or K2Node_CallFunction /Game/Blueprints/Player/GrowthCamera.GrowthCamera:UpdateEnergy.K2Node_CallFunction_4326
[2016.01.23-04.09.19:862][948]LogUObjectHash:Warning: Ambiguous search, could be K2Node_CallFunction /Game/Blueprints/Player/GrowthCamera.GrowthCamera:IncrementResource.K2Node_CallFunction_4326 or K2Node_CallFunction /Game/Blueprints/Player/GrowthCamera.GrowthCamera:EdGraph_139.K2Node_CallFunction_4326
[2016.01.23-04.09.19:862][948]LogUObjectHash:Warning: Ambiguous search, could be K2Node_CallFunction /Game/Blueprints/Player/GrowthCamera.GrowthCamera:IncrementResource.K2Node_CallFunction_4326 or K2Node_CallFunction /Game/Blueprints/Player/GrowthCamera.GrowthCamera:EdGraph_127.K2Node_CallFunction_4326
[2016.01.23-04.09.19:862][948]LogUObjectHash:Warning: Ambiguous search, could be K2Node_CallFunction /Game/Blueprints/Player/GrowthCamera.GrowthCamera:IncrementResource.K2Node_CallFunction_4326 or K2Node_CallFunction /Game/Blueprints/Player/GrowthCamera.GrowthCamera:EdGraph_126.K2Node_CallFunction_4326
[2016.01.23-04.09.19:862][948]LogUObjectHash:Warning: Ambiguous search, could be K2Node_CallFunction /Game/Blueprints/Player/GrowthCamera.GrowthCamera:IncrementResource.K2Node_CallFunction_4326 or K2Node_CallFunction /Game/Blueprints/Player/GrowthCamera.GrowthCamera:UpdateWater.K2Node_CallFunction_4326
[2016.01.23-04.09.19:863][948]LogUObjectHash:Warning: Ambiguous search, could be K2Node_CallFunction /Game/Blueprints/Player/GrowthCamera.GrowthCamera:IncrementResource.K2Node_CallFunction_5119 or K2Node_CallFunction /Game/Blueprints/Player/GrowthCamera.GrowthCamera:UpdateEnergy.K2Node_CallFunction_5119
[2016.01.23-04.09.19:863][948]LogUObjectHash:Warning: Ambiguous search, could be K2Node_CallFunction /Game/Blueprints/Player/GrowthCamera.GrowthCamera:IncrementResource.K2Node_CallFunction_5119 or K2Node_CallFunction /Game/Blueprints/Player/GrowthCamera.GrowthCamera:EdGraph_139.K2Node_CallFunction_5119
[2016.01.23-04.09.19:863][948]LogUObjectHash:Warning: Ambiguous search, could be K2Node_CallFunction /Game/Blueprints/Player/GrowthCamera.GrowthCamera:IncrementResource.K2Node_CallFunction_5119 or K2Node_CallFunction /Game/Blueprints/Player/GrowthCamera.GrowthCamera:EdGraph_127.K2Node_CallFunction_5119
[2016.01.23-04.09.19:863][948]LogUObjectHash:Warning: Ambiguous search, could be K2Node_CallFunction /Game/Blueprints/Player/GrowthCamera.GrowthCamera:IncrementResource.K2Node_CallFunction_5119 or K2Node_CallFunction /Game/Blueprints/Player/GrowthCamera.GrowthCamera:EdGraph_126.K2Node_CallFunction_5119
[2016.01.23-04.09.19:863][948]LogUObjectHash:Warning: Ambiguous search, could be K2Node_CallFunction /Game/Blueprints/Player/GrowthCamera.GrowthCamera:IncrementResource.K2Node_CallFunction_5119 or K2Node_CallFunction /Game/Blueprints/Player/GrowthCamera.GrowthCamera:UpdateWater.K2Node_CallFunction_5119
[2016.01.23-04.09.19:863][948]LogUObjectHash:Warning: Ambiguous search, could be K2Node_CallFunction /Game/Blueprints/Player/GrowthCamera.GrowthCamera:IncrementResource.K2Node_CallFunction_4326 or K2Node_CallFunction /Game/Blueprints/Player/GrowthCamera.GrowthCamera:UpdateEnergy.K2Node_CallFunction_4326
[2016.01.23-04.09.19:863][948]LogUObjectHash:Warning: Ambiguous search, could be K2Node_CallFunction /Game/Blueprints/Player/GrowthCamera.GrowthCamera:IncrementResource.K2Node_CallFunction_4326 or K2Node_CallFunction /Game/Blueprints/Player/GrowthCamera.GrowthCamera:EdGraph_139.K2Node_CallFunction_4326
[2016.01.23-04.09.19:863][948]LogUObjectHash:Warning: Ambiguous search, could be K2Node_CallFunction /Game/Blueprints/Player/GrowthCamera.GrowthCamera:IncrementResource.K2Node_CallFunction_4326 or K2Node_CallFunction /Game/Blueprints/Player/GrowthCamera.GrowthCamera:EdGraph_127.K2Node_CallFunction_4326
[2016.01.23-04.09.19:863][948]LogUObjectHash:Warning: Ambiguous search, could be K2Node_CallFunction /Game/Blueprints/Player/GrowthCamera.GrowthCamera:IncrementResource.K2Node_CallFunction_4326 or K2Node_CallFunction /Game/Blueprints/Player/GrowthCamera.GrowthCamera:EdGraph_126.K2Node_CallFunction_4326
[2016.01.23-04.09.19:863][948]LogUObjectHash:Warning: Ambiguous search, could be K2Node_CallFunction /Game/Blueprints/Player/GrowthCamera.GrowthCamera:IncrementResource.K2Node_CallFunction_4326 or K2Node_CallFunction /Game/Blueprints/Player/GrowthCamera.GrowthCamera:UpdateWater.K2Node_CallFunction_4326
[2016.01.23-04.09.19:863][948]LogUObjectHash:Warning: Ambiguous search, could be K2Node_CallFunction /Game/Blueprints/Player/GrowthCamera.GrowthCamera:IncrementResource.K2Node_CallFunction_5120 or K2Node_CallFunction /Game/Blueprints/Player/GrowthCamera.GrowthCamera:UpdateEnergy.K2Node_CallFunction_5120
[2016.01.23-04.09.19:863][948]LogUObjectHash:Warning: Ambiguous search, could be K2Node_CallFunction /Game/Blueprints/Player/GrowthCamera.GrowthCamera:IncrementResource.K2Node_CallFunction_5120 or K2Node_CallFunction /Game/Blueprints/Player/GrowthCamera.GrowthCamera:EdGraph_139.K2Node_CallFunction_5120
[2016.01.23-04.09.19:863][948]LogUObjectHash:Warning: Ambiguous search, could be K2Node_CallFunction /Game/Blueprints/Player/GrowthCamera.GrowthCamera:IncrementResource.K2Node_CallFunction_5120 or K2Node_CallFunction /Game/Blueprints/Player/GrowthCamera.GrowthCamera:EdGraph_127.K2Node_CallFunction_5120
[2016.01.23-04.09.19:863][948]LogUObjectHash:Warning: Ambiguous search, could be K2Node_CallFunction /Game/Blueprints/Player/GrowthCamera.GrowthCamera:IncrementResource.K2Node_CallFunction_5120 or K2Node_CallFunction /Game/Blueprints/Player/GrowthCamera.GrowthCamera:EdGraph_126.K2Node_CallFunction_5120
[2016.01.23-04.09.19:863][948]LogUObjectHash:Warning: Ambiguous search, could be K2Node_CallFunction /Game/Blueprints/Player/GrowthCamera.GrowthCamera:IncrementResource.K2Node_CallFunction_5120 or K2Node_CallFunction /Game/Blueprints/Player/GrowthCamera.GrowthCamera:UpdateWater.K2Node_CallFunction_5120
[2016.01.23-04.09.19:863][948]LogUObjectHash:Warning: Ambiguous search, could be K2Node_VariableSet /Game/Blueprints/Player/GrowthCamera.GrowthCamera:IncrementResource.K2Node_VariableSet_850 or K2Node_VariableSet /Game/Blueprints/Player/GrowthCamera.GrowthCamera:UpdateEnergy.K2Node_VariableSet_850
[2016.01.23-04.09.19:863][948]LogUObjectHash:Warning: Ambiguous search, could be K2Node_VariableSet /Game/Blueprints/Player/GrowthCamera.GrowthCamera:IncrementResource.K2Node_VariableSet_850 or K2Node_VariableSet /Game/Blueprints/Player/GrowthCamera.GrowthCamera:EdGraph_139.K2Node_VariableSet_850
[2016.01.23-04.09.19:863][948]LogUObjectHash:Warning: Ambiguous search, could be K2Node_VariableSet /Game/Blueprints/Player/GrowthCamera.GrowthCamera:IncrementResource.K2Node_VariableSet_850 or K2Node_VariableSet /Game/Blueprints/Player/GrowthCamera.GrowthCamera:EdGraph_127.K2Node_VariableSet_850
[2016.01.23-04.09.19:863][948]LogUObjectHash:Warning: Ambiguous search, could be K2Node_VariableSet /Game/Blueprints/Player/GrowthCamera.GrowthCamera:IncrementResource.K2Node_VariableSet_850 or K2Node_VariableSet /Game/Blueprints/Player/GrowthCamera.GrowthCamera:EdGraph_126.K2Node_VariableSet_850
[2016.01.23-04.09.19:863][948]LogUObjectHash:Warning: Ambiguous search, could be K2Node_VariableSet /Game/Blueprints/Player/GrowthCamera.GrowthCamera:IncrementResource.K2Node_VariableSet_850 or K2Node_VariableSet /Game/Blueprints/Player/GrowthCamera.GrowthCamera:UpdateWater.K2Node_VariableSet_850
[2016.01.23-04.09.19:863][948]LogUObjectHash:Warning: Ambiguous search, could be K2Node_IfThenElse /Game/Blueprints/Player/GrowthCamera.GrowthCamera:IncrementResource.K2Node_IfThenElse_235 or K2Node_IfThenElse /Game/Blueprints/Player/GrowthCamera.GrowthCamera:EdGraph_139.K2Node_IfThenElse_235
[2016.01.23-04.09.19:863][948]LogUObjectHash:Warning: Ambiguous search, could be K2Node_IfThenElse /Game/Blueprints/Player/GrowthCamera.GrowthCamera:IncrementResource.K2Node_IfThenElse_235 or K2Node_IfThenElse /Game/Blueprints/Player/GrowthCamera.GrowthCamera:EdGraph_126.K2Node_IfThenElse_235
[2016.01.23-04.09.19:864][948]LogUObjectHash:Warning: Ambiguous search, could be K2Node_VariableSet /Game/Blueprints/Player/GrowthCamera.GrowthCamera:IncrementResource.K2Node_VariableSet_850 or K2Node_VariableSet /Game/Blueprints/Player/GrowthCamera.GrowthCamera:UpdateEnergy.K2Node_VariableSet_850
[2016.01.23-04.09.19:864][948]LogUObjectHash:Warning: Ambiguous search, could be K2Node_VariableSet /Game/Blueprints/Player/GrowthCamera.GrowthCamera:IncrementResource.K2Node_VariableSet_850 or K2Node_VariableSet /Game/Blueprints/Player/GrowthCamera.GrowthCamera:EdGraph_139.K2Node_VariableSet_850
[2016.01.23-04.09.19:864][948]LogUObjectHash:Warning: Ambiguous search, could be K2Node_VariableSet /Game/Blueprints/Player/GrowthCamera.GrowthCamera:IncrementResource.K2Node_VariableSet_850 or K2Node_VariableSet /Game/Blueprints/Player/GrowthCamera.GrowthCamera:EdGraph_127.K2Node_VariableSet_850
[2016.01.23-04.09.19:864][948]LogUObjectHash:Warning: Ambiguous search, could be K2Node_VariableSet /Game/Blueprints/Player/GrowthCamera.GrowthCamera:IncrementResource.K2Node_VariableSet_850 or K2Node_VariableSet /Game/Blueprints/Player/GrowthCamera.GrowthCamera:EdGraph_126.K2Node_VariableSet_850
[2016.01.23-04.09.19:864][948]LogUObjectHash:Warning: Ambiguous search, could be K2Node_VariableSet /Game/Blueprints/Player/GrowthCamera.GrowthCamera:IncrementResource.K2Node_VariableSet_850 or K2Node_VariableSet /Game/Blueprints/Player/GrowthCamera.GrowthCamera:UpdateWater.K2Node_VariableSet_850
[2016.01.23-04.09.19:864][948]LogUObjectHash:Warning: Ambiguous search, could be K2Node_VariableSet /Game/Blueprints/Player/GrowthCamera.GrowthCamera:IncrementResource.K2Node_VariableSet_1429 or K2Node_VariableSet /Game/Blueprints/Player/GrowthCamera.GrowthCamera:UpdateEnergy.K2Node_VariableSet_1429
[2016.01.23-04.09.19:864][948]LogUObjectHash:Warning: Ambiguous search, could be K2Node_VariableSet /Game/Blueprints/Player/GrowthCamera.GrowthCamera:IncrementResource.K2Node_VariableSet_1429 or K2Node_VariableSet /Game/Blueprints/Player/GrowthCamera.GrowthCamera:EdGraph_139.K2Node_VariableSet_1429
[2016.01.23-04.09.19:864][948]LogUObjectHash:Warning: Ambiguous search, could be K2Node_VariableSet /Game/Blueprints/Player/GrowthCamera.GrowthCamera:IncrementResource.K2Node_VariableSet_1429 or K2Node_VariableSet /Game/Blueprints/Player/GrowthCamera.GrowthCamera:EdGraph_127.K2Node_VariableSet_1429
[2016.01.23-04.09.19:864][948]LogUObjectHash:Warning: Ambiguous search, could be K2Node_VariableSet /Game/Blueprints/Player/GrowthCamera.GrowthCamera:IncrementResource.K2Node_VariableSet_1429 or K2Node_VariableSet /Game/Blueprints/Player/GrowthCamera.GrowthCamera:EdGraph_126.K2Node_VariableSet_1429
[2016.01.23-04.09.19:864][948]LogUObjectHash:Warning: Ambiguous search, could be K2Node_VariableSet /Game/Blueprints/Player/GrowthCamera.GrowthCamera:IncrementResource.K2Node_VariableSet_1429 or K2Node_VariableSet /Game/Blueprints/Player/GrowthCamera.GrowthCamera:UpdateWater.K2Node_VariableSet_1429
[2016.01.23-04.09.19:864][948]LogUObjectHash:Warning: Ambiguous search, could be K2Node_VariableGet /Game/Blueprints/Player/GrowthCamera.GrowthCamera:IncrementResource.K2Node_VariableGet_2867 or K2Node_VariableGet /Game/Blueprints/Player/GrowthCamera.GrowthCamera:UpdateEnergy.K2Node_VariableGet_2867
[2016.01.23-04.09.19:864][948]LogUObjectHash:Warning: Ambiguous search, could be K2Node_VariableGet /Game/Blueprints/Player/GrowthCamera.GrowthCamera:IncrementResource.K2Node_VariableGet_2867 or K2Node_VariableGet /Game/Blueprints/Player/GrowthCamera.GrowthCamera:EdGraph_139.K2Node_VariableGet_2867
[2016.01.23-04.09.19:864][948]LogUObjectHash:Warning: Ambiguous search, could be K2Node_VariableGet /Game/Blueprints/Player/GrowthCamera.GrowthCamera:IncrementResource.K2Node_VariableGet_2867 or K2Node_VariableGet /Game/Blueprints/Player/GrowthCamera.GrowthCamera:EdGraph_127.K2Node_VariableGet_2867
[2016.01.23-04.09.19:864][948]LogUObjectHash:Warning: Ambiguous search, could be K2Node_VariableGet /Game/Blueprints/Player/GrowthCamera.GrowthCamera:IncrementResource.K2Node_VariableGet_2867 or K2Node_VariableGet /Game/Blueprints/Player/GrowthCamera.GrowthCamera:EdGraph_126.K2Node_VariableGet_2867
[2016.01.23-04.09.19:864][948]LogUObjectHash:Warning: Ambiguous search, could be K2Node_VariableGet /Game/Blueprints/Player/GrowthCamera.GrowthCamera:IncrementResource.K2Node_VariableGet_2867 or K2Node_VariableGet /Game/Blueprints/Player/GrowthCamera.GrowthCamera:UpdateWater.K2Node_VariableGet_2867
[2016.01.23-04.09.19:864][948]LogUObjectHash:Warning: Ambiguous search, could be K2Node_CallFunction /Game/Blueprints/Player/GrowthCamera.GrowthCamera:IncrementResource.K2Node_CallFunction_2697 or K2Node_CallFunction /Game/Blueprints/Player/GrowthCamera.GrowthCamera:EdGraph_139.K2Node_CallFunction_2697
[2016.01.23-04.09.19:864][948]LogUObjectHash:Warning: Ambiguous search, could be K2Node_CallFunction /Game/Blueprints/Player/GrowthCamera.GrowthCamera:IncrementResource.K2Node_CallFunction_2697 or K2Node_CallFunction /Game/Blueprints/Player/GrowthCamera.GrowthCamera:EdGraph_127.K2Node_CallFunction_2697
[2016.01.23-04.09.19:864][948]LogUObjectHash:Warning: Ambiguous search, could be K2Node_CallFunction /Game/Blueprints/Player/GrowthCamera.GrowthCamera:IncrementResource.K2Node_CallFunction_2697 or K2Node_CallFunction /Game/Blueprints/Player/GrowthCamera.GrowthCamera:EdGraph_126.K2Node_CallFunction_2697
[2016.01.23-04.09.19:864][948]LogUObjectHash:Warning: Ambiguous search, could be K2Node_CallFunction /Game/Blueprints/Player/GrowthCamera.GrowthCamera:IncrementResource.K2Node_CallFunction_2697 or K2Node_CallFunction /Game/Blueprints/Player/GrowthCamera.GrowthCamera:UpdateWater.K2Node_CallFunction_2697
[2016.01.23-04.09.19:864][948]LogUObjectHash:Warning: Ambiguous search, could be K2Node_CallFunction /Game/Blueprints/Player/GrowthCamera.GrowthCamera:IncrementResource.K2Node_CallFunction_2697 or K2Node_CallFunction /Game/Blueprints/Player/GrowthCamera.GrowthCamera:UpdateEnergy.K2Node_CallFunction_2697
[2016.01.23-04.09.19:865][948]LogUObjectHash:Warning: Ambiguous search, could be K2Node_CallFunction /Game/Blueprints/Player/GrowthCamera.GrowthCamera:IncrementResource.K2Node_CallFunction_2698 or K2Node_CallFunction /Game/Blueprints/Player/GrowthCamera.GrowthCamera:EdGraph_139.K2Node_CallFunction_2698
[2016.01.23-04.09.19:865][948]LogUObjectHash:Warning: Ambiguous search, could be K2Node_CallFunction /Game/Blueprints/Player/GrowthCamera.GrowthCamera:IncrementResource.K2Node_CallFunction_2698 or K2Node_CallFunction /Game/Blueprints/Player/GrowthCamera.GrowthCamera:EdGraph_127.K2Node_CallFunction_2698
[2016.01.23-04.09.19:865][948]LogUObjectHash:Warning: Ambiguous search, could be K2Node_CallFunction /Game/Blueprints/Player/GrowthCamera.GrowthCamera:IncrementResource.K2Node_CallFunction_2698 or K2Node_CallFunction /Game/Blueprints/Player/GrowthCamera.GrowthCamera:EdGraph_126.K2Node_CallFunction_2698
[2016.01.23-04.09.19:865][948]LogUObjectHash:Warning: Ambiguous search, could be K2Node_CallFunction /Game/Blueprints/Player/GrowthCamera.GrowthCamera:IncrementResource.K2Node_CallFunction_2698 or K2Node_CallFunction /Game/Blueprints/Player/GrowthCamera.GrowthCamera:UpdateWater.K2Node_CallFunction_2698
[2016.01.23-04.09.19:865][948]LogUObjectHash:Warning: Ambiguous search, could be K2Node_CallFunction /Game/Blueprints/Player/GrowthCamera.GrowthCamera:IncrementResource.K2Node_CallFunction_2698 or K2Node_CallFunction /Game/Blueprints/Player/GrowthCamera.GrowthCamera:UpdateEnergy.K2Node_CallFunction_2698
[2016.01.23-04.09.19:865][948]LogUObjectHash:Warning: Ambiguous search, could be K2Node_CommutativeAssociativeBinaryOperator /Game/Blueprints/Player/GrowthCamera.GrowthCamera:IncrementResource.K2Node_CommutativeAssociativeBinaryOperator_71 or K2Node_CommutativeAssociativeBinaryOperator /Game/Blueprints/Player/GrowthCamera.GrowthCamera:UpdateEnergy.K2Node_CommutativeAssociativeBinaryOperator_71
[2016.01.23-04.09.19:865][948]LogUObjectHash:Warning: Ambiguous search, could be K2Node_CommutativeAssociativeBinaryOperator /Game/Blueprints/Player/GrowthCamera.GrowthCamera:IncrementResource.K2Node_CommutativeAssociativeBinaryOperator_71 or K2Node_CommutativeAssociativeBinaryOperator /Game/Blueprints/Player/GrowthCamera.GrowthCamera:EdGraph_127.K2Node_CommutativeAssociativeBinaryOperator_71
[2016.01.23-04.09.19:865][948]LogUObjectHash:Warning: Ambiguous search, could be K2Node_CommutativeAssociativeBinaryOperator /Game/Blueprints/Player/GrowthCamera.GrowthCamera:IncrementResource.K2Node_CommutativeAssociativeBinaryOperator_71 or K2Node_CommutativeAssociativeBinaryOperator /Game/Blueprints/Player/GrowthCamera.GrowthCamera:EdGraph_139.K2Node_CommutativeAssociativeBinaryOperator_71
[2016.01.23-04.09.19:865][948]LogUObjectHash:Warning: Ambiguous search, could be K2Node_CommutativeAssociativeBinaryOperator /Game/Blueprints/Player/GrowthCamera.GrowthCamera:IncrementResource.K2Node_CommutativeAssociativeBinaryOperator_71 or K2Node_CommutativeAssociativeBinaryOperator /Engine/ArtTools/RenderToTexture/Macros/RenderToTextureMacros.RenderToTextureMacros:Array to HLSL Code.K2Node_CommutativeAssociativeBinaryOperator_71
[2016.01.23-04.09.19:865][948]LogUObjectHash:Warning: Ambiguous search, could be K2Node_CommutativeAssociativeBinaryOperator /Game/Blueprints/Player/GrowthCamera.GrowthCamera:IncrementResource.K2Node_CommutativeAssociativeBinaryOperator_71 or K2Node_CommutativeAssociativeBinaryOperator /Game/Blueprints/Player/GrowthCamera.GrowthCamera:EdGraph_126.K2Node_CommutativeAssociativeBinaryOperator_71
[2016.01.23-04.09.19:865][948]LogUObjectHash:Warning: Ambiguous search, could be K2Node_CommutativeAssociativeBinaryOperator /Game/Blueprints/Player/GrowthCamera.GrowthCamera:IncrementResource.K2Node_CommutativeAssociativeBinaryOperator_71 or K2Node_CommutativeAssociativeBinaryOperator /Game/Blueprints/Player/GrowthCamera.GrowthCamera:UpdateWater.K2Node_CommutativeAssociativeBinaryOperator_71
[2016.01.23-04.09.19:865][948]LogUObjectHash:Warning: Ambiguous search, could be K2Node_CommutativeAssociativeBinaryOperator /Game/Blueprints/Player/GrowthCamera.GrowthCamera:IncrementResource.K2Node_CommutativeAssociativeBinaryOperator_71 or K2Node_CommutativeAssociativeBinaryOperator /Game/Blueprints/Player/GrowthCamera.GrowthCamera:UpdateEnergy.K2Node_CommutativeAssociativeBinaryOperator_71
[2016.01.23-04.09.19:865][948]LogUObjectHash:Warning: Ambiguous search, could be K2Node_CommutativeAssociativeBinaryOperator /Game/Blueprints/Player/GrowthCamera.GrowthCamera:IncrementResource.K2Node_CommutativeAssociativeBinaryOperator_71 or K2Node_CommutativeAssociativeBinaryOperator /Game/Blueprints/Player/GrowthCamera.GrowthCamera:EdGraph_127.K2Node_CommutativeAssociativeBinaryOperator_71
[2016.01.23-04.09.19:865][948]LogUObjectHash:Warning: Ambiguous search, could be K2Node_CommutativeAssociativeBinaryOperator /Game/Blueprints/Player/GrowthCamera.GrowthCamera:IncrementResource.K2Node_CommutativeAssociativeBinaryOperator_71 or K2Node_CommutativeAssociativeBinaryOperator /Game/Blueprints/Player/GrowthCamera.GrowthCamera:EdGraph_139.K2Node_CommutativeAssociativeBinaryOperator_71
[2016.01.23-04.09.19:865][948]LogUObjectHash:Warning: Ambiguous search, could be K2Node_CommutativeAssociativeBinaryOperator /Game/Blueprints/Player/GrowthCamera.GrowthCamera:IncrementResource.K2Node_CommutativeAssociativeBinaryOperator_71 or K2Node_CommutativeAssociativeBinaryOperator /Engine/ArtTools/RenderToTexture/Macros/RenderToTextureMacros.RenderToTextureMacros:Array to HLSL Code.K2Node_CommutativeAssociativeBinaryOperator_71
[2016.01.23-04.09.19:865][948]LogUObjectHash:Warning: Ambiguous search, could be K2Node_CommutativeAssociativeBinaryOperator /Game/Blueprints/Player/GrowthCamera.GrowthCamera:IncrementResource.K2Node_CommutativeAssociativeBinaryOperator_71 or K2Node_CommutativeAssociativeBinaryOperator /Game/Blueprints/Player/GrowthCamera.GrowthCamera:EdGraph_126.K2Node_CommutativeAssociativeBinaryOperator_71
[2016.01.23-04.09.19:865][948]LogUObjectHash:Warning: Ambiguous search, could be K2Node_CommutativeAssociativeBinaryOperator /Game/Blueprints/Player/GrowthCamera.GrowthCamera:IncrementResource.K2Node_CommutativeAssociativeBinaryOperator_71 or K2Node_CommutativeAssociativeBinaryOperator /Game/Blueprints/Player/GrowthCamera.GrowthCamera:UpdateWater.K2Node_Com