[2016.01.03-22.20.29:989][  0]Log file open, 01/03/16 17:20:29
[2016.01.03-22.20.29:989][  0]LogInit:Display: Running engine for game: Growth
[2016.01.03-22.20.29:989][  0]LogPlatformFile: Not using cached read wrapper
[2016.01.03-22.20.29:989][  0]LogInit:Display: RandInit(-1979038244) SRandInit(-1979038239).
[2016.01.03-22.20.29:989][  0]LogTaskGraph: Started task graph with 4 named threads and 5 total threads.
[2016.01.03-22.20.29:989][  0]LogStats: Stats thread started at 0.305109
[2016.01.03-22.20.29:989][  0]LogInit: Version: 4.10.0-2758231+++depot+UE4-Releases+4.10
[2016.01.03-22.20.29:989][  0]LogInit: API Version: 2758231
[2016.01.03-22.20.29:989][  0]LogInit: Compiled (64-bit): Nov  7 2015 05:13:45
[2016.01.03-22.20.29:989][  0]LogInit: Compiled with Visual C++: 19.00.23026.00
[2016.01.03-22.20.29:989][  0]LogInit: Build Configuration: Development
[2016.01.03-22.20.29:989][  0]LogInit: Branch Name: ++depot+UE4-Releases+4.10
[2016.01.03-22.20.29:989][  0]LogInit: Command line:  
[2016.01.03-22.20.29:989][  0]LogInit: Base directory: C:/Program Files/Epic Games/4.10/Engine/Binaries/Win64/
[2016.01.03-22.20.29:989][  0]LogInit: Rocket: 1
[2016.01.03-22.20.30:022][  0]LogInit: Using libcurl 7.41.0
[2016.01.03-22.20.30:022][  0]LogInit:  - built for x86_64-pc-win32
[2016.01.03-22.20.30:022][  0]LogInit:  - supports SSL with WinSSL
[2016.01.03-22.20.30:022][  0]LogInit:  - other features:
[2016.01.03-22.20.30:022][  0]LogInit:      CURL_VERSION_SSL
[2016.01.03-22.20.30:022][  0]LogInit:      CURL_VERSION_IPV6
[2016.01.03-22.20.30:022][  0]LogInit:      CURL_VERSION_ASYNCHDNS
[2016.01.03-22.20.30:022][  0]LogInit:      CURL_VERSION_LARGEFILE
[2016.01.03-22.20.30:022][  0]LogInit:      CURL_VERSION_IDN
[2016.01.03-22.20.30:023][  0]LogInit:  CurlRequestOptions (configurable via config and command line):
[2016.01.03-22.20.30:023][  0]LogInit:  - bVerifyPeer = true  - Libcurl will verify peer certificate
[2016.01.03-22.20.30:023][  0]LogInit:  - bUseHttpProxy = false  - Libcurl will NOT use HTTP proxy
[2016.01.03-22.20.30:023][  0]LogInit:  - bDontReuseConnections = false  - Libcurl will reuse connections
[2016.01.03-22.20.30:023][  0]LogInit:  - CertBundlePath = nullptr  - Libcurl will use whatever was configured at build time.
[2016.01.03-22.20.30:063][  0]LogInit: Presizing for 0 objects not considered by GC, pre-allocating 0 bytes.
[2016.01.03-22.20.30:115][  0]LogInit: Object subsystem initialized
[2016.01.03-22.20.30:119][  0]LogInit: Selected Device Profile: [Windows]
[2016.01.03-22.20.30:119][  0]LogInit: Applying CVar settings loaded from the selected device profile: [Windows]
[2016.01.03-22.20.30:321][  0]LogInit: Computer: AFROSAMURAI
[2016.01.03-22.20.30:321][  0]LogInit: User: Jarrett
[2016.01.03-22.20.30:321][  0]LogInit: CPU Page size=4096, Cores=2
[2016.01.03-22.20.30:321][  0]LogInit: High frequency timer resolution =2.115883 MHz
[2016.01.03-22.20.30:321][  0]LogMemory: Memory total: Physical=3.9GB (4GB approx)
[2016.01.03-22.20.30:321][  0]LogMemory: Platform Memory Stats for Windows
[2016.01.03-22.20.30:321][  0]LogMemory: Process Physical Memory: 54.36 MB used, 54.36 MB peak
[2016.01.03-22.20.30:321][  0]LogMemory: Process Virtual Memory: 57.30 MB used, 57.30 MB peak
[2016.01.03-22.20.30:321][  0]LogMemory: Physical Memory: 1831.50 MB used, 3979.20 MB total
[2016.01.03-22.20.30:321][  0]LogMemory: Virtual Memory: 360.35 MB used, 134217728.00 MB total
[2016.01.03-22.20.31:082][  0]LogTextLocalizationManager: No specific translations for ('en-US') exist, so ('en') translations will be used.
[2016.01.03-22.20.33:674][  0]LogD3D11RHI: Found D3D11 adapter 0: Intel(R) HD Graphics (Feature Level 11_0)
[2016.01.03-22.20.33:674][  0]LogD3D11RHI: Adapter has 32MB of dedicated video memory, 0MB of dedicated system memory, and 1760MB of shared system memory, 1 output[s]
[2016.01.03-22.20.33:678][  0]LogD3D11RHI: Found D3D11 adapter 1: Microsoft Basic Render Driver (Feature Level 11_0)
[2016.01.03-22.20.33:679][  0]LogD3D11RHI: Adapter has 0MB of dedicated video memory, 0MB of dedicated system memory, and 256MB of shared system memory, 0 output[s]
[2016.01.03-22.20.33:679][  0]LogD3D11RHI: Chosen D3D11 Adapter Id = 0
[2016.01.03-22.20.33:703][  0]LogD3D11RHI: !Direct3DDevice
[2016.01.03-22.20.33:703][  0]LogRHI: Texture pool is 638 MB (70% of 912 MB)
[2016.01.03-22.20.33:714][  0]LogD3D11RHI: Async texture creation enabled
[2016.01.03-22.20.33:763][  0]LogShaderCompilers: Guid format shader working directory is -17 characters bigger than the processId version (../../../../../../Users/Jarrett/Documents/Unreal Projects/Growth/Intermediate/Shaders/WorkingDirectory/53884/).
[2016.01.03-22.20.33:764][  0]LogShaderCompilers: Cleaned the shader compiler working directory 'C:/Users/Jarrett/AppData/Local/Temp/UnrealShaderWorkingDir/E61A9A2F49EFA97FA677F1BD3B44C9BA/'.
[2016.01.03-22.20.33:764][  0]LogShaderCompilers:Display: Using Local Shader Compiler.
[2016.01.03-22.20.45:110][  0]LogTemp:Display: Loaded TP AllDesktopTargetPlatform
[2016.01.03-22.20.45:133][  0]LogTemp:Display: Loaded TP WindowsClientTargetPlatform
[2016.01.03-22.20.45:153][  0]LogTemp:Display: Loaded TP WindowsNoEditorTargetPlatform
[2016.01.03-22.20.45:171][  0]LogTemp:Display: Loaded TP WindowsServerTargetPlatform
[2016.01.03-22.20.45:190][  0]LogTemp:Display: Loaded TP WindowsTargetPlatform
[2016.01.03-22.20.45:207][  0]LogTemp:Display: Loaded TP AndroidTargetPlatform
[2016.01.03-22.20.45:219][  0]LogTemp:Display: Loaded TP Android_ASTCTargetPlatform
[2016.01.03-22.20.45:229][  0]LogTemp:Display: Loaded TP Android_ATCTargetPlatform
[2016.01.03-22.20.45:242][  0]LogTemp:Display: Loaded TP Android_DXTTargetPlatform
[2016.01.03-22.20.45:252][  0]LogTemp:Display: Loaded TP Android_ETC1TargetPlatform
[2016.01.03-22.20.45:263][  0]LogTemp:Display: Loaded TP Android_ETC2TargetPlatform
[2016.01.03-22.20.45:287][  0]LogTemp:Display: Loaded TP Android_MultiTargetPlatform
[2016.01.03-22.20.45:287][  0]LogTemp:Display: Loaded TP Android_PVRTCTargetPlatform
[2016.01.03-22.20.45:290][  0]LogTemp:Display: Loaded TP HTML5TargetPlatform
[2016.01.03-22.20.45:325][  0]LogTemp:Display: Loaded TP IOSTargetPlatform
[2016.01.03-22.20.45:335][  0]LogTemp:Display: Loaded TP LinuxNoEditorTargetPlatform
[2016.01.03-22.20.45:345][  0]LogTemp:Display: Loaded TP LinuxServerTargetPlatform
[2016.01.03-22.20.45:382][  0]LogTemp:Display: Loaded TP LinuxTargetPlatform
[2016.01.03-22.20.45:383][  0]LogTargetPlatformManager:Display: Building Assets For Windows
[2016.01.03-22.20.45:721][  0]LogDerivedDataCache:Display: Max Cache Size: 512 MB
[2016.01.03-22.20.46:357][  0]LogDerivedDataCache: Loaded boot cache 0.63s 41MB C:/Users/Jarrett/AppData/Local/UnrealEngine/4.10/DerivedDataCache/Boot.ddc.
[2016.01.03-22.20.46:357][  0]LogDerivedDataCache:Display: Loaded Boot cache: C:/Users/Jarrett/AppData/Local/UnrealEngine/4.10/DerivedDataCache/Boot.ddc
[2016.01.03-22.20.46:357][  0]LogDerivedDataCache: FDerivedDataBackendGraph:  Pak pak cache file ../../../../../../Users/Jarrett/Documents/Unreal Projects/Growth/DerivedDataCache/DDC.ddp not found, will not use a pak cache.
[2016.01.03-22.20.46:357][  0]LogDerivedDataCache: Unable to find inner node Pak for hierarchical cache Hierarchy.
[2016.01.03-22.20.46:357][  0]LogDerivedDataCache: FDerivedDataBackendGraph:  CompressedPak pak cache file ../../../../../../Users/Jarrett/Documents/Unreal Projects/Growth/DerivedDataCache/Compressed.ddp not found, will not use a pak cache.
[2016.01.03-22.20.46:357][  0]LogDerivedDataCache: Unable to find inner node CompressedPak for hierarchical cache Hierarchy.
[2016.01.03-22.20.46:549][  0]LogDerivedDataCache:Display: Pak cache opened for reading ../../../Engine/DerivedDataCache/Compressed.ddp.
[2016.01.03-22.20.46:565][  0]LogDerivedDataCache: Using Local data cache path C:/Users/Jarrett/AppData/Local/UnrealEngine/Common/DerivedDataCache: Writable
[2016.01.03-22.20.47:380][  0]LogInit: Selected Device Profile: [Windows]
[2016.01.03-22.20.47:391][  0]LogContentStreaming: Texture pool size is 0.000000MB
[2016.01.03-22.20.47:853][  0]LogMeshUtilities: No automatic mesh reduction module available
[2016.01.03-22.20.47:853][  0]LogMeshUtilities: No automatic mesh merging module available
[2016.01.03-22.20.48:917][  0]LogInit: WinSock: version 1.1 (2.2), MaxSocks=32767, MaxUdp=65467
[2016.01.03-22.21.23:881][  0]UdpMessaging: Initializing bridge on interface 0.0.0.0:0 to multicast group 230.0.0.1:6666.
[2016.01.03-22.21.23:884][  0]FUdpSocketBuilder: Failed to create the socket UdpMessageMulticastSocket as configured
[2016.01.03-22.21.23:884][  0]UdpMessageTransport.StartTransport: Failed to create multicast socket on 0.0.0.0:0, joined to 230.0.0.1:6666 with TTL 1
[2016.01.03-22.21.24:460][  0]LogAssetRegistry: FAssetRegistry took 0.0118 seconds to start up
[2016.01.03-22.21.25:285][  0]SourceControl: Info Source control is disabled
[2016.01.03-22.21.25:659][  0]SourceControl: Info Source control is disabled
[2016.01.03-22.21.25:729][  0]SourceControl: Info Source control is disabled
[2016.01.03-22.21.25:807][  0]SourceControl: Info Source control is disabled
[2016.01.03-22.21.27:089][  0]LogObj: 28633 objects as part of root set at end of initial load.
[2016.01.03-22.21.27:089][  0]LogUObjectAllocator: 6099744 out of 0 bytes used by permanent object pool.
[2016.01.03-22.21.27:308][  0]LogEngine: Initializing Engine...
[2016.01.03-22.21.27:317][  0]LogHMD: Can't find Oculus library dev build: is proper Runtime installed? Version: 0.8.0.0
[2016.01.03-22.21.27:319][  0]LogHMD: SteamVR failed to initialize.  Err: 110
[2016.01.03-22.21.27:902][  0]LogAIModule: Creating AISystem for world NewWorld
[2016.01.03-22.21.27:941][  0]LogInit: XAudio2 using 'Speakers / Headphones (Realtek High Definition Audio)' : 2 channels at 48 kHz using 32 bits per sample (channel mask 0x3)
[2016.01.03-22.21.28:070][  0]LogInit: FAudioDevice initialized.
[2016.01.03-22.21.28:193][  0]LogDerivedDataCache: Saved boot cache 0.12s 41MB C:/Users/Jarrett/AppData/Local/UnrealEngine/4.10/DerivedDataCache/Boot.ddc.
[2016.01.03-22.21.28:230][  0]LogInit: Texture streaming: Enabled
[2016.01.03-22.21.28:255][  0]LogAnalytics: Creating configured Analytics provider AnalyticsET
[2016.01.03-22.21.28:255][  0]LogAnalytics: [UEEditor.Rocket.Release] APIServer = http://et2.epicgames.com/ET2/. AppVersion = 4.10.0-2758231+++depot+UE4-Releases+4.10
[2016.01.03-22.21.28:255][  0]LogAnalytics: [UEEditor.Rocket.Release] SetUserId 93b29878417f9088b5800ca2e0039b3b|f113f3cbb9d24d94ab3a8fb7882774bd|b334267d-5e6f-44f6-85bd-ab2ff5d840ef
[2016.01.03-22.21.28:255][  0]LogAnalytics: [UEEditor.Rocket.Release] AnalyticsET::StartSession
[2016.01.03-22.21.28:374][  0]LogInit: Transaction tracking system initialized
[2016.01.03-22.21.28:503][  0]BlueprintLog: New page: Editor Load
[2016.01.03-22.21.29:002][  0]LocalizationService: Info Localization service is disabled
[2016.01.03-22.21.29:313][  0]LogLinker:Warning: Can't find file '/Game/Growth/2DSideScrollerOverview'
[2016.01.03-22.21.29:314][  0]LogLinker:Warning: Can't find file '/Game/Growth/2DSideScrollerOverview'
[2016.01.03-22.21.29:314][  0]LogUObjectGlobals:Warning: Failed to find object 'Class /Game/Growth/2DSideScrollerOverview.2DSideScrollerOverview_C'
[2016.01.03-22.21.30:176][  0]LogConsoleResponse:Display: 
[2016.01.03-22.21.30:829][  0]LogCook:Display: Done creating registry. It took  0.00s.
[2016.01.03-22.21.31:501][  0]LogFileCache: Scanning file cache for directory 'C:/Users/Jarrett/Documents/Unreal Projects/Growth/Content/' took 0.04s
[2016.01.03-22.21.31:521][  0]SourceControl: Info Source control is disabled
[2016.01.03-22.21.31:521][  0]Cmd: MAP LOAD FILE="../../../../../../Users/Jarrett/Documents/Unreal Projects/Growth/Content/Maps/ExampleMap.umap" TEMPLATE=0 SHOWPROGRESS=1 FEATURELEVEL=3
[2016.01.03-22.21.31:523][  0]LightingResults: New page: Lighting Build
[2016.01.03-22.21.31:541][  0]MapCheck: New page: Map Check
[2016.01.03-22.21.31:541][  0]LightingResults: New page: Lighting Build
[2016.01.03-22.21.31:606][  0]LogParticles: Destroying 0 GPU particle simulations for FXSystem 0x000000996E622AC0
[2016.01.03-22.21.31:652][  0]LogAIModule: Creating AISystem for world ExampleMap
[2016.01.03-22.21.31:659][  0]LogEditorServer: Finished looking for orphan Actors (0.000 secs)
[2016.01.03-22.21.31:660][  0]Cmd: MAP CHECKDEP NOCLEARLOG
[2016.01.03-22.21.31:931][  0]MapCheck: Info Map check complete: 0 Error(s), 0 Warning(s), took 270.324ms to complete.
[2016.01.03-22.21.31:931][  0]LogFileHelpers: Loading map 'ExampleMap' took 0.410
[2016.01.03-22.21.32:337][  0]LogCollectionManager: Loaded 0 collections in 0.009573 seconds
[2016.01.03-22.21.32:393][  0]LogFileCache: Scanning file cache for directory 'C:/Users/Jarrett/Documents/Unreal Projects/Growth/Saved/Collections/' took 0.02s
[2016.01.03-22.21.32:393][  0]LogFileCache: Scanning file cache for directory 'C:/Users/Jarrett/Documents/Unreal Projects/Growth/Content/Developers/Jarrett/Collections/' took 0.02s
[2016.01.03-22.21.32:393][  0]LogFileCache: Scanning file cache for directory 'C:/Users/Jarrett/Documents/Unreal Projects/Growth/Content/Collections/' took 0.00s
[2016.01.03-22.21.32:393][  0]LogCollectionManager: Rebuilt the GUID cache for 0 collections in 0.000003 seconds
[2016.01.03-22.21.32:432][  0]LogContentBrowser: Native class hierarchy populated in 0.0389 seconds. Added 1893 classes and 338 folders.
[2016.01.03-22.21.32:486][  0]LogContentBrowser: Native class hierarchy updated for 'WidgetCarousel' in 0.0029 seconds. Added 0 classes and 0 folders.
[2016.01.03-22.21.33:935][  0]LogContentBrowser: Native class hierarchy updated for 'AddContentDialog' in 0.0013 seconds. Added 0 classes and 0 folders.
[2016.01.03-22.21.33:960][  0]LogContentBrowser: Native class hierarchy updated for 'SceneOutliner' in 0.0011 seconds. Added 1 classes and 2 folders.
[2016.01.03-22.21.34:150][  0]LogCrashTracker: Crashtracker disabled due to settings.
[2016.01.03-22.21.34:246][  0]LogUObjectGlobals:Warning: Failed to find object 'Class None.'
[2016.01.03-22.21.34:277][  0]LogLoad: Full Startup: 69.10 seconds (BP compile: 0.12 seconds)
[2016.01.03-22.21.34:314][  0]LogOcInput: Can't find Oculus library dev build: is proper Runtime installed? Version: 0.8.0.0
[2016.01.03-22.21.34:494][  0]LogContentStreaming: Texture pool size now 200 MB
[2016.01.03-22.21.34:876][  0]LogRenderer: Reallocating scene render targets to support 856x368 (Frame:2).
[2016.01.03-22.21.36:022][  5]LogAssetRegistry: Asset discovery search completed in 11.5737 seconds
[2016.01.03-22.21.36:023][  5]LogCollectionManager: Rebuilt the object cache for 0 collections in 0.000001 seconds (found 0 objects)
[2016.01.03-22.21.36:023][  5]LogCollectionManager: Fixed up redirectors for 0 collections in 0.000060 seconds (updated 0 objects)
[2016.01.03-22.21.41:299][ 81]LogLinker:Warning: Asset '../../../Engine/Content/ArtTools/RenderToTexture/Macros/RenderToTextureMacros.uasset' has been saved with empty engine version. The asset will be loaded but may be incompatible.
[2016.01.03-22.21.43:560][ 81]LogContentBrowser: Native class hierarchy updated for 'BlueprintGraph' in 0.0027 seconds. Added 107 classes and 0 folders.
[2016.01.03-22.21.59:818][261]BlueprintLog: New page: Compile Pause
[2016.01.03-22.22.00:157][261]BlueprintEditorCompileResults: Info [0094.98] Compile of Pause successful! [in 338 ms]
[2016.01.03-22.22.04:078][298]LogActor:Warning: GameNetworkManager /Engine/Transient.World_6:PersistentLevel.GameNetworkManager_0 has natively added scene component(s), but none of them were set as the actor's RootComponent - picking one arbitrarily
[2016.01.03-22.22.39:387][772]LogMetaData: Removing '/Game/Blueprints/Level_GameMode.Level_GameMode_C' ref from Metadata '/Game/Blueprints/Main_GameMode.PackageMetaData'
[2016.01.03-22.22.39:387][772]LogMetaData: Removing '/Game/Blueprints/Level_GameMode.Level_GameMode:UserConstructionScript.K2Node_FunctionEntry_38' ref from Metadata '/Game/Blueprints/Main_GameMode.PackageMetaData'
[2016.01.03-22.22.39:387][772]LogMetaData: Removing '/Game/Blueprints/Level_GameMode.Level_GameMode:EventGraph.K2Node_Event_12' ref from Metadata '/Game/Blueprints/Main_GameMode.PackageMetaData'
[2016.01.03-22.22.39:388][772]LogMetaData: Removing '/Game/Blueprints/Level_GameMode.Level_GameMode:EventGraph.K2Node_Event_13' ref from Metadata '/Game/Blueprints/Main_GameMode.PackageMetaData'
[2016.01.03-22.22.39:388][772]LogMetaData: Removing '/Game/Blueprints/Level_GameMode.SKEL_Level_GameMode_C' ref from Metadata '/Game/Blueprints/Main_GameMode.PackageMetaData'
[2016.01.03-22.22.39:477][772]Cmd: OBJ SAVEPACKAGE PACKAGE="/Game/Blueprints/Level_GameMode" FILE="../../../../../../Users/Jarrett/Documents/Unreal Projects/Growth/Content/Blueprints/Level_GameMode.uasset" SILENT=true
[2016.01.03-22.22.39:558][772]LogSavePackage: Save=56.528172ms
[2016.01.03-22.22.39:559][772]LogSavePackage: Moving '../../../../../../Users/Jarrett/Documents/Unreal Projects/Growth/Saved/Level_GameMode784C6312414D39DDD1403F971DAA86E7.tmp' to '../../../../../../Users/Jarrett/Documents/Unreal Projects/Growth/Content/Blueprints/Level_GameMode.uasset'
[2016.01.03-22.22.39:570][772]LogSavePackage: Total save time: 86.154576ms
[2016.01.03-22.22.39:570][772]LogSavePackage:Display: Finished SavePackage ../../../../../../Users/Jarrett/Documents/Unreal Projects/Growth/Content/Blueprints/Level_GameMode.uasset
[2016.01.03-22.22.39:621][772]Cmd: OBJ SAVEPACKAGE PACKAGE="/Game/Blueprints/Main_GameMode" FILE="../../../../../../Users/Jarrett/Documents/Unreal Projects/Growth/Content/Blueprints/Main_GameMode.uasset" SILENT=true
[2016.01.03-22.22.39:656][772]LogSavePackage: Save=22.237997ms
[2016.01.03-22.22.39:656][772]LogSavePackage: Moving '../../../../../../Users/Jarrett/Documents/Unreal Projects/Growth/Saved/Main_GameMode498D0E544E41DCD205C712AB75C42532.tmp' to '../../../../../../Users/Jarrett/Documents/Unreal Projects/Growth/Content/Blueprints/Main_GameMode.uasset'
[2016.01.03-22.22.39:669][772]LogSavePackage: Total save time: 40.828817ms
[2016.01.03-22.22.39:669][772]LogSavePackage:Display: Finished SavePackage ../../../../../../Users/Jarrett/Documents/Unreal Projects/Growth/Content/Blueprints/Main_GameMode.uasset
[2016.01.03-22.22.58:735][ 21]LogActor:Warning: GameNetworkManager /Engine/Transient.World_7:PersistentLevel.GameNetworkManager_1 has natively added scene component(s), but none of them were set as the actor's RootComponent - picking one arbitrarily
[2016.01.03-22.22.58:868][ 22]LogRenderer: Reallocating scene render targets to support 856x460 (Frame:492).
[2016.01.03-22.23.09:099][155]LogSlate:Warning: Prevented a slow task dialog from being summoned while a context menu was open
[2016.01.03-22.23.15:342][248]LogAIModule: Creating AISystem for world MainMenu
[2016.01.03-22.23.17:417][248]Cmd: OBJ SAVEPACKAGE PACKAGE="/Game/Blueprints/MainMenu_GameMode" FILE="../../../../../../Users/Jarrett/Documents/Unreal Projects/Growth/Content/Blueprints/MainMenu_GameMode.uasset" SILENT=true
[2016.01.03-22.23.17:473][248]LogSavePackage: Save=46.940212ms
[2016.01.03-22.23.17:473][248]LogSavePackage: Moving '../../../../../../Users/Jarrett/Documents/Unreal Projects/Growth/Saved/MainMenu_GameMode648E923D4A8A302A61DDC684D04F0163.tmp' to '../../../../../../Users/Jarrett/Documents/Unreal Projects/Growth/Content/Blueprints/MainMenu_GameMode.uasset'
[2016.01.03-22.23.17:484][248]LogSavePackage: Total save time: 58.692284ms
[2016.01.03-22.23.17:484][248]LogSavePackage:Display: Finished SavePackage ../../../../../../Users/Jarrett/Documents/Unreal Projects/Growth/Content/Blueprints/MainMenu_GameMode.uasset
[2016.01.03-22.23.17:489][248]Cmd: MAP LOAD FILE="../../../../../../Users/Jarrett/Documents/Unreal Projects/Growth/Content/Maps/MainMenu.umap" TEMPLATE=0 SHOWPROGRESS=1 FEATURELEVEL=3
[2016.01.03-22.23.17:489][248]LightingResults: New page: Lighting Build
[2016.01.03-22.23.17:558][248]LoadErrors: New page: Loading map: MainMenu.umap
[2016.01.03-22.23.17:560][248]MapCheck: New page: Map Check
[2016.01.03-22.23.17:560][248]LightingResults: New page: Lighting Build
[2016.01.03-22.23.17:684][248]LogParticles: Destroying 0 GPU particle simulations for FXSystem 0x000000996E850A40
[2016.01.03-22.23.17:868][248]LogEditorServer: Finished looking for orphan Actors (0.000 secs)
[2016.01.03-22.23.17:981][248]Cmd: MAP CHECKDEP NOCLEARLOG
[2016.01.03-22.23.18:311][248]MapCheck: Info Map check complete: 0 Error(s), 0 Warning(s), took 329.747ms to complete.
[2016.01.03-22.23.18:314][248]LogFileHelpers: Loading map 'MainMenu' took 0.829
[2016.01.03-22.23.21:170][300]Cmd: UpdateLandscapeSetup
[2016.01.03-22.23.23:440][325]LogPlayLevel: PlayLevel: No blueprints needed recompiling
[2016.01.03-22.23.23:442][325]PIE: New page: PIE session: MainMenu (Jan 3, 2016, 12:23:23 PM)
[2016.01.03-22.23.23:442][325]LogPlayLevel: Creating play world package: /Game/Maps/UEDPIE_0_MainMenu
[2016.01.03-22.23.23:447][325]LogPlayLevel: PIE: StaticDuplicateObject took: (0.004634s)
[2016.01.03-22.23.23:453][325]LogAIModule: Creating AISystem for world MainMenu
[2016.01.03-22.23.23:453][325]LogPlayLevel: PIE: World Init took: (0.005929s)
[2016.01.03-22.23.23:454][325]LogPlayLevel: PIE: Created PIE world by copying editor world from /Game/Maps/MainMenu.MainMenu to /Game/Maps/UEDPIE_0_MainMenu.MainMenu (0.011396s)
[2016.01.03-22.23.23:675][325]LogInit: XAudio2 using 'Speakers / Headphones (Realtek High Definition Audio)' : 2 channels at 48 kHz using 32 bits per sample (channel mask 0x3)
[2016.01.03-22.23.23:803][325]LogInit: FAudioDevice initialized.
[2016.01.03-22.23.23:915][325]LogWorld: Game class is 'MainMenu_GameMode_C'
[2016.01.03-22.23.23:919][325]LogWorld: Bringing World /Game/Maps/UEDPIE_0_MainMenu.MainMenu up for play (max tick rate 60) at 2016.01.03-17.23.23
[2016.01.03-22.23.23:920][325]LogActor:Warning: GameSession /Game/Maps/UEDPIE_0_MainMenu.MainMenu:PersistentLevel.GameSession_0 has natively added scene component(s), but none of them were set as the actor's RootComponent - picking one arbitrarily
[2016.01.03-22.23.23:920][325]LogActor:Warning: GameNetworkManager /Game/Maps/UEDPIE_0_MainMenu.MainMenu:PersistentLevel.GameNetworkManager_2 has natively added scene component(s), but none of them were set as the actor's RootComponent - picking one arbitrarily
[2016.01.03-22.23.23:921][325]LogWorld: Bringing up level for play took: 0.003730
[2016.01.03-22.23.23:929][325]PIE: Info Play in editor start time for /Game/Maps/UEDPIE_0_MainMenu 0.642
[2016.01.03-22.23.27:055][362]LogParticles: Destroying 0 GPU particle simulations for FXSystem 0x000000995C22D6C0
[2016.01.03-22.23.31:808][373]Cmd: OBJ SAVEPACKAGE PACKAGE="/Game/Maps/MainMenu" FILE="../../../../../../Users/Jarrett/Documents/Unreal Projects/Growth/Content/Maps/MainMenu.umap" SILENT=true AUTOSAVING=false KEEPDIRTY=false
[2016.01.03-22.23.32:020][373]LogSavePackage: Save=60.458920ms
[2016.01.03-22.23.32:020][373]LogSavePackage: Moving '../../../../../../Users/Jarrett/Documents/Unreal Projects/Growth/Saved/MainMenu0C3B84D14B0D47FC0ADF62AEDADEABE0.tmp' to '../../../../../../Users/Jarrett/Documents/Unreal Projects/Growth/Content/Maps/MainMenu.umap'
[2016.01.03-22.23.32:033][373]LogSavePackage: Total save time: 79.068173ms
[2016.01.03-22.23.32:033][373]LogSavePackage:Display: Finished SavePackage ../../../../../../Users/Jarrett/Documents/Unreal Projects/Growth/Content/Maps/MainMenu.umap
[2016.01.03-22.23.32:148][373]LogFileHelpers: Saving map 'MainMenu' took 0.624
[2016.01.03-22.23.32:153][373]Cmd: MAP LOAD FILE="../../../../../../Users/Jarrett/Documents/Unreal Projects/Growth/Content/Maps/MainMenu.umap" TEMPLATE=0 SHOWPROGRESS=1 FEATURELEVEL=3
[2016.01.03-22.23.32:153][373]LightingResults: New page: Lighting Build
[2016.01.03-22.23.32:228][373]LoadErrors: New page: Loading map: MainMenu.umap
[2016.01.03-22.23.32:229][373]MapCheck: New page: Map Check
[2016.01.03-22.23.32:229][373]LightingResults: New page: Lighting Build
[2016.01.03-22.23.32:364][373]LogParticles: Destroying 0 GPU particle simulations for FXSystem 0x000000995C0E0400
[2016.01.03-22.23.32:379][373]LogAIModule: Creating AISystem for world MainMenu
[2016.01.03-22.23.32:531][373]LogEditorServer: Finished looking for orphan Actors (0.000 secs)
[2016.01.03-22.23.32:645][373]Cmd: MAP CHECKDEP NOCLEARLOG
[2016.01.03-22.23.32:894][373]MapCheck: Info Map check complete: 0 Error(s), 0 Warning(s), took 248.394ms to complete.
[2016.01.03-22.23.32:898][373]LogFileHelpers: Loading map 'MainMenu' took 0.748
[2016.01.03-22.23.50:589][595]LogScript:Warning: Accessed None 'GrowthCamera'
	CameraController_C /Engine/Transient.World_8:PersistentLevel.CameraController_C_0
	Function /Game/Blueprints/CameraController.CameraController_C:ExecuteUbergraph_CameraController:0050
[2016.01.03-22.23.50:682][596]LogScript:Warning: Accessed None 'GrowthCamera'
	CameraController_C /Engine/Transient.World_8:PersistentLevel.CameraController_C_0
	Function /Game/Blueprints/CameraController.CameraController_C:ExecuteUbergraph_CameraController:0050
[2016.01.03-22.23.50:739][597]LogScript:Warning: Accessed None 'GrowthCamera'
	CameraController_C /Engine/Transient.World_8:PersistentLevel.CameraController_C_0
	Function /Game/Blueprints/CameraController.CameraController_C:ExecuteUbergraph_CameraController:0050
[2016.01.03-22.23.50:787][598]LogScript:Warning: Accessed None 'GrowthCamera'
	CameraController_C /Engine/Transient.World_8:PersistentLevel.CameraController_C_0
	Function /Game/Blueprints/CameraController.CameraController_C:ExecuteUbergraph_CameraController:0050
[2016.01.03-22.23.50:831][599]LogScript:Warning: Accessed None 'GrowthCamera'
	CameraController_C /Engine/Transient.World_8:PersistentLevel.CameraController_C_0
	Function /Game/Blueprints/CameraController.CameraController_C:ExecuteUbergraph_CameraController:0050
[2016.01.03-22.23.50:900][600]LogScript:Warning: Accessed None 'GrowthCamera'
	CameraController_C /Engine/Transient.World_8:PersistentLevel.CameraController_C_0
	Function /Game/Blueprints/CameraController.CameraController_C:ExecuteUbergraph_CameraController:0050
[2016.01.03-22.23.50:958][601]LogScript:Warning: Accessed None 'GrowthCamera'
	CameraController_C /Engine/Transient.World_8:PersistentLevel.CameraController_C_0
	Function /Game/Blueprints/CameraController.CameraController_C:ExecuteUbergraph_CameraController:0050
[2016.01.03-22.23.50:992][602]LogScript:Warning: Accessed None 'GrowthCamera'
	CameraController_C /Engine/Transient.World_8:PersistentLevel.CameraController_C_0
	Function /Game/Blueprints/CameraController.CameraController_C:ExecuteUbergraph_CameraController:0050
[2016.01.03-22.23.51:053][603]LogScript:Warning: Accessed None 'GrowthCamera'
	CameraController_C /Engine/Transient.World_8:PersistentLevel.CameraController_C_0
	Function /Game/Blueprints/CameraController.CameraController_C:ExecuteUbergraph_CameraController:0050
[2016.01.03-22.23.51:088][604]LogScript:Warning: Accessed None 'GrowthCamera'
	CameraController_C /Engine/Transient.World_8:PersistentLevel.CameraController_C_0
	Function /Game/Blueprints/CameraController.CameraController_C:ExecuteUbergraph_CameraController:0050
[2016.01.03-22.23.51:148][605]LogScript:Warning: Accessed None 'GrowthCamera'
	CameraController_C /Engine/Transient.World_8:PersistentLevel.CameraController_C_0
	Function /Game/Blueprints/CameraController.CameraController_C:ExecuteUbergraph_CameraController:0050
[2016.01.03-22.23.51:181][606]LogScript:Warning: Accessed None 'GrowthCamera'
	CameraController_C /Engine/Transient.World_8:PersistentLevel.CameraController_C_0
	Function /Game/Blueprints/CameraController.CameraController_C:ExecuteUbergraph_CameraController:0050
[2016.01.03-22.23.51:242][607]LogScript:Warning: Accessed None 'GrowthCamera'
	CameraController_C /Engine/Transient.World_8:PersistentLevel.CameraController_C_0
	Function /Game/Blueprints/CameraController.CameraController_C:ExecuteUbergraph_CameraController:0050
[2016.01.03-22.23.51:303][608]LogScript:Warning: Accessed None 'GrowthCamera'
	CameraController_C /Engine/Transient.World_8:PersistentLevel.CameraController_C_0
	Function /Game/Blueprints/CameraController.CameraController_C:ExecuteUbergraph_CameraController:0050
[2016.01.03-22.23.51:338][609]LogScript:Warning: Accessed None 'GrowthCamera'
	CameraController_C /Engine/Transient.World_8:PersistentLevel.CameraController_C_0
	Function /Game/Blueprints/CameraController.CameraController_C:ExecuteUbergraph_CameraController:0050
[2016.01.03-22.23.51:399][610]LogScript:Warning: Accessed None 'GrowthCamera'
	CameraController_C /Engine/Transient.World_8:PersistentLevel.CameraController_C_0
	Function /Game/Blueprints/CameraController.CameraController_C:ExecuteUbergraph_CameraController:0050
[2016.01.03-22.23.51:433][611]LogScript:Warning: Accessed None 'GrowthCamera'
	CameraController_C /Engine/Transient.World_8:PersistentLevel.CameraController_C_0
	Function /Game/Blueprints/CameraController.CameraController_C:ExecuteUbergraph_CameraController:0050
[2016.01.03-22.24.40:593][240]BlueprintLog: New page: Compile MainMenu_GameMode
[2016.01.03-22.24.40:939][240]BlueprintEditorCompileResults: Info [0255.76] Compile of MainMenu_GameMode successful! [in 345 ms]
[2016.01.03-22.24.48:004][365]BlueprintLog: New page: Compile MainMenu_GameMode
[2016.01.03-22.24.48:313][365]BlueprintEditorCompileResults: Info [0263.14] Compile of MainMenu_GameMode successful! [in 308 ms]
[2016.01.03-22.24.49:004][377]LogPlayLevel: PlayLevel: No blueprints needed recompiling
[2016.01.03-22.24.49:004][377]PIE: New page: PIE session: MainMenu (Jan 3, 2016, 12:24:49 PM)
[2016.01.03-22.24.49:004][377]LogPlayLevel: Creating play world package: /Game/Maps/UEDPIE_0_MainMenu
[2016.01.03-22.24.49:006][377]LogPlayLevel: PIE: StaticDuplicateObject took: (0.001430s)
[2016.01.03-22.24.49:008][377]LogAIModule: Creating AISystem for world MainMenu
[2016.01.03-22.24.49:008][377]LogPlayLevel: PIE: World Init took: (0.002091s)
[2016.01.03-22.24.49:008][377]LogPlayLevel: PIE: Created PIE world by copying editor world from /Game/Maps/MainMenu.MainMenu to /Game/Maps/UEDPIE_0_MainMenu.MainMenu (0.003977s)
[2016.01.03-22.24.49:167][377]LogInit: XAudio2 using 'Speakers / Headphones (Realtek High Definition Audio)' : 2 channels at 48 kHz using 32 bits per sample (channel mask 0x3)
[2016.01.03-22.24.49:213][377]LogInit: FAudioDevice initialized.
[2016.01.03-22.24.49:352][377]LogWorld: Game class is 'MainMenu_GameMode_C'
[2016.01.03-22.24.49:356][377]LogWorld: Bringing World /Game/Maps/UEDPIE_0_MainMenu.MainMenu up for play (max tick rate 60) at 2016.01.03-17.24.49
[2016.01.03-22.24.49:356][377]LogActor:Warning: GameSession /Game/Maps/UEDPIE_0_MainMenu.MainMenu:PersistentLevel.GameSession_1 has natively added scene component(s), but none of them were set as the actor's RootComponent - picking one arbitrarily
[2016.01.03-22.24.49:357][377]LogActor:Warning: GameNetworkManager /Game/Maps/UEDPIE_0_MainMenu.MainMenu:PersistentLevel.GameNetworkManager_3 has natively added scene component(s), but none of them were set as the actor's RootComponent - picking one arbitrarily
[2016.01.03-22.24.49:358][377]LogWorld: Bringing up level for play took: 0.003699
[2016.01.03-22.24.49:360][377]LogGameMode: Warning - PATHS NOT DEFINED or NO PLAYERSTART with positive rating
[2016.01.03-22.24.49:408][377]PIE: Info Play in editor start time for /Game/Maps/UEDPIE_0_MainMenu 0.121
[2016.01.03-22.24.51:713][393]LogParticles: Destroying 0 GPU particle simulations for FXSystem 0x0000009904C9F240
[2016.01.03-22.24.54:270][439]BlueprintLog: New page: Compile MainMenu_GameMode
[2016.01.03-22.24.54:566][439]BlueprintEditorCompileResults: Info [0269.39] Compile of MainMenu_GameMode successful! [in 296 ms]
[2016.01.03-22.24.55:428][456]LogPlayLevel: PlayLevel: No blueprints needed recompiling
[2016.01.03-22.24.55:428][456]PIE: New page: PIE session: MainMenu (Jan 3, 2016, 12:24:55 PM)
[2016.01.03-22.24.55:429][456]LogPlayLevel: Creating play world package: /Game/Maps/UEDPIE_0_MainMenu
[2016.01.03-22.24.55:430][456]LogPlayLevel: PIE: StaticDuplicateObject took: (0.001591s)
[2016.01.03-22.24.55:432][456]LogAIModule: Creating AISystem for world MainMenu
[2016.01.03-22.24.55:432][456]LogPlayLevel: PIE: World Init took: (0.001918s)
[2016.01.03-22.24.55:433][456]LogPlayLevel: PIE: Created PIE world by copying editor world from /Game/Maps/MainMenu.MainMenu to /Game/Maps/UEDPIE_0_MainMenu.MainMenu (0.004012s)
[2016.01.03-22.24.55:584][456]LogInit: XAudio2 using 'Speakers / Headphones (Realtek High Definition Audio)' : 2 channels at 48 kHz using 32 bits per sample (channel mask 0x3)
[2016.01.03-22.24.55:627][456]LogInit: FAudioDevice initialized.
[2016.01.03-22.24.55:774][456]LogWorld: Game class is 'MainMenu_GameMode_C'
[2016.01.03-22.24.55:779][456]LogWorld: Bringing World /Game/Maps/UEDPIE_0_MainMenu.MainMenu up for play (max tick rate 60) at 2016.01.03-17.24.55
[2016.01.03-22.24.55:779][456]LogActor:Warning: GameSession /Game/Maps/UEDPIE_0_MainMenu.MainMenu:PersistentLevel.GameSession_2 has natively added scene component(s), but none of them were set as the actor's RootComponent - picking one arbitrarily
[2016.01.03-22.24.55:780][456]LogActor:Warning: GameNetworkManager /Game/Maps/UEDPIE_0_MainMenu.MainMenu:PersistentLevel.GameNetworkManager_4 has natively added scene component(s), but none of them were set as the actor's RootComponent - picking one arbitrarily
[2016.01.03-22.24.55:780][456]LogWorld: Bringing up level for play took: 0.004348
[2016.01.03-22.24.55:783][456]LogGameMode: Warning - PATHS NOT DEFINED or NO PLAYERSTART with positive rating
[2016.01.03-22.24.55:822][456]PIE: Info Play in editor start time for /Game/Maps/UEDPIE_0_MainMenu 0.534
[2016.01.03-22.24.57:753][466]LogParticles: Destroying 0 GPU particle simulations for FXSystem 0x000000995BA38900
[2016.01.03-22.25.10:754][605]Cmd: OBJ SAVEPACKAGE PACKAGE="/Game/Blueprints/MainMenu_GameMode" FILE="../../../../../../Users/Jarrett/Documents/Unreal Projects/Growth/Content/Blueprints/MainMenu_GameMode.uasset" SILENT=true
[2016.01.03-22.25.10:909][605]LogSavePackage: Save=118.835495ms
[2016.01.03-22.25.10:909][605]LogSavePackage: Moving '../../../../../../Users/Jarrett/Documents/Unreal Projects/Growth/Saved/MainMenu_GameMode0D97E6AE4BA28AE44E991DA566A14C58.tmp' to '../../../../../../Users/Jarrett/Documents/Unreal Projects/Growth/Content/Blueprints/MainMenu_GameMode.uasset'
[2016.01.03-22.25.10:923][605]LogSavePackage: Total save time: 161.975402ms
[2016.01.03-22.25.10:923][605]LogSavePackage:Display: Finished SavePackage ../../../../../../Users/Jarrett/Documents/Unreal Projects/Growth/Content/Blueprints/MainMenu_GameMode.uasset
[2016.01.03-22.25.30:986][911]LogSlate:Warning: Prevented a slow task dialog from being summoned while a context menu was open
[2016.01.03-22.25.32:523][933]LogSlate:Warning: Prevented a slow task dialog from being summoned while a context menu was open
[2016.01.03-22.25.51:259][215]BlueprintLog: New page: Compile MainMenu_GameMode
[2016.01.03-22.25.51:725][215]BlueprintEditorCompileResults: Info [0326.55] Compile of MainMenu_GameMode successful! [in 465 ms]
[2016.01.03-22.25.53:241][244]LogPlayLevel: PlayLevel: No blueprints needed recompiling
[2016.01.03-22.25.53:242][244]PIE: New page: PIE session: MainMenu (Jan 3, 2016, 12:25:53 PM)
[2016.01.03-22.25.53:242][244]LogPlayLevel: Creating play world package: /Game/Maps/UEDPIE_0_MainMenu
[2016.01.03-22.25.53:243][244]LogPlayLevel: PIE: StaticDuplicateObject took: (0.001406s)
[2016.01.03-22.25.53:246][244]LogAIModule: Creating AISystem for world MainMenu
[2016.01.03-22.25.53:247][244]LogPlayLevel: PIE: World Init took: (0.003047s)
[2016.01.03-22.25.53:247][244]LogPlayLevel: PIE: Created PIE world by copying editor world from /Game/Maps/MainMenu.MainMenu to /Game/Maps/UEDPIE_0_MainMenu.MainMenu (0.004899s)
[2016.01.03-22.25.53:393][244]LogInit: XAudio2 using 'Speakers / Headphones (Realtek High Definition Audio)' : 2 channels at 48 kHz using 32 bits per sample (channel mask 0x3)
[2016.01.03-22.25.53:434][244]LogInit: FAudioDevice initialized.
[2016.01.03-22.25.53:551][244]LogWorld: Game class is 'MainMenu_GameMode_C'
[2016.01.03-22.25.53:556][244]LogWorld: Bringing World /Game/Maps/UEDPIE_0_MainMenu.MainMenu up for play (max tick rate 60) at 2016.01.03-17.25.53
[2016.01.03-22.25.53:556][244]LogActor:Warning: GameSession /Game/Maps/UEDPIE_0_MainMenu.MainMenu:PersistentLevel.GameSession_3 has natively added scene component(s), but none of them were set as the actor's RootComponent - picking one arbitrarily
[2016.01.03-22.25.53:557][244]LogActor:Warning: GameNetworkManager /Game/Maps/UEDPIE_0_MainMenu.MainMenu:PersistentLevel.GameNetworkManager_5 has natively added scene component(s), but none of them were set as the actor's RootComponent - picking one arbitrarily
[2016.01.03-22.25.53:557][244]LogWorld: Bringing up level for play took: 0.005215
[2016.01.03-22.25.53:560][244]LogGameMode: Warning - PATHS NOT DEFINED or NO PLAYERSTART with positive rating
[2016.01.03-22.25.53:599][244]PIE: Info Play in editor start time for /Game/Maps/UEDPIE_0_MainMenu 0.312
[2016.01.03-22.25.55:561][252]LogPackageName: SearchForPackageOnDisk took   1.166s, but failed to resolve None.umap.
[2016.01.03-22.25.55:955][252]LogPackageName: SearchForPackageOnDisk took   0.329s, but failed to resolve None.umap.
[2016.01.03-22.25.55:956][252]LogNet: Browse: /Game/Maps/ExampleMap
[2016.01.03-22.25.55:956][252]LogNet:Warning: Travel Failure: [InvalidURL]: Invalid URL: /Game/Maps/ExampleMap
[2016.01.03-22.25.55:956][252]LogNet:Warning: TravelFailure: InvalidURL, Reason for Failure: 'Invalid URL: /Game/Maps/ExampleMap'. Shutting down PIE.
[2016.01.03-22.25.55:956][252]PIE:Warning: Warning TravelFailure: InvalidURL, Reason for Failure: 'Invalid URL: /Game/Maps/ExampleMap'. Shutting down PIE.
[2016.01.03-22.25.55:956][252]LogNet:Warning: Travel Failure: [ClientTravelFailure]: Invalid URL: /Game/Maps/ExampleMap
[2016.01.03-22.25.55:957][252]LogNet:Warning: TravelFailure: ClientTravelFailure, Reason for Failure: 'Invalid URL: /Game/Maps/ExampleMap'. Shutting down PIE.
[2016.01.03-22.25.55:957][252]PIE:Warning: Warning TravelFailure: ClientTravelFailure, Reason for Failure: 'Invalid URL: /Game/Maps/ExampleMap'. Shutting down PIE.
[2016.01.03-22.25.56:323][252]LogParticles: Destroying 0 GPU particle simulations for FXSystem 0x000000990ACF5D00
[2016.01.03-22.26.03:226][337]Cmd: OBJ SAVEPACKAGE PACKAGE="/Game/Blueprints/MainMenu_GameMode" FILE="../../../../../../Users/Jarrett/Documents/Unreal Projects/Growth/Content/Blueprints/MainMenu_GameMode.uasset" SILENT=true
[2016.01.03-22.26.03:328][337]LogSavePackage: Save=73.135422ms
[2016.01.03-22.26.03:328][337]LogSavePackage: Moving '../../../../../../Users/Jarrett/Documents/Unreal Projects/Growth/Saved/MainMenu_GameMode310CAA8340ACBCABFB86CDAB2580EF99.tmp' to '../../../../../../Users/Jarrett/Documents/Unreal Projects/Growth/Content/Blueprints/MainMenu_GameMode.uasset'
[2016.01.03-22.26.03:344][337]LogSavePackage: Total save time: 106.574420ms
[2016.01.03-22.26.03:344][337]LogSavePackage:Display: Finished SavePackage ../../../../../../Users/Jarrett/Documents/Unreal Projects/Growth/Content/Blueprints/MainMenu_GameMode.uasset
[2016.01.03-22.26.29:243][763]BlueprintLog: New page: Compile MainMenu
[2016.01.03-22.26.29:658][763]BlueprintEditorCompileResults: Info [0364.48] Compile of MainMenu successful! [in 414 ms]
[2016.01.03-22.26.32:596][818]LogPlayLevel: PlayLevel: No blueprints needed recompiling
[2016.01.03-22.26.32:596][818]PIE: New page: PIE session: MainMenu (Jan 3, 2016, 12:26:32 PM)
[2016.01.03-22.26.32:596][818]LogPlayLevel: Creating play world package: /Game/Maps/UEDPIE_0_MainMenu
[2016.01.03-22.26.32:599][818]LogPlayLevel: PIE: StaticDuplicateObject took: (0.002402s)
[2016.01.03-22.26.32:601][818]LogAIModule: Creating AISystem for world MainMenu
[2016.01.03-22.26.32:602][818]LogPlayLevel: PIE: World Init took: (0.002919s)
[2016.01.03-22.26.32:602][818]LogPlayLevel: PIE: Created PIE world by copying editor world from /Game/Maps/MainMenu.MainMenu to /Game/Maps/UEDPIE_0_MainMenu.MainMenu (0.005828s)
[2016.01.03-22.26.32:773][818]LogInit: XAudio2 using 'Speakers / Headphones (Realtek High Definition Audio)' : 2 channels at 48 kHz using 32 bits per sample (channel mask 0x3)
[2016.01.03-22.26.32:813][818]LogInit: FAudioDevice initialized.
[2016.01.03-22.26.32:929][818]LogWorld: Game class is 'MainMenu_GameMode_C'
[2016.01.03-22.26.32:933][818]LogWorld: Bringing World /Game/Maps/UEDPIE_0_MainMenu.MainMenu up for play (max tick rate 60) at 2016.01.03-17.26.32
[2016.01.03-22.26.32:933][818]LogActor:Warning: GameSession /Game/Maps/UEDPIE_0_MainMenu.MainMenu:PersistentLevel.GameSession_4 has natively added scene component(s), but none of them were set as the actor's RootComponent - picking one arbitrarily
[2016.01.03-22.26.32:934][818]LogActor:Warning: GameNetworkManager /Game/Maps/UEDPIE_0_MainMenu.MainMenu:PersistentLevel.GameNetworkManager_6 has natively added scene component(s), but none of them were set as the actor's RootComponent - picking one arbitrarily
[2016.01.03-22.26.32:934][818]LogWorld: Bringing up level for play took: 0.003467
[2016.01.03-22.26.32:937][818]LogGameMode: Warning - PATHS NOT DEFINED or NO PLAYERSTART with positive rating
[2016.01.03-22.26.32:974][818]PIE: Info Play in editor start time for /Game/Maps/UEDPIE_0_MainMenu -0.313
[2016.01.03-22.26.33:942][825]LogPackageName: SearchForPackageOnDisk took   0.272s to resolve ExampleMap.umap.
[2016.01.03-22.26.34:203][825]LogPackageName: SearchForPackageOnDisk took   0.258s to resolve ExampleMap.umap.
[2016.01.03-22.26.34:203][825]LogNet: Browse: /Game/Maps/ExampleMap
[2016.01.03-22.26.34:203][825]LogLoad: LoadMap: /Game/Maps/ExampleMap
[2016.01.03-22.26.35:038][825]LogParticles: Destroying 0 GPU particle simulations for FXSystem 0x000000990DFCCCC0
[2016.01.03-22.26.35:093][825]Cmd: MEM
[2016.01.03-22.26.35:480][825]LogMemory: Platform Memory Stats for Windows
[2016.01.03-22.26.35:480][825]LogMemory: Process Physical Memory: 840.57 MB used, 854.78 MB peak
[2016.01.03-22.26.35:480][825]LogMemory: Process Virtual Memory: 862.26 MB used, 862.26 MB peak
[2016.01.03-22.26.35:480][825]LogMemory: Physical Memory: 2668.82 MB used, 3979.20 MB total
[2016.01.03-22.26.35:480][825]LogMemory: Virtual Memory: 1493.27 MB used, 134217728.00 MB total
[2016.01.03-22.26.35:480][825]LogMemory: 
[2016.01.03-22.26.35:480][825]Allocator Stats for TBB: (not implemented)
[2016.01.03-22.26.35:962][825]LogAIModule: Creating AISystem for world ExampleMap
[2016.01.03-22.26.36:031][825]LogWorld: Game class is 'Level_GameMode_C'
[2016.01.03-22.26.36:063][825]LogWorld: Bringing World /Game/Maps/UEDPIE_0_ExampleMap.ExampleMap up for play (max tick rate 60) at 2016.01.03-17.26.36
[2016.01.03-22.26.36:063][825]LogActor:Warning: GameSession /Game/Maps/UEDPIE_0_ExampleMap.ExampleMap:PersistentLevel.GameSession_5 has natively added scene component(s), but none of them were set as the actor's RootComponent - picking one arbitrarily
[2016.01.03-22.26.36:063][825]LogActor:Warning: GameNetworkManager /Game/Maps/UEDPIE_0_ExampleMap.ExampleMap:PersistentLevel.GameNetworkManager_7 has natively added scene component(s), but none of them were set as the actor's RootComponent - picking one arbitrarily
[2016.01.03-22.26.36:064][825]LogWorld: Bringing up level for play took: 0.006473
[2016.01.03-22.26.42:390][879]LogParticles: Destroying 0 GPU particle simulations for FXSystem 0x000000990ACF4B80
[2016.01.03-22.27.01:040][207]BlueprintLog: New page: Compile MainMenu
[2016.01.03-22.27.01:476][207]BlueprintEditorCompileResults: Info [0396.30] Compile of MainMenu successful! [in 435 ms]
[2016.01.03-22.27.02:783][231]LogPlayLevel: PlayLevel: No blueprints needed recompiling
[2016.01.03-22.27.02:783][231]PIE: New page: PIE session: MainMenu (Jan 3, 2016, 12:27:02 PM)
[2016.01.03-22.27.02:784][231]LogPlayLevel: Creating play world package: /Game/Maps/UEDPIE_0_MainMenu
[2016.01.03-22.27.02:785][231]LogPlayLevel: PIE: StaticDuplicateObject took: (0.001630s)
[2016.01.03-22.27.02:788][231]LogAIModule: Creating AISystem for world MainMenu
[2016.01.03-22.27.02:788][231]LogPlayLevel: PIE: World Init took: (0.002539s)
[2016.01.03-22.27.02:788][231]LogPlayLevel: PIE: Created PIE world by copying editor world from /Game/Maps/MainMenu.MainMenu to /Game/Maps/UEDPIE_0_MainMenu.MainMenu (0.004586s)
[2016.01.03-22.27.02:938][231]LogInit: XAudio2 using 'Speakers / Headphones (Realtek High Definition Audio)' : 2 channels at 48 kHz using 32 bits per sample (channel mask 0x3)
[2016.01.03-22.27.02:976][231]LogInit: FAudioDevice initialized.
[2016.01.03-22.27.03:111][231]LogWorld: Game class is 'MainMenu_GameMode_C'
[2016.01.03-22.27.03:115][231]LogWorld: Bringing World /Game/Maps/UEDPIE_0_MainMenu.MainMenu up for play (max tick rate 60) at 2016.01.03-17.27.03
[2016.01.03-22.27.03:115][231]LogActor:Warning: GameSession /Game/Maps/UEDPIE_0_MainMenu.MainMenu:PersistentLevel.GameSession_6 has natively added scene component(s), but none of them were set as the actor's RootComponent - picking one arbitrarily
[2016.01.03-22.27.03:117][231]LogActor:Warning: GameNetworkManager /Game/Maps/UEDPIE_0_MainMenu.MainMenu:PersistentLevel.GameNetworkManager_8 has natively added scene component(s), but none of them were set as the actor's RootComponent - picking one arbitrarily
[2016.01.03-22.27.03:117][231]LogWorld: Bringing up level for play took: 0.004023
[2016.01.03-22.27.03:120][231]LogGameMode: Warning - PATHS NOT DEFINED or NO PLAYERSTART with positive rating
[2016.01.03-22.27.03:158][231]PIE: Info Play in editor start time for /Game/Maps/UEDPIE_0_MainMenu -0.129
[2016.01.03-22.27.04:140][238]LogParticles: Destroying 0 GPU particle simulations for FXSystem 0x00000099037F8360
[2016.01.03-22.27.37:659][781]LogActorComponent: UnregisterComponent: (/Engine/Transient.EditorFloorComp) Not registered. Aborting.
[2016.01.03-22.27.39:589][812]LogActorComponent: UnregisterComponent: (/Engine/Transient.EditorFloorComp) Not registered. Aborting.
[2016.01.03-22.27.42:784][856]LogActorComponent: UnregisterComponent: (/Engine/Transient.EditorFloorComp) Not registered. Aborting.
[2016.01.03-22.27.45:853][893]LogParticles: Destroying 0 GPU particle simulations for FXSystem 0x00000099781CDF80
[2016.01.03-22.27.45:863][893]LogParticles: Destroying 0 GPU particle simulations for FXSystem 0x000000997B081E40
[2016.01.03-22.27.45:868][893]LogParticles: Destroying 0 GPU particle simulations for FXSystem 0x000000997B0818A0
[2016.01.03-22.27.45:872][893]LogParticles: Destroying 0 GPU particle simulations for FXSystem 0x000000990AA38680
[2016.01.03-22.27.45:878][893]LogParticles: Destroying 0 GPU particle simulations for FXSystem 0x0000009906C7C7C0
[2016.01.03-22.27.45:886][893]LogParticles: Destroying 0 GPU particle simulations for FXSystem 0x000000997B3B5F80
[2016.01.03-22.27.45:886][893]LogParticles: Destroying 0 GPU particle simulations for FXSystem 0x000000997FA1F600
[2016.01.03-22.27.45:891][893]LogParticles: Destroying 0 GPU particle simulations for FXSystem 0x000000990AA385E0
[2016.01.03-22.27.47:491][893]Cmd: OBJ SAVEPACKAGE PACKAGE="/Game/Blueprints/CameraController" FILE="../../../../../../Users/Jarrett/Documents/Unreal Projects/Growth/Content/Blueprints/CameraController.uasset" SILENT=true
[2016.01.03-22.27.47:867][893]LogSavePackage: Save=321.211517ms
[2016.01.03-22.27.47:869][893]LogSavePackage: Moving '../../../../../../Users/Jarrett/Documents/Unreal Projects/Growth/Saved/CameraController2432B5A04D71A4A049AE7BB46A2C3E4E.tmp' to '../../../../../../Users/Jarrett/Documents/Unreal Projects/Growth/Content/Blueprints/CameraController.uasset'
[2016.01.03-22.27.47:904][893]LogSavePackage: Total save time: 382.719647ms
[2016.01.03-22.27.47:904][893]LogSavePackage:Display: Finished SavePackage ../../../../../../Users/Jarrett/Documents/Unreal Projects/Growth/Content/Blueprints/CameraController.uasset
[2016.01.03-22.27.47:988][893]Cmd: OBJ SAVEPACKAGE PACKAGE="/Game/UserInterface/MainMenu" FILE="../../../../../../Users/Jarrett/Documents/Unreal Projects/Growth/Content/UserInterface/MainMenu.uasset" SILENT=true
[2016.01.03-22.27.48:069][893]LogSavePackage: Save=50.986752ms
[2016.01.03-22.27.48:069][893]LogSavePackage: Moving '../../../../../../Users/Jarrett/Documents/Unreal Projects/Growth/Saved/MainMenuAE21FD4543D7547D5D897A89D76A17C6.tmp' to '../../../../../../Users/Jarrett/Documents/Unreal Projects/Growth/Content/UserInterface/MainMenu.uasset'
[2016.01.03-22.27.48:079][893]LogSavePackage: Total save time: 79.493053ms
[2016.01.03-22.27.48:079][893]LogSavePackage:Display: Finished SavePackage ../../../../../../Users/Jarrett/Documents/Unreal Projects/Growth/Content/UserInterface/MainMenu.uasset
[2016.01.03-22.28.15:099][ 54]LogWindowsTextInputMethodSystem:Display: IME system now deactivated.
[2016.01.03-22.28.15:666][ 55]Cmd: QUIT_EDITOR
[2016.01.03-22.28.17:439][ 55]LogExit: Preparing to exit.
[2016.01.03-22.28.18:774][ 55]LogExit: Editor shut down
[2016.01.03-22.28.18:777][ 55]LogExit: Transaction tracking system shut down
[2016.01.03-22.28.18:779][ 55]LogParticles: Destroying 0 GPU particle simulations for FXSystem 0x000000995BF37380
[2016.01.03-22.28.18:780][ 55]LogParticles: Destroying 0 GPU particle simulations for FXSystem 0x0000009973D1E520
[2016.01.03-22.28.18:799][ 55]LogParticles: Destroying 0 GPU particle simulations for FXSystem 0x000000997C35F420
[2016.01.03-22.28.18:817][ 55]LogParticles: Destroying 0 GPU particle simulations for FXSystem 0x000000995C0E0CC0
[2016.01.03-22.28.19:510][ 55]LogExit: Object subsystem successfully closed.
[2016.01.03-22.28.19:529][ 55]LogD3D11RHI: Shutdown
[2016.01.03-22.28.19:529][ 55]LogD3D11RHI: CleanupD3DDevice
[2016.01.03-22.28.19:641][ 55]LogD3D11RHI: ~FD3D11DynamicRHI
[2016.01.03-22.28.19:731][ 55]LogModuleManager: Shutting down and abandoning module CookingStats (202)
[2016.01.03-22.28.19:731][ 55]LogModuleManager: Shutting down and abandoning module SequencerWidgets (201)
[2016.01.03-22.28.19:731][ 55]LogModuleManager: Shutting down and abandoning module BlueprintGraph (200)
[2016.01.03-22.28.19:731][ 55]LogModuleManager: Shutting down and abandoning module ExternalImagePicker (199)
[2016.01.03-22.28.19:731][ 55]LogModuleManager: Shutting down and abandoning module CrashTracker (198)
[2016.01.03-22.28.19:732][ 55]LogModuleManager: Shutting down and abandoning module SceneOutliner (197)
[2016.01.03-22.28.19:732][ 55]LogModuleManager: Shutting down and abandoning module SuperSearch (196)
[2016.01.03-22.28.19:732][ 55]LogModuleManager: Shutting down and abandoning module WidgetCarousel (195)
[2016.01.03-22.28.19:732][ 55]LogModuleManager: Shutting down and abandoning module AddContentDialog (194)
[2016.01.03-22.28.19:736][ 55]LogModuleManager: Shutting down and abandoning module EditorWidgets (193)
[2016.01.03-22.28.19:736][ 55]LogModuleManager: Shutting down and abandoning module CollectionManager (192)
[2016.01.03-22.28.19:737][ 55]LogModuleManager: Shutting down and abandoning module StatsViewer (191)
[2016.01.03-22.28.19:737][ 55]LogModuleManager: Shutting down and abandoning module FoliageEdit (190)
[2016.01.03-22.28.19:737][ 55]LogModuleManager: Shutting down and abandoning module LandscapeEditor (189)
[2016.01.03-22.28.19:738][ 55]LogModuleManager: Shutting down and abandoning module ActorPickerMode (188)
[2016.01.03-22.28.19:738][ 55]LogModuleManager: Shutting down and abandoning module GeometryMode (187)
[2016.01.03-22.28.19:738][ 55]LogModuleManager: Shutting down and abandoning module TextureAlignMode (186)
[2016.01.03-22.28.19:738][ 55]LogModuleManager: Shutting down and abandoning module BspMode (185)
[2016.01.03-22.28.19:738][ 55]LogModuleManager: Shutting down and abandoning module PlacementMode (184)
[2016.01.03-22.28.19:738][ 55]LogModuleManager: Shutting down and abandoning module AutomationWorker (183)
[2016.01.03-22.28.19:738][ 55]LogModuleManager: Shutting down and abandoning module CharacterAI (182)
[2016.01.03-22.28.19:738][ 55]LogModuleManager: Shutting down and abandoning module SmartSnapping (181)
[2016.01.03-22.28.19:738][ 55]LogModuleManager: Shutting down and abandoning module ViewportSnapping (180)
[2016.01.03-22.28.19:738][ 55]LogModuleManager: Shutting down and abandoning module LogVisualizer (179)
[2016.01.03-22.28.19:738][ 55]LogModuleManager: Shutting down and abandoning module GameProjectGeneration (178)
[2016.01.03-22.28.19:738][ 55]LogModuleManager: Shutting down and abandoning module IntroTutorials (177)
[2016.01.03-22.28.19:738][ 55]LogModuleManager: Shutting down and abandoning module EditorLiveStreaming (176)
[2016.01.03-22.28.19:739][ 55]LogModuleManager: Shutting down and abandoning module IOSPlatformEditor (175)
[2016.01.03-22.28.19:739][ 55]LogModuleManager: Shutting down and abandoning module HTML5PlatformEditor (174)
[2016.01.03-22.28.19:739][ 55]LogModuleManager: Shutting down and abandoning module AndroidDeviceDetection (173)
[2016.01.03-22.28.20:492][ 55]LogModuleManager: Shutting down and abandoning module AndroidPlatformEditor (172)
[2016.01.03-22.28.20:494][ 55]LogModuleManager: Shutting down and abandoning module IOSRuntimeSettings (171)
[2016.01.03-22.28.20:494][ 55]LogModuleManager: Shutting down and abandoning module AndroidRuntimeSettings (170)
[2016.01.03-22.28.20:494][ 55]LogModuleManager: Shutting down and abandoning module MergeActors (169)
[2016.01.03-22.28.20:502][ 55]LogModuleManager: Shutting down and abandoning module SizeMap (168)
[2016.01.03-22.28.20:502][ 55]LogModuleManager: Shutting down and abandoning module TreeMap (167)
[2016.01.03-22.28.20:502][ 55]LogModuleManager: Shutting down and abandoning module ReferenceViewer (166)
[2016.01.03-22.28.20:502][ 55]LogModuleManager: Shutting down and abandoning module LocalizationService (165)
[2016.01.03-22.28.20:503][ 55]LogModuleManager: Shutting down and abandoning module LocalizationDashboard (164)
[2016.01.03-22.28.20:503][ 55]LogModuleManager: Shutting down and abandoning module HardwareTargeting (163)
[2016.01.03-22.28.20:503][ 55]LogModuleManager: Shutting down and abandoning module DeviceProfileEditor (162)
[2016.01.03-22.28.20:503][ 55]LogModuleManager: Shutting down and abandoning module UndoHistory (161)
[2016.01.03-22.28.20:504][ 55]LogModuleManager: Shutting down and abandoning module GameplayTagsEditor (160)
[2016.01.03-22.28.20:509][ 55]LogModuleManager: Shutting down and abandoning module UserFeedback (159)
[2016.01.03-22.28.20:509][ 55]LogModuleManager: Shutting down and abandoning module XmlParser (158)
[2016.01.03-22.28.20:509][ 55]LogModuleManager: Shutting down and abandoning module Blutility (157)
[2016.01.03-22.28.20:510][ 55]LogModuleManager: Shutting down and abandoning module ProjectTargetPlatformEditor (156)
[2016.01.03-22.28.20:510][ 55]LogModuleManager: Shutting down and abandoning module ProjectSettingsViewer (155)
[2016.01.03-22.28.20:511][ 55]LogModuleManager: Shutting down and abandoning module InputBindingEditor (154)
[2016.01.03-22.28.20:512][ 55]LogModuleManager: Shutting down and abandoning module EditorSettingsViewer (153)
[2016.01.03-22.28.20:528][ 55]LogModuleManager: Shutting down and abandoning module SettingsEditor (152)
[2016.01.03-22.28.20:530][ 55]LogModuleManager: Shutting down and abandoning module ProjectLauncher (151)
[2016.01.03-22.28.20:530][ 55]LogModuleManager: Shutting down and abandoning module SessionFrontend (150)
[2016.01.03-22.28.20:530][ 55]LogModuleManager: Shutting down and abandoning module ProfilerClient (149)
[2016.01.03-22.28.20:530][ 55]LogModuleManager: Shutting down and abandoning module TargetDeviceServices (148)
[2016.01.03-22.28.20:531][ 55]LogModuleManager: Shutting down and abandoning module DeviceManager (147)
[2016.01.03-22.28.20:533][ 55]LogModuleManager: Shutting down and abandoning module AutomationController (146)
[2016.01.03-22.28.20:533][ 55]LogModuleManager: Shutting down and abandoning module AutomationWindow (145)
[2016.01.03-22.28.20:534][ 55]LogModuleManager: Shutting down and abandoning module Layers (144)
[2016.01.03-22.28.20:534][ 55]LogModuleManager: Shutting down and abandoning module ComponentVisualizers (143)
[2016.01.03-22.28.20:534][ 55]LogModuleManager: Shutting down and abandoning module DetailCustomizations (142)
[2016.01.03-22.28.20:538][ 55]LogModuleManager: Shutting down and abandoning module PackagesDialog (141)
[2016.01.03-22.28.20:539][ 55]LogModuleManager: Shutting down and abandoning module Persona (140)
[2016.01.03-22.28.20:540][ 55]LogModuleManager: Shutting down and abandoning module Kismet (139)
[2016.01.03-22.28.20:540][ 55]LogModuleManager: Shutting down and abandoning module GraphEditor (138)
[2016.01.03-22.28.20:541][ 55]LogModuleManager: Shutting down and abandoning module ClassViewer (137)
[2016.01.03-22.28.20:554][ 55]LogModuleManager: Shutting down and abandoning module Toolbox (136)
[2016.01.03-22.28.20:554][ 55]LogModuleManager: Shutting down and abandoning module ModuleUI (135)
[2016.01.03-22.28.20:554][ 55]LogModuleManager: Shutting down and abandoning module MovieSceneTools (134)
[2016.01.03-22.28.20:555][ 55]LogModuleManager: Shutting down and abandoning module OutputLog (133)
[2016.01.03-22.28.20:555][ 55]LogModuleManager: Shutting down and abandoning module GammaUI (132)
[2016.01.03-22.28.20:555][ 55]LogModuleManager: Shutting down and abandoning module Documentation (131)
[2016.01.03-22.28.20:556][ 55]LogModuleManager: Shutting down and abandoning module GameLiveStreaming (130)
[2016.01.03-22.28.20:556][ 55]LogModuleManager: Shutting down and abandoning module StreamingPauseRendering (129)
[2016.01.03-22.28.20:556][ 55]LogModuleManager: Shutting down and abandoning module AnalyticsET (128)
[2016.01.03-22.28.20:556][ 55]LogModuleManager: Shutting down and abandoning module Analytics (127)
[2016.01.03-22.28.20:556][ 55]LogModuleManager: Shutting down and abandoning module AITestSuite (126)
[2016.01.03-22.28.20:556][ 55]LogModuleManager: Shutting down and abandoning module GameplayDebugger (125)
[2016.01.03-22.28.20:556][ 55]LogModuleManager: Shutting down and abandoning module AIModule (124)
[2016.01.03-22.28.20:556][ 55]LogModuleManager: Shutting down and abandoning module ProfilerService (123)
[2016.01.03-22.28.20:711][ 55]LogModuleManager: Shutting down and abandoning module TaskGraph (122)
[2016.01.03-22.28.20:712][ 55]LogModuleManager: Shutting down and abandoning module SlateRemote (121)
[2016.01.03-22.28.20:734][ 55]LogModuleManager: Shutting down and abandoning module SteamVRController (120)
[2016.01.03-22.28.20:734][ 55]LogModuleManager: Shutting down and abandoning module SteamVR (119)
[2016.01.03-22.28.20:734][ 55]LogModuleManager: Shutting down and abandoning module ProceduralMeshComponent (118)
[2016.01.03-22.28.20:734][ 55]LogModuleManager: Shutting down and abandoning module OculusLibrary (117)
[2016.01.03-22.28.20:734][ 55]LogModuleManager: Shutting down and abandoning module OculusInput (116)
[2016.01.03-22.28.20:734][ 55]LogModuleManager: Shutting down and abandoning module LeapMotionController (115)
[2016.01.03-22.28.20:849][ 55]LogModuleManager: Shutting down and abandoning module CustomMeshComponent (114)
[2016.01.03-22.28.20:849][ 55]LogModuleManager: Shutting down and abandoning module CableComponent (113)
[2016.01.03-22.28.20:849][ 55]LogModuleManager: Shutting down and abandoning module ArchVisCharacter (112)
[2016.01.03-22.28.20:849][ 55]LogModuleManager: Shutting down and abandoning module MessagingDebugger (111)
[2016.01.03-22.28.20:849][ 55]LogModuleManager: Shutting down and abandoning module MediaPlayerEditor (110)
[2016.01.03-22.28.20:850][ 55]LogModuleManager: Shutting down and abandoning module HTML5Networking (109)
[2016.01.03-22.28.20:850][ 55]LogModuleManager: Shutting down and abandoning module SpeedTreeImporter (108)
[2016.01.03-22.28.20:850][ 55]LogModuleManager: Shutting down and abandoning module PluginBrowser (107)
[2016.01.03-22.28.20:850][ 55]LogModuleManager: Shutting down and abandoning module EpicSurvey (106)
[2016.01.03-22.28.20:850][ 55]LogModuleManager: Shutting down and abandoning module DesktopPlatform (105)
[2016.01.03-22.28.20:850][ 55]LogModuleManager: Shutting down and abandoning module VisualStudioSourceCodeAccess (104)
[2016.01.03-22.28.20:850][ 55]LogModuleManager: Shutting down and abandoning module UObjectPlugin (103)
[2016.01.03-22.28.20:850][ 55]LogModuleManager: Shutting down and abandoning module SubversionSourceControl (102)
[2016.01.03-22.28.20:851][ 55]LogModuleManager: Shutting down and abandoning module PerforceSourceControl (101)
[2016.01.03-22.28.20:851][ 55]LogModuleManager: Shutting down and abandoning module SourceControl (100)
[2016.01.03-22.28.20:851][ 55]LogModuleManager: Shutting down and abandoning module GitSourceControl (99)
[2016.01.03-22.28.20:851][ 55]LogModuleManager: Shutting down and abandoning module LightPropagationVolumeEditor (98)
[2016.01.03-22.28.20:851][ 55]LogModuleManager: Shutting down and abandoning module PaperTiledImporter (97)
[2016.01.03-22.28.20:851][ 55]LogModuleManager: Shutting down and abandoning module PaperSpriteSheetImporter (96)
[2016.01.03-22.28.20:851][ 55]LogModuleManager: Shutting down and abandoning module MeshPaint (95)
[2016.01.03-22.28.20:851][ 55]LogModuleManager: Shutting down and abandoning module SlateReflector (94)
[2016.01.03-22.28.20:852][ 55]LogModuleManager: Shutting down and abandoning module HotReload (93)
[2016.01.03-22.28.20:852][ 55]LogModuleManager: Shutting down and abandoning module MainFrame (92)
[2016.01.03-22.28.20:852][ 55]LogModuleManager: Shutting down and abandoning module LevelEditor (91)
[2016.01.03-22.28.20:861][ 55]LogModuleManager: Shutting down and abandoning module DirectoryWatcher (90)
[2016.01.03-22.28.20:866][ 55]LogModuleManager: Shutting down and abandoning module AssetRegistry (89)
[2016.01.03-22.28.21:107][ 55]LogModuleManager: Shutting down and abandoning module ContentBrowser (88)
[2016.01.03-22.28.21:111][ 55]LogModuleManager: Shutting down and abandoning module Paper2DEditor (87)
[2016.01.03-22.28.21:111][ 55]LogModuleManager: Shutting down and abandoning module UdpMessaging (86)
[2016.01.03-22.28.21:234][ 55]LogModuleManager: Shutting down and abandoning module LightPropagationVolumeRuntime (85)
[2016.01.03-22.28.21:235][ 55]LogModuleManager: Shutting down and abandoning module Paper2D (84)
[2016.01.03-22.28.21:235][ 55]LogModuleManager: Shutting down and abandoning module WindowsMoviePlayer (83)
[2016.01.03-22.28.21:242][ 55]LogModuleManager: Shutting down and abandoning module Media (82)
[2016.01.03-22.28.21:242][ 55]LogModuleManager: Shutting down and abandoning module WmfMedia (81)
[2016.01.03-22.28.21:243][ 55]LogModuleManager: Shutting down and abandoning module OnlineBlueprintSupport (80)
[2016.01.03-22.28.21:243][ 55]LogModuleManager: Shutting down and abandoning module GameplayTasksEditor (79)
[2016.01.03-22.28.21:243][ 55]LogModuleManager: Shutting down and abandoning module PropertyEditor (78)
[2016.01.03-22.28.21:243][ 55]LogModuleManager: Shutting down and abandoning module BehaviorTreeEditor (77)
[2016.01.03-22.28.21:243][ 55]LogModuleManager: Shutting down and abandoning module FunctionalTesting (76)
[2016.01.03-22.28.21:243][ 55]LogModuleManager: Shutting down and abandoning module CollisionAnalyzer (75)
[2016.01.03-22.28.21:243][ 55]LogModuleManager: Shutting down and abandoning module WorkspaceMenuStructure (74)
[2016.01.03-22.28.21:243][ 55]LogModuleManager: Shutting down and abandoning module MessageLog (73)
[2016.01.03-22.28.21:243][ 55]LogModuleManager: Shutting down and abandoning module Sequencer (72)
[2016.01.03-22.28.21:244][ 55]LogModuleManager: Shutting down and abandoning module AssetTools (71)
[2016.01.03-22.28.21:244][ 55]LogModuleManager: Shutting down and abandoning module UMGEditor (70)
[2016.01.03-22.28.21:244][ 55]LogModuleManager: Shutting down and abandoning module UMG (69)
[2016.01.03-22.28.21:244][ 55]LogModuleManager: Shutting down and abandoning module Slate (68)
[2016.01.03-22.28.21:244][ 55]LogModuleManager: Shutting down and abandoning module EditorStyle (67)
[2016.01.03-22.28.21:255][ 55]LogModuleManager: Shutting down and abandoning module SessionServices (66)
[2016.01.03-22.28.21:255][ 55]LogModuleManager: Shutting down and abandoning module SourceCodeAccess (65)
[2016.01.03-22.28.21:255][ 55]LogModuleManager: Shutting down and abandoning module HeadMountedDisplay (64)
[2016.01.03-22.28.21:255][ 55]LogModuleManager: Shutting down and abandoning module XAudio2 (63)
[2016.01.03-22.28.21:255][ 55]LogModuleManager: Shutting down and abandoning module Networking (61)
[2016.01.03-22.28.21:255][ 55]LogModuleManager: Shutting down and abandoning module Core (60)
[2016.01.03-22.28.21:255][ 55]LogModuleManager: Shutting down and abandoning module KismetCompiler (59)
[2016.01.03-22.28.21:255][ 55]LogModuleManager: Shutting down and abandoning module PhysXFormats (58)
[2016.01.03-22.28.21:255][ 55]LogModuleManager: Shutting down and abandoning module MeshUtilities (57)
[2016.01.03-22.28.21:256][ 55]LogModuleManager: Shutting down and abandoning module DerivedDataCache (56)
[2016.01.03-22.28.21:292][ 55]LogDerivedDataCache: Shutdown
[2016.01.03-22.28.21:292][ 55]LogModuleManager: Shutting down and abandoning module ShaderFormatOpenGL (55)
[2016.01.03-22.28.21:292][ 55]LogModuleManager: Shutting down and abandoning module ShaderFormatD3D (54)
[2016.01.03-22.28.21:292][ 55]LogModuleManager: Shutting down and abandoning module MetalShaderFormat (53)
[2016.01.03-22.28.21:293][ 55]LogModuleManager: Shutting down and abandoning module TextureFormatUncompressed (52)
[2016.01.03-22.28.21:293][ 55]LogModuleManager: Shutting down and abandoning module TextureFormatPVR (51)
[2016.01.03-22.28.21:293][ 55]LogModuleManager: Shutting down and abandoning module TextureFormatIntelISPCTexComp (50)
[2016.01.03-22.28.21:293][ 55]LogModuleManager: Shutting down and abandoning module TextureFormatDXT (49)
[2016.01.03-22.28.21:293][ 55]LogModuleManager: Shutting down and abandoning module ImageWrapper (48)
[2016.01.03-22.28.21:293][ 55]LogModuleManager: Shutting down and abandoning module TextureFormatASTC (47)
[2016.01.03-22.28.21:293][ 55]LogModuleManager: Shutting down and abandoning module TextureFormatAndroid (46)
[2016.01.03-22.28.21:293][ 55]LogModuleManager: Shutting down and abandoning module AudioFormatOpus (45)
[2016.01.03-22.28.21:293][ 55]LogModuleManager: Shutting down and abandoning module AudioFormatOgg (44)
[2016.01.03-22.28.21:293][ 55]LogModuleManager: Shutting down and abandoning module AudioFormatADPCM (43)
[2016.01.03-22.28.21:293][ 55]LogModuleManager: Shutting down and abandoning module LinuxTargetPlatform (42)
[2016.01.03-22.28.21:293][ 55]LogModuleManager: Shutting down and abandoning module LinuxServerTargetPlatform (41)
[2016.01.03-22.28.21:293][ 55]LogModuleManager: Shutting down and abandoning module LinuxNoEditorTargetPlatform (40)
[2016.01.03-22.28.21:293][ 55]LogModuleManager: Shutting down and abandoning module Messaging (39)
[2016.01.03-22.28.21:293][ 55]LogModuleManager: Shutting down and abandoning module IOSTargetPlatform (38)
[2016.01.03-22.28.21:293][ 55]LogModuleManager: Shutting down and abandoning module HTML5TargetPlatform (37)
[2016.01.03-22.28.21:293][ 55]LogModuleManager: Shutting down and abandoning module Android_PVRTCTargetPlatform (36)
[2016.01.03-22.28.21:293][ 55]LogModuleManager: Shutting down and abandoning module Android_MultiTargetPlatform (35)
[2016.01.03-22.28.21:293][ 55]LogModuleManager: Shutting down and abandoning module Android_ETC2TargetPlatform (34)
[2016.01.03-22.28.21:293][ 55]LogModuleManager: Shutting down and abandoning module Android_ETC1TargetPlatform (33)
[2016.01.03-22.28.21:293][ 55]LogModuleManager: Shutting down and abandoning module Android_DXTTargetPlatform (32)
[2016.01.03-22.28.21:293][ 55]LogModuleManager: Shutting down and abandoning module Android_ATCTargetPlatform (31)
[2016.01.03-22.28.21:293][ 55]LogModuleManager: Shutting down and abandoning module Android_ASTCTargetPlatform (30)
[2016.01.03-22.28.21:293][ 55]LogModuleManager: Shutting down and abandoning module AndroidTargetPlatform (29)
[2016.01.03-22.28.21:293][ 55]LogModuleManager: Shutting down and abandoning module WindowsTargetPlatform (28)
[2016.01.03-22.28.21:294][ 55]LogModuleManager: Shutting down and abandoning module WindowsServerTargetPlatform (27)
[2016.01.03-22.28.21:294][ 55]LogModuleManager: Shutting down and abandoning module WindowsNoEditorTargetPlatform (26)
[2016.01.03-22.28.21:294][ 55]LogModuleManager: Shutting down and abandoning module WindowsClientTargetPlatform (25)
[2016.01.03-22.28.21:294][ 55]LogModuleManager: Shutting down and abandoning module AllDesktopTargetPlatform (24)
[2016.01.03-22.28.21:294][ 55]LogModuleManager: Shutting down and abandoning module TargetPlatform (23)
[2016.01.03-22.28.21:294][ 55]LogModuleManager: Shutting down and abandoning module InputCore (22)
[2016.01.03-22.28.21:294][ 55]LogModuleManager: Shutting down and abandoning module Settings (21)
[2016.01.03-22.28.21:294][ 55]LogModuleManager: Shutting down and abandoning module OnlineSubsystem (19)
[2016.01.03-22.28.21:294][ 55]LogModuleManager: Shutting down and abandoning module HTTP (18)
[2016.01.03-22.28.22:300][ 55]LogModuleManager: Shutting down and abandoning module XMPP (17)
[2016.01.03-22.28.22:300][ 55]LogModuleManager: Shutting down and abandoning module OculusRift (16)
[2016.01.03-22.28.22:300][ 55]LogModuleManager: Shutting down and abandoning module ExampleDeviceProfileSelector (15)
[2016.01.03-22.28.22:300][ 55]LogModuleManager: Shutting down and abandoning module TextureCompressor (14)
[2016.01.03-22.28.22:301][ 55]LogModuleManager: Shutting down and abandoning module ShaderCore (13)
[2016.01.03-22.28.22:301][ 55]LogModuleManager: Shutting down and abandoning module Landscape (12)
[2016.01.03-22.28.22:301][ 55]LogModuleManager: Shutting down and abandoning module SlateRHIRenderer (11)
[2016.01.03-22.28.22:310][ 55]LogModuleManager: Shutting down and abandoning module OpenGLDrv (10)
[2016.01.03-22.28.22:310][ 55]LogModuleManager: Shutting down and abandoning module D3D11RHI (9)
[2016.01.03-22.28.22:310][ 55]LogModuleManager: Shutting down and abandoning module AnimGraphRuntime (8)
[2016.01.03-22.28.22:310][ 55]LogModuleManager: Shutting down and abandoning module Renderer (7)
[2016.01.03-22.28.22:310][ 55]LogModuleManager: Shutting down and abandoning module Engine (6)
[2016.01.03-22.28.22:310][ 55]LogModuleManager: Shutting down and abandoning module CoreUObject (5)
[2016.01.03-22.28.22:310][ 55]LogModuleManager: Shutting down and abandoning module NetworkFile (4)
[2016.01.03-22.28.22:311][ 55]LogModuleManager: Shutting down and abandoning module StreamingFile (3)
[2016.01.03-22.28.22:311][ 55]LogModuleManager: Shutting down and abandoning module SandboxFile (2)
[2016.01.03-22.28.22:311][ 55]LogModuleManager: Shutting down and abandoning module PakFile (1)
[2016.01.03-22.28.22:318][ 55]LogExit: Exiting.
[2016.01.03-22.28.22:324][ 55]Log file closed, 01/03/16 17:28:22
