[2016.03.01-07.23.39:059][  0]Log file open, 02/29/16 23:23:39
[2016.03.01-07.23.39:059][  0]LogInit:Display: Running engine for game: Growth
[2016.03.01-07.23.39:059][  0]LogPlatformFile: Not using cached read wrapper
[2016.03.01-07.23.39:059][  0]LogInit:Display: RandInit(-684626098) SRandInit(-684626097).
[2016.03.01-07.23.39:059][  0]LogTaskGraph: Started task graph with 4 named threads and 5 total threads.
[2016.03.01-07.23.39:059][  0]LogStats: Stats thread started at 0.053993
[2016.03.01-07.23.39:059][  0]LogInit: Version: 4.10.3-2866931+++depot+UE4-Releases+4.10
[2016.03.01-07.23.39:059][  0]LogInit: API Version: 2758231
[2016.03.01-07.23.39:059][  0]LogInit: Compiled (64-bit): Feb 15 2016 08:20:45
[2016.03.01-07.23.39:059][  0]LogInit: Compiled with Visual C++: 19.00.23026.00
[2016.03.01-07.23.39:059][  0]LogInit: Build Configuration: Development
[2016.03.01-07.23.39:059][  0]LogInit: Branch Name: ++depot+UE4-Releases+4.10
[2016.03.01-07.23.39:059][  0]LogInit: Command line:  
[2016.03.01-07.23.39:059][  0]LogInit: Base directory: D:/UnReal Four/Epic Games/4.10/Engine/Binaries/Win64/
[2016.03.01-07.23.39:059][  0]LogInit: Rocket: 1
[2016.03.01-07.23.39:069][  0]LogInit: Using libcurl 7.41.0
[2016.03.01-07.23.39:069][  0]LogInit:  - built for x86_64-pc-win32
[2016.03.01-07.23.39:069][  0]LogInit:  - supports SSL with WinSSL
[2016.03.01-07.23.39:069][  0]LogInit:  - other features:
[2016.03.01-07.23.39:069][  0]LogInit:      CURL_VERSION_SSL
[2016.03.01-07.23.39:069][  0]LogInit:      CURL_VERSION_IPV6
[2016.03.01-07.23.39:069][  0]LogInit:      CURL_VERSION_ASYNCHDNS
[2016.03.01-07.23.39:069][  0]LogInit:      CURL_VERSION_LARGEFILE
[2016.03.01-07.23.39:069][  0]LogInit:      CURL_VERSION_IDN
[2016.03.01-07.23.39:069][  0]LogInit:  CurlRequestOptions (configurable via config and command line):
[2016.03.01-07.23.39:069][  0]LogInit:  - bVerifyPeer = true  - Libcurl will verify peer certificate
[2016.03.01-07.23.39:069][  0]LogInit:  - bUseHttpProxy = false  - Libcurl will NOT use HTTP proxy
[2016.03.01-07.23.39:069][  0]LogInit:  - bDontReuseConnections = false  - Libcurl will reuse connections
[2016.03.01-07.23.39:069][  0]LogInit:  - CertBundlePath = nullptr  - Libcurl will use whatever was configured at build time.
[2016.03.01-07.23.39:076][  0]LogInit: Presizing for 0 objects not considered by GC, pre-allocating 0 bytes.
[2016.03.01-07.23.39:085][  0]LogInit: Object subsystem initialized
[2016.03.01-07.23.39:086][  0]LogInit: Selected Device Profile: [Windows]
[2016.03.01-07.23.39:086][  0]LogInit: Applying CVar settings loaded from the selected device profile: [Windows]
[2016.03.01-07.23.39:102][  0]LogInit: Computer: BEACON-PC
[2016.03.01-07.23.39:102][  0]LogInit: User: BEACON
[2016.03.01-07.23.39:102][  0]LogInit: CPU Page size=4096, Cores=2
[2016.03.01-07.23.39:102][  0]LogInit: High frequency timer resolution =1.558916 MHz
[2016.03.01-07.23.39:102][  0]LogMemory: Memory total: Physical=7.9GB (8GB approx)
[2016.03.01-07.23.39:102][  0]LogMemory: Platform Memory Stats for Windows
[2016.03.01-07.23.39:102][  0]LogMemory: Process Physical Memory: 56.92 MB used, 56.92 MB peak
[2016.03.01-07.23.39:102][  0]LogMemory: Process Virtual Memory: 56.81 MB used, 56.81 MB peak
[2016.03.01-07.23.39:102][  0]LogMemory: Physical Memory: 3319.59 MB used, 8096.48 MB total
[2016.03.01-07.23.39:102][  0]LogMemory: Virtual Memory: 350.57 MB used, 8388608.00 MB total
[2016.03.01-07.23.39:705][  0]LogTextLocalizationManager:Warning: Loaded localization resources contain conflicting entries for (Namespace:K2Node, Key:Target):
Localization Resource: (D:/UnReal Four/Epic Games/4.10/Engine/Content/Localization/EditorTutorials/zh-CN/EditorTutorials.locres) Source String Hash: (-1589014459) Localized String: (目标)
Localization Resource: (D:/UnReal Four/Epic Games/4.10/Engine/Content/Localization/Engine/zh-CN/Engine.locres) Source String Hash: (-1589014459) Localized String: (对象)
[2016.03.01-07.23.39:705][  0]LogTextLocalizationManager:Warning: Loaded localization resources contain conflicting entries for (Namespace:K2Node, Key:false):
Localization Resource: (D:/UnReal Four/Epic Games/4.10/Engine/Content/Localization/EditorTutorials/zh-CN/EditorTutorials.locres) Source String Hash: (816077464) Localized String: (假)
Localization Resource: (D:/UnReal Four/Epic Games/4.10/Engine/Content/Localization/Engine/zh-CN/Engine.locres) Source String Hash: (816077464) Localized String: (错误)
[2016.03.01-07.23.39:705][  0]LogTextLocalizationManager:Warning: Loaded localization resources contain conflicting entries for (Namespace:K2Node, Key:true):
Localization Resource: (D:/UnReal Four/Epic Games/4.10/Engine/Content/Localization/EditorTutorials/zh-CN/EditorTutorials.locres) Source String Hash: (-942328987) Localized String: (真)
Localization Resource: (D:/UnReal Four/Epic Games/4.10/Engine/Content/Localization/Engine/zh-CN/Engine.locres) Source String Hash: (-942328987) Localized String: (正确)
[2016.03.01-07.23.39:706][  0]LogTextLocalizationManager:Warning: Loaded localization resources contain conflicting entries for (Namespace:UObjectToolTips, Key:AnimNode_AssetPlayerBase:InternalTimeAccumulator):
Localization Resource: (D:/UnReal Four/Epic Games/4.10/Engine/Content/Localization/EditorTutorials/zh-CN/EditorTutorials.locres) Source String Hash: (502993589) Localized String: (用于引用此节点中的资源的累积时间)
Localization Resource: (D:/UnReal Four/Epic Games/4.10/Engine/Content/Localization/Engine/zh-CN/Engine.locres) Source String Hash: (502993589) Localized String: (引用该节点中资源所用的累计时间)
[2016.03.01-07.23.39:706][  0]LogTextLocalizationManager:Warning: Loaded localization resources contain conflicting entries for (Namespace:UObjectToolTips, Key:AnimNode_AssetPlayerBase:bIgnoreForRelevancyTest):
Localization Resource: (D:/UnReal Four/Epic Games/4.10/Engine/Content/Localization/EditorTutorials/zh-CN/EditorTutorials.locres) Source String Hash: (319969718) Localized String: (若为真，在状态中寻找最高权重动画的“相关动画”节点将忽视 此节点)
Localization Resource: (D:/UnReal Four/Epic Games/4.10/Engine/Content/Localization/Engine/zh-CN/Engine.locres) Source String Hash: (319969718) Localized String: (如果为真，那么将会忽略查找最高权重动画的"相关动画"节点。
这个节点)
[2016.03.01-07.23.39:706][  0]LogTextLocalizationManager:Warning: Loaded localization resources contain conflicting entries for (Namespace:UObjectToolTips, Key:AnimNode_AssetPlayerBase:BlendWeight):
Localization Resource: (D:/UnReal Four/Epic Games/4.10/Engine/Content/Localization/EditorTutorials/zh-CN/EditorTutorials.locres) Source String Hash: (-1232800293) Localized String: (此节点最后交会的混合权重)
Localization Resource: (D:/UnReal Four/Epic Games/4.10/Engine/Content/Localization/Engine/zh-CN/Engine.locres) Source String Hash: (-1232800293) Localized String: (该节点上一次遇到的混合权重)
[2016.03.01-07.23.40:021][  0]LogD3D11RHI: Found D3D11 adapter 0: NVIDIA GeForce GT 740M (Feature Level 11_0)
[2016.03.01-07.23.40:021][  0]LogD3D11RHI: Adapter has 1996MB of dedicated video memory, 0MB of dedicated system memory, and 2048MB of shared system memory, 1 output[s]
[2016.03.01-07.23.40:046][  0]LogD3D11RHI: Found D3D11 adapter 1: NVIDIA GeForce GT 740M (Feature Level 11_0)
[2016.03.01-07.23.40:046][  0]LogD3D11RHI: Adapter has 1996MB of dedicated video memory, 0MB of dedicated system memory, and 2048MB of shared system memory, 0 output[s]
[2016.03.01-07.23.40:046][  0]LogD3D11RHI: Chosen D3D11 Adapter Id = 0
[2016.03.01-07.23.40:058][  0]LogD3D11RHI: !Direct3DDevice
[2016.03.01-07.23.40:058][  0]LogRHI: Texture pool is 1361 MB (70% of 1945 MB)
[2016.03.01-07.23.40:081][  0]LogD3D11RHI: Async texture creation enabled
[2016.03.01-07.23.40:098][  0]LogShaderCompilers: Guid format shader working directory is 4 characters bigger than the processId version (../../../../../../UE4_Github/Growth/Growth/Intermediate/Shaders/WorkingDirectory/29040/).
[2016.03.01-07.23.40:098][  0]LogShaderCompilers: Cleaned the shader compiler working directory 'C:/Users/BEACON/AppData/Local/Temp/UnrealShaderWorkingDir/3CC8EA00426E65CD4FB90182F520E83F/'.
[2016.03.01-07.23.40:098][  0]LogShaderCompilers:Display: Using Local Shader Compiler.
[2016.03.01-07.23.41:430][  0]LogTemp:Display: Loaded TP AllDesktopTargetPlatform
[2016.03.01-07.23.41:436][  0]LogTemp:Display: Loaded TP WindowsClientTargetPlatform
[2016.03.01-07.23.41:441][  0]LogTemp:Display: Loaded TP WindowsNoEditorTargetPlatform
[2016.03.01-07.23.41:446][  0]LogTemp:Display: Loaded TP WindowsServerTargetPlatform
[2016.03.01-07.23.41:452][  0]LogTemp:Display: Loaded TP WindowsTargetPlatform
[2016.03.01-07.23.41:456][  0]LogTemp:Display: Loaded TP AndroidTargetPlatform
[2016.03.01-07.23.41:460][  0]LogTemp:Display: Loaded TP Android_ASTCTargetPlatform
[2016.03.01-07.23.41:464][  0]LogTemp:Display: Loaded TP Android_ATCTargetPlatform
[2016.03.01-07.23.41:468][  0]LogTemp:Display: Loaded TP Android_DXTTargetPlatform
[2016.03.01-07.23.41:473][  0]LogTemp:Display: Loaded TP Android_ETC1TargetPlatform
[2016.03.01-07.23.41:478][  0]LogTemp:Display: Loaded TP Android_ETC2TargetPlatform
[2016.03.01-07.23.41:487][  0]LogTemp:Display: Loaded TP Android_MultiTargetPlatform
[2016.03.01-07.23.41:487][  0]LogTemp:Display: Loaded TP Android_PVRTCTargetPlatform
[2016.03.01-07.23.41:487][  0]LogTemp:Display: Loaded TP HTML5TargetPlatform
[2016.03.01-07.23.41:504][  0]LogTemp:Display: Loaded TP IOSTargetPlatform
[2016.03.01-07.23.41:507][  0]LogTemp:Display: Loaded TP LinuxNoEditorTargetPlatform
[2016.03.01-07.23.41:511][  0]LogTemp:Display: Loaded TP LinuxServerTargetPlatform
[2016.03.01-07.23.41:516][  0]LogTemp:Display: Loaded TP LinuxTargetPlatform
[2016.03.01-07.23.41:516][  0]LogTargetPlatformManager:Display: Building Assets For Windows
[2016.03.01-07.23.41:594][  0]LogDerivedDataCache:Display: Max Cache Size: 512 MB
[2016.03.01-07.23.41:657][  0]LogDerivedDataCache: Loaded boot cache 0.06s 41MB C:/Users/BEACON/AppData/Local/UnrealEngine/4.10/DerivedDataCache/Boot.ddc.
[2016.03.01-07.23.41:657][  0]LogDerivedDataCache:Display: Loaded Boot cache: C:/Users/BEACON/AppData/Local/UnrealEngine/4.10/DerivedDataCache/Boot.ddc
[2016.03.01-07.23.41:657][  0]LogDerivedDataCache: FDerivedDataBackendGraph:  Pak pak cache file ../../../../../../UE4_Github/Growth/Growth/DerivedDataCache/DDC.ddp not found, will not use a pak cache.
[2016.03.01-07.23.41:657][  0]LogDerivedDataCache: Unable to find inner node Pak for hierarchical cache Hierarchy.
[2016.03.01-07.23.41:657][  0]LogDerivedDataCache: FDerivedDataBackendGraph:  CompressedPak pak cache file ../../../../../../UE4_Github/Growth/Growth/DerivedDataCache/Compressed.ddp not found, will not use a pak cache.
[2016.03.01-07.23.41:657][  0]LogDerivedDataCache: Unable to find inner node CompressedPak for hierarchical cache Hierarchy.
[2016.03.01-07.23.41:737][  0]LogDerivedDataCache:Display: Pak cache opened for reading ../../../Engine/DerivedDataCache/Compressed.ddp.
[2016.03.01-07.23.41:750][  0]LogDerivedDataCache: Using Local data cache path C:/Users/BEACON/AppData/Local/UnrealEngine/Common/DerivedDataCache: Writable
[2016.03.01-07.23.41:963][  0]LogInit: Selected Device Profile: [Windows]
[2016.03.01-07.23.41:963][  0]LogContentStreaming: Texture pool size is 0.000000MB
[2016.03.01-07.23.42:008][  0]LogMeshUtilities: No automatic mesh reduction module available
[2016.03.01-07.23.42:008][  0]LogMeshUtilities: No automatic mesh merging module available
[2016.03.01-07.23.42:427][  0]LogInit: WinSock: version 1.1 (2.2), MaxSocks=32767, MaxUdp=65467
[2016.03.01-07.23.43:378][  0]UdpMessaging: Initializing bridge on interface 0.0.0.0:0 to multicast group 230.0.0.1:6666.
[2016.03.01-07.23.43:476][  0]LogAssetRegistry: FAssetRegistry took 0.0104 seconds to start up
[2016.03.01-07.23.43:740][  0]SourceControl: 信息 源码控制已禁用
[2016.03.01-07.23.43:742][  0]SourceControl: 信息 源码控制已禁用
[2016.03.01-07.23.43:759][  0]SourceControl: 信息 源码控制已禁用
[2016.03.01-07.23.43:770][  0]SourceControl: 信息 源码控制已禁用
[2016.03.01-07.23.44:016][  0]LogObj: 28633 objects as part of root set at end of initial load.
[2016.03.01-07.23.44:016][  0]LogUObjectAllocator: 6099744 out of 0 bytes used by permanent object pool.
[2016.03.01-07.23.44:088][  0]LogEngine: Initializing Engine...
[2016.03.01-07.23.44:090][  0]LogHMD: Can't find Oculus library dev build: is proper Runtime installed? Version: 0.8.0.0
[2016.03.01-07.23.44:091][  0]LogHMD: SteamVR failed to initialize.  Err: 110
[2016.03.01-07.23.44:280][  0]LogAIModule: Creating AISystem for world NewWorld
[2016.03.01-07.23.44:287][  0]LogInit: XAudio2 using '扬声器/听筒 (Realtek High Definition Audio)' : 2 channels at 48 kHz using 32 bits per sample (channel mask 0x3)
[2016.03.01-07.23.44:326][  0]LogInit: FAudioDevice initialized.
[2016.03.01-07.23.44:369][  0]LogDerivedDataCache: Saved boot cache 0.04s 41MB C:/Users/BEACON/AppData/Local/UnrealEngine/4.10/DerivedDataCache/Boot.ddc.
[2016.03.01-07.23.44:378][  0]LogInit: Texture streaming: Enabled
[2016.03.01-07.23.44:383][  0]LogAnalytics: Creating configured Analytics provider AnalyticsET
[2016.03.01-07.23.44:383][  0]LogAnalytics: [UEEditor.Rocket.Release] APIServer = http://et2.epicgames.com/ET2/. AppVersion = 4.10.3-2866931+++depot+UE4-Releases+4.10
[2016.03.01-07.23.44:384][  0]LogAnalytics: [UEEditor.Rocket.Release] SetUserId 5d158885492531af1f6758b0cb774b51|dabfe316a6c1439abd43e327ed2c1a37|4fe17939-d705-4ffe-8a7f-3729ceb66e9c
[2016.03.01-07.23.44:384][  0]LogAnalytics: [UEEditor.Rocket.Release] AnalyticsET::StartSession
[2016.03.01-07.23.44:440][  0]LogInit: Transaction tracking system initialized
[2016.03.01-07.23.44:475][  0]BlueprintLog: New page: 编辑器加载
[2016.03.01-07.23.44:576][  0]LocalizationService: 信息 本地化服务已被禁用
[2016.03.01-07.23.44:662][  0]LogConsoleResponse:Display: 
[2016.03.01-07.23.44:901][  0]LogCook:Display: Done creating registry. It took  0.00s.
[2016.03.01-07.23.44:976][  0]LogFileCache: Scanning file cache for directory 'D:/UE4_Github/Growth/Growth/Content/' took 0.01s
[2016.03.01-07.23.44:976][  0]SourceControl: 信息 源码控制已禁用
[2016.03.01-07.23.44:977][  0]Cmd: MAP LOAD FILE="../../../../../../UE4_Github/Growth/Growth/Content/Maps/ExampleMap.umap" TEMPLATE=0 SHOWPROGRESS=1 FEATURELEVEL=3
[2016.03.01-07.23.44:977][  0]LightingResults: New page: 光照构建
[2016.03.01-07.23.44:982][  0]MapCheck: New page: 地图检测
[2016.03.01-07.23.44:982][  0]LightingResults: New page: 光照构建
[2016.03.01-07.23.45:013][  0]LogParticles: Destroying 0 GPU particle simulations for FXSystem 0x0000000023017B00
[2016.03.01-07.23.46:156][  0]LogAIModule: Creating AISystem for world ExampleMap
[2016.03.01-07.23.46:176][  0]LogEditorServer: Finished looking for orphan Actors (0.000 secs)
[2016.03.01-07.23.46:177][  0]Cmd: MAP CHECKDEP NOCLEARLOG
[2016.03.01-07.23.46:267][  0]MapCheck: 信息 地图检测完成：0个错误，0 个警告，用时89.403毫秒完成。
[2016.03.01-07.23.46:267][  0]LogFileHelpers: Loading map 'ExampleMap' took 1.290
[2016.03.01-07.23.46:394][  0]LogCollectionManager: Loaded 0 collections in 0.002710 seconds
[2016.03.01-07.23.46:439][  0]LogFileCache: Scanning file cache for directory 'D:/UE4_Github/Growth/Growth/Saved/Collections/' took 0.01s
[2016.03.01-07.23.46:439][  0]LogFileCache: Scanning file cache for directory 'D:/UE4_Github/Growth/Growth/Content/Developers/BEACON/Collections/' took 0.01s
[2016.03.01-07.23.46:439][  0]LogFileCache: Scanning file cache for directory 'D:/UE4_Github/Growth/Growth/Content/Collections/' took 0.01s
[2016.03.01-07.23.46:439][  0]LogCollectionManager: Rebuilt the GUID cache for 0 collections in 0.000003 seconds
[2016.03.01-07.23.46:452][  0]LogContentBrowser: Native class hierarchy populated in 0.0126 seconds. Added 1893 classes and 338 folders.
[2016.03.01-07.23.46:461][  0]LogContentBrowser: Native class hierarchy updated for 'WidgetCarousel' in 0.0004 seconds. Added 0 classes and 0 folders.
[2016.03.01-07.23.46:521][  0]LogContentBrowser: Native class hierarchy updated for 'AddContentDialog' in 0.0004 seconds. Added 0 classes and 0 folders.
[2016.03.01-07.23.46:526][  0]LogContentBrowser: Native class hierarchy updated for 'SceneOutliner' in 0.0006 seconds. Added 1 classes and 2 folders.
[2016.03.01-07.23.46:556][  0]LogCrashTracker: Crashtracker disabled due to settings.
[2016.03.01-07.23.46:562][  0]LogUObjectGlobals:Warning: 寻找对象'Class 无.'失败
[2016.03.01-07.23.46:584][  0]LogLoad: Full Startup: 8.03 seconds (BP compile: 0.18 seconds)
[2016.03.01-07.23.46:609][  0]LogOcInput: Can't find Oculus library dev build: is proper Runtime installed? Version: 0.8.0.0
[2016.03.01-07.23.46:724][  0]LogContentStreaming: Texture pool size now 1000 MB
[2016.03.01-07.23.46:946][  0]LogRenderer: Reallocating scene render targets to support 856x396 (Frame:2).
[2016.03.01-07.23.47:972][  5]LogAssetRegistry: Asset discovery search completed in 4.5073 seconds
[2016.03.01-07.23.47:973][  5]LogCollectionManager: Rebuilt the object cache for 0 collections in 0.000002 seconds (found 0 objects)
[2016.03.01-07.23.47:973][  5]LogCollectionManager: Fixed up redirectors for 0 collections in 0.000034 seconds (updated 0 objects)
[2016.03.01-07.23.51:319][137]Cmd: OBJ SAVEPACKAGE PACKAGE="/Game/Maps/ExampleMap" FILE="../../../../../../UE4_Github/Growth/Growth/Saved/Autosaves/Game/Maps/UEDPCExampleMap.umap" SILENT=true AUTOSAVING=true KEEPDIRTY=true
[2016.03.01-07.23.51:431][137]LogSavePackage: Save=46.040966ms
[2016.03.01-07.23.51:431][137]LogSavePackage: Moving '../../../../../../UE4_Github/Growth/Growth/Saved/UEDPCExampleMap91764B66473E1CE1DB73AA9DF673592E.tmp' to '../../../../../../UE4_Github/Growth/Growth/Saved/Autosaves/Game/Maps/UEDPCExampleMap.umap'
[2016.03.01-07.23.51:434][137]LogSavePackage: Total save time: 98.481253ms
[2016.03.01-07.23.51:434][137]LogSavePackage:Display: Finished SavePackage ../../../../../../UE4_Github/Growth/Growth/Saved/Autosaves/Game/Maps/UEDPCExampleMap.umap
[2016.03.01-07.24.22:831][369]Cmd: QUIT_EDITOR
[2016.03.01-07.24.23:055][369]LogExit: Preparing to exit.
[2016.03.01-07.24.23:473][369]LogExit: Editor shut down
[2016.03.01-07.24.23:473][369]LogExit: Transaction tracking system shut down
[2016.03.01-07.24.23:475][369]LogParticles: Destroying 0 GPU particle simulations for FXSystem 0x00000000112F6E80
[2016.03.01-07.24.23:475][369]LogParticles: Destroying 0 GPU particle simulations for FXSystem 0x000000002DA3CEA0
[2016.03.01-07.24.23:475][369]LogParticles: Destroying 0 GPU particle simulations for FXSystem 0x000000001EB0AA20
[2016.03.01-07.24.23:475][369]LogParticles: Destroying 0 GPU particle simulations for FXSystem 0x000000003AEEF100
[2016.03.01-07.24.23:655][369]LogExit: Object subsystem successfully closed.
[2016.03.01-07.24.23:666][369]LogD3D11RHI: Shutdown
[2016.03.01-07.24.23:666][369]LogD3D11RHI: CleanupD3DDevice
[2016.03.01-07.24.23:766][369]LogD3D11RHI: ~FD3D11DynamicRHI
[2016.03.01-07.24.23:784][369]LogModuleManager: Shutting down and abandoning module CookingStats (199)
[2016.03.01-07.24.23:784][369]LogModuleManager: Shutting down and abandoning module CrashTracker (198)
[2016.03.01-07.24.23:784][369]LogModuleManager: Shutting down and abandoning module SceneOutliner (197)
[2016.03.01-07.24.23:784][369]LogModuleManager: Shutting down and abandoning module SuperSearch (196)
[2016.03.01-07.24.23:784][369]LogModuleManager: Shutting down and abandoning module WidgetCarousel (195)
[2016.03.01-07.24.23:784][369]LogModuleManager: Shutting down and abandoning module AddContentDialog (194)
[2016.03.01-07.24.23:785][369]LogModuleManager: Shutting down and abandoning module EditorWidgets (193)
[2016.03.01-07.24.23:785][369]LogModuleManager: Shutting down and abandoning module CollectionManager (192)
[2016.03.01-07.24.23:785][369]LogModuleManager: Shutting down and abandoning module StatsViewer (191)
[2016.03.01-07.24.23:785][369]LogModuleManager: Shutting down and abandoning module FoliageEdit (190)
[2016.03.01-07.24.23:785][369]LogModuleManager: Shutting down and abandoning module LandscapeEditor (189)
[2016.03.01-07.24.23:785][369]LogModuleManager: Shutting down and abandoning module ActorPickerMode (188)
[2016.03.01-07.24.23:785][369]LogModuleManager: Shutting down and abandoning module GeometryMode (187)
[2016.03.01-07.24.23:785][369]LogModuleManager: Shutting down and abandoning module TextureAlignMode (186)
[2016.03.01-07.24.23:785][369]LogModuleManager: Shutting down and abandoning module BspMode (185)
[2016.03.01-07.24.23:785][369]LogModuleManager: Shutting down and abandoning module PlacementMode (184)
[2016.03.01-07.24.23:785][369]LogModuleManager: Shutting down and abandoning module AutomationWorker (183)
[2016.03.01-07.24.23:785][369]LogModuleManager: Shutting down and abandoning module CharacterAI (182)
[2016.03.01-07.24.23:785][369]LogModuleManager: Shutting down and abandoning module SmartSnapping (181)
[2016.03.01-07.24.23:785][369]LogModuleManager: Shutting down and abandoning module ViewportSnapping (180)
[2016.03.01-07.24.23:785][369]LogModuleManager: Shutting down and abandoning module LogVisualizer (179)
[2016.03.01-07.24.23:785][369]LogModuleManager: Shutting down and abandoning module GameProjectGeneration (178)
[2016.03.01-07.24.23:785][369]LogModuleManager: Shutting down and abandoning module IntroTutorials (177)
[2016.03.01-07.24.23:785][369]LogModuleManager: Shutting down and abandoning module EditorLiveStreaming (176)
[2016.03.01-07.24.23:785][369]LogModuleManager: Shutting down and abandoning module IOSPlatformEditor (175)
[2016.03.01-07.24.23:785][369]LogModuleManager: Shutting down and abandoning module HTML5PlatformEditor (174)
[2016.03.01-07.24.23:785][369]LogModuleManager: Shutting down and abandoning module AndroidDeviceDetection (173)
[2016.03.01-07.24.24:624][369]LogModuleManager: Shutting down and abandoning module AndroidPlatformEditor (172)
[2016.03.01-07.24.24:624][369]LogModuleManager: Shutting down and abandoning module IOSRuntimeSettings (171)
[2016.03.01-07.24.24:624][369]LogModuleManager: Shutting down and abandoning module AndroidRuntimeSettings (170)
[2016.03.01-07.24.24:624][369]LogModuleManager: Shutting down and abandoning module MergeActors (169)
[2016.03.01-07.24.24:624][369]LogModuleManager: Shutting down and abandoning module SizeMap (168)
[2016.03.01-07.24.24:624][369]LogModuleManager: Shutting down and abandoning module TreeMap (167)
[2016.03.01-07.24.24:624][369]LogModuleManager: Shutting down and abandoning module ReferenceViewer (166)
[2016.03.01-07.24.24:624][369]LogModuleManager: Shutting down and abandoning module LocalizationService (165)
[2016.03.01-07.24.24:624][369]LogModuleManager: Shutting down and abandoning module LocalizationDashboard (164)
[2016.03.01-07.24.24:624][369]LogModuleManager: Shutting down and abandoning module HardwareTargeting (163)
[2016.03.01-07.24.24:624][369]LogModuleManager: Shutting down and abandoning module DeviceProfileEditor (162)
[2016.03.01-07.24.24:624][369]LogModuleManager: Shutting down and abandoning module UndoHistory (161)
[2016.03.01-07.24.24:624][369]LogModuleManager: Shutting down and abandoning module GameplayTagsEditor (160)
[2016.03.01-07.24.24:624][369]LogModuleManager: Shutting down and abandoning module UserFeedback (159)
[2016.03.01-07.24.24:624][369]LogModuleManager: Shutting down and abandoning module XmlParser (158)
[2016.03.01-07.24.24:624][369]LogModuleManager: Shutting down and abandoning module Blutility (157)
[2016.03.01-07.24.24:624][369]LogModuleManager: Shutting down and abandoning module ProjectTargetPlatformEditor (156)
[2016.03.01-07.24.24:624][369]LogModuleManager: Shutting down and abandoning module ProjectSettingsViewer (155)
[2016.03.01-07.24.24:624][369]LogModuleManager: Shutting down and abandoning module InputBindingEditor (154)
[2016.03.01-07.24.24:625][369]LogModuleManager: Shutting down and abandoning module EditorSettingsViewer (153)
[2016.03.01-07.24.24:625][369]LogModuleManager: Shutting down and abandoning module SettingsEditor (152)
[2016.03.01-07.24.24:625][369]LogModuleManager: Shutting down and abandoning module ProjectLauncher (151)
[2016.03.01-07.24.24:625][369]LogModuleManager: Shutting down and abandoning module SessionFrontend (150)
[2016.03.01-07.24.24:625][369]LogModuleManager: Shutting down and abandoning module ProfilerClient (149)
[2016.03.01-07.24.24:625][369]LogModuleManager: Shutting down and abandoning module TargetDeviceServices (148)
[2016.03.01-07.24.24:625][369]LogModuleManager: Shutting down and abandoning module DeviceManager (147)
[2016.03.01-07.24.24:625][369]LogModuleManager: Shutting down and abandoning module AutomationController (146)
[2016.03.01-07.24.24:625][369]LogModuleManager: Shutting down and abandoning module AutomationWindow (145)
[2016.03.01-07.24.24:625][369]LogModuleManager: Shutting down and abandoning module Layers (144)
[2016.03.01-07.24.24:625][369]LogModuleManager: Shutting down and abandoning module ComponentVisualizers (143)
[2016.03.01-07.24.24:625][369]LogModuleManager: Shutting down and abandoning module DetailCustomizations (142)
[2016.03.01-07.24.24:625][369]LogModuleManager: Shutting down and abandoning module PackagesDialog (141)
[2016.03.01-07.24.24:625][369]LogModuleManager: Shutting down and abandoning module Persona (140)
[2016.03.01-07.24.24:625][369]LogModuleManager: Shutting down and abandoning module Kismet (139)
[2016.03.01-07.24.24:625][369]LogModuleManager: Shutting down and abandoning module GraphEditor (138)
[2016.03.01-07.24.24:625][369]LogModuleManager: Shutting down and abandoning module ClassViewer (137)
[2016.03.01-07.24.24:625][369]LogModuleManager: Shutting down and abandoning module Toolbox (136)
[2016.03.01-07.24.24:625][369]LogModuleManager: Shutting down and abandoning module ModuleUI (135)
[2016.03.01-07.24.24:625][369]LogModuleManager: Shutting down and abandoning module MovieSceneTools (134)
[2016.03.01-07.24.24:625][369]LogModuleManager: Shutting down and abandoning module OutputLog (133)
[2016.03.01-07.24.24:625][369]LogModuleManager: Shutting down and abandoning module GammaUI (132)
[2016.03.01-07.24.24:625][369]LogModuleManager: Shutting down and abandoning module Documentation (131)
[2016.03.01-07.24.24:625][369]LogModuleManager: Shutting down and abandoning module GameLiveStreaming (130)
[2016.03.01-07.24.24:625][369]LogModuleManager: Shutting down and abandoning module StreamingPauseRendering (129)
[2016.03.01-07.24.24:625][369]LogModuleManager: Shutting down and abandoning module AnalyticsET (128)
[2016.03.01-07.24.24:625][369]LogModuleManager: Shutting down and abandoning module Analytics (127)
[2016.03.01-07.24.24:625][369]LogModuleManager: Shutting down and abandoning module AITestSuite (126)
[2016.03.01-07.24.24:625][369]LogModuleManager: Shutting down and abandoning module GameplayDebugger (125)
[2016.03.01-07.24.24:625][369]LogModuleManager: Shutting down and abandoning module AIModule (124)
[2016.03.01-07.24.24:625][369]LogModuleManager: Shutting down and abandoning module ProfilerService (123)
[2016.03.01-07.24.24:828][369]LogModuleManager: Shutting down and abandoning module TaskGraph (122)
[2016.03.01-07.24.24:828][369]LogModuleManager: Shutting down and abandoning module SlateRemote (121)
[2016.03.01-07.24.24:828][369]LogModuleManager: Shutting down and abandoning module SteamVRController (120)
[2016.03.01-07.24.24:828][369]LogModuleManager: Shutting down and abandoning module SteamVR (119)
[2016.03.01-07.24.24:828][369]LogModuleManager: Shutting down and abandoning module ProceduralMeshComponent (118)
[2016.03.01-07.24.24:828][369]LogModuleManager: Shutting down and abandoning module OculusLibrary (117)
[2016.03.01-07.24.24:828][369]LogModuleManager: Shutting down and abandoning module OculusInput (116)
[2016.03.01-07.24.24:828][369]LogModuleManager: Shutting down and abandoning module LeapMotionController (115)
[2016.03.01-07.24.24:843][369]LogModuleManager: Shutting down and abandoning module CustomMeshComponent (114)
[2016.03.01-07.24.24:843][369]LogModuleManager: Shutting down and abandoning module CableComponent (113)
[2016.03.01-07.24.24:843][369]LogModuleManager: Shutting down and abandoning module ArchVisCharacter (112)
[2016.03.01-07.24.24:843][369]LogModuleManager: Shutting down and abandoning module MessagingDebugger (111)
[2016.03.01-07.24.24:843][369]LogModuleManager: Shutting down and abandoning module MediaPlayerEditor (110)
[2016.03.01-07.24.24:843][369]LogModuleManager: Shutting down and abandoning module HTML5Networking (109)
[2016.03.01-07.24.24:843][369]LogModuleManager: Shutting down and abandoning module SpeedTreeImporter (108)
[2016.03.01-07.24.24:843][369]LogModuleManager: Shutting down and abandoning module PluginBrowser (107)
[2016.03.01-07.24.24:843][369]LogModuleManager: Shutting down and abandoning module EpicSurvey (106)
[2016.03.01-07.24.24:843][369]LogModuleManager: Shutting down and abandoning module DesktopPlatform (105)
[2016.03.01-07.24.24:843][369]LogModuleManager: Shutting down and abandoning module VisualStudioSourceCodeAccess (104)
[2016.03.01-07.24.24:843][369]LogModuleManager: Shutting down and abandoning module UObjectPlugin (103)
[2016.03.01-07.24.24:843][369]LogModuleManager: Shutting down and abandoning module SubversionSourceControl (102)
[2016.03.01-07.24.24:843][369]LogModuleManager: Shutting down and abandoning module PerforceSourceControl (101)
[2016.03.01-07.24.24:843][369]LogModuleManager: Shutting down and abandoning module SourceControl (100)
[2016.03.01-07.24.24:843][369]LogModuleManager: Shutting down and abandoning module GitSourceControl (99)
[2016.03.01-07.24.24:843][369]LogModuleManager: Shutting down and abandoning module LightPropagationVolumeEditor (98)
[2016.03.01-07.24.24:843][369]LogModuleManager: Shutting down and abandoning module PaperTiledImporter (97)
[2016.03.01-07.24.24:843][369]LogModuleManager: Shutting down and abandoning module PaperSpriteSheetImporter (96)
[2016.03.01-07.24.24:843][369]LogModuleManager: Shutting down and abandoning module MeshPaint (95)
[2016.03.01-07.24.24:843][369]LogModuleManager: Shutting down and abandoning module SlateReflector (94)
[2016.03.01-07.24.24:843][369]LogModuleManager: Shutting down and abandoning module HotReload (93)
[2016.03.01-07.24.24:843][369]LogModuleManager: Shutting down and abandoning module MainFrame (92)
[2016.03.01-07.24.24:843][369]LogModuleManager: Shutting down and abandoning module LevelEditor (91)
[2016.03.01-07.24.24:844][369]LogModuleManager: Shutting down and abandoning module DirectoryWatcher (90)
[2016.03.01-07.24.24:845][369]LogModuleManager: Shutting down and abandoning module AssetRegistry (89)
[2016.03.01-07.24.24:925][369]LogModuleManager: Shutting down and abandoning module ContentBrowser (88)
[2016.03.01-07.24.24:925][369]LogModuleManager: Shutting down and abandoning module Paper2DEditor (87)
[2016.03.01-07.24.24:925][369]LogModuleManager: Shutting down and abandoning module UdpMessaging (86)
[2016.03.01-07.24.25:025][369]LogModuleManager: Shutting down and abandoning module LightPropagationVolumeRuntime (85)
[2016.03.01-07.24.25:025][369]LogModuleManager: Shutting down and abandoning module Paper2D (84)
[2016.03.01-07.24.25:025][369]LogModuleManager: Shutting down and abandoning module WindowsMoviePlayer (83)
[2016.03.01-07.24.25:028][369]LogModuleManager: Shutting down and abandoning module Media (82)
[2016.03.01-07.24.25:028][369]LogModuleManager: Shutting down and abandoning module WmfMedia (81)
[2016.03.01-07.24.25:029][369]LogModuleManager: Shutting down and abandoning module OnlineBlueprintSupport (80)
[2016.03.01-07.24.25:029][369]LogModuleManager: Shutting down and abandoning module GameplayTasksEditor (79)
[2016.03.01-07.24.25:029][369]LogModuleManager: Shutting down and abandoning module PropertyEditor (78)
[2016.03.01-07.24.25:029][369]LogModuleManager: Shutting down and abandoning module BehaviorTreeEditor (77)
[2016.03.01-07.24.25:029][369]LogModuleManager: Shutting down and abandoning module FunctionalTesting (76)
[2016.03.01-07.24.25:029][369]LogModuleManager: Shutting down and abandoning module CollisionAnalyzer (75)
[2016.03.01-07.24.25:029][369]LogModuleManager: Shutting down and abandoning module WorkspaceMenuStructure (74)
[2016.03.01-07.24.25:029][369]LogModuleManager: Shutting down and abandoning module MessageLog (73)
[2016.03.01-07.24.25:029][369]LogModuleManager: Shutting down and abandoning module Sequencer (72)
[2016.03.01-07.24.25:029][369]LogModuleManager: Shutting down and abandoning module AssetTools (71)
[2016.03.01-07.24.25:029][369]LogModuleManager: Shutting down and abandoning module UMGEditor (70)
[2016.03.01-07.24.25:029][369]LogModuleManager: Shutting down and abandoning module UMG (69)
[2016.03.01-07.24.25:029][369]LogModuleManager: Shutting down and abandoning module Slate (68)
[2016.03.01-07.24.25:029][369]LogModuleManager: Shutting down and abandoning module EditorStyle (67)
[2016.03.01-07.24.25:031][369]LogModuleManager: Shutting down and abandoning module SessionServices (66)
[2016.03.01-07.24.25:031][369]LogModuleManager: Shutting down and abandoning module SourceCodeAccess (65)
[2016.03.01-07.24.25:031][369]LogModuleManager: Shutting down and abandoning module HeadMountedDisplay (64)
[2016.03.01-07.24.25:031][369]LogModuleManager: Shutting down and abandoning module XAudio2 (63)
[2016.03.01-07.24.25:031][369]LogModuleManager: Shutting down and abandoning module Networking (61)
[2016.03.01-07.24.25:031][369]LogModuleManager: Shutting down and abandoning module Core (60)
[2016.03.01-07.24.25:031][369]LogModuleManager: Shutting down and abandoning module KismetCompiler (59)
[2016.03.01-07.24.25:031][369]LogModuleManager: Shutting down and abandoning module PhysXFormats (58)
[2016.03.01-07.24.25:031][369]LogModuleManager: Shutting down and abandoning module MeshUtilities (57)
[2016.03.01-07.24.25:031][369]LogModuleManager: Shutting down and abandoning module DerivedDataCache (56)
[2016.03.01-07.24.25:251][369]LogDerivedDataCache: Shutdown
[2016.03.01-07.24.25:251][369]LogModuleManager: Shutting down and abandoning module ShaderFormatOpenGL (55)
[2016.03.01-07.24.25:251][369]LogModuleManager: Shutting down and abandoning module ShaderFormatD3D (54)
[2016.03.01-07.24.25:251][369]LogModuleManager: Shutting down and abandoning module MetalShaderFormat (53)
[2016.03.01-07.24.25:251][369]LogModuleManager: Shutting down and abandoning module TextureFormatUncompressed (52)
[2016.03.01-07.24.25:252][369]LogModuleManager: Shutting down and abandoning module TextureFormatPVR (51)
[2016.03.01-07.24.25:252][369]LogModuleManager: Shutting down and abandoning module TextureFormatIntelISPCTexComp (50)
[2016.03.01-07.24.25:252][369]LogModuleManager: Shutting down and abandoning module TextureFormatDXT (49)
[2016.03.01-07.24.25:252][369]LogModuleManager: Shutting down and abandoning module ImageWrapper (48)
[2016.03.01-07.24.25:252][369]LogModuleManager: Shutting down and abandoning module TextureFormatASTC (47)
[2016.03.01-07.24.25:252][369]LogModuleManager: Shutting down and abandoning module TextureFormatAndroid (46)
[2016.03.01-07.24.25:252][369]LogModuleManager: Shutting down and abandoning module AudioFormatOpus (45)
[2016.03.01-07.24.25:252][369]LogModuleManager: Shutting down and abandoning module AudioFormatOgg (44)
[2016.03.01-07.24.25:252][369]LogModuleManager: Shutting down and abandoning module AudioFormatADPCM (43)
[2016.03.01-07.24.25:252][369]LogModuleManager: Shutting down and abandoning module LinuxTargetPlatform (42)
[2016.03.01-07.24.25:252][369]LogModuleManager: Shutting down and abandoning module LinuxServerTargetPlatform (41)
[2016.03.01-07.24.25:252][369]LogModuleManager: Shutting down and abandoning module LinuxNoEditorTargetPlatform (40)
[2016.03.01-07.24.25:252][369]LogModuleManager: Shutting down and abandoning module Messaging (39)
[2016.03.01-07.24.25:252][369]LogModuleManager: Shutting down and abandoning module IOSTargetPlatform (38)
[2016.03.01-07.24.25:252][369]LogModuleManager: Shutting down and abandoning module HTML5TargetPlatform (37)
[2016.03.01-07.24.25:252][369]LogModuleManager: Shutting down and abandoning module Android_PVRTCTargetPlatform (36)
[2016.03.01-07.24.25:252][369]LogModuleManager: Shutting down and abandoning module Android_MultiTargetPlatform (35)
[2016.03.01-07.24.25:252][369]LogModuleManager: Shutting down and abandoning module Android_ETC2TargetPlatform (34)
[2016.03.01-07.24.25:252][369]LogModuleManager: Shutting down and abandoning module Android_ETC1TargetPlatform (33)
[2016.03.01-07.24.25:252][369]LogModuleManager: Shutting down and abandoning module Android_DXTTargetPlatform (32)
[2016.03.01-07.24.25:252][369]LogModuleManager: Shutting down and abandoning module Android_ATCTargetPlatform (31)
[2016.03.01-07.24.25:252][369]LogModuleManager: Shutting down and abandoning module Android_ASTCTargetPlatform (30)
[2016.03.01-07.24.25:252][369]LogModuleManager: Shutting down and abandoning module AndroidTargetPlatform (29)
[2016.03.01-07.24.25:252][369]LogModuleManager: Shutting down and abandoning module WindowsTargetPlatform (28)
[2016.03.01-07.24.25:252][369]LogModuleManager: Shutting down and abandoning module WindowsServerTargetPlatform (27)
[2016.03.01-07.24.25:252][369]LogModuleManager: Shutting down and abandoning module WindowsNoEditorTargetPlatform (26)
[2016.03.01-07.24.25:252][369]LogModuleManager: Shutting down and abandoning module WindowsClientTargetPlatform (25)
[2016.03.01-07.24.25:252][369]LogModuleManager: Shutting down and abandoning module AllDesktopTargetPlatform (24)
[2016.03.01-07.24.25:252][369]LogModuleManager: Shutting down and abandoning module TargetPlatform (23)
[2016.03.01-07.24.25:252][369]LogModuleManager: Shutting down and abandoning module InputCore (22)
[2016.03.01-07.24.25:252][369]LogModuleManager: Shutting down and abandoning module Settings (21)
[2016.03.01-07.24.25:252][369]LogModuleManager: Shutting down and abandoning module OnlineSubsystem (19)
[2016.03.01-07.24.25:252][369]LogModuleManager: Shutting down and abandoning module HTTP (18)
[2016.03.01-07.24.27:252][369]LogModuleManager: Shutting down and abandoning module XMPP (17)
[2016.03.01-07.24.27:252][369]LogModuleManager: Shutting down and abandoning module OculusRift (16)
[2016.03.01-07.24.27:252][369]LogModuleManager: Shutting down and abandoning module ExampleDeviceProfileSelector (15)
[2016.03.01-07.24.27:252][369]LogModuleManager: Shutting down and abandoning module TextureCompressor (14)
[2016.03.01-07.24.27:252][369]LogModuleManager: Shutting down and abandoning module ShaderCore (13)
[2016.03.01-07.24.27:252][369]LogModuleManager: Shutting down and abandoning module Landscape (12)
[2016.03.01-07.24.27:252][369]LogModuleManager: Shutting down and abandoning module SlateRHIRenderer (11)
[2016.03.01-07.24.27:253][369]LogModuleManager: Shutting down and abandoning module OpenGLDrv (10)
[2016.03.01-07.24.27:253][369]LogModuleManager: Shutting down and abandoning module D3D11RHI (9)
[2016.03.01-07.24.27:253][369]LogModuleManager: Shutting down and abandoning module AnimGraphRuntime (8)
[2016.03.01-07.24.27:253][369]LogModuleManager: Shutting down and abandoning module Renderer (7)
[2016.03.01-07.24.27:253][369]LogModuleManager: Shutting down and abandoning module Engine (6)
[2016.03.01-07.24.27:253][369]LogModuleManager: Shutting down and abandoning module CoreUObject (5)
[2016.03.01-07.24.27:253][369]LogModuleManager: Shutting down and abandoning module NetworkFile (4)
[2016.03.01-07.24.27:253][369]LogModuleManager: Shutting down and abandoning module StreamingFile (3)
[2016.03.01-07.24.27:253][369]LogModuleManager: Shutting down and abandoning module SandboxFile (2)
[2016.03.01-07.24.27:254][369]LogModuleManager: Shutting down and abandoning module PakFile (1)
[2016.03.01-07.24.27:255][369]LogExit: Exiting.
[2016.03.01-07.24.27:258][369]Log file closed, 02/29/16 23:24:27
