[2016.01.23-02.13.47:811][  0]Log file open, 01/22/16 18:13:47
[2016.01.23-02.13.47:811][  0]LogInit:Display: Running engine for game: Growth
[2016.01.23-02.13.47:811][  0]LogPlatformFile: Not using cached read wrapper
[2016.01.23-02.13.47:811][  0]LogInit:Display: RandInit(388287036) SRandInit(388287037).
[2016.01.23-02.13.47:811][  0]LogTaskGraph: Started task graph with 4 named threads and 7 total threads.
[2016.01.23-02.13.47:811][  0]LogStats: Stats thread started at 0.159719
[2016.01.23-02.13.47:811][  0]LogInit: Version: 4.10.0-2758231+++depot+UE4-Releases+4.10
[2016.01.23-02.13.47:811][  0]LogInit: API Version: 2758231
[2016.01.23-02.13.47:811][  0]LogInit: Compiled (64-bit): Nov  7 2015 05:13:45
[2016.01.23-02.13.47:811][  0]LogInit: Compiled with Visual C++: 19.00.23026.00
[2016.01.23-02.13.47:811][  0]LogInit: Build Configuration: Development
[2016.01.23-02.13.47:811][  0]LogInit: Branch Name: ++depot+UE4-Releases+4.10
[2016.01.23-02.13.47:811][  0]LogInit: Command line:  
[2016.01.23-02.13.47:811][  0]LogInit: Base directory: C:/Program Files/Epic Games/4.10/Engine/Binaries/Win64/
[2016.01.23-02.13.47:811][  0]LogInit: Rocket: 1
[2016.01.23-02.13.47:858][  0]LogInit: Using libcurl 7.41.0
[2016.01.23-02.13.47:858][  0]LogInit:  - built for x86_64-pc-win32
[2016.01.23-02.13.47:858][  0]LogInit:  - supports SSL with WinSSL
[2016.01.23-02.13.47:858][  0]LogInit:  - other features:
[2016.01.23-02.13.47:858][  0]LogInit:      CURL_VERSION_SSL
[2016.01.23-02.13.47:858][  0]LogInit:      CURL_VERSION_IPV6
[2016.01.23-02.13.47:858][  0]LogInit:      CURL_VERSION_ASYNCHDNS
[2016.01.23-02.13.47:858][  0]LogInit:      CURL_VERSION_LARGEFILE
[2016.01.23-02.13.47:858][  0]LogInit:      CURL_VERSION_IDN
[2016.01.23-02.13.47:858][  0]LogInit:  CurlRequestOptions (configurable via config and command line):
[2016.01.23-02.13.47:858][  0]LogInit:  - bVerifyPeer = true  - Libcurl will verify peer certificate
[2016.01.23-02.13.47:858][  0]LogInit:  - bUseHttpProxy = false  - Libcurl will NOT use HTTP proxy
[2016.01.23-02.13.47:858][  0]LogInit:  - bDontReuseConnections = false  - Libcurl will reuse connections
[2016.01.23-02.13.47:858][  0]LogInit:  - CertBundlePath = nullptr  - Libcurl will use whatever was configured at build time.
[2016.01.23-02.13.47:905][  0]LogInit: Presizing for 0 objects not considered by GC, pre-allocating 0 bytes.
[2016.01.23-02.13.47:905][  0]LogInit: Object subsystem initialized
[2016.01.23-02.13.47:905][  0]LogInit: Selected Device Profile: [Windows]
[2016.01.23-02.13.47:905][  0]LogInit: Applying CVar settings loaded from the selected device profile: [Windows]
[2016.01.23-02.13.47:948][  0]LogInit: Computer: ALEX-PC
[2016.01.23-02.13.47:948][  0]LogInit: User: Alex
[2016.01.23-02.13.47:948][  0]LogInit: CPU Page size=4096, Cores=4
[2016.01.23-02.13.47:948][  0]LogInit: High frequency timer resolution =2.533208 MHz
[2016.01.23-02.13.47:948][  0]LogMemory: Memory total: Physical=7.9GB (8GB approx)
[2016.01.23-02.13.47:948][  0]LogMemory: Platform Memory Stats for Windows
[2016.01.23-02.13.47:948][  0]LogMemory: Process Physical Memory: 56.48 MB used, 56.48 MB peak
[2016.01.23-02.13.47:948][  0]LogMemory: Process Virtual Memory: 58.57 MB used, 58.57 MB peak
[2016.01.23-02.13.47:948][  0]LogMemory: Physical Memory: 2180.89 MB used, 8110.36 MB total
[2016.01.23-02.13.47:948][  0]LogMemory: Virtual Memory: 380.51 MB used, 134217728.00 MB total
[2016.01.23-02.13.48:705][  0]LogTextLocalizationManager: No specific translations for ('en-US') exist, so ('en') translations will be used.
[2016.01.23-02.13.49:643][  0]LogD3D11RHI: Found D3D11 adapter 0: NVIDIA GeForce GTX 965M        (Feature Level 11_0)
[2016.01.23-02.13.49:643][  0]LogD3D11RHI: Adapter has 4013MB of dedicated video memory, 0MB of dedicated system memory, and 4055MB of shared system memory, 1 output[s]
[2016.01.23-02.13.49:650][  0]LogD3D11RHI: Found D3D11 adapter 1: Intel(R) HD Graphics 4600 (Feature Level 11_0)
[2016.01.23-02.13.49:650][  0]LogD3D11RHI: Adapter has 112MB of dedicated video memory, 0MB of dedicated system memory, and 4055MB of shared system memory, 0 output[s]
[2016.01.23-02.13.49:651][  0]LogD3D11RHI: Found D3D11 adapter 2: Microsoft Basic Render Driver (Feature Level 11_0)
[2016.01.23-02.13.49:651][  0]LogD3D11RHI: Adapter has 0MB of dedicated video memory, 0MB of dedicated system memory, and 4055MB of shared system memory, 0 output[s]
[2016.01.23-02.13.49:651][  0]LogD3D11RHI: Chosen D3D11 Adapter Id = 0
[2016.01.23-02.13.49:657][  0]LogD3D11RHI: !Direct3DDevice
[2016.01.23-02.13.49:657][  0]LogRHI: Texture pool is 1361 MB (70% of 1945 MB)
[2016.01.23-02.13.49:672][  0]LogD3D11RHI: Async texture creation enabled
[2016.01.23-02.13.49:685][  0]LogShaderCompilers: Guid format shader working directory is 36 characters bigger than the processId version (E:/Growth/Intermediate/Shaders/WorkingDirectory/4764/).
[2016.01.23-02.13.49:685][  0]LogShaderCompilers: Cleaned the shader compiler working directory 'C:/Users/Alex/AppData/Local/Temp/UnrealShaderWorkingDir/DF3B08CF499F982C559310A16E236B30/'.
[2016.01.23-02.13.49:685][  0]LogShaderCompilers:Display: Using Local Shader Compiler.
[2016.01.23-02.13.51:404][  0]LogTemp:Display: Loaded TP AllDesktopTargetPlatform
[2016.01.23-02.13.51:417][  0]LogTemp:Display: Loaded TP WindowsClientTargetPlatform
[2016.01.23-02.13.51:430][  0]LogTemp:Display: Loaded TP WindowsNoEditorTargetPlatform
[2016.01.23-02.13.51:444][  0]LogTemp:Display: Loaded TP WindowsServerTargetPlatform
[2016.01.23-02.13.51:458][  0]LogTemp:Display: Loaded TP WindowsTargetPlatform
[2016.01.23-02.13.51:470][  0]LogTemp:Display: Loaded TP AndroidTargetPlatform
[2016.01.23-02.13.51:482][  0]LogTemp:Display: Loaded TP Android_ASTCTargetPlatform
[2016.01.23-02.13.51:510][  0]LogTemp:Display: Loaded TP Android_ATCTargetPlatform
[2016.01.23-02.13.51:543][  0]LogTemp:Display: Loaded TP Android_DXTTargetPlatform
[2016.01.23-02.13.51:576][  0]LogTemp:Display: Loaded TP Android_ETC1TargetPlatform
[2016.01.23-02.13.51:608][  0]LogTemp:Display: Loaded TP Android_ETC2TargetPlatform
[2016.01.23-02.13.51:674][  0]LogTemp:Display: Loaded TP Android_MultiTargetPlatform
[2016.01.23-02.13.51:674][  0]LogTemp:Display: Loaded TP Android_PVRTCTargetPlatform
[2016.01.23-02.13.51:697][  0]LogTemp:Display: Loaded TP HTML5TargetPlatform
[2016.01.23-02.13.51:802][  0]LogTemp:Display: Loaded TP IOSTargetPlatform
[2016.01.23-02.13.51:833][  0]LogTemp:Display: Loaded TP LinuxNoEditorTargetPlatform
[2016.01.23-02.13.51:864][  0]LogTemp:Display: Loaded TP LinuxServerTargetPlatform
[2016.01.23-02.13.51:897][  0]LogTemp:Display: Loaded TP LinuxTargetPlatform
[2016.01.23-02.13.51:897][  0]LogTargetPlatformManager:Display: Building Assets For Windows
[2016.01.23-02.13.52:556][  0]LogDerivedDataCache:Display: Max Cache Size: 512 MB
[2016.01.23-02.13.52:817][  0]LogDerivedDataCache: Loaded boot cache 0.26s 41MB C:/Users/Alex/AppData/Local/UnrealEngine/4.10/DerivedDataCache/Boot.ddc.
[2016.01.23-02.13.52:817][  0]LogDerivedDataCache:Display: Loaded Boot cache: C:/Users/Alex/AppData/Local/UnrealEngine/4.10/DerivedDataCache/Boot.ddc
[2016.01.23-02.13.52:817][  0]LogDerivedDataCache: FDerivedDataBackendGraph:  Pak pak cache file E:/Growth/DerivedDataCache/DDC.ddp not found, will not use a pak cache.
[2016.01.23-02.13.52:817][  0]LogDerivedDataCache: Unable to find inner node Pak for hierarchical cache Hierarchy.
[2016.01.23-02.13.52:817][  0]LogDerivedDataCache: FDerivedDataBackendGraph:  CompressedPak pak cache file E:/Growth/DerivedDataCache/Compressed.ddp not found, will not use a pak cache.
[2016.01.23-02.13.52:817][  0]LogDerivedDataCache: Unable to find inner node CompressedPak for hierarchical cache Hierarchy.
[2016.01.23-02.13.52:924][  0]LogDerivedDataCache:Display: Pak cache opened for reading ../../../Engine/DerivedDataCache/Compressed.ddp.
[2016.01.23-02.13.52:943][  0]LogDerivedDataCache: Using Local data cache path C:/Users/Alex/AppData/Local/UnrealEngine/Common/DerivedDataCache: Writable
[2016.01.23-02.13.53:610][  0]LogInit: Selected Device Profile: [Windows]
[2016.01.23-02.13.53:613][  0]LogContentStreaming: Texture pool size is 0.000000MB
[2016.01.23-02.13.53:977][  0]LogMeshUtilities: No automatic mesh reduction module available
[2016.01.23-02.13.53:977][  0]LogMeshUtilities: No automatic mesh merging module available
[2016.01.23-02.13.54:365][  0]LogInit: WinSock: version 1.1 (2.2), MaxSocks=32767, MaxUdp=65467
[2016.01.23-02.13.56:847][  0]UdpMessaging: Initializing bridge on interface 0.0.0.0:0 to multicast group 230.0.0.1:6666.
[2016.01.23-02.13.57:261][  0]LogAssetRegistry: FAssetRegistry took 0.0118 seconds to start up
[2016.01.23-02.13.58:044][  0]SourceControl: Info Source control is disabled
[2016.01.23-02.13.58:046][  0]SourceControl: Info Source control is disabled
[2016.01.23-02.13.58:095][  0]SourceControl: Info Source control is disabled
[2016.01.23-02.13.58:151][  0]SourceControl: Info Source control is disabled
[2016.01.23-02.13.58:936][  0]LogObj: 28633 objects as part of root set at end of initial load.
[2016.01.23-02.13.58:936][  0]LogUObjectAllocator: 6099752 out of 0 bytes used by permanent object pool.
[2016.01.23-02.13.59:043][  0]LogEngine: Initializing Engine...
[2016.01.23-02.13.59:047][  0]LogHMD: Can't find Oculus library dev build: is proper Runtime installed? Version: 0.8.0.0
[2016.01.23-02.13.59:056][  0]LogHMD: SteamVR failed to initialize.  Err: 110
[2016.01.23-02.13.59:221][  0]LogAIModule: Creating AISystem for world NewWorld
[2016.01.23-02.13.59:235][  0]LogInit: XAudio2 using 'Speakers (Realtek High Definition Audio)' : 2 channels at 48 kHz using 32 bits per sample (channel mask 0x3)
[2016.01.23-02.13.59:278][  0]LogInit: FAudioDevice initialized.
[2016.01.23-02.13.59:303][  0]LogDerivedDataCache: Saved boot cache 0.02s 41MB C:/Users/Alex/AppData/Local/UnrealEngine/4.10/DerivedDataCache/Boot.ddc.
[2016.01.23-02.13.59:307][  0]LogInit: Texture streaming: Enabled
[2016.01.23-02.13.59:339][  0]LogAnalytics: Creating configured Analytics provider AnalyticsET
[2016.01.23-02.13.59:339][  0]LogAnalytics: [UEEditor.Rocket.Release] APIServer = http://et2.epicgames.com/ET2/. AppVersion = 4.10.0-2758231+++depot+UE4-Releases+4.10
[2016.01.23-02.13.59:339][  0]LogAnalytics: [UEEditor.Rocket.Release] SetUserId 2ea81a834ffda1c7700eadb43070947c|187ad38f3ca5493bb24c70d7c7079e52|82e58137-6379-40ac-b56e-28c7ca34f864
[2016.01.23-02.13.59:339][  0]LogAnalytics: [UEEditor.Rocket.Release] AnalyticsET::StartSession
[2016.01.23-02.14.00:166][  0]LogInit: Transaction tracking system initialized
[2016.01.23-02.14.00:527][  0]BlueprintLog: New page: Editor Load
[2016.01.23-02.14.01:152][  0]LocalizationService: Info Localization service is disabled
[2016.01.23-02.14.01:663][  0]LogConsoleResponse:Display: 
[2016.01.23-02.14.01:911][  0]LogCook:Display: Done creating registry. It took  0.00s.
[2016.01.23-02.14.02:168][  0]LogFileCache: Scanning file cache for directory 'E:/Growth/Content/' took 0.01s
[2016.01.23-02.14.02:168][  0]SourceControl: Info Source control is disabled
[2016.01.23-02.14.02:168][  0]Cmd: MAP LOAD FILE="E:/Growth/Content/Maps/ExampleMap.umap" TEMPLATE=0 SHOWPROGRESS=1 FEATURELEVEL=3
[2016.01.23-02.14.02:251][  0]LightingResults: New page: Lighting Build
[2016.01.23-02.14.02:256][  0]MapCheck: New page: Map Check
[2016.01.23-02.14.02:256][  0]LightingResults: New page: Lighting Build
[2016.01.23-02.14.02:267][  0]LogParticles: Destroying 0 GPU particle simulations for FXSystem 0x000000EECE46B420
[2016.01.23-02.14.02:872][  0]LogAIModule: Creating AISystem for world ExampleMap
[2016.01.23-02.14.02:887][  0]LogEditorServer: Finished looking for orphan Actors (0.000 secs)
[2016.01.23-02.14.02:888][  0]Cmd: MAP CHECKDEP NOCLEARLOG
[2016.01.23-02.14.02:994][  0]MapCheck: Info Map check complete: 0 Error(s), 0 Warning(s), took 106.139ms to complete.
[2016.01.23-02.14.02:994][  0]LogFileHelpers: Loading map 'ExampleMap' took 0.826
[2016.01.23-02.14.03:129][  0]LogCollectionManager: Loaded 0 collections in 0.004616 seconds
[2016.01.23-02.14.03:172][  0]LogFileCache: Scanning file cache for directory 'E:/Growth/Saved/Collections/' took 0.01s
[2016.01.23-02.14.03:172][  0]LogFileCache: Scanning file cache for directory 'E:/Growth/Content/Developers/Alex/Collections/' took 0.01s
[2016.01.23-02.14.03:172][  0]LogFileCache: Scanning file cache for directory 'E:/Growth/Content/Collections/' took 0.01s
[2016.01.23-02.14.03:172][  0]LogCollectionManager: Rebuilt the GUID cache for 0 collections in 0.000004 seconds
[2016.01.23-02.14.03:182][  0]LogContentBrowser: Native class hierarchy populated in 0.0097 seconds. Added 1893 classes and 338 folders.
[2016.01.23-02.14.03:194][  0]LogContentBrowser: Native class hierarchy updated for 'WidgetCarousel' in 0.0005 seconds. Added 0 classes and 0 folders.
[2016.01.23-02.14.03:381][  0]LogContentBrowser: Native class hierarchy updated for 'AddContentDialog' in 0.0004 seconds. Added 0 classes and 0 folders.
[2016.01.23-02.14.03:411][  0]LogContentBrowser: Native class hierarchy updated for 'SceneOutliner' in 0.0005 seconds. Added 1 classes and 2 folders.
[2016.01.23-02.14.03:551][  0]LogCrashTracker: Crashtracker disabled due to settings.
[2016.01.23-02.14.03:557][  0]LogUObjectGlobals:Warning: Failed to find object 'Class None.'
[2016.01.23-02.14.03:579][  0]LogLoad: Full Startup: 17.24 seconds (BP compile: 0.12 seconds)
[2016.01.23-02.14.03:601][  0]LogOcInput: Can't find Oculus library dev build: is proper Runtime installed? Version: 0.8.0.0
[2016.01.23-02.14.03:679][  0]LogContentStreaming: Texture pool size now 1000 MB
[2016.01.23-02.14.03:824][  0]LogRenderer: Reallocating scene render targets to support 884x432 (Frame:2).
[2016.01.23-02.14.04:127][  3]LogAssetRegistry: Asset discovery search completed in 6.8782 seconds
[2016.01.23-02.14.04:127][  3]LogCollectionManager: Rebuilt the object cache for 0 collections in 0.000001 seconds (found 0 objects)
[2016.01.23-02.14.04:127][  3]LogCollectionManager: Fixed up redirectors for 0 collections in 0.000032 seconds (updated 0 objects)
[2016.01.23-02.18.30:182][448]LogLinker:Warning: Asset '../../../Engine/Content/ArtTools/RenderToTexture/Macros/RenderToTextureMacros.uasset' has been saved with empty engine version. The asset will be loaded but may be incompatible.
[2016.01.23-02.18.30:611][448]LogContentBrowser: Native class hierarchy updated for 'BlueprintGraph' in 0.0009 seconds. Added 107 classes and 0 folders.
[2016.01.23-02.19.59:276][504]BlueprintLog: New page: Compile Bars
[2016.01.23-02.19.59:927][504]BlueprintEditorCompileResults: Info [0373.59] Compile of Bars successful! [in 650 ms]
[2016.01.23-02.20.03:788][727]BlueprintLog: New page: Compile Bars
[2016.01.23-02.20.03:878][727]BlueprintEditorCompileResults: Info [0377.54] Compile of Bars successful! [in 90 ms]
[2016.01.23-02.20.04:406][757]BlueprintLog: New page: Compile Bars
[2016.01.23-02.20.04:497][757]BlueprintEditorCompileResults: Info [0378.16] Compile of Bars successful! [in 90 ms]
[2016.01.23-02.21.13:434][754]BlueprintLog: New page: Compile Bars
[2016.01.23-02.21.13:535][754]BlueprintEditorCompileResults: Info [0447.20] Compile of Bars successful! [in 100 ms]
[2016.01.23-02.21.41:828][386]BlueprintLog: New page: Compile Bars
[2016.01.23-02.21.42:018][386]BlueprintEditorCompileResults: Info [0475.68] Compile of Bars successful! [in 189 ms]
[2016.01.23-02.21.42:767][427]Cmd: OBJ SAVEPACKAGE PACKAGE="/Game/UserInterface/Bars" FILE="E:/Growth/Content/UserInterface/Bars.uasset" SILENT=true
[2016.01.23-02.21.43:172][427]LogSavePackage: Save=49.215855ms
[2016.01.23-02.21.43:172][427]LogSavePackage: Moving 'E:/Growth/Saved/Bars88CCB9944A7DE9E458E084B0A08FB37A.tmp' to 'E:/Growth/Content/UserInterface/Bars.uasset'
[2016.01.23-02.21.43:181][427]LogSavePackage: Total save time: 336.165451ms
[2016.01.23-02.21.43:181][427]LogSavePackage:Display: Finished SavePackage E:/Growth/Content/UserInterface/Bars.uasset
[2016.01.23-02.22.30:596][228]BlueprintLog: New page: Compile Bars
[2016.01.23-02.22.30:745][228]BlueprintEditorCompileResults: Info [0524.41] Compile of Bars successful! [in 148 ms]
[2016.01.23-02.22.31:232][255]Cmd: OBJ SAVEPACKAGE PACKAGE="/Game/UserInterface/Bars" FILE="E:/Growth/Content/UserInterface/Bars.uasset" SILENT=true
[2016.01.23-02.22.31:273][255]LogSavePackage: Save=16.194090ms
[2016.01.23-02.22.31:273][255]LogSavePackage: Moving 'E:/Growth/Saved/Bars206316B54230CD1F61C6F4BC7908E878.tmp' to 'E:/Growth/Content/UserInterface/Bars.uasset'
[2016.01.23-02.22.31:278][255]LogSavePackage: Total save time: 31.688675ms
[2016.01.23-02.22.31:278][255]LogSavePackage:Display: Finished SavePackage E:/Growth/Content/UserInterface/Bars.uasset
[2016.01.23-02.24.08:849][964]BlueprintLog: New page: Compile GrowthCamera
[2016.01.23-02.24.09:003][964]BlueprintEditorCompileResults: Info [0622.66] Compile of GrowthCamera successful! [in 154 ms]
[2016.01.23-02.24.09:767][  3]Cmd: OBJ SAVEPACKAGE PACKAGE="/Game/Blueprints/Player/GrowthCamera" FILE="E:/Growth/Content/Blueprints/Player/GrowthCamera.uasset" SILENT=true
[2016.01.23-02.24.10:149][  3]LogSavePackage: Save=187.525467ms
[2016.01.23-02.24.10:149][  3]LogSavePackage: Moving 'E:/Growth/Saved/GrowthCamera94B1BB874E3B2DC089E2DAA9A2EBA23A.tmp' to 'E:/Growth/Content/Blueprints/Player/GrowthCamera.uasset'
[2016.01.23-02.24.10:153][  3]LogSavePackage: Total save time: 241.625637ms
[2016.01.23-02.24.10:153][  3]LogSavePackage:Display: Finished SavePackage E:/Growth/Content/Blueprints/Player/GrowthCamera.uasset
[2016.01.23-02.25.40:344][130]LogUObjectHash:Warning: Ambiguous search, could be K2Node_CommutativeAssociativeBinaryOperator /Game/Blueprints/Player/GrowthCamera.GrowthCamera:IncrementResource.K2Node_CommutativeAssociativeBinaryOperator_158 or K2Node_CommutativeAssociativeBinaryOperator /Game/Blueprints/Player/GrowthCamera.GrowthCamera:EdGraph_214.K2Node_CommutativeAssociativeBinaryOperator_158
[2016.01.23-02.25.40:344][130]LogUObjectHash:Warning: Ambiguous search, could be K2Node_CommutativeAssociativeBinaryOperator /Game/Blueprints/Player/GrowthCamera.GrowthCamera:IncrementResource.K2Node_CommutativeAssociativeBinaryOperator_158 or K2Node_CommutativeAssociativeBinaryOperator /Game/Blueprints/Player/GrowthCamera.GrowthCamera:EdGraph_204.K2Node_CommutativeAssociativeBinaryOperator_158
[2016.01.23-02.25.40:344][130]LogUObjectHash:Warning: Ambiguous search, could be K2Node_CommutativeAssociativeBinaryOperator /Game/Blueprints/Player/GrowthCamera.GrowthCamera:IncrementResource.K2Node_CommutativeAssociativeBinaryOperator_158 or K2Node_CommutativeAssociativeBinaryOperator /Game/Blueprints/Player/GrowthCamera.GrowthCamera:EdGraph_194.K2Node_CommutativeAssociativeBinaryOperator_158
[2016.01.23-02.25.40:344][130]LogUObjectHash:Warning: Ambiguous search, could be K2Node_CommutativeAssociativeBinaryOperator /Game/Blueprints/Player/GrowthCamera.GrowthCamera:IncrementResource.K2Node_CommutativeAssociativeBinaryOperator_158 or K2Node_CommutativeAssociativeBinaryOperator /Game/Blueprints/Player/GrowthCamera.GrowthCamera:EdGraph_174.K2Node_CommutativeAssociativeBinaryOperator_158
[2016.01.23-02.25.40:344][130]LogUObjectHash:Warning: Ambiguous search, could be K2Node_CommutativeAssociativeBinaryOperator /Game/Blueprints/Player/GrowthCamera.GrowthCamera:IncrementResource.K2Node_CommutativeAssociativeBinaryOperator_158 or K2Node_CommutativeAssociativeBinaryOperator /Game/Blueprints/Player/GrowthCamera.GrowthCamera:EdGraph_184.K2Node_CommutativeAssociativeBinaryOperator_158
[2016.01.23-02.25.40:344][130]LogUObjectHash:Warning: Ambiguous search, could be EdGraphPin /Game/Blueprints/Player/GrowthCamera.GrowthCamera:EdGraph_174.K2Node_CommutativeAssociativeBinaryOperator_158.EdGraphPin_1908 or EdGraphPin /Game/Blueprints/Player/GrowthCamera.GrowthCamera:EdGraph_184.K2Node_CommutativeAssociativeBinaryOperator_158.EdGraphPin_1908
[2016.01.23-02.25.40:344][130]LogUObjectHash:Warning: Ambiguous search, could be EdGraphPin /Game/Blueprints/Player/GrowthCamera.GrowthCamera:EdGraph_174.K2Node_CommutativeAssociativeBinaryOperator_158.EdGraphPin_1908 or EdGraphPin /Game/Blueprints/Player/GrowthCamera.GrowthCamera:EdGraph_194.K2Node_CommutativeAssociativeBinaryOperator_158.EdGraphPin_1908
[2016.01.23-02.25.40:344][130]LogUObjectHash:Warning: Ambiguous search, could be EdGraphPin /Game/Blueprints/Player/GrowthCamera.GrowthCamera:EdGraph_174.K2Node_CommutativeAssociativeBinaryOperator_158.EdGraphPin_1908 or EdGraphPin /Game/Blueprints/Player/GrowthCamera.GrowthCamera:EdGraph_204.K2Node_CommutativeAssociativeBinaryOperator_158.EdGraphPin_1908
[2016.01.23-02.25.40:344][130]LogUObjectHash:Warning: Ambiguous search, could be EdGraphPin /Game/Blueprints/Player/GrowthCamera.GrowthCamera:EdGraph_174.K2Node_CommutativeAssociativeBinaryOperator_158.EdGraphPin_1908 or EdGraphPin /Game/Blueprints/Player/GrowthCamera.GrowthCamera:EdGraph_214.K2Node_CommutativeAssociativeBinaryOperator_158.EdGraphPin_1908
[2016.01.23-02.25.40:345][130]LogUObjectHash:Warning: Ambiguous search, could be K2Node_CommutativeAssociativeBinaryOperator /Game/Blueprints/Player/GrowthCamera.GrowthCamera:IncrementResource.K2Node_CommutativeAssociativeBinaryOperator_158 or K2Node_CommutativeAssociativeBinaryOperator /Game/Blueprints/Player/GrowthCamera.GrowthCamera:EdGraph_214.K2Node_CommutativeAssociativeBinaryOperator_158
[2016.01.23-02.25.40:345][130]LogUObjectHash:Warning: Ambiguous search, could be K2Node_CommutativeAssociativeBinaryOperator /Game/Blueprints/Player/GrowthCamera.GrowthCamera:IncrementResource.K2Node_CommutativeAssociativeBinaryOperator_158 or K2Node_CommutativeAssociativeBinaryOperator /Game/Blueprints/Player/GrowthCamera.GrowthCamera:EdGraph_204.K2Node_CommutativeAssociativeBinaryOperator_158
[2016.01.23-02.25.40:345][130]LogUObjectHash:Warning: Ambiguous search, could be K2Node_CommutativeAssociativeBinaryOperator /Game/Blueprints/Player/GrowthCamera.GrowthCamera:IncrementResource.K2Node_CommutativeAssociativeBinaryOperator_158 or K2Node_CommutativeAssociativeBinaryOperator /Game/Blueprints/Player/GrowthCamera.GrowthCamera:EdGraph_194.K2Node_CommutativeAssociativeBinaryOperator_158
[2016.01.23-02.25.40:345][130]LogUObjectHash:Warning: Ambiguous search, could be K2Node_CommutativeAssociativeBinaryOperator /Game/Blueprints/Player/GrowthCamera.GrowthCamera:IncrementResource.K2Node_CommutativeAssociativeBinaryOperator_158 or K2Node_CommutativeAssociativeBinaryOperator /Game/Blueprints/Player/GrowthCamera.GrowthCamera:EdGraph_174.K2Node_CommutativeAssociativeBinaryOperator_158
[2016.01.23-02.25.40:345][130]LogUObjectHash:Warning: Ambiguous search, could be K2Node_CommutativeAssociativeBinaryOperator /Game/Blueprints/Player/GrowthCamera.GrowthCamera:IncrementResource.K2Node_CommutativeAssociativeBinaryOperator_158 or K2Node_CommutativeAssociativeBinaryOperator /Game/Blueprints/Player/GrowthCamera.GrowthCamera:EdGraph_184.K2Node_CommutativeAssociativeBinaryOperator_158
[2016.01.23-02.25.40:345][130]LogUObjectHash:Warning: Ambiguous search, could be EdGraphPin /Game/Blueprints/Player/GrowthCamera.GrowthCamera:EdGraph_184.K2Node_CommutativeAssociativeBinaryOperator_158.EdGraphPin_1911 or EdGraphPin /Game/Blueprints/Player/GrowthCamera.GrowthCamera:EdGraph_174.K2Node_CommutativeAssociativeBinaryOperator_158.EdGraphPin_1911
[2016.01.23-02.25.40:345][130]LogUObjectHash:Warning: Ambiguous search, could be EdGraphPin /Game/Blueprints/Player/GrowthCamera.GrowthCamera:EdGraph_184.K2Node_CommutativeAssociativeBinaryOperator_158.EdGraphPin_1911 or EdGraphPin /Game/Blueprints/Player/GrowthCamera.GrowthCamera:EdGraph_194.K2Node_CommutativeAssociativeBinaryOperator_158.EdGraphPin_1911
[2016.01.23-02.25.40:345][130]LogUObjectHash:Warning: Ambiguous search, could be EdGraphPin /Game/Blueprints/Player/GrowthCamera.GrowthCamera:EdGraph_184.K2Node_CommutativeAssociativeBinaryOperator_158.EdGraphPin_1911 or EdGraphPin /Game/Blueprints/Player/GrowthCamera.GrowthCamera:EdGraph_204.K2Node_CommutativeAssociativeBinaryOperator_158.EdGraphPin_1911
[2016.01.23-02.25.40:345][130]LogUObjectHash:Warning: Ambiguous search, could be EdGraphPin /Game/Blueprints/Player/GrowthCamera.GrowthCamera:EdGraph_184.K2Node_CommutativeAssociativeBinaryOperator_158.EdGraphPin_1911 or EdGraphPin /Game/Blueprints/Player/GrowthCamera.GrowthCamera:EdGraph_214.K2Node_CommutativeAssociativeBinaryOperator_158.EdGraphPin_1911
[2016.01.23-02.26.20:386][420]BlueprintLog: New page: Compile GrowthCamera
[2016.01.23-02.26.20:544][420]BlueprintEditorCompileResults: Info [0754.21] Compile of GrowthCamera successful! [in 158 ms]
[2016.01.23-02.26.21:802][493]LogPlayLevel: PlayLevel: No blueprints needed recompiling
[2016.01.23-02.26.21:802][493]PIE: New page: PIE session: ExampleMap (Jan 22, 2016, 10:26:21 AM)
[2016.01.23-02.26.21:802][493]LogPlayLevel: Creating play world package: /Game/Maps/UEDPIE_0_ExampleMap
[2016.01.23-02.26.21:804][493]LogPlayLevel: PIE: StaticDuplicateObject took: (0.001533s)
[2016.01.23-02.26.21:804][493]LogAIModule: Creating AISystem for world ExampleMap
[2016.01.23-02.26.21:805][493]LogPlayLevel: PIE: World Init took: (0.000716s)
[2016.01.23-02.26.21:805][493]LogPlayLevel: PIE: Created PIE world by copying editor world from /Game/Maps/ExampleMap.ExampleMap to /Game/Maps/UEDPIE_0_ExampleMap.ExampleMap (0.002451s)
[2016.01.23-02.26.21:840][493]LogInit: XAudio2 using 'Speakers (Realtek High Definition Audio)' : 2 channels at 48 kHz using 32 bits per sample (channel mask 0x3)
[2016.01.23-02.26.21:853][493]LogInit: FAudioDevice initialized.
[2016.01.23-02.26.22:090][493]LogWorld: Game class is 'Level_GameMode_C'
[2016.01.23-02.26.22:094][493]LogWorld: Bringing World /Game/Maps/UEDPIE_0_ExampleMap.ExampleMap up for play (max tick rate 60) at 2016.01.22-18.26.22
[2016.01.23-02.26.22:094][493]LogActor:Warning: GameSession /Game/Maps/UEDPIE_0_ExampleMap.ExampleMap:PersistentLevel.GameSession_0 has natively added scene component(s), but none of them were set as the actor's RootComponent - picking one arbitrarily
[2016.01.23-02.26.22:094][493]LogActor:Warning: GameNetworkManager /Game/Maps/UEDPIE_0_ExampleMap.ExampleMap:PersistentLevel.GameNetworkManager_0 has natively added scene component(s), but none of them were set as the actor's RootComponent - picking one arbitrarily
[2016.01.23-02.26.22:097][493]LogWorld: Bringing up level for play took: 0.006099
[2016.01.23-02.26.22:142][493]PIE: Info Play in editor start time for /Game/Maps/UEDPIE_0_ExampleMap 0.992
[2016.01.23-02.26.22:161][494]LogRenderer: Reallocating scene render targets to support 1280x720 (Frame:291).
[2016.01.23-02.26.29:025][878]LogParticles: Destroying 0 GPU particle simulations for FXSystem 0x000000EE8A689440
[2016.01.23-02.26.35:161][231]BlueprintLog: New page: Compile GrowthCamera
[2016.01.23-02.26.35:458][231]BlueprintEditorCompileResults: Info [0769.12] Compile of GrowthCamera successful! [in 297 ms]
[2016.01.23-02.26.37:019][320]LogPlayLevel: PlayLevel: No blueprints needed recompiling
[2016.01.23-02.26.37:019][320]PIE: New page: PIE session: ExampleMap (Jan 22, 2016, 10:26:37 AM)
[2016.01.23-02.26.37:020][320]LogPlayLevel: Creating play world package: /Game/Maps/UEDPIE_0_ExampleMap
[2016.01.23-02.26.37:024][320]LogPlayLevel: PIE: StaticDuplicateObject took: (0.004103s)
[2016.01.23-02.26.37:025][320]LogAIModule: Creating AISystem for world ExampleMap
[2016.01.23-02.26.37:026][320]LogPlayLevel: PIE: World Init took: (0.001776s)
[2016.01.23-02.26.37:026][320]LogPlayLevel: PIE: Created PIE world by copying editor world from /Game/Maps/ExampleMap.ExampleMap to /Game/Maps/UEDPIE_0_ExampleMap.ExampleMap (0.006319s)
[2016.01.23-02.26.37:080][320]LogInit: XAudio2 using 'Speakers (Realtek High Definition Audio)' : 2 channels at 48 kHz using 32 bits per sample (channel mask 0x3)
[2016.01.23-02.26.37:101][320]LogInit: FAudioDevice initialized.
[2016.01.23-02.26.37:150][320]LogWorld: Game class is 'Level_GameMode_C'
[2016.01.23-02.26.37:157][320]LogWorld: Bringing World /Game/Maps/UEDPIE_0_ExampleMap.ExampleMap up for play (max tick rate 60) at 2016.01.22-18.26.37
[2016.01.23-02.26.37:157][320]LogActor:Warning: GameSession /Game/Maps/UEDPIE_0_ExampleMap.ExampleMap:PersistentLevel.GameSession_1 has natively added scene component(s), but none of them were set as the actor's RootComponent - picking one arbitrarily
[2016.01.23-02.26.37:158][320]LogActor:Warning: GameNetworkManager /Game/Maps/UEDPIE_0_ExampleMap.ExampleMap:PersistentLevel.GameNetworkManager_1 has natively added scene component(s), but none of them were set as the actor's RootComponent - picking one arbitrarily
[2016.01.23-02.26.37:163][320]LogWorld: Bringing up level for play took: 0.010097
[2016.01.23-02.26.37:217][320]PIE: Info Play in editor start time for /Game/Maps/UEDPIE_0_ExampleMap 0.066
[2016.01.23-02.26.41:882][584]LogParticles: Destroying 0 GPU particle simulations for FXSystem 0x000000EE8A621760
[2016.01.23-02.27.05:969][  2]LogPlayLevel: PlayLevel: No blueprints needed recompiling
[2016.01.23-02.27.05:969][  2]PIE: New page: PIE session: ExampleMap (Jan 22, 2016, 10:27:05 AM)
[2016.01.23-02.27.05:969][  2]LogPlayLevel: Creating play world package: /Game/Maps/UEDPIE_0_ExampleMap
[2016.01.23-02.27.05:971][  2]LogPlayLevel: PIE: StaticDuplicateObject took: (0.001448s)
[2016.01.23-02.27.05:971][  2]LogAIModule: Creating AISystem for world ExampleMap
[2016.01.23-02.27.05:972][  2]LogPlayLevel: PIE: World Init took: (0.000627s)
[2016.01.23-02.27.05:972][  2]LogPlayLevel: PIE: Created PIE world by copying editor world from /Game/Maps/ExampleMap.ExampleMap to /Game/Maps/UEDPIE_0_ExampleMap.ExampleMap (0.002247s)
[2016.01.23-02.27.06:008][  2]LogInit: XAudio2 using 'Speakers (Realtek High Definition Audio)' : 2 channels at 48 kHz using 32 bits per sample (channel mask 0x3)
[2016.01.23-02.27.06:040][  2]LogInit: FAudioDevice initialized.
[2016.01.23-02.27.06:102][  2]LogWorld: Game class is 'Level_GameMode_C'
[2016.01.23-02.27.06:114][  2]LogWorld: Bringing World /Game/Maps/UEDPIE_0_ExampleMap.ExampleMap up for play (max tick rate 60) at 2016.01.22-18.27.06
[2016.01.23-02.27.06:114][  2]LogActor:Warning: GameSession /Game/Maps/UEDPIE_0_ExampleMap.ExampleMap:PersistentLevel.GameSession_2 has natively added scene component(s), but none of them were set as the actor's RootComponent - picking one arbitrarily
[2016.01.23-02.27.06:115][  2]LogActor:Warning: GameNetworkManager /Game/Maps/UEDPIE_0_ExampleMap.ExampleMap:PersistentLevel.GameNetworkManager_2 has natively added scene component(s), but none of them were set as the actor's RootComponent - picking one arbitrarily
[2016.01.23-02.27.06:123][  2]LogWorld: Bringing up level for play took: 0.017230
[2016.01.23-02.27.06:191][  2]PIE: Info Play in editor start time for /Game/Maps/UEDPIE_0_ExampleMap 1.041
[2016.01.23-02.27.11:209][260]LogParticles: Destroying 0 GPU particle simulations for FXSystem 0x000000EE85EDF6A0
[2016.01.23-02.28.10:999][740]BlueprintLog: New page: Compile Bars
[2016.01.23-02.28.11:495][740]BlueprintEditorCompileResults: Info [0865.16] Compile of Bars successful! [in 495 ms]
[2016.01.23-02.28.11:951][763]Cmd: OBJ SAVEPACKAGE PACKAGE="/Game/UserInterface/Bars" FILE="E:/Growth/Content/UserInterface/Bars.uasset" SILENT=true
[2016.01.23-02.28.12:076][763]LogSavePackage: Save=32.176594ms
[2016.01.23-02.28.12:076][763]LogSavePackage: Moving 'E:/Growth/Saved/BarsF6B90CB2495EDA976C2F12A7E0AFB593.tmp' to 'E:/Growth/Content/UserInterface/Bars.uasset'
[2016.01.23-02.28.12:080][763]LogSavePackage: Total save time: 49.143616ms
[2016.01.23-02.28.12:080][763]LogSavePackage:Display: Finished SavePackage E:/Growth/Content/UserInterface/Bars.uasset
[2016.01.23-02.28.12:858][808]LogPlayLevel: PlayLevel: No blueprints needed recompiling
[2016.01.23-02.28.12:858][808]PIE: New page: PIE session: ExampleMap (Jan 22, 2016, 10:28:12 AM)
[2016.01.23-02.28.12:858][808]LogPlayLevel: Creating play world package: /Game/Maps/UEDPIE_0_ExampleMap
[2016.01.23-02.28.12:859][808]LogPlayLevel: PIE: StaticDuplicateObject took: (0.001531s)
[2016.01.23-02.28.12:860][808]LogAIModule: Creating AISystem for world ExampleMap
[2016.01.23-02.28.12:860][808]LogPlayLevel: PIE: World Init took: (0.000689s)
[2016.01.23-02.28.12:860][808]LogPlayLevel: PIE: Created PIE world by copying editor world from /Game/Maps/ExampleMap.ExampleMap to /Game/Maps/UEDPIE_0_ExampleMap.ExampleMap (0.002404s)
[2016.01.23-02.28.12:897][808]LogInit: XAudio2 using 'Speakers (Realtek High Definition Audio)' : 2 channels at 48 kHz using 32 bits per sample (channel mask 0x3)
[2016.01.23-02.28.12:910][808]LogInit: FAudioDevice initialized.
[2016.01.23-02.28.12:949][808]LogWorld: Game class is 'Level_GameMode_C'
[2016.01.23-02.28.12:952][808]LogWorld: Bringing World /Game/Maps/UEDPIE_0_ExampleMap.ExampleMap up for play (max tick rate 60) at 2016.01.22-18.28.12
[2016.01.23-02.28.12:952][808]LogActor:Warning: GameSession /Game/Maps/UEDPIE_0_ExampleMap.ExampleMap:PersistentLevel.GameSession_3 has natively added scene component(s), but none of them were set as the actor's RootComponent - picking one arbitrarily
[2016.01.23-02.28.12:953][808]LogActor:Warning: GameNetworkManager /Game/Maps/UEDPIE_0_ExampleMap.ExampleMap:PersistentLevel.GameNetworkManager_3 has natively added scene component(s), but none of them were set as the actor's RootComponent - picking one arbitrarily
[2016.01.23-02.28.12:955][808]LogWorld: Bringing up level for play took: 0.005051
[2016.01.23-02.28.12:971][808]PIE: Info Play in editor start time for /Game/Maps/UEDPIE_0_ExampleMap -0.179
[2016.01.23-02.28.20:979][255]LogParticles: Destroying 0 GPU particle simulations for FXSystem 0x000000EE883839C0
[2016.01.23-02.29.01:978][629]BlueprintLog: New page: Compile Bars
[2016.01.23-02.29.02:099][629]BlueprintEditorCompileResults: Info [0915.76] Compile of Bars successful! [in 119 ms]
[2016.01.23-02.29.15:360][405]BlueprintLog: New page: Compile Bars
[2016.01.23-02.29.15:501][405]BlueprintEditorCompileResults: Info [0929.16] Compile of Bars successful! [in 141 ms]
[2016.01.23-02.29.21:806][768]LogPlayLevel: PlayLevel: No blueprints needed recompiling
[2016.01.23-02.29.21:806][768]PIE: New page: PIE session: ExampleMap (Jan 22, 2016, 10:29:21 AM)
[2016.01.23-02.29.21:806][768]LogPlayLevel: Creating play world package: /Game/Maps/UEDPIE_0_ExampleMap
[2016.01.23-02.29.21:808][768]LogPlayLevel: PIE: StaticDuplicateObject took: (0.001443s)
[2016.01.23-02.29.21:808][768]LogAIModule: Creating AISystem for world ExampleMap
[2016.01.23-02.29.21:808][768]LogPlayLevel: PIE: World Init took: (0.000653s)
[2016.01.23-02.29.21:809][768]LogPlayLevel: PIE: Created PIE world by copying editor world from /Game/Maps/ExampleMap.ExampleMap to /Game/Maps/UEDPIE_0_ExampleMap.ExampleMap (0.002271s)
[2016.01.23-02.29.21:843][768]LogInit: XAudio2 using 'Speakers (Realtek High Definition Audio)' : 2 channels at 48 kHz using 32 bits per sample (channel mask 0x3)
[2016.01.23-02.29.21:855][768]LogInit: FAudioDevice initialized.
[2016.01.23-02.29.21:892][768]LogWorld: Game class is 'Level_GameMode_C'
[2016.01.23-02.29.21:895][768]LogWorld: Bringing World /Game/Maps/UEDPIE_0_ExampleMap.ExampleMap up for play (max tick rate 60) at 2016.01.22-18.29.21
[2016.01.23-02.29.21:895][768]LogActor:Warning: GameSession /Game/Maps/UEDPIE_0_ExampleMap.ExampleMap:PersistentLevel.GameSession_4 has natively added scene component(s), but none of them were set as the actor's RootComponent - picking one arbitrarily
[2016.01.23-02.29.21:895][768]LogActor:Warning: GameNetworkManager /Game/Maps/UEDPIE_0_ExampleMap.ExampleMap:PersistentLevel.GameNetworkManager_4 has natively added scene component(s), but none of them were set as the actor's RootComponent - picking one arbitrarily
[2016.01.23-02.29.21:898][768]LogWorld: Bringing up level for play took: 0.004833
[2016.01.23-02.29.21:910][768]PIE: Info Play in editor start time for /Game/Maps/UEDPIE_0_ExampleMap 0.76
[2016.01.23-02.29.33:212][398]LogParticles: Destroying 0 GPU particle simulations for FXSystem 0x000000EEA0B149A0
[2016.01.23-02.29.54:884][670]LogPlayLevel: PlayLevel: No blueprints needed recompiling
[2016.01.23-02.29.54:884][670]PIE: New page: PIE session: ExampleMap (Jan 22, 2016, 10:29:54 AM)
[2016.01.23-02.29.54:884][670]LogPlayLevel: Creating play world package: /Game/Maps/UEDPIE_0_ExampleMap
[2016.01.23-02.29.54:885][670]LogPlayLevel: PIE: StaticDuplicateObject took: (0.001432s)
[2016.01.23-02.29.54:886][670]LogAIModule: Creating AISystem for world ExampleMap
[2016.01.23-02.29.54:886][670]LogPlayLevel: PIE: World Init took: (0.000705s)
[2016.01.23-02.29.54:886][670]LogPlayLevel: PIE: Created PIE world by copying editor world from /Game/Maps/ExampleMap.ExampleMap to /Game/Maps/UEDPIE_0_ExampleMap.ExampleMap (0.002310s)
[2016.01.23-02.29.54:921][670]LogInit: XAudio2 using 'Speakers (Realtek High Definition Audio)' : 2 channels at 48 kHz using 32 bits per sample (channel mask 0x3)
[2016.01.23-02.29.54:933][670]LogInit: FAudioDevice initialized.
[2016.01.23-02.29.54:971][670]LogWorld: Game class is 'Level_GameMode_C'
[2016.01.23-02.29.54:979][670]LogWorld: Bringing World /Game/Maps/UEDPIE_0_ExampleMap.ExampleMap up for play (max tick rate 60) at 2016.01.22-18.29.54
[2016.01.23-02.29.54:979][670]LogActor:Warning: GameSession /Game/Maps/UEDPIE_0_ExampleMap.ExampleMap:PersistentLevel.GameSession_5 has natively added scene component(s), but none of them were set as the actor's RootComponent - picking one arbitrarily
[2016.01.23-02.29.54:980][670]LogActor:Warning: GameNetworkManager /Game/Maps/UEDPIE_0_ExampleMap.ExampleMap:PersistentLevel.GameNetworkManager_5 has natively added scene component(s), but none of them were set as the actor's RootComponent - picking one arbitrarily
[2016.01.23-02.29.54:985][670]LogWorld: Bringing up level for play took: 0.011876
[2016.01.23-02.29.55:015][670]PIE: Info Play in editor start time for /Game/Maps/UEDPIE_0_ExampleMap -0.135
[2016.01.23-02.30.07:828][370]LogParticles: Destroying 0 GPU particle simulations for FXSystem 0x000000EEA0B15760
[2016.01.23-02.30.10:319][506]LogEditorViewport: Clicking on Actor (LMB): Resource_BP_C (Resource)
[2016.01.23-02.30.52:630][971]Cmd: OBJ SAVEPACKAGE PACKAGE="/Game/Maps/ExampleMap" FILE="E:/Growth/Saved/Autosaves/Game/Maps/ExampleMap_Auto1.umap" SILENT=true AUTOSAVING=true KEEPDIRTY=false
[2016.01.23-02.30.52:723][971]LogSavePackage: Save=35.080421ms
[2016.01.23-02.30.52:723][971]LogSavePackage: Moving 'E:/Growth/Saved/ExampleMap_Auto18D237D5B4574FA30F071BF9FC4E5D696.tmp' to 'E:/Growth/Saved/Autosaves/Game/Maps/ExampleMap_Auto1.umap'
[2016.01.23-02.30.52:725][971]LogSavePackage: Total save time: 76.480497ms
[2016.01.23-02.30.52:725][971]LogSavePackage:Display: Finished SavePackage E:/Growth/Saved/Autosaves/Game/Maps/ExampleMap_Auto1.umap
[2016.01.23-02.30.52:765][971]LogFileHelpers: Editor autosave (incl. sublevels) for '/Game/Maps/ExampleMap' took 0.518
[2016.01.23-02.30.52:765][971]LogFileHelpers: Editor autosave (incl. sublevels) for all levels took 0.518
[2016.01.23-02.30.52:786][971]OBJ SavePackage: Generating thumbnails for [0] asset(s) in package [/Game/Blueprints/Player/GrowthCamera] ([1] browsable assets)...
[2016.01.23-02.30.52:787][971]OBJ SavePackage: Finished generating thumbnails for package [/Game/Blueprints/Player/GrowthCamera]
[2016.01.23-02.30.52:787][971]Cmd: OBJ SAVEPACKAGE PACKAGE="/Game/Blueprints/Player/GrowthCamera" FILE="E:/Growth/Saved/Autosaves/Game/Blueprints/Player/GrowthCamera_Auto1.uasset" SILENT=false AUTOSAVING=true
[2016.01.23-02.30.53:051][971]LogSavePackage: Save=208.052002ms
[2016.01.23-02.30.53:052][971]LogSavePackage: Moving 'E:/Growth/Saved/GrowthCamera_Auto17C1E1E33465E9CE2ABEB45A04F41EE15.tmp' to 'E:/Growth/Saved/Autosaves/Game/Blueprints/Player/GrowthCamera_Auto1.uasset'
[2016.01.23-02.30.53:060][971]LogSavePackage: Total save time: 251.031499ms
[2016.01.23-02.30.53:060][971]LogSavePackage:Display: Finished SavePackage E:/Growth/Saved/Autosaves/Game/Blueprints/Player/GrowthCamera_Auto1.uasset
[2016.01.23-02.30.53:064][971]OBJ SavePackage: Generating thumbnails for [0] asset(s) in package [/Game/UserInterface/Bars] ([1] browsable assets)...
[2016.01.23-02.30.53:064][971]OBJ SavePackage: Finished generating thumbnails for package [/Game/UserInterface/Bars]
[2016.01.23-02.30.53:064][971]Cmd: OBJ SAVEPACKAGE PACKAGE="/Game/UserInterface/Bars" FILE="E:/Growth/Saved/Autosaves/Game/UserInterface/Bars_Auto1.uasset" SILENT=false AUTOSAVING=true
[2016.01.23-02.30.53:186][971]LogSavePackage: Save=36.175079ms
[2016.01.23-02.30.53:186][971]LogSavePackage: Moving 'E:/Growth/Saved/Bars_Auto1EE4B50F5471D221CC830B5AB3D32CE74.tmp' to 'E:/Growth/Saved/Autosaves/Game/UserInterface/Bars_Auto1.uasset'
[2016.01.23-02.30.53:206][971]LogSavePackage: Total save time: 90.342361ms
[2016.01.23-02.30.53:206][971]LogSavePackage:Display: Finished SavePackage E:/Growth/Saved/Autosaves/Game/UserInterface/Bars_Auto1.uasset
[2016.01.23-02.30.53:206][971]LogFileHelpers: Auto-saving content packages took 0.441
[2016.01.23-02.31.07:694][830]BlueprintLog: New page: Compile Resource_BP
[2016.01.23-02.31.07:809][830]BlueprintEditorCompileResults: Info [1041.47] Compile of Resource_BP successful! [in 114 ms]
[2016.01.23-02.31.32:266][263]LogEditorTransaction: Undo Rename Node
[2016.01.23-02.31.33:269][309]LogEditorTransaction: Undo Add Node
[2016.01.23-02.33.23:199][737]BlueprintLog: New page: Compile GrowthCamera
[2016.01.23-02.33.23:404][737]BlueprintEditorCompileResults: Info [1177.06] Compile of GrowthCamera successful! [in 204 ms]
[2016.01.23-02.33.29:748][107]Cmd: OBJ SAVEPACKAGE PACKAGE="/Game/Blueprints/Player/GrowthCamera" FILE="E:/Growth/Content/Blueprints/Player/GrowthCamera.uasset" SILENT=true
[2016.01.23-02.33.30:073][107]LogSavePackage: Save=222.132568ms
[2016.01.23-02.33.30:073][107]LogSavePackage: Moving 'E:/Growth/Saved/GrowthCameraD52BDC594F4C6B42996AECB22FF280C2.tmp' to 'E:/Growth/Content/Blueprints/Player/GrowthCamera.uasset'
[2016.01.23-02.33.30:079][107]LogSavePackage: Total save time: 267.150190ms
[2016.01.23-02.33.30:079][107]LogSavePackage:Display: Finished SavePackage E:/Growth/Content/Blueprints/Player/GrowthCamera.uasset
[2016.01.23-02.34.35:257][889]LogEditorTransaction: Undo Distribute Vertically
[2016.01.23-02.34.44:262][413]LogEditorTransaction: Undo Align Middle
[2016.01.23-02.34.44:528][421]LogEditorTransaction: Undo Distribute Horizontally
[2016.01.23-02.34.44:666][423]LogEditorTransaction: Undo Distribute Vertically
[2016.01.23-02.34.45:055][438]LogEditorTransaction: Undo Straighten Connection(s)
[2016.01.23-02.37.19:021][436]BlueprintLog: New page: Compile GrowthCamera
[2016.01.23-02.37.19:219][436]BlueprintEditorCompileResults: Info [1412.88] Compile of GrowthCamera successful! [in 197 ms]
[2016.01.23-02.37.37:333][498]LogEditorTransaction: Undo Move Nodes
[2016.01.23-02.37.39:844][629]BlueprintLog: New page: Compile GrowthCamera
[2016.01.23-02.37.40:036][629]BlueprintEditorCompileResults: Info [1433.70] Compile of GrowthCamera successful! [in 191 ms]
[2016.01.23-02.37.52:806][365]BlueprintLog: New page: Compile GrowthCamera
[2016.01.23-02.37.53:003][365]BlueprintEditorCompileResults: Info [1446.66] Compile of GrowthCamera successful! [in 196 ms]
[2016.01.23-02.37.53:418][386]Cmd: OBJ SAVEPACKAGE PACKAGE="/Game/Blueprints/Player/GrowthCamera" FILE="E:/Growth/Content/Blueprints/Player/GrowthCamera.uasset" SILENT=true
[2016.01.23-02.37.53:735][386]LogSavePackage: Save=206.218750ms
[2016.01.23-02.37.53:735][386]LogSavePackage: Moving 'E:/Growth/Saved/GrowthCamera125EE9124D8388D14F817AABAA3C7763.tmp' to 'E:/Growth/Content/Blueprints/Player/GrowthCamera.uasset'
[2016.01.23-02.37.53:740][386]LogSavePackage: Total save time: 252.559599ms
[2016.01.23-02.37.53:740][386]LogSavePackage:Display: Finished SavePackage E:/Growth/Content/Blueprints/Player/GrowthCamera.uasset
[2016.01.23-02.38.34:941][835]BlueprintLog: New page: Compile GrowthCamera
[2016.01.23-02.38.35:132][835]BlueprintEditorCompileResults: Info [1488.79] Compile of GrowthCamera successful! [in 191 ms]
[2016.01.23-02.38.35:954][876]Cmd: OBJ SAVEPACKAGE PACKAGE="/Game/Blueprints/Player/GrowthCamera" FILE="E:/Growth/Content/Blueprints/Player/GrowthCamera.uasset" SILENT=true
[2016.01.23-02.38.36:303][876]LogSavePackage: Save=242.250534ms
[2016.01.23-02.38.36:303][876]LogSavePackage: Moving 'E:/Growth/Saved/GrowthCamera3E7DA0974AAA996181764AAD4E51911D.tmp' to 'E:/Growth/Content/Blueprints/Player/GrowthCamera.uasset'
[2016.01.23-02.38.36:308][876]LogSavePackage: Total save time: 280.905474ms
[2016.01.23-02.38.36:308][876]LogSavePackage:Display: Finished SavePackage E:/Growth/Content/Blueprints/Player/GrowthCamera.uasset
[2016.01.23-02.39.08:681][790]BlueprintLog: New page: Compile Resource_BP
[2016.01.23-02.39.08:796][790]BlueprintEditorCompileResults: Info [1522.46] Compile of Resource_BP successful! [in 115 ms]
[2016.01.23-02.39.09:231][811]Cmd: OBJ SAVEPACKAGE PACKAGE="/Game/Blueprints/Resource_BP" FILE="E:/Growth/Content/Blueprints/Resource_BP.uasset" SILENT=true
[2016.01.23-02.39.09:792][811]LogSavePackage: Save=134.566925ms
[2016.01.23-02.39.09:793][811]LogSavePackage: Moving 'E:/Growth/Saved/Resource_BP9E32E1444CFBFDA5F70936B705EEC912.tmp' to 'E:/Growth/Content/Blueprints/Resource_BP.uasset'
[2016.01.23-02.39.09:798][811]LogSavePackage: Total save time: 205.800708ms
[2016.01.23-02.39.09:798][811]LogSavePackage:Display: Finished SavePackage E:/Growth/Content/Blueprints/Resource_BP.uasset
[2016.01.23-02.39.22:640][526]BlueprintLog: New page: Compile Tree_BP
[2016.01.23-02.39.22:738][526]BlueprintEditorCompileResults: Info [1536.40] Compile of Tree_BP successful! [in 98 ms]
[2016.01.23-02.39.25:087][653]Cmd: OBJ SAVEPACKAGE PACKAGE="/Game/Blueprints/Tree_BP" FILE="E:/Growth/Content/Blueprints/Tree_BP.uasset" SILENT=true
[2016.01.23-02.39.25:216][653]LogSavePackage: Save=33.278358ms
[2016.01.23-02.39.25:216][653]LogSavePackage: Moving 'E:/Growth/Saved/Tree_BPE8E3775643E80DED228EEE87A6B838E7.tmp' to 'E:/Growth/Content/Blueprints/Tree_BP.uasset'
[2016.01.23-02.39.25:221][653]LogSavePackage: Total save time: 53.123157ms
[2016.01.23-02.39.25:221][653]LogSavePackage:Display: Finished SavePackage E:/Growth/Content/Blueprints/Tree_BP.uasset
[2016.01.23-02.40.03:152][825]BlueprintLog: New page: Compile Tree_BP
[2016.01.23-02.40.03:244][825]BlueprintEditorCompileResults: Info [1576.90] Compile of Tree_BP successful! [in 92 ms]
[2016.01.23-02.40.52:118][566]BlueprintLog: New page: Compile Tree_BP
[2016.01.23-02.40.52:209][566]BlueprintEditorCompileResults: Info [1625.87] Compile of Tree_BP successful! [in 90 ms]
[2016.01.23-02.40.53:823][651]Cmd: OBJ SAVEPACKAGE PACKAGE="/Game/Blueprints/Tree_BP" FILE="E:/Growth/Content/Blueprints/Tree_BP.uasset" SILENT=true
[2016.01.23-02.40.54:283][651]LogSavePackage: Save=72.729912ms
[2016.01.23-02.40.54:283][651]LogSavePackage: Moving 'E:/Growth/Saved/Tree_BPB688888D47983C16DAC11EBD3B4809DA.tmp' to 'E:/Growth/Content/Blueprints/Tree_BP.uasset'
[2016.01.23-02.40.54:288][651]LogSavePackage: Total save time: 111.979749ms
[2016.01.23-02.40.54:288][651]LogSavePackage:Display: Finished SavePackage E:/Growth/Content/Blueprints/Tree_BP.uasset
[2016.01.23-02.40.59:205][935]LogPlayLevel: PlayLevel: No blueprints needed recompiling
[2016.01.23-02.40.59:205][935]PIE: New page: PIE session: ExampleMap (Jan 22, 2016, 10:40:59 AM)
[2016.01.23-02.40.59:205][935]LogPlayLevel: Creating play world package: /Game/Maps/UEDPIE_0_ExampleMap
[2016.01.23-02.40.59:207][935]LogPlayLevel: PIE: StaticDuplicateObject took: (0.001517s)
[2016.01.23-02.40.59:207][935]LogAIModule: Creating AISystem for world ExampleMap
[2016.01.23-02.40.59:207][935]LogPlayLevel: PIE: World Init took: (0.000853s)
[2016.01.23-02.40.59:208][935]LogPlayLevel: PIE: Created PIE world by copying editor world from /Game/Maps/ExampleMap.ExampleMap to /Game/Maps/UEDPIE_0_ExampleMap.ExampleMap (0.002545s)
[2016.01.23-02.40.59:244][935]LogInit: XAudio2 using 'Speakers (Realtek High Definition Audio)' : 2 channels at 48 kHz using 32 bits per sample (channel mask 0x3)
[2016.01.23-02.40.59:258][935]LogInit: FAudioDevice initialized.
[2016.01.23-02.40.59:305][935]LogWorld: Game class is 'Level_GameMode_C'
[2016.01.23-02.40.59:309][935]LogWorld: Bringing World /Game/Maps/UEDPIE_0_ExampleMap.ExampleMap up for play (max tick rate 60) at 2016.01.22-18.40.59
[2016.01.23-02.40.59:309][935]LogActor:Warning: GameSession /Game/Maps/UEDPIE_0_ExampleMap.ExampleMap:PersistentLevel.GameSession_6 has natively added scene component(s), but none of them were set as the actor's RootComponent - picking one arbitrarily
[2016.01.23-02.40.59:309][935]LogActor:Warning: GameNetworkManager /Game/Maps/UEDPIE_0_ExampleMap.ExampleMap:PersistentLevel.GameNetworkManager_6 has natively added scene component(s), but none of them were set as the a