[2016.03.01-07.23.52:229][  0]Log file open, 02/29/16 23:23:52
[2016.03.01-07.23.52:229][  0]LogInit:Display: Running engine for game: Growth
[2016.03.01-07.23.52:229][  0]LogPlatformFile: Not using cached read wrapper
[2016.03.01-07.23.52:229][  0]LogInit:Display: RandInit(-664056356) SRandInit(-664056355).
[2016.03.01-07.23.52:229][  0]LogTaskGraph: Started task graph with 4 named threads and 5 total threads.
[2016.03.01-07.23.52:229][  0]LogStats: Stats thread started at 0.109466
[2016.03.01-07.23.52:229][  0]LogInit: Version: 4.10.3-2866931+++depot+UE4-Releases+4.10
[2016.03.01-07.23.52:229][  0]LogInit: API Version: 2758231
[2016.03.01-07.23.52:229][  0]LogInit: Compiled (64-bit): Feb 15 2016 08:20:45
[2016.03.01-07.23.52:229][  0]LogInit: Compiled with Visual C++: 19.00.23026.00
[2016.03.01-07.23.52:229][  0]LogInit: Build Configuration: Development
[2016.03.01-07.23.52:229][  0]LogInit: Branch Name: ++depot+UE4-Releases+4.10
[2016.03.01-07.23.52:229][  0]LogInit: Command line:  /Temp/Autosaves/Game/Maps/UEDPCExampleMap -game -PIEVIACONSOLE -ResX=1280 -ResY=720  -Multiprocess 
[2016.03.01-07.23.52:229][  0]LogInit: Base directory: D:/UnReal Four/Epic Games/4.10/Engine/Binaries/Win64/
[2016.03.01-07.23.52:229][  0]LogInit: Rocket: 1
[2016.03.01-07.23.52:244][  0]LogInit: Using libcurl 7.41.0
[2016.03.01-07.23.52:244][  0]LogInit:  - built for x86_64-pc-win32
[2016.03.01-07.23.52:244][  0]LogInit:  - supports SSL with WinSSL
[2016.03.01-07.23.52:244][  0]LogInit:  - other features:
[2016.03.01-07.23.52:244][  0]LogInit:      CURL_VERSION_SSL
[2016.03.01-07.23.52:244][  0]LogInit:      CURL_VERSION_IPV6
[2016.03.01-07.23.52:244][  0]LogInit:      CURL_VERSION_ASYNCHDNS
[2016.03.01-07.23.52:244][  0]LogInit:      CURL_VERSION_LARGEFILE
[2016.03.01-07.23.52:244][  0]LogInit:      CURL_VERSION_IDN
[2016.03.01-07.23.52:245][  0]LogInit:  CurlRequestOptions (configurable via config and command line):
[2016.03.01-07.23.52:245][  0]LogInit:  - bVerifyPeer = true  - Libcurl will verify peer certificate
[2016.03.01-07.23.52:245][  0]LogInit:  - bUseHttpProxy = false  - Libcurl will NOT use HTTP proxy
[2016.03.01-07.23.52:245][  0]LogInit:  - bDontReuseConnections = false  - Libcurl will reuse connections
[2016.03.01-07.23.52:245][  0]LogInit:  - CertBundlePath = nullptr  - Libcurl will use whatever was configured at build time.
[2016.03.01-07.23.52:259][  0]LogInit: Presizing for 0 objects not considered by GC, pre-allocating 0 bytes.
[2016.03.01-07.23.52:275][  0]LogInit: Object subsystem initialized
[2016.03.01-07.23.52:278][  0]LogInit: Selected Device Profile: [Windows]
[2016.03.01-07.23.52:278][  0]LogInit: Applying CVar settings loaded from the selected device profile: [Windows]
[2016.03.01-07.23.52:286][  0]LogInit: Computer: BEACON-PC
[2016.03.01-07.23.52:286][  0]LogInit: User: BEACON
[2016.03.01-07.23.52:286][  0]LogInit: CPU Page size=4096, Cores=2
[2016.03.01-07.23.52:286][  0]LogInit: High frequency timer resolution =1.558916 MHz
[2016.03.01-07.23.52:286][  0]LogMemory: Memory total: Physical=7.9GB (8GB approx)
[2016.03.01-07.23.52:287][  0]LogMemory: Platform Memory Stats for Windows
[2016.03.01-07.23.52:287][  0]LogMemory: Process Physical Memory: 56.10 MB used, 56.10 MB peak
[2016.03.01-07.23.52:287][  0]LogMemory: Process Virtual Memory: 58.78 MB used, 58.78 MB peak
[2016.03.01-07.23.52:287][  0]LogMemory: Physical Memory: 4186.83 MB used, 8096.48 MB total
[2016.03.01-07.23.52:287][  0]LogMemory: Virtual Memory: 352.50 MB used, 8388608.00 MB total
[2016.03.01-07.23.52:518][  0]LogTextLocalizationManager:Warning: Loaded localization resources contain conflicting entries for (Namespace:K2Node, Key:Target):
Localization Resource: (D:/UnReal Four/Epic Games/4.10/Engine/Content/Localization/EditorTutorials/zh-CN/EditorTutorials.locres) Source String Hash: (-1589014459) Localized String: (目标)
Localization Resource: (D:/UnReal Four/Epic Games/4.10/Engine/Content/Localization/Engine/zh-CN/Engine.locres) Source String Hash: (-1589014459) Localized String: (对象)
[2016.03.01-07.23.52:518][  0]LogTextLocalizationManager:Warning: Loaded localization resources contain conflicting entries for (Namespace:K2Node, Key:false):
Localization Resource: (D:/UnReal Four/Epic Games/4.10/Engine/Content/Localization/EditorTutorials/zh-CN/EditorTutorials.locres) Source String Hash: (816077464) Localized String: (假)
Localization Resource: (D:/UnReal Four/Epic Games/4.10/Engine/Content/Localization/Engine/zh-CN/Engine.locres) Source String Hash: (816077464) Localized String: (错误)
[2016.03.01-07.23.52:518][  0]LogTextLocalizationManager:Warning: Loaded localization resources contain conflicting entries for (Namespace:K2Node, Key:true):
Localization Resource: (D:/UnReal Four/Epic Games/4.10/Engine/Content/Localization/EditorTutorials/zh-CN/EditorTutorials.locres) Source String Hash: (-942328987) Localized String: (真)
Localization Resource: (D:/UnReal Four/Epic Games/4.10/Engine/Content/Localization/Engine/zh-CN/Engine.locres) Source String Hash: (-942328987) Localized String: (正确)
[2016.03.01-07.23.52:518][  0]LogTextLocalizationManager:Warning: Loaded localization resources contain conflicting entries for (Namespace:UObjectToolTips, Key:AnimNode_AssetPlayerBase:InternalTimeAccumulator):
Localization Resource: (D:/UnReal Four/Epic Games/4.10/Engine/Content/Localization/EditorTutorials/zh-CN/EditorTutorials.locres) Source String Hash: (502993589) Localized String: (用于引用此节点中的资源的累积时间)
Localization Resource: (D:/UnReal Four/Epic Games/4.10/Engine/Content/Localization/Engine/zh-CN/Engine.locres) Source String Hash: (502993589) Localized String: (引用该节点中资源所用的累计时间)
[2016.03.01-07.23.52:518][  0]LogTextLocalizationManager:Warning: Loaded localization resources contain conflicting entries for (Namespace:UObjectToolTips, Key:AnimNode_AssetPlayerBase:bIgnoreForRelevancyTest):
Localization Resource: (D:/UnReal Four/Epic Games/4.10/Engine/Content/Localization/EditorTutorials/zh-CN/EditorTutorials.locres) Source String Hash: (319969718) Localized String: (若为真，在状态中寻找最高权重动画的“相关动画”节点将忽视 此节点)
Localization Resource: (D:/UnReal Four/Epic Games/4.10/Engine/Content/Localization/Engine/zh-CN/Engine.locres) Source String Hash: (319969718) Localized String: (如果为真，那么将会忽略查找最高权重动画的"相关动画"节点。
这个节点)
[2016.03.01-07.23.52:518][  0]LogTextLocalizationManager:Warning: Loaded localization resources contain conflicting entries for (Namespace:UObjectToolTips, Key:AnimNode_AssetPlayerBase:BlendWeight):
Localization Resource: (D:/UnReal Four/Epic Games/4.10/Engine/Content/Localization/EditorTutorials/zh-CN/EditorTutorials.locres) Source String Hash: (-1232800293) Localized String: (此节点最后交会的混合权重)
Localization Resource: (D:/UnReal Four/Epic Games/4.10/Engine/Content/Localization/Engine/zh-CN/Engine.locres) Source String Hash: (-1232800293) Localized String: (该节点上一次遇到的混合权重)
[2016.03.01-07.23.52:883][  0]LogD3D11RHI: Found D3D11 adapter 0: NVIDIA GeForce GT 740M (Feature Level 11_0)
[2016.03.01-07.23.52:883][  0]LogD3D11RHI: Adapter has 1996MB of dedicated video memory, 0MB of dedicated system memory, and 2048MB of shared system memory, 1 output[s]
[2016.03.01-07.23.52:912][  0]LogD3D11RHI: Found D3D11 adapter 1: NVIDIA GeForce GT 740M (Feature Level 11_0)
[2016.03.01-07.23.52:913][  0]LogD3D11RHI: Adapter has 1996MB of dedicated video memory, 0MB of dedicated system memory, and 2048MB of shared system memory, 0 output[s]
[2016.03.01-07.23.52:913][  0]LogD3D11RHI: Chosen D3D11 Adapter Id = 0
[2016.03.01-07.23.52:928][  0]LogD3D11RHI: !Direct3DDevice
[2016.03.01-07.23.52:928][  0]LogRHI: Texture pool is 1361 MB (70% of 1945 MB)
[2016.03.01-07.23.52:971][  0]LogD3D11RHI: Async texture creation enabled
[2016.03.01-07.23.52:988][  0]LogShaderCompilers: Guid format shader working directory is 4 characters bigger than the processId version (../../../../../../UE4_Github/Growth/Growth/Intermediate/Shaders/WorkingDirectory/19760/).
[2016.03.01-07.23.52:989][  0]LogShaderCompilers: Cleaned the shader compiler working directory 'C:/Users/BEACON/AppData/Local/Temp/UnrealShaderWorkingDir/87F770DD462E0E6E2CE360ADA0824D86/'.
[2016.03.01-07.23.52:989][  0]LogShaderCompilers:Display: Using Local Shader Compiler.
[2016.03.01-07.23.54:711][  0]LogTemp:Display: Loaded TP AllDesktopTargetPlatform
[2016.03.01-07.23.54:716][  0]LogTemp:Display: Loaded TP WindowsClientTargetPlatform
[2016.03.01-07.23.54:722][  0]LogTemp:Display: Loaded TP WindowsNoEditorTargetPlatform
[2016.03.01-07.23.54:728][  0]LogTemp:Display: Loaded TP WindowsServerTargetPlatform
[2016.03.01-07.23.54:734][  0]LogTemp:Display: Loaded TP WindowsTargetPlatform
[2016.03.01-07.23.54:738][  0]LogTemp:Display: Loaded TP AndroidTargetPlatform
[2016.03.01-07.23.54:742][  0]LogTemp:Display: Loaded TP Android_ASTCTargetPlatform
[2016.03.01-07.23.54:747][  0]LogTemp:Display: Loaded TP Android_ATCTargetPlatform
[2016.03.01-07.23.54:753][  0]LogTemp:Display: Loaded TP Android_DXTTargetPlatform
[2016.03.01-07.23.54:757][  0]LogTemp:Display: Loaded TP Android_ETC1TargetPlatform
[2016.03.01-07.23.54:762][  0]LogTemp:Display: Loaded TP Android_ETC2TargetPlatform
[2016.03.01-07.23.54:772][  0]LogTemp:Display: Loaded TP Android_MultiTargetPlatform
[2016.03.01-07.23.54:772][  0]LogTemp:Display: Loaded TP Android_PVRTCTargetPlatform
[2016.03.01-07.23.54:773][  0]LogTemp:Display: Loaded TP HTML5TargetPlatform
[2016.03.01-07.23.54:791][  0]LogTemp:Display: Loaded TP IOSTargetPlatform
[2016.03.01-07.23.54:795][  0]LogTemp:Display: Loaded TP LinuxNoEditorTargetPlatform
[2016.03.01-07.23.54:799][  0]LogTemp:Display: Loaded TP LinuxServerTargetPlatform
[2016.03.01-07.23.54:804][  0]LogTemp:Display: Loaded TP LinuxTargetPlatform
[2016.03.01-07.23.54:804][  0]LogTargetPlatformManager:Display: Building Assets For Windows
[2016.03.01-07.23.54:885][  0]LogDerivedDataCache:Display: Max Cache Size: 512 MB
[2016.03.01-07.23.54:968][  0]LogDerivedDataCache: Loaded boot cache 0.08s 41MB C:/Users/BEACON/AppData/Local/UnrealEngine/4.10/DerivedDataCache/Boot.ddc.
[2016.03.01-07.23.54:968][  0]LogDerivedDataCache:Display: Loaded Boot cache: C:/Users/BEACON/AppData/Local/UnrealEngine/4.10/DerivedDataCache/Boot.ddc
[2016.03.01-07.23.54:968][  0]LogDerivedDataCache: FDerivedDataBackendGraph:  Pak pak cache file ../../../../../../UE4_Github/Growth/Growth/DerivedDataCache/DDC.ddp not found, will not use a pak cache.
[2016.03.01-07.23.54:968][  0]LogDerivedDataCache: Unable to find inner node Pak for hierarchical cache Hierarchy.
[2016.03.01-07.23.54:968][  0]LogDerivedDataCache: FDerivedDataBackendGraph:  CompressedPak pak cache file ../../../../../../UE4_Github/Growth/Growth/DerivedDataCache/Compressed.ddp not found, will not use a pak cache.
[2016.03.01-07.23.54:968][  0]LogDerivedDataCache: Unable to find inner node CompressedPak for hierarchical cache Hierarchy.
[2016.03.01-07.23.55:058][  0]LogDerivedDataCache:Display: Pak cache opened for reading ../../../Engine/DerivedDataCache/Compressed.ddp.
[2016.03.01-07.23.55:071][  0]LogDerivedDataCache: Using Local data cache path C:/Users/BEACON/AppData/Local/UnrealEngine/Common/DerivedDataCache: Writable
[2016.03.01-07.23.55:312][  0]LogInit: Selected Device Profile: [Windows]
[2016.03.01-07.23.55:313][  0]LogContentStreaming: Texture pool size is 1000.000000MB
[2016.03.01-07.23.55:327][  0]LogMeshUtilities: No automatic mesh reduction module available
[2016.03.01-07.23.55:327][  0]LogMeshUtilities: No automatic mesh merging module available
[2016.03.01-07.23.55:757][  0]LogInit: WinSock: version 1.1 (2.2), MaxSocks=32767, MaxUdp=65467
[2016.03.01-07.23.56:091][  0]LogWindowsMoviePlayer: Unable to load movie: ../../../../../../UE4_Github/Growth/Growth/Content/Movies/Default_Startup.mp4
[2016.03.01-07.23.56:221][  0]SourceControl: 信息 源码控制已禁用
[2016.03.01-07.23.56:221][  0]SourceControl: 信息 源码控制已禁用
[2016.03.01-07.23.56:231][  0]SourceControl: 信息 源码控制已禁用
[2016.03.01-07.23.56:428][  0]LogObj: 27935 objects as part of root set at end of initial load.
[2016.03.01-07.23.56:428][  0]LogUObjectAllocator: 5830072 out of 0 bytes used by permanent object pool.
[2016.03.01-07.23.56:511][  0]LogEngine: Initializing Engine...
[2016.03.01-07.23.56:514][  0]LogHMD: Can't find Oculus library dev build: is proper Runtime installed? Version: 0.8.0.0
[2016.03.01-07.23.56:515][  0]LogHMD: SteamVR failed to initialize.  Err: 110
[2016.03.01-07.23.56:687][  0]LogInit: XAudio2 using '扬声器/听筒 (Realtek High Definition Audio)' : 2 channels at 48 kHz using 32 bits per sample (channel mask 0x3)
[2016.03.01-07.23.56:727][  0]LogInit: FAudioDevice initialized.
[2016.03.01-07.23.56:731][  0]LogInit: Texture streaming: Enabled
[2016.03.01-07.23.56:856][  0]LogNet: Browse: /Temp/Autosaves/Game/Maps/UEDPCExampleMap?Name=Player
[2016.03.01-07.23.56:861][  0]LogLoad: LoadMap: /Temp/Autosaves/Game/Maps/UEDPCExampleMap?Name=Player
[2016.03.01-07.23.56:883][  0]LogParticles: Destroying 0 GPU particle simulations for FXSystem 0x00000000121DDD00
[2016.03.01-07.23.56:912][  0]LogMemory: Platform Memory Stats for Windows
[2016.03.01-07.23.56:912][  0]LogMemory: Process Physical Memory: 357.96 MB used, 357.96 MB peak
[2016.03.01-07.23.56:912][  0]LogMemory: Process Virtual Memory: 401.87 MB used, 449.96 MB peak
[2016.03.01-07.23.56:912][  0]LogMemory: Physical Memory: 4406.21 MB used, 8096.48 MB total
[2016.03.01-07.23.56:912][  0]LogMemory: Virtual Memory: 929.79 MB used, 8388608.00 MB total
[2016.03.01-07.23.56:912][  0]LogMemory: 
[2016.03.01-07.23.56:912][  0]Allocator Stats for TBB: (not implemented)
[2016.03.01-07.23.57:328][  0]LogAIModule: Creating AISystem for world ExampleMap
[2016.03.01-07.23.57:376][  0]LogWorld: Game class is 'Level_GameMode_C'
[2016.03.01-07.23.57:385][  0]LogWorld: Bringing World /Temp/Autosaves/Game/Maps/UEDPCExampleMap.ExampleMap up for play (max tick rate 0) at 2016.02.29-23.23.57
[2016.03.01-07.23.57:388][  0]LogWorld: Bringing up level for play took: 0.010912
[2016.03.01-07.23.57:392][  0]LogInit:Display: Game Engine Initialized.
[2016.03.01-07.23.57:610][  0]LogLoad: Full Startup: 5.90 seconds (BP compile: 0.19 seconds)
[2016.03.01-07.23.57:633][  0]LogOcInput: Can't find Oculus library dev build: is proper Runtime installed? Version: 0.8.0.0
[2016.03.01-07.23.57:816][  2]LogRenderer: Reallocating scene render targets to support 1280x720 (Frame:2).
[2016.03.01-07.24.01:664][199]LogSpawn:Warning: SpawnActor failed because of collision at the spawn location [X=-674.200 Y=0.000 Z=-295.926] for [Resource_BP_C]
[2016.03.01-07.24.03:871][319]LogSpawn:Warning: SpawnActor failed because of collision at the spawn location [X=-651.231 Y=0.000 Z=-271.008] for [Resource_BP_C]
[2016.03.01-07.24.03:906][321]LogSpawn:Warning: SpawnActor failed because of collision at the spawn location [X=77.698 Y=0.000 Z=-210.450] for [Resource_BP_C]
[2016.03.01-07.24.07:539][519]LogSpawn:Warning: SpawnActor failed because of collision at the spawn location [X=-292.860 Y=0.000 Z=330.248] for [Resource_BP_C]
[2016.03.01-07.24.07:576][521]LogSpawn:Warning: SpawnActor failed because of collision at the spawn location [X=-1206.092 Y=0.000 Z=339.543] for [Resource_BP_C]
[2016.03.01-07.24.11:538][735]LogSpawn:Warning: SpawnActor failed because of collision at the spawn location [X=-950.771 Y=0.000 Z=181.489] for [Resource_BP_C]
[2016.03.01-07.24.15:532][951]LogSpawn:Warning: SpawnActor failed because of collision at the spawn location [X=1032.571 Y=0.000 Z=89.552] for [Resource_BP_C]
[2016.03.01-07.24.19:560][171]LogSpawn:Warning: SpawnActor failed because of collision at the spawn location [X=623.105 Y=0.000 Z=208.120] for [Resource_BP_C]
[2016.03.01-07.24.19:580][172]LogSpawn:Warning: SpawnActor failed because of collision at the spawn location [X=-797.798 Y=0.000 Z=138.135] for [Resource_BP_C]
[2016.03.01-07.24.19:619][174]LogSpawn:Warning: SpawnActor failed because of collision at the spawn location [X=1212.889 Y=0.000 Z=-182.302] for [Resource_BP_C]
[2016.03.01-07.24.20:559][2