[2016.02.27-04.05.04:746][  0]Log file open, 02/26/16 20:05:04
[2016.02.27-04.05.04:746][  0]LogInit:Display: Running engine for game: Growth
[2016.02.27-04.05.04:746][  0]LogPlatformFile: Not using cached read wrapper
[2016.02.27-04.05.04:746][  0]LogInit:Display: RandInit(530119479) SRandInit(530119481).
[2016.02.27-04.05.04:746][  0]LogTaskGraph: Started task graph with 4 named threads and 5 total threads.
[2016.02.27-04.05.04:746][  0]LogStats: Stats thread started at 0.059607
[2016.02.27-04.05.04:746][  0]LogInit: Version: 4.10.3-2866931+++depot+UE4-Releases+4.10
[2016.02.27-04.05.04:746][  0]LogInit: API Version: 2758231
[2016.02.27-04.05.04:746][  0]LogInit: Compiled (64-bit): Feb 15 2016 08:20:45
[2016.02.27-04.05.04:746][  0]LogInit: Compiled with Visual C++: 19.00.23026.00
[2016.02.27-04.05.04:746][  0]LogInit: Build Configuration: Development
[2016.02.27-04.05.04:746][  0]LogInit: Branch Name: ++depot+UE4-Releases+4.10
[2016.02.27-04.05.04:746][  0]LogInit: Command line:  /Temp/Autosaves/Game/Maps/UEDPCExampleMap -game -PIEVIACONSOLE -ResX=1280 -ResY=720  -Multiprocess 
[2016.02.27-04.05.04:746][  0]LogInit: Base directory: C:/Program Files (x86)/Epic Games/4.10/Engine/Binaries/Win64/
[2016.02.27-04.05.04:746][  0]LogInit: Rocket: 1
[2016.02.27-04.05.04:752][  0]LogInit: Using libcurl 7.41.0
[2016.02.27-04.05.04:752][  0]LogInit:  - built for x86_64-pc-win32
[2016.02.27-04.05.04:752][  0]LogInit:  - supports SSL with WinSSL
[2016.02.27-04.05.04:752][  0]LogInit:  - other features:
[2016.02.27-04.05.04:752][  0]LogInit:      CURL_VERSION_SSL
[2016.02.27-04.05.04:752][  0]LogInit:      CURL_VERSION_IPV6
[2016.02.27-04.05.04:752][  0]LogInit:      CURL_VERSION_ASYNCHDNS
[2016.02.27-04.05.04:752][  0]LogInit:      CURL_VERSION_LARGEFILE
[2016.02.27-04.05.04:752][  0]LogInit:      CURL_VERSION_IDN
[2016.02.27-04.05.04:752][  0]LogInit:  CurlRequestOptions (configurable via config and command line):
[2016.02.27-04.05.04:752][  0]LogInit:  - bVerifyPeer = true  - Libcurl will verify peer certificate
[2016.02.27-04.05.04:752][  0]LogInit:  - bUseHttpProxy = false  - Libcurl will NOT use HTTP proxy
[2016.02.27-04.05.04:752][  0]LogInit:  - bDontReuseConnections = false  - Libcurl will reuse connections
[2016.02.27-04.05.04:752][  0]LogInit:  - CertBundlePath = nullptr  - Libcurl will use whatever was configured at build time.
[2016.02.27-04.05.04:757][  0]LogInit: Presizing for 0 objects not considered by GC, pre-allocating 0 bytes.
[2016.02.27-04.05.04:764][  0]LogInit: Object subsystem initialized
[2016.02.27-04.05.04:766][  0]LogInit: Selected Device Profile: [Windows]
[2016.02.27-04.05.04:766][  0]LogInit: Applying CVar settings loaded from the selected device profile: [Windows]
[2016.02.27-04.05.04:768][  0]LogInit: Computer: DESKTOP-02HA96D
[2016.02.27-04.05.04:768][  0]LogInit: User: FranzHampp
[2016.02.27-04.05.04:768][  0]LogInit: CPU Page size=4096, Cores=2
[2016.02.27-04.05.04:768][  0]LogInit: High frequency timer resolution =2.531249 MHz
[2016.02.27-04.05.04:768][  0]LogMemory: Memory total: Physical=7.9GB (8GB approx)
[2016.02.27-04.05.04:768][  0]LogMemory: Platform Memory Stats for Windows
[2016.02.27-04.05.04:768][  0]LogMemory: Process Physical Memory: 55.15 MB used, 55.15 MB peak
[2016.02.27-04.05.04:768][  0]LogMemory: Process Virtual Memory: 57.59 MB used, 57.59 MB peak
[2016.02.27-04.05.04:768][  0]LogMemory: Physical Memory: 3003.82 MB used, 8083.86 MB total
[2016.02.27-04.05.04:768][  0]LogMemory: Virtual Memory: 382.46 MB used, 134217728.00 MB total
[2016.02.27-04.05.04:804][  0]LogTextLocalizationManager: No specific translations for ('en-US') exist, so ('en') translations will be used.
[2016.02.27-04.05.05:233][  0]LogD3D11RHI: Found D3D11 adapter 0: NVIDIA GeForce GTX 950M                 (Feature Level 11_0)
[2016.02.27-04.05.05:233][  0]LogD3D11RHI: Adapter has 1995MB of dedicated video memory, 0MB of dedicated system memory, and 4041MB of shared system memory, 1 output[s]
[2016.02.27-04.05.05:239][  0]LogD3D11RHI: Found D3D11 adapter 1: Intel(R) HD Graphics 520 (Feature Level 11_0)
[2016.02.27-04.05.05:239][  0]LogD3D11RHI: Adapter has 128MB of dedicated video memory, 0MB of dedicated system memory, and 4041MB of shared system memory, 0 output[s]
[2016.02.27-04.05.05:240][  0]LogD3D11RHI: Found D3D11 adapter 2: Microsoft Basic Render Driver (Feature Level 11_0)
[2016.02.27-04.05.05:240][  0]LogD3D11RHI: Adapter has 0MB of dedicated video memory, 0MB of dedicated system memory, and 4041MB of shared system memory, 0 output[s]
[2016.02.27-04.05.05:240][  0]LogD3D11RHI: Chosen D3D11 Adapter Id = 0
[2016.02.27-04.05.05:245][  0]LogD3D11RHI: !Direct3DDevice
[2016.02.27-04.05.05:245][  0]LogRHI: Texture pool is 1361 MB (70% of 1945 MB)
[2016.02.27-04.05.05:257][  0]LogD3D11RHI: Async texture creation enabled
[2016.02.27-04.05.05:748][  0]LogShaderCompilers: Guid format shader working directory is 40 characters bigger than the processId version (D:/Growth/Intermediate/Shaders/WorkingDirectory/4740/).
[2016.02.27-04.05.05:748][  0]LogShaderCompilers: Cleaned the shader compiler working directory 'C:/Users/FRANZH~1/AppData/Local/Temp/UnrealShaderWorkingDir/D253C3864A4D75B13625C0A66DDC2F2E/'.
[2016.02.27-04.05.05:748][  0]LogShaderCompilers:Display: Using Local Shader Compiler.
[2016.02.27-04.05.06:475][  0]LogTemp:Display: Loaded TP AllDesktopTargetPlatform
[2016.02.27-04.05.06:479][  0]LogTemp:Display: Loaded TP WindowsClientTargetPlatform
[2016.02.27-04.05.06:483][  0]LogTemp:Display: Loaded TP WindowsNoEditorTargetPlatform
[2016.02.27-04.05.06:487][  0]LogTemp:Display: Loaded TP WindowsServerTargetPlatform
[2016.02.27-04.05.06:490][  0]LogTemp:Display: Loaded TP WindowsTargetPlatform
[2016.02.27-04.05.06:493][  0]LogTemp:Display: Loaded TP AndroidTargetPlatform
[2016.02.27-04.05.06:495][  0]LogTemp:Display: Loaded TP Android_ASTCTargetPlatform
[2016.02.27-04.05.06:498][  0]LogTemp:Display: Loaded TP Android_ATCTargetPlatform
[2016.02.27-04.05.06:500][  0]LogTemp:Display: Loaded TP Android_DXTTargetPlatform
[2016.02.27-04.05.06:503][  0]LogTemp:Display: Loaded TP Android_ETC1TargetPlatform
[2016.02.27-04.05.06:505][  0]LogTemp:Display: Loaded TP Android_ETC2TargetPlatform
[2016.02.27-04.05.06:510][  0]LogTemp:Display: Loaded TP Android_MultiTargetPlatform
[2016.02.27-04.05.06:510][  0]LogTemp:Display: Loaded TP Android_PVRTCTargetPlatform
[2016.02.27-04.05.06:511][  0]LogTemp:Display: Loaded TP HTML5TargetPlatform
[2016.02.27-04.05.06:528][  0]LogTemp:Display: Loaded TP IOSTargetPlatform
[2016.02.27-04.05.06:531][  0]LogTemp:Display: Loaded TP LinuxNoEditorTargetPlatform
[2016.02.27-04.05.06:534][  0]LogTemp:Display: Loaded TP LinuxServerTargetPlatform
[2016.02.27-04.05.06:537][  0]LogTemp:Display: Loaded TP LinuxTargetPlatform
[2016.02.27-04.05.06:537][  0]LogTargetPlatformManager:Display: Building Assets For Windows
[2016.02.27-04.05.06:598][  0]LogDerivedDataCache:Display: Max Cache Size: 512 MB
[2016.02.27-04.05.06:642][  0]LogDerivedDataCache: Loaded boot cache 0.04s 41MB C:/Users/Franz Hampp/AppData/Local/UnrealEngine/4.10/DerivedDataCache/Boot.ddc.
[2016.02.27-04.05.06:642][  0]LogDerivedDataCache:Display: Loaded Boot cache: C:/Users/Franz Hampp/AppData/Local/UnrealEngine/4.10/DerivedDataCache/Boot.ddc
[2016.02.27-04.05.06:643][  0]LogDerivedDataCache: FDerivedDataBackendGraph:  Pak pak cache file D:/Growth/DerivedDataCache/DDC.ddp not found, will not use a pak cache.
[2016.02.27-04.05.06:643][  0]LogDerivedDataCache: Unable to find inner node Pak for hierarchical cache Hierarchy.
[2016.02.27-04.05.06:643][  0]LogDerivedDataCache: FDerivedDataBackendGraph:  CompressedPak pak cache file D:/Growth/DerivedDataCache/Compressed.ddp not found, will not use a pak cache.
[2016.02.27-04.05.06:643][  0]LogDerivedDataCache: Unable to find inner node CompressedPak for hierarchical cache Hierarchy.
[2016.02.27-04.05.06:699][  0]LogDerivedDataCache:Display: Pak cache opened for reading ../../../Engine/DerivedDataCache/Compressed.ddp.
[2016.02.27-04.05.06:710][  0]LogDerivedDataCache: Using Local data cache path C:/Users/Franz Hampp/AppData/Local/UnrealEngine/Common/DerivedDataCache: Writable
[2016.02.27-04.05.06:869][  0]LogInit: Selected Device Profile: [Windows]
[2016.02.27-04.05.06:872][  0]LogContentStreaming: Texture pool size is 1000.000000MB
[2016.02.27-04.05.06:967][  0]LogMeshUtilities: No automatic mesh reduction module available
[2016.02.27-04.05.06:967][  0]LogMeshUtilities: No automatic mesh merging module available
[2016.02.27-04.05.07:142][  0]LogInit: WinSock: version 1.1 (2.2), MaxSocks=32767, MaxUdp=65467
[2016.02.27-04.05.07:328][  0]LogWindowsMoviePlayer: Unable to load movie: D:/Growth/Content/Movies/Default_Startup.mp4
[2016.02.27-04.05.07:424][  0]SourceControl: Info Source control is disabled
[2016.02.27-04.05.07:424][  0]SourceControl: Info Source control is disabled
[2016.02.27-04.05.07:433][  0]SourceControl: Info Source control is disabled
[2016.02.27-04.05.07:606][  0]LogObj: 27935 objects as part of root set at end of initial load.
[2016.02.27-04.05.07:606][  0]LogUObjectAllocator: 5830064 out of 0 bytes used by permanent object pool.
[2016.02.27-04.05.07:663][  0]LogEngine: Initializing Engine...
[2016.02.27-04.05.07:666][  0]LogHMD: Can't find Oculus library dev build: is proper Runtime installed? Version: 0.8.0.0
[2016.02.27-04.05.07:666][  0]LogHMD: SteamVR failed to initialize.  Err: 110
[2016.02.27-04.05.07:778][  0]LogInit: XAudio2 using 'Speakers (Conexant SmartAudio HD)' : 2 channels at 48 kHz using 32 bits per sample (channel mask 0x3)
[2016.02.27-04.05.07:789][  0]LogInit: FAudioDevice initialized.
[2016.02.27-04.05.07:792][  0]LogInit: Texture streaming: Enabled
[2016.02.27-04.05.07:878][  0]LogNet: Browse: /Temp/Autosaves/Game/Maps/UEDPCExampleMap?Name=Player
[2016.02.27-04.05.07:879][  0]LogLoad: LoadMap: /Temp/Autosaves/Game/Maps/UEDPCExampleMap?Name=Player
[2016.02.27-04.05.07:898][  0]LogParticles: Destroying 0 GPU particle simulations for FXSystem 0x0000022E09111D00
[2016.02.27-04.05.07:916][  0]LogMemory: Platform Memory Stats for Windows
[2016.02.27-04.05.07:916][  0]LogMemory: Process Physical Memory: 406.20 MB used, 406.20 MB peak
[2016.02.27-04.05.07:916][  0]LogMemory: Process Virtual Memory: 523.00 MB used, 523.00 MB peak
[2016.02.27-04.05.07:916][  0]LogMemory: Physical Memory: 3300.35 MB used, 8083.86 MB total
[2016.02.27-04.05.07:916][  0]LogMemory: Virtual Memory: 1081.84 MB used, 134217728.00 MB total
[2016.02.27-04.05.07:916][  0]LogMemory: 
[2016.02.27-04.05.07:916][  0]Allocator Stats for TBB: (not implemented)
[2016.02.27-04.05.08:185][  0]LogAIModule: Creating AISystem for world ExampleMap
[2016.02.27-04.05.08:221][  0]LogWorld: Game class is 'Level_GameMode_C'
[2016.02.27-04.05.08:226][  0]LogWorld: Bringing World /Temp/Autosaves/Game/Maps/UEDPCExampleMap.ExampleMap up for play (max tick rate 0) at 2016.02.26-20.05.08
[2016.02.27-04.05.08:228][  0]LogWorld: Bringing up level for play took: 0.007332
[2016.02.27-04.05.08:233][  0]LogInit:Display: Game Engine Initialized.
[2016.02.27-04.05.08:464][  0]LogLoad: Full Startup: 3.95 seconds (BP compile: 0.12 seconds)
[2016.02.27-04.05.08:488][  0]LogOcInput: Can't find Oculus library dev build: is proper Runtime installed? Version: 0.8.0.0
[2016.02.27-04.05.08:537][  1]LogSpawn:Warning: SpawnActor failed because of collision at the spawn location [X=-523.883 Y=0.000 Z=144.090] for [Resource_BP_C]
[2016.02.27-04.05.08:599][  2]LogRenderer: Reallocating scene render targets to support 1280x720 (Frame:2).
[2016.02.27-04.05.16:512][482]LogSpawn:Warning: SpawnActor failed because of collision at the spawn location [X=1259.062 Y=0.000 Z=-192.805] for [Resource_BP_C]
[2016.02.27-04.05.16:521][483]LogSpawn:Warning: SpawnActor failed because of collision at the spawn location [X=275.594 Y=0.000 Z=-69.974] for [Resource_BP_C]
[2016.02.27-04.05.20:519][731]LogSpawn:Warning: SpawnActor failed because of collision at the spawn location [X=1080.385 Y=0.000 Z=-53.274] for [Resource_BP_C]
[2016.02.27-04.05.20:551][733]LogSpawn:Warning: SpawnActor failed because of collision at the spawn location [X=1073.197 Y=0.000 Z=35.344] for [Resource_BP_C]
[2016.02.27-04.05.24:471][976]LogSpawn:Warning: SpawnActor failed because of collision at the spawn location [X=-428.255 Y=0.000 Z=104.296] for [Resource_BP_C]
[2016.02.27-04.05.24:486][977]LogSpawn:Warning: SpawnActor failed because of collision at the spawn location [X=-111.761 Y=0.000 Z=82.828] for [Resource_BP_C]
[2016.02.27-04.05.24:502][978]LogSpawn:Warning: SpawnActor failed because of collision at the spawn location [X=52.462 Y=0.000 Z=-160.702] for [Resource_BP_C]
[2016.02.27-04.05.24:520][979]LogSpawn:Warning: SpawnActor failed because of collision at the spawn location [X=-539.587 Y=0.000 Z=7.328] for [Resource_BP_C]
[2016.02.27-04.05.27:503][164]LogSpawn:Warning: SpawnActor failed because of collision at the spawn location [X=-330.518 Y=0.000 Z=159.647] for [Resource_BP_C]
[2016.02.27-04.05.28:857][248]LogSpawn:Warning: SpawnActor failed because of collision at the spawn location [X=269.266 Y=0.000 Z=-205.813] for [Resource_BP_C]
[2016.02.27-04.05.28:874][249]LogSpawn:Warning: SpawnActor failed because of collision at the spawn location [X=817.720 Y=0.000 Z=170.832] for [Resource_BP_C]
[2016.02.27-04.05.31:519][413]LogSpawn:Warning: SpawnActor failed because of collision at the spawn location [X=751.078 Y=0.000 Z=-19.348] for [Resource_BP_C]
[2016.02.27-04.05.31:537][414]LogSpawn:Warning: SpawnActor failed because of collision at the spawn location [X=1241.952 Y=0.000 Z=-209.812] for [Resource_BP_C]
[2016.02.27-04.05.31:787][428]LogWindowsTextInputMethodSystem:Display: IME system now deactivated.
[2016.02.27-04.05.31:790][428]LogEngine: All Windows Closed
[2016.02.27-04.05.31:790][428]LogWindows: FPlatformMisc::RequestExit(0)
[2016.02.27-04.05.32:679][429]LogExit: Preparing to exit.
[2016.02.27-04.05.32:735][429]LogExit: Game engine shut down
[2016.02.27-04.05.32:743][429]LogParticles: Destroying 0 GPU particle simulations for FXSystem 0x0000022E17073740
[2016.02.27-04.05.32:872][429]LogExit: Object subsystem successfully closed.
[2016.02.27-04.05.32:904][429]LogD3D11RHI: Shutdown
[2016.02.27-04.05.32:904][429]LogD3D11RHI: CleanupD3DDevice
[2016.02.27-04.05.32:943][429]LogD3D11RHI: ~FD3D11DynamicRHI
[2016.02.27-04.05.32:952][429]LogModuleManager: Shutting down and abandoning module AndroidDeviceDetection (117)
[2016.02.27-04.05.33:494][429]LogModuleManager: Shutting down and abandoning module AutomationController (116)
[2016.02.27-04.05.33:494][429]LogModuleManager: Shutting down and abandoning module AutomationWorker (115)
[2016.02.27-04.05.33:494][429]LogModuleManager: Shutting down and abandoning module CharacterAI (114)
[2016.02.27-04.05.33:494][429]LogModuleManager: Shutting down and abandoning module AITestSuite (113)
[2016.02.27-04.05.33:495][429]LogModuleManager: Shutting down and abandoning module GameplayDebugger (112)
[2016.02.27-04.05.33:495][429]LogModuleManager: Shutting down and abandoning module AIModule (111)
[2016.02.27-04.05.33:495][429]LogModuleManager: Shutting down and abandoning module MovieSceneCapture (110)
[2016.02.27-04.05.33:495][429]LogModuleManager: Shutting down and abandoning module GameLiveStreaming (109)
[2016.02.27-04.05.33:495][429]LogModuleManager: Shutting down and abandoning module StreamingPauseRendering (108)
[2016.02.27-04.05.33:496][429]LogModuleManager: Shutting down and abandoning module ProfilerService (107)
[2016.02.27-04.05.33:643][429]LogModuleManager: Shutting down and abandoning module TaskGraph (106)
[2016.02.27-04.05.33:643][429]LogModuleManager: Shutting down and abandoning module SlateRemote (105)
[2016.02.27-04.05.33:644][429]LogModuleManager: Shutting down and abandoning module SteamVRController (104)
[2016.02.27-04.05.33:644][429]LogModuleManager: Shutting down and abandoning module SteamVR (103)
[2016.02.27-04.05.33:644][429]LogModuleManager: Shutting down and abandoning module ProceduralMeshComponent (102)
[2016.02.27-04.05.33:644][429]LogModuleManager: Shutting down and abandoning module OculusLibrary (101)
[2016.02.27-04.05.33:644][429]LogModuleManager: Shutting down and abandoning module OculusInput (100)
[2016.02.27-04.05.33:644][429]LogModuleManager: Shutting down and abandoning module LeapMotionController (99)
[2016.02.27-04.05.33:726][429]LogModuleManager: Shutting down and abandoning module CustomMeshComponent (98)
[2016.02.27-04.05.33:726][429]LogModuleManager: Shutting down and abandoning module CableComponent (97)
[2016.02.27-04.05.33:726][429]LogModuleManager: Shutting down and abandoning module ArchVisCharacter (96)
[2016.02.27-04.05.33:726][429]LogModuleManager: Shutting down and abandoning module HTML5Networking (95)
[2016.02.27-04.05.33:727][429]LogModuleManager: Shutting down and abandoning module DesktopPlatform (94)
[2016.02.27-04.05.33:727][429]LogModuleManager: Shutting down and abandoning module DirectoryWatcher (93)
[2016.02.27-04.05.33:727][429]LogModuleManager: Shutting down and abandoning module HotReload (92)
[2016.02.27-04.05.33:727][429]LogModuleManager: Shutting down and abandoning module VisualStudioSourceCodeAccess (91)
[2016.02.27-04.05.33:727][429]LogModuleManager: Shutting down and abandoning module UObjectPlugin (90)
[2016.02.27-04.05.33:727][429]LogModuleManager: Shutting down and abandoning module SubversionSourceControl (89)
[2016.02.27-04.05.33:727][429]LogModuleManager: Shutting down and abandoning module SourceControl (88)
[2016.02.27-04.05.33:728][429]LogModuleManager: Shutting down and abandoning module PerforceSourceControl (87)
[2016.02.27-04.05.33:728][429]LogModuleManager: Shutting down and abandoning module UdpMessaging (86)
[2016.02.27-04.05.33:728][429]LogModuleManager: Shutting down and abandoning module LightPropagationVolumeRuntime (85)
[2016.02.27-04.05.33:728][429]LogModuleManager: Shutting down and abandoning module Paper2D (84)
[2016.02.27-04.05.33:728][429]LogModuleManager: Shutting down and abandoning module WindowsMoviePlayer (83)
[2016.02.27-04.05.33:739][429]LogModuleManager: Shutting down and abandoning module Media (82)
[2016.02.27-04.05.33:739][429]LogModuleManager: Shutting down and abandoning module WmfMedia (81)
[2016.02.27-04.05.33:739][429]LogModuleManager: Shutting down and abandoning module OnlineBlueprintSupport (80)
[2016.02.27-04.05.33:739][429]LogModuleManager: Shutting down and abandoning module GameplayTasksEditor (79)
[2016.02.27-04.05.33:739][429]LogModuleManager: Shutting down and abandoning module PropertyEditor (78)
[2016.02.27-04.05.33:740][429]LogModuleManager: Shutting down and abandoning module BehaviorTreeEditor (77)
[2016.02.27-04.05.33:740][429]LogModuleManager: Shutting down and abandoning module FunctionalTesting (76)
[2016.02.27-04.05.33:740][429]LogModuleManager: Shutting down and abandoning module CollisionAnalyzer (75)
[2016.02.27-04.05.33:740][429]LogModuleManager: Shutting down and abandoning module WorkspaceMenuStructure (74)
[2016.02.27-04.05.33:740][429]LogModuleManager: Shutting down and abandoning module MessageLog (73)
[2016.02.27-04.05.33:740][429]LogModuleManager: Shutting down and abandoning module Sequencer (72)
[2016.02.27-04.05.33:740][429]LogModuleManager: Shutting down and abandoning module AssetTools (71)
[2016.02.27-04.05.33:740][429]LogModuleManager: Shutting down and abandoning module UMGEditor (70)
[2016.02.27-04.05.33:741][429]LogModuleManager: Shutting down and abandoning module UMG (69)
[2016.02.27-04.05.33:741][429]LogModuleManager: Shutting down and abandoning module Slate (68)
[2016.02.27-04.05.33:741][429]LogModuleManager: Shutting down and abandoning module EditorStyle (67)
[2016.02.27-04.05.33:751][429]LogModuleManager: Shutting down and abandoning module SessionServices (66)
[2016.02.27-04.05.33:751][429]LogModuleManager: Shutting down and abandoning module SourceCodeAccess (65)
[2016.02.27-04.05.33:751][429]LogModuleManager: Shutting down and abandoning module HeadMountedDisplay (64)
[2016.02.27-04.05.33:751][429]LogModuleManager: Shutting down and abandoning module XAudio2 (63)
[2016.02.27-04.05.33:751][429]LogModuleManager: Shutting down and abandoning module Networking (61)
[2016.02.27-04.05.33:751][429]LogModuleManager: Shutting down and abandoning module Core (60)
[2016.02.27-04.05.33:751][429]LogModuleManager: Shutting down and abandoning module KismetCompiler (59)
[2016.02.27-04.05.33:751][429]LogModuleManager: Shutting down and abandoning module PhysXFormats (58)
[2016.02.27-04.05.33:751][429]LogModuleManager: Shutting down and abandoning module MeshUtilities (57)
[2016.02.27-04.05.33:751][429]LogModuleManager: Shutting down and abandoning module DerivedDataCache (56)
[2016.02.27-04.05.34:219][429]LogDerivedDataCache: Shutdown
[2016.02.27-04.05.34:220][429]LogModuleManager: Shutting down and abandoning module ShaderFormatOpenGL (55)
[2016.02.27-04.05.34:220][429]LogModuleManager: Shutting down and abandoning module ShaderFormatD3D (54)
[2016.02.27-04.05.34:220][429]LogModuleManager: Shutting down and abandoning module MetalShaderFormat (53)
[2016.02.27-04.05.34:220][429]LogModuleManager: Shutting down and abandoning module TextureFormatUncompressed (52)
[2016.02.27-04.05.34:220][429]LogModuleManager: Shutting down and abandoning module TextureFormatPVR (51)
[2016.02.27-04.05.34:220][429]LogModuleManager: Shutting down and abandoning module TextureFormatIntelISPCTexComp (50)
[2016.02.27-04.05.34:220][429]LogModuleManager: Shutting down and abandoning module TextureFormatDXT (49)
[2016.02.27-04.05.34:220][429]LogModuleManager: Shutting down and abandoning module ImageWrapper (48)
[2016.02.27-04.05.34:220][429]LogModuleManager: Shutting down and abandoning module TextureFormatASTC (47)
[2016.02.27-04.05.34:220][429]LogModuleManager: Shutting down and abandoning module TextureFormatAndroid (46)
[2016.02.27-04.05.34:220][429]LogModuleManager: Shutting down and abandoning module AudioFormatOpus (45)
[2016.02.27-04.05.34:220][429]LogModuleManager: Shutting down and abandoning module AudioFormatOgg (44)
[2016.02.27-04.05.34:220][429]LogModuleManager: Shutting down and abandoning module AudioFormatADPCM (43)
[2016.02.27-04.05.34:220][429]LogModuleManager: Shutting down and abandoning module LinuxTargetPlatform (42)
[2016.02.27-04.05.34:220][429]LogModuleManager: Shutting down and abandoning module LinuxServerTargetPlatform (41)
[2016.02.27-04.05.34:220][429]LogModuleManager: Shutting down and abandoning module LinuxNoEditorTargetPlatform (40)
[2016.02.27-04.05.34:220][429]LogModuleManager: Shutting down and abandoning module Messaging (39)
[2016.02.27-04.05.34:220][429]LogModuleManager: Shutting down and abandoning module IOSTargetPlatform (38)
[2016.02.27-04.05.34:221][429]LogModuleManager: Shutting down and abandoning module HTML5TargetPlatform (37)
[2016.02.27-04.05.34:221][429]LogModuleManager: Shutting down and abandoning module Android_PVRTCTargetPlatform (36)
[2016.02.27-04.05.34:221][429]LogModuleManager: Shutting down and abandoning module Android_MultiTargetPlatform (35)
[2016.02.27-04.05.34:221][429]LogModuleManager: Shutting down and abandoning module Android_ETC2TargetPlatform (34)
[2016.02.27-04.05.34:221][429]LogModuleManager: Shutting down and abandoning module Android_ETC1TargetPlatform (33)
[2016.02.27-04.05.34:221][429]LogModuleManager: Shutting down and abandoning module Android_DXTTargetPlatform (32)
[2016.02.27-04.05.34:221][429]LogModuleManager: Shutting down and abandoning module Android_ATCTargetPlatform (31)
[2016.02.27-04.05.34:221][429]LogModuleManager: Shutting down and abandoning module Android_ASTCTargetPlatform (30)
[2016.02.27-04.05.34:221][429]LogModuleManager: Shutting down and abandoning module AndroidTargetPlatform (29)
[2016.02.27-04.05.34:221][429]LogModuleManager: Shutting down and abandoning module WindowsTargetPlatform (28)
[2016.02.27-04.05.34:221][429]LogModuleManager: Shutting down and abandoning module WindowsServerTargetPlatform (27)
[2016.02.27-04.05.34:221][429]LogModuleManager: Shutting down and abandoning module WindowsNoEditorTargetPlatform (26)
[2016.02.27-04.05.34:221][429]LogModuleManager: Shutting down and abandoning module WindowsClientTargetPlatform (25)
[2016.02.27-04.05.34:221][429]LogModuleManager: Shutting down and abandoning module AllDesktopTargetPlatform (24)
[2016.02.27-04.05.34:222][429]LogModuleManager: Shutting down and abandoning module TargetPlatform (23)
[2016.02.27-04.05.34:222][429]LogModuleManager: Shutting down and abandoning module InputCore (22)
[2016.02.27-04.05.34:222][429]LogModuleManager: Shutting down and abandoning module Settings (21)
[2016.02.27-04.05.34:222][429]LogModuleManager: Shutting down and abandoning module OnlineSubsystem (19)
[2016.02.27-04.05.34:222][429]LogModuleManager: Shutting down and abandoning module HTTP (18)
[2016.02.27-04.05.34:223][429]LogModuleManager: Shutting down and abandoning module XMPP (17)
[2016.02.27-04.05.34:223][429]LogModuleManager: Shutting down and abandoning module OculusRift (16)
[2016.02.27-04.05.34:223][429]LogModuleManager: Shutting down and abandoning module ExampleDeviceProfileSelector (15)
[2016.02.27-04.05.34:223][429]LogModuleManager: Shutting down and abandoning module TextureCompressor (14)
[2016.02.27-04.05.34:223][429]LogModuleManager: Shutting down and abandoning module ShaderCore (13)
[2016.02.27-04.05.34:223][429]LogModuleManager: Shutting down and abandoning module Landscape (12)
[2016.02.27-04.05.34:223][429]LogModuleManager: Shutting down and abandoning module SlateRHIRenderer (11)
[2016.02.27-04.05.34:224][429]LogModuleManager: Shutting down and abandoning module OpenGLDrv (10)
[2016.02.27-04.05.34:224][429]LogModuleManager: Shutting down and abandoning module D3D11RHI (9)
[2016.02.27-04.05.34:224][429]LogModuleManager: Shutting down and abandoning module AnimGraphRuntime (8)
[2016.02.27-04.05.34:224][429]LogModuleManager: Shutting down and abandoning module Renderer (7)
[2016.02.27-04.05.34:224][429]LogModuleManager: Shutting down and abandoning module Engine (6)
[2016.02.27-04.05.34:224][429]LogModuleManager: Shutting down and abandoning module CoreUObject (5)
[2016.02.27-04.05.34:224][429]LogModuleManager: Shutting down and abandoning module NetworkFile (4)
[2016.02.27-04.05.34:224][429]LogModuleManager: Shutting down and abandoning module StreamingFile (3)
[2016.02.27-04.05.34:224][429]LogModuleManager: Shutting down and abandoning module SandboxFile (2)
[2016.02.27-04.05.34:224][429]LogModuleManager: Shutting down and abandoning module PakFile (1)
[2016.02.27-04.05.34:228][429]LogExit: Exiting.
[2016.02.27-04.05.34:234][429]Log file closed, 02/26/16 20:05:34
