[2016.01.23-04.14.13:325][  0]Log file open, 01/22/16 20:14:13
[2016.01.23-04.14.13:325][  0]LogInit:Display: Running engine for game: Growth
[2016.01.23-04.14.13:325][  0]LogPlatformFile: Not using cached read wrapper
[2016.01.23-04.14.13:325][  0]LogInit:Display: RandInit(1521561597) SRandInit(1521561598).
[2016.01.23-04.14.13:325][  0]LogTaskGraph: Started task graph with 4 named threads and 7 total threads.
[2016.01.23-04.14.13:325][  0]LogStats: Stats thread started at 0.084648
[2016.01.23-04.14.13:325][  0]LogInit: Version: 4.10.0-2758231+++depot+UE4-Releases+4.10
[2016.01.23-04.14.13:325][  0]LogInit: API Version: 2758231
[2016.01.23-04.14.13:325][  0]LogInit: Compiled (64-bit): Nov  7 2015 05:13:45
[2016.01.23-04.14.13:325][  0]LogInit: Compiled with Visual C++: 19.00.23026.00
[2016.01.23-04.14.13:325][  0]LogInit: Build Configuration: Development
[2016.01.23-04.14.13:325][  0]LogInit: Branch Name: ++depot+UE4-Releases+4.10
[2016.01.23-04.14.13:325][  0]LogInit: Command line:  
[2016.01.23-04.14.13:325][  0]LogInit: Base directory: C:/Program Files/Epic Games/4.10/Engine/Binaries/Win64/
[2016.01.23-04.14.13:325][  0]LogInit: Rocket: 1
[2016.01.23-04.14.13:335][  0]LogInit: Using libcurl 7.41.0
[2016.01.23-04.14.13:335][  0]LogInit:  - built for x86_64-pc-win32
[2016.01.23-04.14.13:335][  0]LogInit:  - supports SSL with WinSSL
[2016.01.23-04.14.13:335][  0]LogInit:  - other features:
[2016.01.23-04.14.13:335][  0]LogInit:      CURL_VERSION_SSL
[2016.01.23-04.14.13:335][  0]LogInit:      CURL_VERSION_IPV6
[2016.01.23-04.14.13:335][  0]LogInit:      CURL_VERSION_ASYNCHDNS
[2016.01.23-04.14.13:335][  0]LogInit:      CURL_VERSION_LARGEFILE
[2016.01.23-04.14.13:335][  0]LogInit:      CURL_VERSION_IDN
[2016.01.23-04.14.13:335][  0]LogInit:  CurlRequestOptions (configurable via config and command line):
[2016.01.23-04.14.13:335][  0]LogInit:  - bVerifyPeer = true  - Libcurl will verify peer certificate
[2016.01.23-04.14.13:335][  0]LogInit:  - bUseHttpProxy = false  - Libcurl will NOT use HTTP proxy
[2016.01.23-04.14.13:335][  0]LogInit:  - bDontReuseConnections = false  - Libcurl will reuse connections
[2016.01.23-04.14.13:335][  0]LogInit:  - CertBundlePath = nullptr  - Libcurl will use whatever was configured at build time.
[2016.01.23-04.14.13:344][  0]LogInit: Presizing for 0 objects not considered by GC, pre-allocating 0 bytes.
[2016.01.23-04.14.13:350][  0]LogInit: Object subsystem initialized
[2016.01.23-04.14.13:350][  0]LogInit: Selected Device Profile: [Windows]
[2016.01.23-04.14.13:350][  0]LogInit: Applying CVar settings loaded from the selected device profile: [Windows]
[2016.01.23-04.14.13:426][  0]LogInit: Computer: ALEX-PC
[2016.01.23-04.14.13:426][  0]LogInit: User: Alex
[2016.01.23-04.14.13:426][  0]LogInit: CPU Page size=4096, Cores=4
[2016.01.23-04.14.13:426][  0]LogInit: High frequency timer resolution =2.533208 MHz
[2016.01.23-04.14.13:426][  0]LogMemory: Memory total: Physical=7.9GB (8GB approx)
[2016.01.23-04.14.13:426][  0]LogMemory: Platform Memory Stats for Windows
[2016.01.23-04.14.13:426][  0]LogMemory: Process Physical Memory: 59.77 MB used, 59.77 MB peak
[2016.01.23-04.14.13:426][  0]LogMemory: Process Virtual Memory: 63.21 MB used, 63.21 MB peak
[2016.01.23-04.14.13:426][  0]LogMemory: Physical Memory: 2926.11 MB used, 8110.36 MB total
[2016.01.23-04.14.13:426][  0]LogMemory: Virtual Memory: 387.15 MB used, 134217728.00 MB total
[2016.01.23-04.14.13:482][  0]LogTextLocalizationManager: No specific translations for ('en-US') exist, so ('en') translations will be used.
[2016.01.23-04.14.13:849][  0]LogD3D11RHI: Found D3D11 adapter 0: NVIDIA GeForce GTX 965M        (Feature Level 11_0)
[2016.01.23-04.14.13:849][  0]LogD3D11RHI: Adapter has 4013MB of dedicated video memory, 0MB of dedicated system memory, and 4055MB of shared system memory, 1 output[s]
[2016.01.23-04.14.13:857][  0]LogD3D11RHI: Found D3D11 adapter 1: Intel(R) HD Graphics 4600 (Feature Level 11_0)
[2016.01.23-04.14.13:857][  0]LogD3D11RHI: Adapter has 112MB of dedicated video memory, 0MB of dedicated system memory, and 4055MB of shared system memory, 0 output[s]
[2016.01.23-04.14.13:859][  0]LogD3D11RHI: Found D3D11 adapter 2: Microsoft Basic Render Driver (Feature Level 11_0)
[2016.01.23-04.14.13:859][  0]LogD3D11RHI: Adapter has 0MB of dedicated video memory, 0MB of dedicated system memory, and 4055MB of shared system memory, 0 output[s]
[2016.01.23-04.14.13:859][  0]LogD3D11RHI: Chosen D3D11 Adapter Id = 0
[2016.01.23-04.14.13:863][  0]LogD3D11RHI: !Direct3DDevice
[2016.01.23-04.14.13:863][  0]LogRHI: Texture pool is 1361 MB (70% of 1945 MB)
[2016.01.23-04.14.13:878][  0]LogD3D11RHI: Async texture creation enabled
[2016.01.23-04.14.13:894][  0]LogShaderCompilers: Guid format shader working directory is 36 characters bigger than the processId version (E:/Growth/Intermediate/Shaders/WorkingDirectory/7884/).
[2016.01.23-04.14.13:894][  0]LogShaderCompilers: Cleaned the shader compiler working directory 'C:/Users/Alex/AppData/Local/Temp/UnrealShaderWorkingDir/7D28BCC34FA830C27BEED8B1DEF5AA9E/'.
[2016.01.23-04.14.13:894][  0]LogShaderCompilers:Display: Using Local Shader Compiler.
[2016.01.23-04.14.14:696][  0]LogTemp:Display: Loaded TP AllDesktopTargetPlatform
[2016.01.23-04.14.14:701][  0]LogTemp:Display: Loaded TP WindowsClientTargetPlatform
[2016.01.23-04.14.14:708][  0]LogTemp:Display: Loaded TP WindowsNoEditorTargetPlatform
[2016.01.23-04.14.14:714][  0]LogTemp:Display: Loaded TP WindowsServerTargetPlatform
[2016.01.23-04.14.14:719][  0]LogTemp:Display: Loaded TP WindowsTargetPlatform
[2016.01.23-04.14.14:724][  0]LogTemp:Display: Loaded TP AndroidTargetPlatform
[2016.01.23-04.14.14:727][  0]LogTemp:Display: Loaded TP Android_ASTCTargetPlatform
[2016.01.23-04.14.14:730][  0]LogTemp:Display: Loaded TP Android_ATCTargetPlatform
[2016.01.23-04.14.14:733][  0]LogTemp:Display: Loaded TP Android_DXTTargetPlatform
[2016.01.23-04.14.14:736][  0]LogTemp:Display: Loaded TP Android_ETC1TargetPlatform
[2016.01.23-04.14.14:740][  0]LogTemp:Display: Loaded TP Android_ETC2TargetPlatform
[2016.01.23-04.14.14:746][  0]LogTemp:Display: Loaded TP Android_MultiTargetPlatform
[2016.01.23-04.14.14:746][  0]LogTemp:Display: Loaded TP Android_PVRTCTargetPlatform
[2016.01.23-04.14.14:747][  0]LogTemp:Display: Loaded TP HTML5TargetPlatform
[2016.01.23-04.14.14:767][  0]LogTemp:Display: Loaded TP IOSTargetPlatform
[2016.01.23-04.14.14:770][  0]LogTemp:Display: Loaded TP LinuxNoEditorTargetPlatform
[2016.01.23-04.14.14:774][  0]LogTemp:Display: Loaded TP LinuxServerTargetPlatform
[2016.01.23-04.14.14:777][  0]LogTemp:Display: Loaded TP LinuxTargetPlatform
[2016.01.23-04.14.14:777][  0]LogTargetPlatformManager:Display: Building Assets For Windows
[2016.01.23-04.14.14:896][  0]LogDerivedDataCache:Display: Max Cache Size: 512 MB
[2016.01.23-04.14.14:950][  0]LogDerivedDataCache: Loaded boot cache 0.05s 41MB C:/Users/Alex/AppData/Local/UnrealEngine/4.10/DerivedDataCache/Boot.ddc.
[2016.01.23-04.14.14:950][  0]LogDerivedDataCache:Display: Loaded Boot cache: C:/Users/Alex/AppData/Local/UnrealEngine/4.10/DerivedDataCache/Boot.ddc
[2016.01.23-04.14.14:950][  0]LogDerivedDataCache: FDerivedDataBackendGraph:  Pak pak cache file E:/Growth/DerivedDataCache/DDC.ddp not found, will not use a pak cache.
[2016.01.23-04.14.14:950][  0]LogDerivedDataCache: Unable to find inner node Pak for hierarchical cache Hierarchy.
[2016.01.23-04.14.14:950][  0]LogDerivedDataCache: FDerivedDataBackendGraph:  CompressedPak pak cache file E:/Growth/DerivedDataCache/Compressed.ddp not found, will not use a pak cache.
[2016.01.23-04.14.14:950][  0]LogDerivedDataCache: Unable to find inner node CompressedPak for hierarchical cache Hierarchy.
[2016.01.23-04.14.15:003][  0]LogDerivedDataCache:Display: Pak cache opened for reading ../../../Engine/DerivedDataCache/Compressed.ddp.
[2016.01.23-04.14.15:017][  0]LogDerivedDataCache: Using Local data cache path C:/Users/Alex/AppData/Local/UnrealEngine/Common/DerivedDataCache: Writable
[2016.01.23-04.14.15:220][  0]LogInit: Selected Device Profile: [Windows]
[2016.01.23-04.14.15:224][  0]LogContentStreaming: Texture pool size is 0.000000MB
[2016.01.23-04.14.15:489][  0]LogMeshUtilities: No automatic mesh reduction module available
[2016.01.23-04.14.15:489][  0]LogMeshUtilities: No automatic mesh merging module available
[2016.01.23-04.14.15:736][  0]LogInit: WinSock: version 1.1 (2.2), MaxSocks=32767, MaxUdp=65467
[2016.01.23-04.14.16:715][  0]UdpMessaging: Initializing bridge on interface 0.0.0.0:0 to multicast group 230.0.0.1:6666.
[2016.01.23-04.14.16:827][  0]LogAssetRegistry: FAssetRegistry took 0.0110 seconds to start up
[2016.01.23-04.14.17:142][  0]SourceControl: Info Source control is disabled
[2016.01.23-04.14.17:143][  0]SourceControl: Info Source control is disabled
[2016.01.23-04.14.17:161][  0]SourceControl: Info Source control is disabled
[2016.01.23-04.14.17:179][  0]SourceControl: Info Source control is disabled
[2016.01.23-04.14.17:562][  0]LogObj: 28633 objects as part of root set at end of initial load.
[2016.01.23-04.14.17:562][  0]LogUObjectAllocator: 6099752 out of 0 bytes used by permanent object pool.
[2016.01.23-04.14.17:622][  0]LogEngine: Initializing Engine...
[2016.01.23-04.14.17:626][  0]LogHMD: Can't find Oculus library dev build: is proper Runtime installed? Version: 0.8.0.0
[2016.01.23-04.14.17:627][  0]LogHMD: SteamVR failed to initialize.  Err: 110
[2016.01.23-04.14.17:741][  0]LogAIModule: Creating AISystem for world NewWorld
[2016.01.23-04.14.17:751][  0]LogInit: XAudio2 using 'Speakers (Realtek High Definition Audio)' : 2 channels at 48 kHz using 32 bits per sample (channel mask 0x3)
[2016.01.23-04.14.17:778][  0]LogInit: FAudioDevice initialized.
[2016.01.23-04.14.17:809][  0]LogDerivedDataCache: Saved boot cache 0.03s 41MB C:/Users/Alex/AppData/Local/UnrealEngine/4.10/DerivedDataCache/Boot.ddc.
[2016.01.23-04.14.17:814][  0]LogInit: Texture streaming: Enabled
[2016.01.23-04.14.17:823][  0]LogAnalytics: Creating configured Analytics provider AnalyticsET
[2016.01.23-04.14.17:823][  0]LogAnalytics: [UEEditor.Rocket.Release] APIServer = http://et2.epicgames.com/ET2/. AppVersion = 4.10.0-2758231+++depot+UE4-Releases+4.10
[2016.01.23-04.14.17:823][  0]LogAnalytics: [UEEditor.Rocket.Release] SetUserId 2ea81a834ffda1c7700eadb43070947c|187ad38f3ca5493bb24c70d7c7079e52|82e58137-6379-40ac-b56e-28c7ca34f864
[2016.01.23-04.14.17:824][  0]LogAnalytics: [UEEditor.Rocket.Release] AnalyticsET::StartSession
[2016.01.23-04.14.17:906][  0]LogInit: Transaction tracking system initialized
[2016.01.23-04.14.17:946][  0]BlueprintLog: New page: Editor Load
[2016.01.23-04.14.18:097][  0]LocalizationService: Info Localization service is disabled
[2016.01.23-04.14.18:207][  0]LogConsoleResponse:Display: 
[2016.01.23-04.14.18:339][  0]LogCook:Display: Done creating registry. It took  0.00s.
[2016.01.23-04.14.18:427][  0]LogFileCache: Scanning file cache for directory 'E:/Growth/Content/' took 0.01s
[2016.01.23-04.14.18:427][  0]SourceControl: Info Source control is disabled
[2016.01.23-04.14.18:427][  0]Cmd: MAP LOAD FILE="E:/Growth/Content/Maps/ExampleMap.umap" TEMPLATE=0 SHOWPROGRESS=1 FEATURELEVEL=3
[2016.01.23-04.14.18:465][  0]LightingResults: New page: Lighting Build
[2016.01.23-04.14.18:472][  0]MapCheck: New page: Map Check
[2016.01.23-04.14.18:472][  0]LightingResults: New page: Lighting Build
[2016.01.23-04.14.18:492][  0]LogParticles: Destroying 0 GPU particle simulations for FXSystem 0x000000F0AF8E3420
[2016.01.23-04.14.19:142][  0]LogAIModule: Creating AISystem for world ExampleMap
[2016.01.23-04.14.19:158][  0]LogEditorServer: Finished looking for orphan Actors (0.000 secs)
[2016.01.23-04.14.19:159][  0]Cmd: MAP CHECKDEP NOCLEARLOG
[2016.01.23-04.14.19:267][  0]MapCheck: Info Map check complete: 0 Error(s), 0 Warning(s), took 107.467ms to complete.
[2016.01.23-04.14.19:267][  0]LogFileHelpers: Loading map 'ExampleMap' took 0.839
[2016.01.23-04.14.19:382][  0]LogCollectionManager: Loaded 0 collections in 0.004473 seconds
[2016.01.23-04.14.19:424][  0]LogFileCache: Scanning file cache for directory 'E:/Growth/Saved/Collections/' took 0.01s
[2016.01.23-04.14.19:424][  0]LogFileCache: Scanning file cache for directory 'E:/Growth/Content/Developers/Alex/Collections/' took 0.01s
[2016.01.23-04.14.19:424][  0]LogFileCache: Scanning file cache for directory 'E:/Growth/Content/Collections/' took 0.01s
[2016.01.23-04.14.19:424][  0]LogCollectionManager: Rebuilt the GUID cache for 0 collections in 0.000002 seconds
[2016.01.23-04.14.19:431][  0]LogContentBrowser: Native class hierarchy populated in 0.0075 seconds. Added 1893 classes and 338 folders.
[2016.01.23-04.14.19:441][  0]LogContentBrowser: Native class hierarchy updated for 'WidgetCarousel' in 0.0003 seconds. Added 0 classes and 0 folders.
[2016.01.23-04.14.19:514][  0]LogContentBrowser: Native class hierarchy updated for 'AddContentDialog' in 0.0003 seconds. Added 0 classes and 0 folders.
[2016.01.23-04.14.19:519][  0]LogContentBrowser: Native class hierarchy updated for 'SceneOutliner' in 0.0003 seconds. Added 1 classes and 2 folders.
[2016.01.23-04.14.19:590][  0]LogCrashTracker: Crashtracker disabled due to settings.
[2016.01.23-04.14.19:594][  0]LogUObjectGlobals:Warning: Failed to find object 'Class None.'
[2016.01.23-04.14.19:618][  0]LogLoad: Full Startup: 7.26 seconds (BP compile: 0.14 seconds)
[2016.01.23-04.14.19:632][  0]LogOcInput: Can't find Oculus library dev build: is proper Runtime installed? Version: 0.8.0.0
[2016.01.23-04.14.19:693][  0]LogContentStreaming: Texture pool size now 1000 MB
[2016.01.23-04.14.19:841][  0]LogRenderer: Reallocating scene render targets to support 884x432 (Frame:2).
[2016.01.23-04.14.20:152][  3]LogAssetRegistry: Asset discovery search completed in 3.3357 seconds
[2016.01.23-04.14.20:152][  3]LogCollectionManager: Rebuilt the object cache for 0 collections in 0.000002 seconds (found 0 objects)
[2016.01.23-04.14.20:152][  3]LogCollectionManager: Fixed up redirectors for 0 collections in 0.000024 seconds (updated 0 objects)
[2016.01.23-04.14.25:481][511]LogLinker:Warning: Asset '../../../Engine/Content/ArtTools/RenderToTexture/Macros/RenderToTextureMacros.uasset' has been saved with empty engine version. The asset will be loaded but may be incompatible.
[2016.01.23-04.14.25:826][511]LogContentBrowser: Native class hierarchy updated for 'BlueprintGraph' in 0.0007 seconds. Added 107 classes and 0 folders.
[2016.01.23-04.14.40:563][ 77]BlueprintLog: New page: Compile GrowthCamera
[2016.01.23-04.14.40:849][ 77]BlueprintEditorCompileResults: Info [0028.49] Compile of GrowthCamera successful! [in 286 ms]
[2016.01.23-04.14.41:305][122]Cmd: OBJ SAVEPACKAGE PACKAGE="/Game/Blueprints/Player/GrowthCamera" FILE="E:/Growth/Content/Blueprints/Player/GrowthCamera.uasset" SILENT=true
[2016.01.23-04.14.41:655][122]LogSavePackage: Save=248.254395ms
[2016.01.23-04.14.41:655][122]LogSavePackage: Moving 'E:/Growth/Saved/GrowthCameraCA9F917448CAE34374AC4B9E5DA26A06.tmp' to 'E:/Growth/Content/Blueprints/Player/GrowthCamera.uasset'
[2016.01.23-04.14.41:659][122]LogSavePackage: Total save time: 272.468351ms
[2016.01.23-04.14.41:659][122]LogSavePackage:Display: Finished SavePackage E:/Growth/Content/Blueprints/Player/GrowthCamera.uasset
[2016.01.23-04.14.42:355][202]LogPlayLevel: PlayLevel: No blueprints needed recompiling
[2016.01.23-04.14.42:355][202]PIE: New page: PIE session: ExampleMap (Jan 22, 2016, 12:14:42 PM)
[2016.01.23-04.14.42:355][202]LogPlayLevel: Creating play world package: /Game/Maps/UEDPIE_0_ExampleMap
[2016.01.23-04.14.42:356][202]LogPlayLevel: PIE: StaticDuplicateObject took: (0.001174s)
[2016.01.23-04.14.42:357][202]LogAIModule: Creating AISystem for world ExampleMap
[2016.01.23-04.14.42:357][202]LogPlayLevel: PIE: World Init took: (0.000527s)
[2016.01.23-04.14.42:357][202]LogPlayLevel: PIE: Created PIE world by copying editor world from /Game/Maps/ExampleMap.ExampleMap to /Game/Maps/UEDPIE_0_ExampleMap.ExampleMap (0.001851s)
[2016.01.23-04.14.42:388][202]LogInit: XAudio2 using 'Speakers (Realtek High Definition Audio)' : 2 channels at 48 kHz using 32 bits per sample (channel mask 0x3)
[2016.01.23-04.14.42:399][202]LogInit: FAudioDevice initialized.
[2016.01.23-04.14.42:571][202]LogWorld: Game class is 'Level_GameMode_C'
[2016.01.23-04.14.42:574][202]LogWorld: Bringing World /Game/Maps/UEDPIE_0_ExampleMap.ExampleMap up for play (max tick rate 0) at 2016.01.22-20.14.42
[2016.01.23-04.14.42:574][202]LogActor:Warning: GameSession /Game/Maps/UEDPIE_0_ExampleMap.ExampleMap:PersistentLevel.GameSession_0 has natively added scene component(s), but none of them were set as the actor's RootComponent - picking one arbitrarily
[2016.01.23-04.14.42:574][202]LogActor:Warning: GameNetworkManager /Game/Maps/UEDPIE_0_ExampleMap.ExampleMap:PersistentLevel.GameNetworkManager_0 has natively added scene component(s), but none of them were set as the actor's RootComponent - picking one arbitrarily
[2016.01.23-04.14.42:576][202]LogWorld: Bringing up level for play took: 0.004188
[2016.01.23-04.14.42:606][202]PIE: Info Play in editor start time for /Game/Maps/UEDPIE_0_ExampleMap 0.715
[2016.01.23-04.14.42:623][203]LogRenderer: Reallocating scene render targets to support 1280x720 (Frame:134).
[2016.01.23-04.14.58:270][323]LogParticles: Destroying 0 GPU particle simulations for FXSystem 0x000000F0DB29C360
[2016.01.23-04.15.18:371][704]LogPlayLevel: PlayLevel: No blueprints needed recompiling
[2016.01.23-04.15.18:371][704]PIE: New page: PIE session: ExampleMap (Jan 22, 2016, 12:15:18 PM)
[2016.01.23-04.15.18:371][704]LogPlayLevel: Creating play world package: /Game/Maps/UEDPIE_0_ExampleMap
[2016.01.23-04.15.18:372][704]LogPlayLevel: PIE: StaticDuplicateObject took: (0.001234s)
[2016.01.23-04.15.18:373][704]LogAIModule: Creating AISystem for world ExampleMap
[2016.01.23-04.15.18:373][704]LogPlayLevel: PIE: World Init took: (0.000641s)
[2016.01.23-04.15.18:373][704]LogPlayLevel: PIE: Created PIE world by copying editor world from /Game/Maps/ExampleMap.ExampleMap to /Game/Maps/UEDPIE_0_ExampleMap.ExampleMap (0.002019s)
[2016.01.23-04.15.18:403][704]LogInit: XAudio2 using 'Speakers (Realtek High Definition Audio)' : 2 channels at 48 kHz using 32 bits per sample (channel mask 0x3)
[2016.01.23-04.15.18:414][704]LogInit: FAudioDevice initialized.
[2016.01.23-04.15.18:458][704]LogWorld: Game class is 'Level_GameMode_C'
[2016.01.23-04.15.18:461][704]LogWorld: Bringing World /Game/Maps/UEDPIE_0_ExampleMap.ExampleMap up for play (max tick rate 0) at 2016.01.22-20.15.18
[2016.01.23-04.15.18:461][704]LogActor:Warning: GameSession /Game/Maps/UEDPIE_0_ExampleMap.ExampleMap:PersistentLevel.GameSession_1 has natively added scene component(s), but none of them were set as the actor's RootComponent - picking one arbitrarily
[2016.01.23-04.15.18:461][704]LogActor:Warning: GameNetworkManager /Game/Maps/UEDPIE_0_ExampleMap.ExampleMap:PersistentLevel.GameNetworkManager_1 has natively added scene component(s), but none of them were set as the actor's RootComponent - picking one arbitrarily
[2016.01.23-04.15.18:463][704]LogWorld: Bringing up level for play took: 0.003833
[2016.01.23-04.15.18:480][704]PIE: Info Play in editor start time for /Game/Maps/UEDPIE_0_ExampleMap 0.59
[2016.01.23-04.15.25:990][285]LogParticles: Destroying 0 GPU particle simulations for FXSystem 0x000000F0DB3D2700
[2016.01.23-04.15.29:756][730]BlueprintLog: New page: Compile GrowthCamera
[2016.01.23-04.15.30:004][730]BlueprintEditorCompileResults: Info [0077.64] Compile of GrowthCamera successful! [in 248 ms]
[2016.01.23-04.15.30:735][807]Cmd: OBJ SAVEPACKAGE PACKAGE="/Game/Blueprints/Player/GrowthCamera" FILE="E:/Growth/Content/Blueprints/Player/GrowthCamera.uasset" SILENT=true
[2016.01.23-04.15.31:015][807]LogSavePackage: Save=242.705292ms
[2016.01.23-04.15.31:015][807]LogSavePackage: Moving 'E:/Growth/Saved/GrowthCameraC47988514A64E600953AEDAB311D1434.tmp' to 'E:/Growth/Content/Blueprints/Player/GrowthCamera.uasset'
[2016.01.23-04.15.31:020][807]LogSavePackage: Total save time: 257.175881ms
[2016.01.23-04.15.31:020][807]LogSavePackage:Display: Finished SavePackage E:/Growth/Content/Blueprints/Player/GrowthCamera.uasset
[2016.01.23-04.15.31:849][904]LogPlayLevel: PlayLevel: No blueprints needed recompiling
[2016.01.23-04.15.31:850][904]PIE: New page: PIE session: ExampleMap (Jan 22, 2016, 12:15:31 PM)
[2016.01.23-04.15.31:850][904]LogPlayLevel: Creating play world package: /Game/Maps/UEDPIE_0_ExampleMap
[2016.01.23-04.15.31:851][904]LogPlayLevel: PIE: StaticDuplicateObject took: (0.001161s)
[2016.01.23-04.15.31:851][904]LogAIModule: Creating AISystem for world ExampleMap
[2016.01.23-04.15.31:851][904]LogPlayLevel: PIE: World Init took: (0.000540s)
[2016.01.23-04.15.31:852][904]LogPlayLevel: PIE: Created PIE world by copying editor world from /Game/Maps/ExampleMap.ExampleMap to /Game/Maps/UEDPIE_0_ExampleMap.ExampleMap (0.001845s)
[2016.01.23-04.15.31:882][904]LogInit: XAudio2 using 'Speakers (Realtek High Definition Audio)' : 2 channels at 48 kHz using 32 bits per sample (channel mask 0x3)
[2016.01.23-04.15.31:893][904]LogInit: FAudioDevice initialized.
[2016.01.23-04.15.31:931][904]LogWorld: Game class is 'Level_GameMode_C'
[2016.01.23-04.15.31:934][904]LogWorld: Bringing World /Game/Maps/UEDPIE_0_ExampleMap.ExampleMap up for play (max tick rate 0) at 2016.01.22-20.15.31
[2016.01.23-04.15.31:934][904]LogActor:Warning: GameSession /Game/Maps/UEDPIE_0_ExampleMap.ExampleMap:PersistentLevel.GameSession_2 has natively added scene component(s), but none of them were set as the actor's RootComponent - picking one arbitrarily
[2016.01.23-04.15.31:934][904]LogActor:Warning: GameNetworkManager /Game/Maps/UEDPIE_0_ExampleMap.ExampleMap:PersistentLevel.GameNetworkManager_2 has natively added scene component(s), but none of them were set as the actor's RootComponent - picking one arbitrarily
[2016.01.23-04.15.31:936][904]LogWorld: Bringing up level for play took: 0.004305
[2016.01.23-04.15.31:949][904]PIE: Info Play in editor start time for /Game/Maps/UEDPIE_0_ExampleMap 0.058
[2016.01.23-04.15.46:700][164]LogParticles: Destroying 0 GPU particle simulations for FXSystem 0x000000F0D8CF4720
[2016.01.23-04.15.52:649][857]BlueprintLog: New page: Compile GrowthCamera
[2016.01.23-04.15.52:811][857]BlueprintEditorCompileResults: Info [0100.45] Compile of GrowthCamera successful! [in 161 ms]
[2016.01.23-04.15.53:960][991]LogPlayLevel: PlayLevel: No blueprints needed recompiling
[2016.01.23-04.15.53:960][991]PIE: New page: PIE session: ExampleMap (Jan 22, 2016, 12:15:53 PM)
[2016.01.23-04.15.53:960][991]LogPlayLevel: Creating play world package: /Game/Maps/UEDPIE_0_ExampleMap
[2016.01.23-04.15.53:961][991]LogPlayLevel: PIE: StaticDuplicateObject took: (0.001172s)
[2016.01.23-04.15.53:962][991]LogAIModule: Creating AISystem for world ExampleMap
[2016.01.23-04.15.53:962][991]LogPlayLevel: PIE: World Init took: (0.000536s)
[2016.01.23-04.15.53:962][991]LogPlayLevel: PIE: Created PIE world by copying editor world from /Game/Maps/ExampleMap.ExampleMap to /Game/Maps/UEDPIE_0_ExampleMap.ExampleMap (0.001865s)
[2016.01.23-04.15.53:993][991]LogInit: XAudio2 using 'Speakers (Realtek High Definition Audio)' : 2 channels at 48 kHz using 32 bits per sample (channel mask 0x3)
[2016.01.23-04.15.54:004][991]LogInit: FAudioDevice initialized.
[2016.01.23-04.15.54:043][991]LogWorld: Game class is 'Level_GameMode_C'
[2016.01.23-04.15.54:046][991]LogWorld: Bringing World /Game/Maps/UEDPIE_0_ExampleMap.ExampleMap up for play (max tick rate 0) at 2016.01.22-20.15.54
[2016.01.23-04.15.54:046][991]LogActor:Warning: GameSession /Game/Maps/UEDPIE_0_ExampleMap.ExampleMap:PersistentLevel.GameSession_3 has natively added scene component(s), but none of them were set as the actor's RootComponent - picking one arbitrarily
[2016.01.23-04.15.54:046][991]LogActor:Warning: GameNetworkManager /Game/Maps/UEDPIE_0_ExampleMap.ExampleMap:PersistentLevel.GameNetworkManager_3 has natively added scene component(s), but none of them were set as the actor's RootComponent - picking one arbitrarily
[2016.01.23-04.15.54:048][991]LogWorld: Bringing up level for play took: 0.004158
[2016.01.23-04.15.54:065][991]PIE: Info Play in editor start time for /Game/Maps/UEDPIE_0_ExampleMap 0.174
[2016.01.23-04.15.59:998][480]LogParticles: Des